[2024-11-05T00:54:00.260-0300] {local_task_job_runner.py:123} INFO - ::group::Pre task execution logs
[2024-11-05T00:54:00.266-0300] {taskinstance.py:2612} INFO - Dependencies all met for dep_context=non-requeueable deps ti=<TaskInstance: get_stocks_dag.MSFT scheduled__2024-11-01T00:00:00+00:00 [queued]>
[2024-11-05T00:54:00.270-0300] {taskinstance.py:2612} INFO - Dependencies all met for dep_context=requeueable deps ti=<TaskInstance: get_stocks_dag.MSFT scheduled__2024-11-01T00:00:00+00:00 [queued]>
[2024-11-05T00:54:00.271-0300] {taskinstance.py:2865} INFO - Starting attempt 1 of 1
[2024-11-05T00:54:00.279-0300] {taskinstance.py:2888} INFO - Executing <Task(_PythonDecoratedOperator): MSFT> on 2024-11-01 00:00:00+00:00
[2024-11-05T00:54:00.285-0300] {standard_task_runner.py:72} INFO - Started process 10321 to run task
[2024-11-05T00:54:00.288-0300] {standard_task_runner.py:104} INFO - Running: ['airflow', 'tasks', 'run', 'get_stocks_dag', 'MSFT', 'scheduled__2024-11-01T00:00:00+00:00', '--job-id', '8', '--raw', '--subdir', 'DAGS_FOLDER/get_stocks.py', '--cfg-path', '/tmp/tmpmbcq90wr']
[2024-11-05T00:54:00.289-0300] {standard_task_runner.py:105} INFO - Job 8: Subtask MSFT
[2024-11-05T00:54:00.317-0300] {task_command.py:467} INFO - Running <TaskInstance: get_stocks_dag.MSFT scheduled__2024-11-01T00:00:00+00:00 [running]> on host lucaires-IdeaPad-3-15ALC6
[2024-11-05T00:54:00.475-0300] {taskinstance.py:3131} INFO - Exporting env vars: AIRFLOW_CTX_DAG_OWNER='airflow' AIRFLOW_CTX_DAG_ID='get_stocks_dag' AIRFLOW_CTX_TASK_ID='MSFT' AIRFLOW_CTX_EXECUTION_DATE='2024-11-01T00:00:00+00:00' AIRFLOW_CTX_TRY_NUMBER='1' AIRFLOW_CTX_DAG_RUN_ID='scheduled__2024-11-01T00:00:00+00:00'
[2024-11-05T00:54:00.476-0300] {taskinstance.py:731} INFO - ::endgroup::
[2024-11-05T00:54:07.233-0300] {python.py:240} INFO - Done. Returned value was: None
[2024-11-05T00:54:07.236-0300] {taskinstance.py:340} INFO - ::group::Post task execution logs
[2024-11-05T00:54:07.236-0300] {taskinstance.py:352} INFO - Marking task as SUCCESS. dag_id=get_stocks_dag, task_id=MSFT, run_id=scheduled__2024-11-01T00:00:00+00:00, execution_date=20241101T000000, start_date=20241105T035400, end_date=20241105T035407
[2024-11-05T00:54:07.290-0300] {local_task_job_runner.py:266} INFO - Task exited with return code 0
[2024-11-05T00:54:07.298-0300] {taskinstance.py:3900} INFO - 0 downstream tasks scheduled from follow-on schedule check
[2024-11-05T00:54:07.298-0300] {local_task_job_runner.py:245} INFO - ::endgroup::
[2024-11-05T01:14:46.536-0300] {local_task_job_runner.py:123} INFO - ::group::Pre task execution logs
[2024-11-05T01:14:46.570-0300] {taskinstance.py:2612} INFO - Dependencies all met for dep_context=non-requeueable deps ti=<TaskInstance: get_stocks_dag.MSFT scheduled__2024-11-01T00:00:00+00:00 [queued]>
[2024-11-05T01:14:46.588-0300] {taskinstance.py:2612} INFO - Dependencies all met for dep_context=requeueable deps ti=<TaskInstance: get_stocks_dag.MSFT scheduled__2024-11-01T00:00:00+00:00 [queued]>
[2024-11-05T01:14:46.588-0300] {taskinstance.py:2865} INFO - Starting attempt 1 of 1
[2024-11-05T01:14:46.604-0300] {taskinstance.py:2888} INFO - Executing <Task(_PythonDecoratedOperator): MSFT> on 2024-11-01 00:00:00+00:00
[2024-11-05T01:14:46.628-0300] {logging_mixin.py:190} WARNING - /home/lucaires/anaconda3/envs/venv_airflow/lib/python3.12/site-packages/airflow/task/task_runner/standard_task_runner.py:70 DeprecationWarning: This process (pid=26295) is multi-threaded, use of fork() may lead to deadlocks in the child.
[2024-11-05T01:14:46.630-0300] {standard_task_runner.py:72} INFO - Started process 26585 to run task
[2024-11-05T01:14:46.633-0300] {standard_task_runner.py:104} INFO - Running: ['airflow', 'tasks', 'run', 'get_stocks_dag', 'MSFT', 'scheduled__2024-11-01T00:00:00+00:00', '--job-id', '6', '--raw', '--subdir', 'DAGS_FOLDER/get_stocks.py', '--cfg-path', '/tmp/tmpljzc1crb']
[2024-11-05T01:14:46.639-0300] {standard_task_runner.py:105} INFO - Job 6: Subtask MSFT
[2024-11-05T01:14:46.758-0300] {task_command.py:467} INFO - Running <TaskInstance: get_stocks_dag.MSFT scheduled__2024-11-01T00:00:00+00:00 [running]> on host lucaires-IdeaPad-3-15ALC6
[2024-11-05T01:14:46.936-0300] {taskinstance.py:3131} INFO - Exporting env vars: AIRFLOW_CTX_DAG_OWNER='airflow' AIRFLOW_CTX_DAG_ID='get_stocks_dag' AIRFLOW_CTX_TASK_ID='MSFT' AIRFLOW_CTX_EXECUTION_DATE='2024-11-01T00:00:00+00:00' AIRFLOW_CTX_TRY_NUMBER='1' AIRFLOW_CTX_DAG_RUN_ID='scheduled__2024-11-01T00:00:00+00:00'
[2024-11-05T01:14:46.938-0300] {taskinstance.py:731} INFO - ::endgroup::
[2024-11-05T01:15:24.051-0300] {python.py:240} INFO - Done. Returned value was: None
[2024-11-05T01:15:24.066-0300] {taskinstance.py:340} INFO - ::group::Post task execution logs
[2024-11-05T01:15:24.067-0300] {taskinstance.py:352} INFO - Marking task as SUCCESS. dag_id=get_stocks_dag, task_id=MSFT, run_id=scheduled__2024-11-01T00:00:00+00:00, execution_date=20241101T000000, start_date=20241105T041446, end_date=20241105T041524
[2024-11-05T01:15:24.091-0300] {local_task_job_runner.py:266} INFO - Task exited with return code 0
[2024-11-05T01:15:24.109-0300] {taskinstance.py:3900} INFO - 0 downstream tasks scheduled from follow-on schedule check
[2024-11-05T01:15:24.111-0300] {local_task_job_runner.py:245} INFO - ::endgroup::
[2024-11-05T01:27:31.824-0300] {local_task_job_runner.py:123} INFO - ::group::Pre task execution logs
[2024-11-05T01:27:31.844-0300] {taskinstance.py:2612} INFO - Dependencies all met for dep_context=non-requeueable deps ti=<TaskInstance: get_stocks_dag.MSFT scheduled__2024-11-01T00:00:00+00:00 [queued]>
[2024-11-05T01:27:31.852-0300] {taskinstance.py:2612} INFO - Dependencies all met for dep_context=requeueable deps ti=<TaskInstance: get_stocks_dag.MSFT scheduled__2024-11-01T00:00:00+00:00 [queued]>
[2024-11-05T01:27:31.852-0300] {taskinstance.py:2865} INFO - Starting attempt 1 of 1
[2024-11-05T01:27:31.863-0300] {taskinstance.py:2888} INFO - Executing <Task(_PythonDecoratedOperator): MSFT> on 2024-11-01 00:00:00+00:00
[2024-11-05T01:27:31.873-0300] {standard_task_runner.py:104} INFO - Running: ['airflow', 'tasks', 'run', 'get_stocks_dag', 'MSFT', 'scheduled__2024-11-01T00:00:00+00:00', '--job-id', '14', '--raw', '--subdir', 'DAGS_FOLDER/get_stocks.py', '--cfg-path', '/tmp/tmp5r_4nzkf']
[2024-11-05T01:27:31.876-0300] {standard_task_runner.py:105} INFO - Job 14: Subtask MSFT
[2024-11-05T01:27:31.876-0300] {logging_mixin.py:190} WARNING - /home/lucaires/anaconda3/envs/venv_airflow/lib/python3.12/site-packages/airflow/task/task_runner/standard_task_runner.py:70 DeprecationWarning: This process (pid=36584) is multi-threaded, use of fork() may lead to deadlocks in the child.
[2024-11-05T01:27:31.877-0300] {standard_task_runner.py:72} INFO - Started process 36628 to run task
[2024-11-05T01:27:31.933-0300] {task_command.py:467} INFO - Running <TaskInstance: get_stocks_dag.MSFT scheduled__2024-11-01T00:00:00+00:00 [running]> on host lucaires-IdeaPad-3-15ALC6
[2024-11-05T01:27:32.021-0300] {taskinstance.py:3131} INFO - Exporting env vars: AIRFLOW_CTX_DAG_OWNER='airflow' AIRFLOW_CTX_DAG_ID='get_stocks_dag' AIRFLOW_CTX_TASK_ID='MSFT' AIRFLOW_CTX_EXECUTION_DATE='2024-11-01T00:00:00+00:00' AIRFLOW_CTX_TRY_NUMBER='1' AIRFLOW_CTX_DAG_RUN_ID='scheduled__2024-11-01T00:00:00+00:00'
[2024-11-05T01:27:32.022-0300] {taskinstance.py:731} INFO - ::endgroup::
[2024-11-05T01:27:38.758-0300] {python.py:240} INFO - Done. Returned value was: None
[2024-11-05T01:27:38.771-0300] {taskinstance.py:340} INFO - ::group::Post task execution logs
[2024-11-05T01:27:38.771-0300] {taskinstance.py:352} INFO - Marking task as SUCCESS. dag_id=get_stocks_dag, task_id=MSFT, run_id=scheduled__2024-11-01T00:00:00+00:00, execution_date=20241101T000000, start_date=20241105T042731, end_date=20241105T042738
[2024-11-05T01:27:38.794-0300] {local_task_job_runner.py:266} INFO - Task exited with return code 0
[2024-11-05T01:27:38.811-0300] {taskinstance.py:3900} INFO - 0 downstream tasks scheduled from follow-on schedule check
[2024-11-05T01:27:38.816-0300] {local_task_job_runner.py:245} INFO - ::endgroup::
[2024-11-05T01:42:12.143-0300] {local_task_job_runner.py:123} INFO - ::group::Pre task execution logs
[2024-11-05T01:42:13.909-0300] {taskinstance.py:2612} INFO - Dependencies all met for dep_context=non-requeueable deps ti=<TaskInstance: get_stocks_dag.MSFT scheduled__2024-11-01T00:00:00+00:00 [queued]>
[2024-11-05T01:42:13.976-0300] {taskinstance.py:2612} INFO - Dependencies all met for dep_context=requeueable deps ti=<TaskInstance: get_stocks_dag.MSFT scheduled__2024-11-01T00:00:00+00:00 [queued]>
[2024-11-05T01:42:13.977-0300] {taskinstance.py:2865} INFO - Starting attempt 1 of 1
[2024-11-05T01:42:17.881-0300] {taskinstance.py:2888} INFO - Executing <Task(_PythonDecoratedOperator): MSFT> on 2024-11-01 00:00:00+00:00
[2024-11-05T01:42:17.948-0300] {standard_task_runner.py:104} INFO - Running: ['airflow', 'tasks', 'run', 'get_stocks_dag', 'MSFT', 'scheduled__2024-11-01T00:00:00+00:00', '--job-id', '23', '--raw', '--subdir', 'DAGS_FOLDER/get_stocks.py', '--cfg-path', '/tmp/tmp9wnbffzq']
[2024-11-05T01:42:17.950-0300] {standard_task_runner.py:105} INFO - Job 23: Subtask MSFT
[2024-11-05T01:42:17.973-0300] {warnings.py:112} WARNING - /home/lucaires/anaconda3/envs/venv_airflow/lib/python3.12/site-packages/airflow/task/task_runner/standard_task_runner.py:70: DeprecationWarning: This process (pid=63346) is multi-threaded, use of fork() may lead to deadlocks in the child.
  pid = os.fork()

[2024-11-05T01:42:17.973-0300] {standard_task_runner.py:72} INFO - Started process 64168 to run task
[2024-11-05T01:42:26.779-0300] {task_command.py:467} INFO - Running <TaskInstance: get_stocks_dag.MSFT scheduled__2024-11-01T00:00:00+00:00 [running]> on host lucaires-IdeaPad-3-15ALC6
[2024-11-05T01:42:30.124-0300] {job.py:229} INFO - Heartbeat recovered after 115.68 seconds
[2024-11-05T01:43:20.674-0300] {job.py:229} INFO - Heartbeat recovered after 56.46 seconds
