[2024-11-05T00:54:22.372-0300] {local_task_job_runner.py:123} INFO - ::group::Pre task execution logs
[2024-11-05T00:54:22.382-0300] {taskinstance.py:2612} INFO - Dependencies all met for dep_context=non-requeueable deps ti=<TaskInstance: get_stocks_dag.TSLA scheduled__2024-11-01T00:00:00+00:00 [queued]>
[2024-11-05T00:54:22.387-0300] {taskinstance.py:2612} INFO - Dependencies all met for dep_context=requeueable deps ti=<TaskInstance: get_stocks_dag.TSLA scheduled__2024-11-01T00:00:00+00:00 [queued]>
[2024-11-05T00:54:22.387-0300] {taskinstance.py:2865} INFO - Starting attempt 1 of 1
[2024-11-05T00:54:22.396-0300] {taskinstance.py:2888} INFO - Executing <Task(_PythonDecoratedOperator): TSLA> on 2024-11-01 00:00:00+00:00
[2024-11-05T00:54:22.403-0300] {standard_task_runner.py:72} INFO - Started process 10835 to run task
[2024-11-05T00:54:22.406-0300] {standard_task_runner.py:104} INFO - Running: ['airflow', 'tasks', 'run', 'get_stocks_dag', 'TSLA', 'scheduled__2024-11-01T00:00:00+00:00', '--job-id', '10', '--raw', '--subdir', 'DAGS_FOLDER/get_stocks.py', '--cfg-path', '/tmp/tmprw2_6m8a']
[2024-11-05T00:54:22.407-0300] {standard_task_runner.py:105} INFO - Job 10: Subtask TSLA
[2024-11-05T00:54:22.436-0300] {task_command.py:467} INFO - Running <TaskInstance: get_stocks_dag.TSLA scheduled__2024-11-01T00:00:00+00:00 [running]> on host lucaires-IdeaPad-3-15ALC6
[2024-11-05T00:54:22.591-0300] {taskinstance.py:3131} INFO - Exporting env vars: AIRFLOW_CTX_DAG_OWNER='airflow' AIRFLOW_CTX_DAG_ID='get_stocks_dag' AIRFLOW_CTX_TASK_ID='TSLA' AIRFLOW_CTX_EXECUTION_DATE='2024-11-01T00:00:00+00:00' AIRFLOW_CTX_TRY_NUMBER='1' AIRFLOW_CTX_DAG_RUN_ID='scheduled__2024-11-01T00:00:00+00:00'
[2024-11-05T00:54:22.591-0300] {taskinstance.py:731} INFO - ::endgroup::
[2024-11-05T00:54:34.450-0300] {python.py:240} INFO - Done. Returned value was: None
[2024-11-05T00:54:34.454-0300] {taskinstance.py:340} INFO - ::group::Post task execution logs
[2024-11-05T00:54:34.454-0300] {taskinstance.py:352} INFO - Marking task as SUCCESS. dag_id=get_stocks_dag, task_id=TSLA, run_id=scheduled__2024-11-01T00:00:00+00:00, execution_date=20241101T000000, start_date=20241105T035422, end_date=20241105T035434
[2024-11-05T00:54:34.503-0300] {local_task_job_runner.py:266} INFO - Task exited with return code 0
[2024-11-05T00:54:34.510-0300] {taskinstance.py:3900} INFO - 0 downstream tasks scheduled from follow-on schedule check
[2024-11-05T00:54:34.510-0300] {local_task_job_runner.py:245} INFO - ::endgroup::
[2024-11-05T01:14:46.548-0300] {local_task_job_runner.py:123} INFO - ::group::Pre task execution logs
[2024-11-05T01:14:46.582-0300] {taskinstance.py:2612} INFO - Dependencies all met for dep_context=non-requeueable deps ti=<TaskInstance: get_stocks_dag.TSLA scheduled__2024-11-01T00:00:00+00:00 [queued]>
[2024-11-05T01:14:46.592-0300] {taskinstance.py:2612} INFO - Dependencies all met for dep_context=requeueable deps ti=<TaskInstance: get_stocks_dag.TSLA scheduled__2024-11-01T00:00:00+00:00 [queued]>
[2024-11-05T01:14:46.592-0300] {taskinstance.py:2865} INFO - Starting attempt 1 of 1
[2024-11-05T01:14:46.608-0300] {taskinstance.py:2888} INFO - Executing <Task(_PythonDecoratedOperator): TSLA> on 2024-11-01 00:00:00+00:00
[2024-11-05T01:14:46.627-0300] {standard_task_runner.py:104} INFO - Running: ['airflow', 'tasks', 'run', 'get_stocks_dag', 'TSLA', 'scheduled__2024-11-01T00:00:00+00:00', '--job-id', '9', '--raw', '--subdir', 'DAGS_FOLDER/get_stocks.py', '--cfg-path', '/tmp/tmppjb62490']
[2024-11-05T01:14:46.631-0300] {standard_task_runner.py:105} INFO - Job 9: Subtask TSLA
[2024-11-05T01:14:46.631-0300] {logging_mixin.py:190} WARNING - /home/lucaires/anaconda3/envs/venv_airflow/lib/python3.12/site-packages/airflow/task/task_runner/standard_task_runner.py:70 DeprecationWarning: This process (pid=26299) is multi-threaded, use of fork() may lead to deadlocks in the child.
[2024-11-05T01:14:46.632-0300] {standard_task_runner.py:72} INFO - Started process 26588 to run task
[2024-11-05T01:14:46.758-0300] {task_command.py:467} INFO - Running <TaskInstance: get_stocks_dag.TSLA scheduled__2024-11-01T00:00:00+00:00 [running]> on host lucaires-IdeaPad-3-15ALC6
[2024-11-05T01:14:46.945-0300] {taskinstance.py:3131} INFO - Exporting env vars: AIRFLOW_CTX_DAG_OWNER='airflow' AIRFLOW_CTX_DAG_ID='get_stocks_dag' AIRFLOW_CTX_TASK_ID='TSLA' AIRFLOW_CTX_EXECUTION_DATE='2024-11-01T00:00:00+00:00' AIRFLOW_CTX_TRY_NUMBER='1' AIRFLOW_CTX_DAG_RUN_ID='scheduled__2024-11-01T00:00:00+00:00'
[2024-11-05T01:14:46.946-0300] {taskinstance.py:731} INFO - ::endgroup::
[2024-11-05T01:15:30.013-0300] {python.py:240} INFO - Done. Returned value was: None
[2024-11-05T01:15:30.030-0300] {taskinstance.py:340} INFO - ::group::Post task execution logs
[2024-11-05T01:15:30.030-0300] {taskinstance.py:352} INFO - Marking task as SUCCESS. dag_id=get_stocks_dag, task_id=TSLA, run_id=scheduled__2024-11-01T00:00:00+00:00, execution_date=20241101T000000, start_date=20241105T041446, end_date=20241105T041530
[2024-11-05T01:15:30.073-0300] {local_task_job_runner.py:266} INFO - Task exited with return code 0
[2024-11-05T01:15:30.090-0300] {taskinstance.py:3900} INFO - 0 downstream tasks scheduled from follow-on schedule check
[2024-11-05T01:15:30.091-0300] {local_task_job_runner.py:245} INFO - ::endgroup::
[2024-11-05T01:27:43.783-0300] {local_task_job_runner.py:123} INFO - ::group::Pre task execution logs
[2024-11-05T01:27:43.803-0300] {taskinstance.py:2612} INFO - Dependencies all met for dep_context=non-requeueable deps ti=<TaskInstance: get_stocks_dag.TSLA scheduled__2024-11-01T00:00:00+00:00 [queued]>
[2024-11-05T01:27:43.812-0300] {taskinstance.py:2612} INFO - Dependencies all met for dep_context=requeueable deps ti=<TaskInstance: get_stocks_dag.TSLA scheduled__2024-11-01T00:00:00+00:00 [queued]>
[2024-11-05T01:27:43.812-0300] {taskinstance.py:2865} INFO - Starting attempt 1 of 1
[2024-11-05T01:27:43.823-0300] {taskinstance.py:2888} INFO - Executing <Task(_PythonDecoratedOperator): TSLA> on 2024-11-01 00:00:00+00:00
[2024-11-05T01:27:43.834-0300] {standard_task_runner.py:104} INFO - Running: ['airflow', 'tasks', 'run', 'get_stocks_dag', 'TSLA', 'scheduled__2024-11-01T00:00:00+00:00', '--job-id', '16', '--raw', '--subdir', 'DAGS_FOLDER/get_stocks.py', '--cfg-path', '/tmp/tmp56jktcsd']
[2024-11-05T01:27:43.836-0300] {standard_task_runner.py:105} INFO - Job 16: Subtask TSLA
[2024-11-05T01:27:43.836-0300] {logging_mixin.py:190} WARNING - /home/lucaires/anaconda3/envs/venv_airflow/lib/python3.12/site-packages/airflow/task/task_runner/standard_task_runner.py:70 DeprecationWarning: This process (pid=37310) is multi-threaded, use of fork() may lead to deadlocks in the child.
[2024-11-05T01:27:43.836-0300] {standard_task_runner.py:72} INFO - Started process 37431 to run task
[2024-11-05T01:27:43.903-0300] {task_command.py:467} INFO - Running <TaskInstance: get_stocks_dag.TSLA scheduled__2024-11-01T00:00:00+00:00 [running]> on host lucaires-IdeaPad-3-15ALC6
[2024-11-05T01:27:43.989-0300] {taskinstance.py:3131} INFO - Exporting env vars: AIRFLOW_CTX_DAG_OWNER='airflow' AIRFLOW_CTX_DAG_ID='get_stocks_dag' AIRFLOW_CTX_TASK_ID='TSLA' AIRFLOW_CTX_EXECUTION_DATE='2024-11-01T00:00:00+00:00' AIRFLOW_CTX_TRY_NUMBER='1' AIRFLOW_CTX_DAG_RUN_ID='scheduled__2024-11-01T00:00:00+00:00'
[2024-11-05T01:27:43.990-0300] {taskinstance.py:731} INFO - ::endgroup::
[2024-11-05T01:28:00.770-0300] {python.py:240} INFO - Done. Returned value was: None
[2024-11-05T01:28:00.786-0300] {taskinstance.py:340} INFO - ::group::Post task execution logs
[2024-11-05T01:28:00.787-0300] {taskinstance.py:352} INFO - Marking task as SUCCESS. dag_id=get_stocks_dag, task_id=TSLA, run_id=scheduled__2024-11-01T00:00:00+00:00, execution_date=20241101T000000, start_date=20241105T042743, end_date=20241105T042800
[2024-11-05T01:28:00.828-0300] {local_task_job_runner.py:266} INFO - Task exited with return code 0
[2024-11-05T01:28:00.874-0300] {taskinstance.py:3900} INFO - 0 downstream tasks scheduled from follow-on schedule check
[2024-11-05T01:28:00.879-0300] {local_task_job_runner.py:245} INFO - ::endgroup::
