[2024-11-05T00:54:44.898-0300] {local_task_job_runner.py:123} INFO - ::group::Pre task execution logs
[2024-11-05T00:54:44.904-0300] {taskinstance.py:2612} INFO - Dependencies all met for dep_context=non-requeueable deps ti=<TaskInstance: get_stocks_dag.MSFT scheduled__2024-11-02T00:00:00+00:00 [queued]>
[2024-11-05T00:54:44.909-0300] {taskinstance.py:2612} INFO - Dependencies all met for dep_context=requeueable deps ti=<TaskInstance: get_stocks_dag.MSFT scheduled__2024-11-02T00:00:00+00:00 [queued]>
[2024-11-05T00:54:44.909-0300] {taskinstance.py:2865} INFO - Starting attempt 1 of 1
[2024-11-05T00:54:44.919-0300] {taskinstance.py:2888} INFO - Executing <Task(_PythonDecoratedOperator): MSFT> on 2024-11-02 00:00:00+00:00
[2024-11-05T00:54:44.925-0300] {standard_task_runner.py:72} INFO - Started process 11255 to run task
[2024-11-05T00:54:44.928-0300] {standard_task_runner.py:104} INFO - Running: ['airflow', 'tasks', 'run', 'get_stocks_dag', 'MSFT', 'scheduled__2024-11-02T00:00:00+00:00', '--job-id', '12', '--raw', '--subdir', 'DAGS_FOLDER/get_stocks.py', '--cfg-path', '/tmp/tmp13b40lu3']
[2024-11-05T00:54:44.929-0300] {standard_task_runner.py:105} INFO - Job 12: Subtask MSFT
[2024-11-05T00:54:44.956-0300] {task_command.py:467} INFO - Running <TaskInstance: get_stocks_dag.MSFT scheduled__2024-11-02T00:00:00+00:00 [running]> on host lucaires-IdeaPad-3-15ALC6
[2024-11-05T00:54:45.134-0300] {taskinstance.py:3131} INFO - Exporting env vars: AIRFLOW_CTX_DAG_OWNER='airflow' AIRFLOW_CTX_DAG_ID='get_stocks_dag' AIRFLOW_CTX_TASK_ID='MSFT' AIRFLOW_CTX_EXECUTION_DATE='2024-11-02T00:00:00+00:00' AIRFLOW_CTX_TRY_NUMBER='1' AIRFLOW_CTX_DAG_RUN_ID='scheduled__2024-11-02T00:00:00+00:00'
[2024-11-05T00:54:45.135-0300] {taskinstance.py:731} INFO - ::endgroup::
[2024-11-05T00:54:50.996-0300] {python.py:240} INFO - Done. Returned value was: None
[2024-11-05T00:54:50.999-0300] {taskinstance.py:340} INFO - ::group::Post task execution logs
[2024-11-05T00:54:50.999-0300] {taskinstance.py:352} INFO - Marking task as SUCCESS. dag_id=get_stocks_dag, task_id=MSFT, run_id=scheduled__2024-11-02T00:00:00+00:00, execution_date=20241102T000000, start_date=20241105T035444, end_date=20241105T035450
[2024-11-05T00:54:51.049-0300] {local_task_job_runner.py:266} INFO - Task exited with return code 0
[2024-11-05T00:54:51.058-0300] {taskinstance.py:3900} INFO - 0 downstream tasks scheduled from follow-on schedule check
[2024-11-05T00:54:51.058-0300] {local_task_job_runner.py:245} INFO - ::endgroup::
[2024-11-05T01:14:46.522-0300] {local_task_job_runner.py:123} INFO - ::group::Pre task execution logs
[2024-11-05T01:14:46.568-0300] {taskinstance.py:2612} INFO - Dependencies all met for dep_context=non-requeueable deps ti=<TaskInstance: get_stocks_dag.MSFT scheduled__2024-11-02T00:00:00+00:00 [queued]>
[2024-11-05T01:14:46.588-0300] {taskinstance.py:2612} INFO - Dependencies all met for dep_context=requeueable deps ti=<TaskInstance: get_stocks_dag.MSFT scheduled__2024-11-02T00:00:00+00:00 [queued]>
[2024-11-05T01:14:46.588-0300] {taskinstance.py:2865} INFO - Starting attempt 1 of 1
[2024-11-05T01:14:46.603-0300] {taskinstance.py:2888} INFO - Executing <Task(_PythonDecoratedOperator): MSFT> on 2024-11-02 00:00:00+00:00
[2024-11-05T01:14:46.626-0300] {logging_mixin.py:190} WARNING - /home/lucaires/anaconda3/envs/venv_airflow/lib/python3.12/site-packages/airflow/task/task_runner/standard_task_runner.py:70 DeprecationWarning: This process (pid=26387) is multi-threaded, use of fork() may lead to deadlocks in the child.
[2024-11-05T01:14:46.628-0300] {standard_task_runner.py:72} INFO - Started process 26586 to run task
[2024-11-05T01:14:46.625-0300] {standard_task_runner.py:104} INFO - Running: ['airflow', 'tasks', 'run', 'get_stocks_dag', 'MSFT', 'scheduled__2024-11-02T00:00:00+00:00', '--job-id', '8', '--raw', '--subdir', 'DAGS_FOLDER/get_stocks.py', '--cfg-path', '/tmp/tmpm9q65sc4']
[2024-11-05T01:14:46.629-0300] {standard_task_runner.py:105} INFO - Job 8: Subtask MSFT
[2024-11-05T01:14:46.755-0300] {task_command.py:467} INFO - Running <TaskInstance: get_stocks_dag.MSFT scheduled__2024-11-02T00:00:00+00:00 [running]> on host lucaires-IdeaPad-3-15ALC6
[2024-11-05T01:14:46.928-0300] {taskinstance.py:3131} INFO - Exporting env vars: AIRFLOW_CTX_DAG_OWNER='airflow' AIRFLOW_CTX_DAG_ID='get_stocks_dag' AIRFLOW_CTX_TASK_ID='MSFT' AIRFLOW_CTX_EXECUTION_DATE='2024-11-02T00:00:00+00:00' AIRFLOW_CTX_TRY_NUMBER='1' AIRFLOW_CTX_DAG_RUN_ID='scheduled__2024-11-02T00:00:00+00:00'
[2024-11-05T01:14:46.930-0300] {taskinstance.py:731} INFO - ::endgroup::
[2024-11-05T01:15:39.216-0300] {python.py:240} INFO - Done. Returned value was: None
[2024-11-05T01:15:39.229-0300] {taskinstance.py:340} INFO - ::group::Post task execution logs
[2024-11-05T01:15:39.229-0300] {taskinstance.py:352} INFO - Marking task as SUCCESS. dag_id=get_stocks_dag, task_id=MSFT, run_id=scheduled__2024-11-02T00:00:00+00:00, execution_date=20241102T000000, start_date=20241105T041446, end_date=20241105T041539
[2024-11-05T01:15:39.293-0300] {local_task_job_runner.py:266} INFO - Task exited with return code 0
[2024-11-05T01:15:39.309-0300] {taskinstance.py:3900} INFO - 0 downstream tasks scheduled from follow-on schedule check
[2024-11-05T01:15:39.310-0300] {local_task_job_runner.py:245} INFO - ::endgroup::
[2024-11-05T01:28:01.857-0300] {local_task_job_runner.py:123} INFO - ::group::Pre task execution logs
[2024-11-05T01:28:01.875-0300] {taskinstance.py:2612} INFO - Dependencies all met for dep_context=non-requeueable deps ti=<TaskInstance: get_stocks_dag.MSFT scheduled__2024-11-02T00:00:00+00:00 [queued]>
[2024-11-05T01:28:01.882-0300] {taskinstance.py:2612} INFO - Dependencies all met for dep_context=requeueable deps ti=<TaskInstance: get_stocks_dag.MSFT scheduled__2024-11-02T00:00:00+00:00 [queued]>
[2024-11-05T01:28:01.882-0300] {taskinstance.py:2865} INFO - Starting attempt 1 of 1
[2024-11-05T01:28:01.891-0300] {taskinstance.py:2888} INFO - Executing <Task(_PythonDecoratedOperator): MSFT> on 2024-11-02 00:00:00+00:00
[2024-11-05T01:28:01.901-0300] {standard_task_runner.py:104} INFO - Running: ['airflow', 'tasks', 'run', 'get_stocks_dag', 'MSFT', 'scheduled__2024-11-02T00:00:00+00:00', '--job-id', '18', '--raw', '--subdir', 'DAGS_FOLDER/get_stocks.py', '--cfg-path', '/tmp/tmpwuueli55']
[2024-11-05T01:28:01.903-0300] {standard_task_runner.py:105} INFO - Job 18: Subtask MSFT
[2024-11-05T01:28:01.903-0300] {logging_mixin.py:190} WARNING - /home/lucaires/anaconda3/envs/venv_airflow/lib/python3.12/site-packages/airflow/task/task_runner/standard_task_runner.py:70 DeprecationWarning: This process (pid=38635) is multi-threaded, use of fork() may lead to deadlocks in the child.
[2024-11-05T01:28:01.904-0300] {standard_task_runner.py:72} INFO - Started process 38655 to run task
[2024-11-05T01:28:01.962-0300] {task_command.py:467} INFO - Running <TaskInstance: get_stocks_dag.MSFT scheduled__2024-11-02T00:00:00+00:00 [running]> on host lucaires-IdeaPad-3-15ALC6
[2024-11-05T01:28:02.052-0300] {taskinstance.py:3131} INFO - Exporting env vars: AIRFLOW_CTX_DAG_OWNER='airflow' AIRFLOW_CTX_DAG_ID='get_stocks_dag' AIRFLOW_CTX_TASK_ID='MSFT' AIRFLOW_CTX_EXECUTION_DATE='2024-11-02T00:00:00+00:00' AIRFLOW_CTX_TRY_NUMBER='1' AIRFLOW_CTX_DAG_RUN_ID='scheduled__2024-11-02T00:00:00+00:00'
[2024-11-05T01:28:02.053-0300] {taskinstance.py:731} INFO - ::endgroup::
[2024-11-05T01:28:18.777-0300] {python.py:240} INFO - Done. Returned value was: None
[2024-11-05T01:28:18.790-0300] {taskinstance.py:340} INFO - ::group::Post task execution logs
[2024-11-05T01:28:18.790-0300] {taskinstance.py:352} INFO - Marking task as SUCCESS. dag_id=get_stocks_dag, task_id=MSFT, run_id=scheduled__2024-11-02T00:00:00+00:00, execution_date=20241102T000000, start_date=20241105T042801, end_date=20241105T042818
[2024-11-05T01:28:18.821-0300] {local_task_job_runner.py:266} INFO - Task exited with return code 0
[2024-11-05T01:28:18.841-0300] {taskinstance.py:3900} INFO - 0 downstream tasks scheduled from follow-on schedule check
[2024-11-05T01:28:18.843-0300] {local_task_job_runner.py:245} INFO - ::endgroup::
