[2024-11-05T00:55:01.590-0300] {local_task_job_runner.py:123} INFO - ::group::Pre task execution logs
[2024-11-05T00:55:01.598-0300] {taskinstance.py:2612} INFO - Dependencies all met for dep_context=non-requeueable deps ti=<TaskInstance: get_stocks_dag.TSLA scheduled__2024-11-02T00:00:00+00:00 [queued]>
[2024-11-05T00:55:01.602-0300] {taskinstance.py:2612} INFO - Dependencies all met for dep_context=requeueable deps ti=<TaskInstance: get_stocks_dag.TSLA scheduled__2024-11-02T00:00:00+00:00 [queued]>
[2024-11-05T00:55:01.603-0300] {taskinstance.py:2865} INFO - Starting attempt 1 of 1
[2024-11-05T00:55:01.613-0300] {taskinstance.py:2888} INFO - Executing <Task(_PythonDecoratedOperator): TSLA> on 2024-11-02 00:00:00+00:00
[2024-11-05T00:55:01.619-0300] {standard_task_runner.py:72} INFO - Started process 11577 to run task
[2024-11-05T00:55:01.622-0300] {standard_task_runner.py:104} INFO - Running: ['airflow', 'tasks', 'run', 'get_stocks_dag', 'TSLA', 'scheduled__2024-11-02T00:00:00+00:00', '--job-id', '14', '--raw', '--subdir', 'DAGS_FOLDER/get_stocks.py', '--cfg-path', '/tmp/tmpn2srpf_x']
[2024-11-05T00:55:01.623-0300] {standard_task_runner.py:105} INFO - Job 14: Subtask TSLA
[2024-11-05T00:55:01.651-0300] {task_command.py:467} INFO - Running <TaskInstance: get_stocks_dag.TSLA scheduled__2024-11-02T00:00:00+00:00 [running]> on host lucaires-IdeaPad-3-15ALC6
[2024-11-05T00:55:01.938-0300] {taskinstance.py:3131} INFO - Exporting env vars: AIRFLOW_CTX_DAG_OWNER='airflow' AIRFLOW_CTX_DAG_ID='get_stocks_dag' AIRFLOW_CTX_TASK_ID='TSLA' AIRFLOW_CTX_EXECUTION_DATE='2024-11-02T00:00:00+00:00' AIRFLOW_CTX_TRY_NUMBER='1' AIRFLOW_CTX_DAG_RUN_ID='scheduled__2024-11-02T00:00:00+00:00'
[2024-11-05T00:55:01.939-0300] {taskinstance.py:731} INFO - ::endgroup::
[2024-11-05T00:55:07.610-0300] {python.py:240} INFO - Done. Returned value was: None
[2024-11-05T00:55:07.614-0300] {taskinstance.py:340} INFO - ::group::Post task execution logs
[2024-11-05T00:55:07.614-0300] {taskinstance.py:352} INFO - Marking task as SUCCESS. dag_id=get_stocks_dag, task_id=TSLA, run_id=scheduled__2024-11-02T00:00:00+00:00, execution_date=20241102T000000, start_date=20241105T035501, end_date=20241105T035507
[2024-11-05T00:55:07.640-0300] {local_task_job_runner.py:266} INFO - Task exited with return code 0
[2024-11-05T00:55:07.740-0300] {taskinstance.py:3900} INFO - 0 downstream tasks scheduled from follow-on schedule check
[2024-11-05T00:55:07.740-0300] {local_task_job_runner.py:245} INFO - ::endgroup::
[2024-11-05T01:14:46.552-0300] {local_task_job_runner.py:123} INFO - ::group::Pre task execution logs
[2024-11-05T01:14:46.592-0300] {taskinstance.py:2612} INFO - Dependencies all met for dep_context=non-requeueable deps ti=<TaskInstance: get_stocks_dag.TSLA scheduled__2024-11-02T00:00:00+00:00 [queued]>
[2024-11-05T01:14:46.603-0300] {taskinstance.py:2612} INFO - Dependencies all met for dep_context=requeueable deps ti=<TaskInstance: get_stocks_dag.TSLA scheduled__2024-11-02T00:00:00+00:00 [queued]>
[2024-11-05T01:14:46.604-0300] {taskinstance.py:2865} INFO - Starting attempt 1 of 1
[2024-11-05T01:14:46.627-0300] {taskinstance.py:2888} INFO - Executing <Task(_PythonDecoratedOperator): TSLA> on 2024-11-02 00:00:00+00:00
[2024-11-05T01:14:46.661-0300] {logging_mixin.py:190} WARNING - /home/lucaires/anaconda3/envs/venv_airflow/lib/python3.12/site-packages/airflow/task/task_runner/standard_task_runner.py:70 DeprecationWarning: This process (pid=26384) is multi-threaded, use of fork() may lead to deadlocks in the child.
[2024-11-05T01:14:46.662-0300] {standard_task_runner.py:72} INFO - Started process 26602 to run task
[2024-11-05T01:14:46.662-0300] {standard_task_runner.py:104} INFO - Running: ['airflow', 'tasks', 'run', 'get_stocks_dag', 'TSLA', 'scheduled__2024-11-02T00:00:00+00:00', '--job-id', '10', '--raw', '--subdir', 'DAGS_FOLDER/get_stocks.py', '--cfg-path', '/tmp/tmp0ufad6lv']
[2024-11-05T01:14:46.666-0300] {standard_task_runner.py:105} INFO - Job 10: Subtask TSLA
[2024-11-05T01:14:46.782-0300] {task_command.py:467} INFO - Running <TaskInstance: get_stocks_dag.TSLA scheduled__2024-11-02T00:00:00+00:00 [running]> on host lucaires-IdeaPad-3-15ALC6
[2024-11-05T01:14:47.073-0300] {taskinstance.py:3131} INFO - Exporting env vars: AIRFLOW_CTX_DAG_OWNER='airflow' AIRFLOW_CTX_DAG_ID='get_stocks_dag' AIRFLOW_CTX_TASK_ID='TSLA' AIRFLOW_CTX_EXECUTION_DATE='2024-11-02T00:00:00+00:00' AIRFLOW_CTX_TRY_NUMBER='1' AIRFLOW_CTX_DAG_RUN_ID='scheduled__2024-11-02T00:00:00+00:00'
[2024-11-05T01:14:47.074-0300] {taskinstance.py:731} INFO - ::endgroup::
[2024-11-05T01:15:41.016-0300] {python.py:240} INFO - Done. Returned value was: None
[2024-11-05T01:15:41.030-0300] {taskinstance.py:340} INFO - ::group::Post task execution logs
[2024-11-05T01:15:41.031-0300] {taskinstance.py:352} INFO - Marking task as SUCCESS. dag_id=get_stocks_dag, task_id=TSLA, run_id=scheduled__2024-11-02T00:00:00+00:00, execution_date=20241102T000000, start_date=20241105T041446, end_date=20241105T041541
[2024-11-05T01:15:41.076-0300] {local_task_job_runner.py:266} INFO - Task exited with return code 0
[2024-11-05T01:15:41.101-0300] {taskinstance.py:3900} INFO - 0 downstream tasks scheduled from follow-on schedule check
[2024-11-05T01:15:41.103-0300] {local_task_job_runner.py:245} INFO - ::endgroup::
[2024-11-05T01:28:28.082-0300] {local_task_job_runner.py:123} INFO - ::group::Pre task execution logs
[2024-11-05T01:28:28.100-0300] {taskinstance.py:2612} INFO - Dependencies all met for dep_context=non-requeueable deps ti=<TaskInstance: get_stocks_dag.TSLA scheduled__2024-11-02T00:00:00+00:00 [queued]>
[2024-11-05T01:28:28.107-0300] {taskinstance.py:2612} INFO - Dependencies all met for dep_context=requeueable deps ti=<TaskInstance: get_stocks_dag.TSLA scheduled__2024-11-02T00:00:00+00:00 [queued]>
[2024-11-05T01:28:28.108-0300] {taskinstance.py:2865} INFO - Starting attempt 1 of 1
[2024-11-05T01:28:28.118-0300] {taskinstance.py:2888} INFO - Executing <Task(_PythonDecoratedOperator): TSLA> on 2024-11-02 00:00:00+00:00
[2024-11-05T01:28:28.129-0300] {standard_task_runner.py:104} INFO - Running: ['airflow', 'tasks', 'run', 'get_stocks_dag', 'TSLA', 'scheduled__2024-11-02T00:00:00+00:00', '--job-id', '20', '--raw', '--subdir', 'DAGS_FOLDER/get_stocks.py', '--cfg-path', '/tmp/tmp2b1u6er4']
[2024-11-05T01:28:28.131-0300] {standard_task_runner.py:105} INFO - Job 20: Subtask TSLA
[2024-11-05T01:28:28.131-0300] {logging_mixin.py:190} WARNING - /home/lucaires/anaconda3/envs/venv_airflow/lib/python3.12/site-packages/airflow/task/task_runner/standard_task_runner.py:70 DeprecationWarning: This process (pid=40356) is multi-threaded, use of fork() may lead to deadlocks in the child.
[2024-11-05T01:28:28.131-0300] {standard_task_runner.py:72} INFO - Started process 40384 to run task
[2024-11-05T01:28:28.187-0300] {task_command.py:467} INFO - Running <TaskInstance: get_stocks_dag.TSLA scheduled__2024-11-02T00:00:00+00:00 [running]> on host lucaires-IdeaPad-3-15ALC6
[2024-11-05T01:28:28.298-0300] {taskinstance.py:3131} INFO - Exporting env vars: AIRFLOW_CTX_DAG_OWNER='airflow' AIRFLOW_CTX_DAG_ID='get_stocks_dag' AIRFLOW_CTX_TASK_ID='TSLA' AIRFLOW_CTX_EXECUTION_DATE='2024-11-02T00:00:00+00:00' AIRFLOW_CTX_TRY_NUMBER='1' AIRFLOW_CTX_DAG_RUN_ID='scheduled__2024-11-02T00:00:00+00:00'
[2024-11-05T01:28:28.299-0300] {taskinstance.py:731} INFO - ::endgroup::
[2024-11-05T01:28:35.027-0300] {python.py:240} INFO - Done. Returned value was: None
[2024-11-05T01:28:35.039-0300] {taskinstance.py:340} INFO - ::group::Post task execution logs
[2024-11-05T01:28:35.039-0300] {taskinstance.py:352} INFO - Marking task as SUCCESS. dag_id=get_stocks_dag, task_id=TSLA, run_id=scheduled__2024-11-02T00:00:00+00:00, execution_date=20241102T000000, start_date=20241105T042828, end_date=20241105T042835
[2024-11-05T01:28:35.091-0300] {local_task_job_runner.py:266} INFO - Task exited with return code 0
[2024-11-05T01:28:35.110-0300] {taskinstance.py:3900} INFO - 0 downstream tasks scheduled from follow-on schedule check
[2024-11-05T01:28:35.111-0300] {local_task_job_runner.py:245} INFO - ::endgroup::
