[2024-11-05T00:49:25.580-0300] {processor.py:186} INFO - Started process (PID=5446) to work on /home/lucaires/anaconda3/envs/venv_airflow/lib/python3.12/site-packages/airflow/example_dags/example_xcomargs.py
[2024-11-05T00:49:25.580-0300] {processor.py:914} INFO - Processing file /home/lucaires/anaconda3/envs/venv_airflow/lib/python3.12/site-packages/airflow/example_dags/example_xcomargs.py for tasks to queue
[2024-11-05T00:49:25.583-0300] {logging_mixin.py:190} INFO - [2024-11-05T00:49:25.582-0300] {dagbag.py:588} INFO - Filling up the DagBag from /home/lucaires/anaconda3/envs/venv_airflow/lib/python3.12/site-packages/airflow/example_dags/example_xcomargs.py
[2024-11-05T00:49:25.591-0300] {processor.py:925} INFO - DAG(s) 'example_xcom_args', 'example_xcom_args_with_operators' retrieved from /home/lucaires/anaconda3/envs/venv_airflow/lib/python3.12/site-packages/airflow/example_dags/example_xcomargs.py
[2024-11-05T00:49:25.676-0300] {logging_mixin.py:190} INFO - [2024-11-05T00:49:25.675-0300] {override.py:1900} INFO - Created Permission View: can edit on DAG:example_xcom_args
[2024-11-05T00:49:25.685-0300] {logging_mixin.py:190} INFO - [2024-11-05T00:49:25.684-0300] {override.py:1900} INFO - Created Permission View: can read on DAG:example_xcom_args
[2024-11-05T00:49:25.691-0300] {logging_mixin.py:190} INFO - [2024-11-05T00:49:25.691-0300] {override.py:1900} INFO - Created Permission View: can delete on DAG:example_xcom_args
[2024-11-05T00:49:25.703-0300] {logging_mixin.py:190} INFO - [2024-11-05T00:49:25.703-0300] {override.py:1900} INFO - Created Permission View: can create on DAG Run:example_xcom_args
[2024-11-05T00:49:25.711-0300] {logging_mixin.py:190} INFO - [2024-11-05T00:49:25.710-0300] {override.py:1900} INFO - Created Permission View: menu access on DAG Run:example_xcom_args
[2024-11-05T00:49:25.720-0300] {logging_mixin.py:190} INFO - [2024-11-05T00:49:25.719-0300] {override.py:1900} INFO - Created Permission View: can read on DAG Run:example_xcom_args
[2024-11-05T00:49:25.726-0300] {logging_mixin.py:190} INFO - [2024-11-05T00:49:25.726-0300] {override.py:1900} INFO - Created Permission View: can delete on DAG Run:example_xcom_args
[2024-11-05T00:49:25.745-0300] {logging_mixin.py:190} INFO - [2024-11-05T00:49:25.744-0300] {override.py:1900} INFO - Created Permission View: can edit on DAG:example_xcom_args_with_operators
[2024-11-05T00:49:25.753-0300] {logging_mixin.py:190} INFO - [2024-11-05T00:49:25.752-0300] {override.py:1900} INFO - Created Permission View: can read on DAG:example_xcom_args_with_operators
[2024-11-05T00:49:25.759-0300] {logging_mixin.py:190} INFO - [2024-11-05T00:49:25.758-0300] {override.py:1900} INFO - Created Permission View: can delete on DAG:example_xcom_args_with_operators
[2024-11-05T00:49:25.769-0300] {logging_mixin.py:190} INFO - [2024-11-05T00:49:25.769-0300] {override.py:1900} INFO - Created Permission View: can create on DAG Run:example_xcom_args_with_operators
[2024-11-05T00:49:25.777-0300] {logging_mixin.py:190} INFO - [2024-11-05T00:49:25.776-0300] {override.py:1900} INFO - Created Permission View: menu access on DAG Run:example_xcom_args_with_operators
[2024-11-05T00:49:25.783-0300] {logging_mixin.py:190} INFO - [2024-11-05T00:49:25.783-0300] {override.py:1900} INFO - Created Permission View: can read on DAG Run:example_xcom_args_with_operators
[2024-11-05T00:49:25.793-0300] {logging_mixin.py:190} INFO - [2024-11-05T00:49:25.793-0300] {override.py:1900} INFO - Created Permission View: can delete on DAG Run:example_xcom_args_with_operators
[2024-11-05T00:49:25.794-0300] {logging_mixin.py:190} INFO - [2024-11-05T00:49:25.794-0300] {dag.py:3239} INFO - Sync 2 DAGs
[2024-11-05T00:49:25.803-0300] {logging_mixin.py:190} INFO - [2024-11-05T00:49:25.803-0300] {dag.py:3262} INFO - Creating ORM DAG for example_xcom_args
[2024-11-05T00:49:25.804-0300] {logging_mixin.py:190} INFO - [2024-11-05T00:49:25.803-0300] {dag.py:3262} INFO - Creating ORM DAG for example_xcom_args_with_operators
[2024-11-05T00:49:25.804-0300] {logging_mixin.py:190} INFO - [2024-11-05T00:49:25.804-0300] {dag.py:4180} INFO - Setting next_dagrun for example_xcom_args to None, run_after=None
[2024-11-05T00:49:25.805-0300] {logging_mixin.py:190} INFO - [2024-11-05T00:49:25.804-0300] {dag.py:4180} INFO - Setting next_dagrun for example_xcom_args_with_operators to None, run_after=None
[2024-11-05T00:49:25.823-0300] {processor.py:208} INFO - Processing /home/lucaires/anaconda3/envs/venv_airflow/lib/python3.12/site-packages/airflow/example_dags/example_xcomargs.py took 0.248 seconds
[2024-11-05T00:50:24.990-0300] {processor.py:186} INFO - Started process (PID=6298) to work on /home/lucaires/anaconda3/envs/venv_airflow/lib/python3.12/site-packages/airflow/example_dags/example_xcomargs.py
[2024-11-05T00:50:24.994-0300] {processor.py:914} INFO - Processing file /home/lucaires/anaconda3/envs/venv_airflow/lib/python3.12/site-packages/airflow/example_dags/example_xcomargs.py for tasks to queue
[2024-11-05T00:50:24.996-0300] {logging_mixin.py:190} INFO - [2024-11-05T00:50:24.996-0300] {dagbag.py:588} INFO - Filling up the DagBag from /home/lucaires/anaconda3/envs/venv_airflow/lib/python3.12/site-packages/airflow/example_dags/example_xcomargs.py
[2024-11-05T00:50:25.004-0300] {processor.py:925} INFO - DAG(s) 'example_xcom_args_with_operators', 'example_xcom_args' retrieved from /home/lucaires/anaconda3/envs/venv_airflow/lib/python3.12/site-packages/airflow/example_dags/example_xcomargs.py
[2024-11-05T00:50:25.018-0300] {logging_mixin.py:190} INFO - [2024-11-05T00:50:25.018-0300] {dag.py:3239} INFO - Sync 2 DAGs
[2024-11-05T00:50:25.026-0300] {logging_mixin.py:190} INFO - [2024-11-05T00:50:25.026-0300] {dag.py:4180} INFO - Setting next_dagrun for example_xcom_args to None, run_after=None
[2024-11-05T00:50:25.029-0300] {logging_mixin.py:190} INFO - [2024-11-05T00:50:25.029-0300] {dag.py:4180} INFO - Setting next_dagrun for example_xcom_args_with_operators to None, run_after=None
[2024-11-05T00:50:25.044-0300] {processor.py:208} INFO - Processing /home/lucaires/anaconda3/envs/venv_airflow/lib/python3.12/site-packages/airflow/example_dags/example_xcomargs.py took 0.058 seconds
