[2024-11-05T00:50:06.489-0300] {processor.py:186} INFO - Started process (PID=6115) to work on /home/lucaires/anaconda3/envs/venv_airflow/lib/python3.12/site-packages/airflow/example_dags/example_datasets.py
[2024-11-05T00:50:06.490-0300] {processor.py:914} INFO - Processing file /home/lucaires/anaconda3/envs/venv_airflow/lib/python3.12/site-packages/airflow/example_dags/example_datasets.py for tasks to queue
[2024-11-05T00:50:06.492-0300] {logging_mixin.py:190} INFO - [2024-11-05T00:50:06.492-0300] {dagbag.py:588} INFO - Filling up the DagBag from /home/lucaires/anaconda3/envs/venv_airflow/lib/python3.12/site-packages/airflow/example_dags/example_datasets.py
[2024-11-05T00:50:06.503-0300] {processor.py:925} INFO - DAG(s) 'dataset_consumes_1_never_scheduled', 'dataset_consumes_unknown_never_scheduled', 'consume_1_and_2_with_dataset_expressions', 'dataset_consumes_1', 'dataset_produces_1', 'dataset_consumes_1_and_2', 'conditional_dataset_and_time_based_timetable', 'consume_1_or_2_with_dataset_expressions', 'dataset_produces_2', 'consume_1_or_both_2_and_3_with_dataset_expressions' retrieved from /home/lucaires/anaconda3/envs/venv_airflow/lib/python3.12/site-packages/airflow/example_dags/example_datasets.py
[2024-11-05T00:50:06.581-0300] {logging_mixin.py:190} INFO - [2024-11-05T00:50:06.581-0300] {override.py:1900} INFO - Created Permission View: can edit on DAG:dataset_consumes_1_never_scheduled
[2024-11-05T00:50:06.590-0300] {logging_mixin.py:190} INFO - [2024-11-05T00:50:06.590-0300] {override.py:1900} INFO - Created Permission View: can read on DAG:dataset_consumes_1_never_scheduled
[2024-11-05T00:50:06.597-0300] {logging_mixin.py:190} INFO - [2024-11-05T00:50:06.597-0300] {override.py:1900} INFO - Created Permission View: can delete on DAG:dataset_consumes_1_never_scheduled
[2024-11-05T00:50:06.608-0300] {logging_mixin.py:190} INFO - [2024-11-05T00:50:06.608-0300] {override.py:1900} INFO - Created Permission View: can create on DAG Run:dataset_consumes_1_never_scheduled
[2024-11-05T00:50:06.616-0300] {logging_mixin.py:190} INFO - [2024-11-05T00:50:06.616-0300] {override.py:1900} INFO - Created Permission View: menu access on DAG Run:dataset_consumes_1_never_scheduled
[2024-11-05T00:50:06.622-0300] {logging_mixin.py:190} INFO - [2024-11-05T00:50:06.622-0300] {override.py:1900} INFO - Created Permission View: can read on DAG Run:dataset_consumes_1_never_scheduled
[2024-11-05T00:50:06.629-0300] {logging_mixin.py:190} INFO - [2024-11-05T00:50:06.629-0300] {override.py:1900} INFO - Created Permission View: can delete on DAG Run:dataset_consumes_1_never_scheduled
[2024-11-05T00:50:06.645-0300] {logging_mixin.py:190} INFO - [2024-11-05T00:50:06.645-0300] {override.py:1900} INFO - Created Permission View: can edit on DAG:dataset_consumes_unknown_never_scheduled
[2024-11-05T00:50:06.652-0300] {logging_mixin.py:190} INFO - [2024-11-05T00:50:06.652-0300] {override.py:1900} INFO - Created Permission View: can read on DAG:dataset_consumes_unknown_never_scheduled
[2024-11-05T00:50:06.658-0300] {logging_mixin.py:190} INFO - [2024-11-05T00:50:06.658-0300] {override.py:1900} INFO - Created Permission View: can delete on DAG:dataset_consumes_unknown_never_scheduled
[2024-11-05T00:50:06.669-0300] {logging_mixin.py:190} INFO - [2024-11-05T00:50:06.668-0300] {override.py:1900} INFO - Created Permission View: can create on DAG Run:dataset_consumes_unknown_never_scheduled
[2024-11-05T00:50:06.675-0300] {logging_mixin.py:190} INFO - [2024-11-05T00:50:06.675-0300] {override.py:1900} INFO - Created Permission View: menu access on DAG Run:dataset_consumes_unknown_never_scheduled
[2024-11-05T00:50:06.682-0300] {logging_mixin.py:190} INFO - [2024-11-05T00:50:06.682-0300] {override.py:1900} INFO - Created Permission View: can read on DAG Run:dataset_consumes_unknown_never_scheduled
[2024-11-05T00:50:06.688-0300] {logging_mixin.py:190} INFO - [2024-11-05T00:50:06.688-0300] {override.py:1900} INFO - Created Permission View: can delete on DAG Run:dataset_consumes_unknown_never_scheduled
[2024-11-05T00:50:06.701-0300] {logging_mixin.py:190} INFO - [2024-11-05T00:50:06.701-0300] {override.py:1900} INFO - Created Permission View: can edit on DAG:consume_1_and_2_with_dataset_expressions
[2024-11-05T00:50:06.707-0300] {logging_mixin.py:190} INFO - [2024-11-05T00:50:06.707-0300] {override.py:1900} INFO - Created Permission View: can read on DAG:consume_1_and_2_with_dataset_expressions
[2024-11-05T00:50:06.713-0300] {logging_mixin.py:190} INFO - [2024-11-05T00:50:06.713-0300] {override.py:1900} INFO - Created Permission View: can delete on DAG:consume_1_and_2_with_dataset_expressions
[2024-11-05T00:50:06.724-0300] {logging_mixin.py:190} INFO - [2024-11-05T00:50:06.724-0300] {override.py:1900} INFO - Created Permission View: can create on DAG Run:consume_1_and_2_with_dataset_expressions
[2024-11-05T00:50:06.730-0300] {logging_mixin.py:190} INFO - [2024-11-05T00:50:06.730-0300] {override.py:1900} INFO - Created Permission View: menu access on DAG Run:consume_1_and_2_with_dataset_expressions
[2024-11-05T00:50:06.736-0300] {logging_mixin.py:190} INFO - [2024-11-05T00:50:06.736-0300] {override.py:1900} INFO - Created Permission View: can read on DAG Run:consume_1_and_2_with_dataset_expressions
[2024-11-05T00:50:06.742-0300] {logging_mixin.py:190} INFO - [2024-11-05T00:50:06.742-0300] {override.py:1900} INFO - Created Permission View: can delete on DAG Run:consume_1_and_2_with_dataset_expressions
[2024-11-05T00:50:06.755-0300] {logging_mixin.py:190} INFO - [2024-11-05T00:50:06.755-0300] {override.py:1900} INFO - Created Permission View: can edit on DAG:dataset_consumes_1
[2024-11-05T00:50:06.761-0300] {logging_mixin.py:190} INFO - [2024-11-05T00:50:06.761-0300] {override.py:1900} INFO - Created Permission View: can read on DAG:dataset_consumes_1
[2024-11-05T00:50:06.768-0300] {logging_mixin.py:190} INFO - [2024-11-05T00:50:06.767-0300] {override.py:1900} INFO - Created Permission View: can delete on DAG:dataset_consumes_1
[2024-11-05T00:50:06.778-0300] {logging_mixin.py:190} INFO - [2024-11-05T00:50:06.777-0300] {override.py:1900} INFO - Created Permission View: can create on DAG Run:dataset_consumes_1
[2024-11-05T00:50:06.785-0300] {logging_mixin.py:190} INFO - [2024-11-05T00:50:06.785-0300] {override.py:1900} INFO - Created Permission View: menu access on DAG Run:dataset_consumes_1
[2024-11-05T00:50:06.791-0300] {logging_mixin.py:190} INFO - [2024-11-05T00:50:06.791-0300] {override.py:1900} INFO - Created Permission View: can read on DAG Run:dataset_consumes_1
[2024-11-05T00:50:06.797-0300] {logging_mixin.py:190} INFO - [2024-11-05T00:50:06.796-0300] {override.py:1900} INFO - Created Permission View: can delete on DAG Run:dataset_consumes_1
[2024-11-05T00:50:06.816-0300] {logging_mixin.py:190} INFO - [2024-11-05T00:50:06.815-0300] {override.py:1900} INFO - Created Permission View: can edit on DAG:dataset_produces_1
[2024-11-05T00:50:06.822-0300] {logging_mixin.py:190} INFO - [2024-11-05T00:50:06.821-0300] {override.py:1900} INFO - Created Permission View: can read on DAG:dataset_produces_1
[2024-11-05T00:50:06.829-0300] {logging_mixin.py:190} INFO - [2024-11-05T00:50:06.829-0300] {override.py:1900} INFO - Created Permission View: can delete on DAG:dataset_produces_1
[2024-11-05T00:50:06.839-0300] {logging_mixin.py:190} INFO - [2024-11-05T00:50:06.839-0300] {override.py:1900} INFO - Created Permission View: can create on DAG Run:dataset_produces_1
[2024-11-05T00:50:06.846-0300] {logging_mixin.py:190} INFO - [2024-11-05T00:50:06.845-0300] {override.py:1900} INFO - Created Permission View: menu access on DAG Run:dataset_produces_1
[2024-11-05T00:50:06.852-0300] {logging_mixin.py:190} INFO - [2024-11-05T00:50:06.852-0300] {override.py:1900} INFO - Created Permission View: can read on DAG Run:dataset_produces_1
[2024-11-05T00:50:06.862-0300] {logging_mixin.py:190} INFO - [2024-11-05T00:50:06.861-0300] {override.py:1900} INFO - Created Permission View: can delete on DAG Run:dataset_produces_1
[2024-11-05T00:50:06.882-0300] {logging_mixin.py:190} INFO - [2024-11-05T00:50:06.882-0300] {override.py:1900} INFO - Created Permission View: can edit on DAG:dataset_consumes_1_and_2
[2024-11-05T00:50:06.892-0300] {logging_mixin.py:190} INFO - [2024-11-05T00:50:06.892-0300] {override.py:1900} INFO - Created Permission View: can read on DAG:dataset_consumes_1_and_2
[2024-11-05T00:50:06.901-0300] {logging_mixin.py:190} INFO - [2024-11-05T00:50:06.901-0300] {override.py:1900} INFO - Created Permission View: can delete on DAG:dataset_consumes_1_and_2
[2024-11-05T00:50:06.916-0300] {logging_mixin.py:190} INFO - [2024-11-05T00:50:06.916-0300] {override.py:1900} INFO - Created Permission View: can create on DAG Run:dataset_consumes_1_and_2
[2024-11-05T00:50:06.924-0300] {logging_mixin.py:190} INFO - [2024-11-05T00:50:06.924-0300] {override.py:1900} INFO - Created Permission View: menu access on DAG Run:dataset_consumes_1_and_2
[2024-11-05T00:50:06.932-0300] {logging_mixin.py:190} INFO - [2024-11-05T00:50:06.932-0300] {override.py:1900} INFO - Created Permission View: can read on DAG Run:dataset_consumes_1_and_2
[2024-11-05T00:50:06.939-0300] {logging_mixin.py:190} INFO - [2024-11-05T00:50:06.939-0300] {override.py:1900} INFO - Created Permission View: can delete on DAG Run:dataset_consumes_1_and_2
[2024-11-05T00:50:06.954-0300] {logging_mixin.py:190} INFO - [2024-11-05T00:50:06.953-0300] {override.py:1900} INFO - Created Permission View: can edit on DAG:conditional_dataset_and_time_based_timetable
[2024-11-05T00:50:06.960-0300] {logging_mixin.py:190} INFO - [2024-11-05T00:50:06.960-0300] {override.py:1900} INFO - Created Permission View: can read on DAG:conditional_dataset_and_time_based_timetable
[2024-11-05T00:50:06.966-0300] {logging_mixin.py:190} INFO - [2024-11-05T00:50:06.966-0300] {override.py:1900} INFO - Created Permission View: can delete on DAG:conditional_dataset_and_time_based_timetable
[2024-11-05T00:50:06.977-0300] {logging_mixin.py:190} INFO - [2024-11-05T00:50:06.977-0300] {override.py:1900} INFO - Created Permission View: can create on DAG Run:conditional_dataset_and_time_based_timetable
[2024-11-05T00:50:06.983-0300] {logging_mixin.py:190} INFO - [2024-11-05T00:50:06.983-0300] {override.py:1900} INFO - Created Permission View: menu access on DAG Run:conditional_dataset_and_time_based_timetable
[2024-11-05T00:50:06.989-0300] {logging_mixin.py:190} INFO - [2024-11-05T00:50:06.989-0300] {override.py:1900} INFO - Created Permission View: can read on DAG Run:conditional_dataset_and_time_based_timetable
[2024-11-05T00:50:06.995-0300] {logging_mixin.py:190} INFO - [2024-11-05T00:50:06.995-0300] {override.py:1900} INFO - Created Permission View: can delete on DAG Run:conditional_dataset_and_time_based_timetable
[2024-11-05T00:50:07.007-0300] {logging_mixin.py:190} INFO - [2024-11-05T00:50:07.007-0300] {override.py:1900} INFO - Created Permission View: can edit on DAG:consume_1_or_2_with_dataset_expressions
[2024-11-05T00:50:07.013-0300] {logging_mixin.py:190} INFO - [2024-11-05T00:50:07.013-0300] {override.py:1900} INFO - Created Permission View: can read on DAG:consume_1_or_2_with_dataset_expressions
[2024-11-05T00:50:07.020-0300] {logging_mixin.py:190} INFO - [2024-11-05T00:50:07.020-0300] {override.py:1900} INFO - Created Permission View: can delete on DAG:consume_1_or_2_with_dataset_expressions
[2024-11-05T00:50:07.029-0300] {logging_mixin.py:190} INFO - [2024-11-05T00:50:07.029-0300] {override.py:1900} INFO - Created Permission View: can create on DAG Run:consume_1_or_2_with_dataset_expressions
[2024-11-05T00:50:07.035-0300] {logging_mixin.py:190} INFO - [2024-11-05T00:50:07.035-0300] {override.py:1900} INFO - Created Permission View: menu access on DAG Run:consume_1_or_2_with_dataset_expressions
[2024-11-05T00:50:07.041-0300] {logging_mixin.py:190} INFO - [2024-11-05T00:50:07.040-0300] {override.py:1900} INFO - Created Permission View: can read on DAG Run:consume_1_or_2_with_dataset_expressions
[2024-11-05T00:50:07.048-0300] {logging_mixin.py:190} INFO - [2024-11-05T00:50:07.048-0300] {override.py:1900} INFO - Created Permission View: can delete on DAG Run:consume_1_or_2_with_dataset_expressions
[2024-11-05T00:50:07.060-0300] {logging_mixin.py:190} INFO - [2024-11-05T00:50:07.060-0300] {override.py:1900} INFO - Created Permission View: can edit on DAG:dataset_produces_2
[2024-11-05T00:50:07.067-0300] {logging_mixin.py:190} INFO - [2024-11-05T00:50:07.066-0300] {override.py:1900} INFO - Created Permission View: can read on DAG:dataset_produces_2
[2024-11-05T00:50:07.073-0300] {logging_mixin.py:190} INFO - [2024-11-05T00:50:07.072-0300] {override.py:1900} INFO - Created Permission View: can delete on DAG:dataset_produces_2
[2024-11-05T00:50:07.083-0300] {logging_mixin.py:190} INFO - [2024-11-05T00:50:07.082-0300] {override.py:1900} INFO - Created Permission View: can create on DAG Run:dataset_produces_2
[2024-11-05T00:50:07.089-0300] {logging_mixin.py:190} INFO - [2024-11-05T00:50:07.088-0300] {override.py:1900} INFO - Created Permission View: menu access on DAG Run:dataset_produces_2
[2024-11-05T00:50:07.095-0300] {logging_mixin.py:190} INFO - [2024-11-05T00:50:07.094-0300] {override.py:1900} INFO - Created Permission View: can read on DAG Run:dataset_produces_2
[2024-11-05T00:50:07.100-0300] {logging_mixin.py:190} INFO - [2024-11-05T00:50:07.100-0300] {override.py:1900} INFO - Created Permission View: can delete on DAG Run:dataset_produces_2
[2024-11-05T00:50:07.113-0300] {logging_mixin.py:190} INFO - [2024-11-05T00:50:07.113-0300] {override.py:1900} INFO - Created Permission View: can edit on DAG:consume_1_or_both_2_and_3_with_dataset_expressions
[2024-11-05T00:50:07.120-0300] {logging_mixin.py:190} INFO - [2024-11-05T00:50:07.119-0300] {override.py:1900} INFO - Created Permission View: can read on DAG:consume_1_or_both_2_and_3_with_dataset_expressions
[2024-11-05T00:50:07.127-0300] {logging_mixin.py:190} INFO - [2024-11-05T00:50:07.127-0300] {override.py:1900} INFO - Created Permission View: can delete on DAG:consume_1_or_both_2_and_3_with_dataset_expressions
[2024-11-05T00:50:07.137-0300] {logging_mixin.py:190} INFO - [2024-11-05T00:50:07.136-0300] {override.py:1900} INFO - Created Permission View: can create on DAG Run:consume_1_or_both_2_and_3_with_dataset_expressions
[2024-11-05T00:50:07.143-0300] {logging_mixin.py:190} INFO - [2024-11-05T00:50:07.142-0300] {override.py:1900} INFO - Created Permission View: menu access on DAG Run:consume_1_or_both_2_and_3_with_dataset_expressions
[2024-11-05T00:50:07.151-0300] {logging_mixin.py:190} INFO - [2024-11-05T00:50:07.150-0300] {override.py:1900} INFO - Created Permission View: can read on DAG Run:consume_1_or_both_2_and_3_with_dataset_expressions
[2024-11-05T00:50:07.156-0300] {logging_mixin.py:190} INFO - [2024-11-05T00:50:07.156-0300] {override.py:1900} INFO - Created Permission View: can delete on DAG Run:consume_1_or_both_2_and_3_with_dataset_expressions
[2024-11-05T00:50:07.157-0300] {logging_mixin.py:190} INFO - [2024-11-05T00:50:07.157-0300] {dag.py:3239} INFO - Sync 10 DAGs
[2024-11-05T00:50:07.164-0300] {logging_mixin.py:190} INFO - [2024-11-05T00:50:07.164-0300] {dag.py:3262} INFO - Creating ORM DAG for dataset_produces_2
[2024-11-05T00:50:07.165-0300] {logging_mixin.py:190} INFO - [2024-11-05T00:50:07.165-0300] {dag.py:3262} INFO - Creating ORM DAG for dataset_consumes_1_never_scheduled
[2024-11-05T00:50:07.166-0300] {logging_mixin.py:190} INFO - [2024-11-05T00:50:07.165-0300] {dag.py:3262} INFO - Creating ORM DAG for dataset_consumes_1
[2024-11-05T00:50:07.166-0300] {logging_mixin.py:190} INFO - [2024-11-05T00:50:07.166-0300] {dag.py:3262} INFO - Creating ORM DAG for dataset_consumes_unknown_never_scheduled
[2024-11-05T00:50:07.167-0300] {logging_mixin.py:190} INFO - [2024-11-05T00:50:07.167-0300] {dag.py:3262} INFO - Creating ORM DAG for consume_1_or_2_with_dataset_expressions
[2024-11-05T00:50:07.167-0300] {logging_mixin.py:190} INFO - [2024-11-05T00:50:07.167-0300] {dag.py:3262} INFO - Creating ORM DAG for conditional_dataset_and_time_based_timetable
[2024-11-05T00:50:07.167-0300] {logging_mixin.py:190} INFO - [2024-11-05T00:50:07.167-0300] {dag.py:3262} INFO - Creating ORM DAG for consume_1_and_2_with_dataset_expressions
[2024-11-05T00:50:07.168-0300] {logging_mixin.py:190} INFO - [2024-11-05T00:50:07.167-0300] {dag.py:3262} INFO - Creating ORM DAG for dataset_produces_1
[2024-11-05T00:50:07.168-0300] {logging_mixin.py:190} INFO - [2024-11-05T00:50:07.168-0300] {dag.py:3262} INFO - Creating ORM DAG for dataset_consumes_1_and_2
[2024-11-05T00:50:07.168-0300] {logging_mixin.py:190} INFO - [2024-11-05T00:50:07.168-0300] {dag.py:3262} INFO - Creating ORM DAG for consume_1_or_both_2_and_3_with_dataset_expressions
[2024-11-05T00:50:07.174-0300] {logging_mixin.py:190} INFO - [2024-11-05T00:50:07.174-0300] {dag.py:4180} INFO - Setting next_dagrun for conditional_dataset_and_time_based_timetable to 2024-10-30 01:00:00+00:00, run_after=2024-10-30 01:00:00+00:00
[2024-11-05T00:50:07.174-0300] {logging_mixin.py:190} INFO - [2024-11-05T00:50:07.174-0300] {dag.py:4180} INFO - Setting next_dagrun for consume_1_and_2_with_dataset_expressions to None, run_after=None
[2024-11-05T00:50:07.175-0300] {logging_mixin.py:190} INFO - [2024-11-05T00:50:07.175-0300] {dag.py:4180} INFO - Setting next_dagrun for consume_1_or_2_with_dataset_expressions to None, run_after=None
[2024-11-05T00:50:07.175-0300] {logging_mixin.py:190} INFO - [2024-11-05T00:50:07.175-0300] {dag.py:4180} INFO - Setting next_dagrun for consume_1_or_both_2_and_3_with_dataset_expressions to None, run_after=None
[2024-11-05T00:50:07.175-0300] {logging_mixin.py:190} INFO - [2024-11-05T00:50:07.175-0300] {dag.py:4180} INFO - Setting next_dagrun for dataset_consumes_1 to None, run_after=None
[2024-11-05T00:50:07.175-0300] {logging_mixin.py:190} INFO - [2024-11-05T00:50:07.175-0300] {dag.py:4180} INFO - Setting next_dagrun for dataset_consumes_1_and_2 to None, run_after=None
[2024-11-05T00:50:07.175-0300] {logging_mixin.py:190} INFO - [2024-11-05T00:50:07.175-0300] {dag.py:4180} INFO - Setting next_dagrun for dataset_consumes_1_never_scheduled to None, run_after=None
[2024-11-05T00:50:07.176-0300] {logging_mixin.py:190} INFO - [2024-11-05T00:50:07.176-0300] {dag.py:4180} INFO - Setting next_dagrun for dataset_consumes_unknown_never_scheduled to None, run_after=None
[2024-11-05T00:50:07.177-0300] {logging_mixin.py:190} INFO - [2024-11-05T00:50:07.176-0300] {dag.py:4180} INFO - Setting next_dagrun for dataset_produces_1 to 2024-11-04 00:00:00+00:00, run_after=2024-11-05 00:00:00+00:00
[2024-11-05T00:50:07.177-0300] {logging_mixin.py:190} INFO - [2024-11-05T00:50:07.177-0300] {dag.py:4180} INFO - Setting next_dagrun for dataset_produces_2 to None, run_after=None
[2024-11-05T00:50:07.199-0300] {processor.py:208} INFO - Processing /home/lucaires/anaconda3/envs/venv_airflow/lib/python3.12/site-packages/airflow/example_dags/example_datasets.py took 0.714 seconds
[2024-11-05T00:51:03.445-0300] {processor.py:186} INFO - Started process (PID=6758) to work on /home/lucaires/anaconda3/envs/venv_airflow/lib/python3.12/site-packages/airflow/example_dags/example_datasets.py
[2024-11-05T00:51:03.449-0300] {processor.py:914} INFO - Processing file /home/lucaires/anaconda3/envs/venv_airflow/lib/python3.12/site-packages/airflow/example_dags/example_datasets.py for tasks to queue
[2024-11-05T00:51:03.451-0300] {logging_mixin.py:190} INFO - [2024-11-05T00:51:03.451-0300] {dagbag.py:588} INFO - Filling up the DagBag from /home/lucaires/anaconda3/envs/venv_airflow/lib/python3.12/site-packages/airflow/example_dags/example_datasets.py
[2024-11-05T00:51:03.462-0300] {processor.py:925} INFO - DAG(s) 'conditional_dataset_and_time_based_timetable', 'consume_1_or_2_with_dataset_expressions', 'dataset_consumes_1_never_scheduled', 'dataset_consumes_unknown_never_scheduled', 'dataset_produces_2', 'dataset_produces_1', 'consume_1_and_2_with_dataset_expressions', 'dataset_consumes_1', 'consume_1_or_both_2_and_3_with_dataset_expressions', 'dataset_consumes_1_and_2' retrieved from /home/lucaires/anaconda3/envs/venv_airflow/lib/python3.12/site-packages/airflow/example_dags/example_datasets.py
[2024-11-05T00:51:03.488-0300] {logging_mixin.py:190} INFO - [2024-11-05T00:51:03.488-0300] {dag.py:3239} INFO - Sync 10 DAGs
[2024-11-05T00:51:03.503-0300] {logging_mixin.py:190} INFO - [2024-11-05T00:51:03.503-0300] {dag.py:4180} INFO - Setting next_dagrun for conditional_dataset_and_time_based_timetable to 2024-10-30 01:00:00+00:00, run_after=2024-10-30 01:00:00+00:00
[2024-11-05T00:51:03.506-0300] {logging_mixin.py:190} INFO - [2024-11-05T00:51:03.506-0300] {dag.py:4180} INFO - Setting next_dagrun for consume_1_and_2_with_dataset_expressions to None, run_after=None
[2024-11-05T00:51:03.506-0300] {logging_mixin.py:190} INFO - [2024-11-05T00:51:03.506-0300] {dag.py:4180} INFO - Setting next_dagrun for consume_1_or_2_with_dataset_expressions to None, run_after=None
[2024-11-05T00:51:03.507-0300] {logging_mixin.py:190} INFO - [2024-11-05T00:51:03.507-0300] {dag.py:4180} INFO - Setting next_dagrun for consume_1_or_both_2_and_3_with_dataset_expressions to None, run_after=None
[2024-11-05T00:51:03.507-0300] {logging_mixin.py:190} INFO - [2024-11-05T00:51:03.507-0300] {dag.py:4180} INFO - Setting next_dagrun for dataset_consumes_1 to None, run_after=None
[2024-11-05T00:51:03.508-0300] {logging_mixin.py:190} INFO - [2024-11-05T00:51:03.508-0300] {dag.py:4180} INFO - Setting next_dagrun for dataset_consumes_1_and_2 to None, run_after=None
[2024-11-05T00:51:03.508-0300] {logging_mixin.py:190} INFO - [2024-11-05T00:51:03.508-0300] {dag.py:4180} INFO - Setting next_dagrun for dataset_consumes_1_never_scheduled to None, run_after=None
[2024-11-05T00:51:03.509-0300] {logging_mixin.py:190} INFO - [2024-11-05T00:51:03.509-0300] {dag.py:4180} INFO - Setting next_dagrun for dataset_consumes_unknown_never_scheduled to None, run_after=None
[2024-11-05T00:51:03.510-0300] {logging_mixin.py:190} INFO - [2024-11-05T00:51:03.510-0300] {dag.py:4180} INFO - Setting next_dagrun for dataset_produces_1 to 2024-11-04 00:00:00+00:00, run_after=2024-11-05 00:00:00+00:00
[2024-11-05T00:51:03.511-0300] {logging_mixin.py:190} INFO - [2024-11-05T00:51:03.510-0300] {dag.py:4180} INFO - Setting next_dagrun for dataset_produces_2 to None, run_after=None
[2024-11-05T00:51:03.533-0300] {processor.py:208} INFO - Processing /home/lucaires/anaconda3/envs/venv_airflow/lib/python3.12/site-packages/airflow/example_dags/example_datasets.py took 0.092 seconds
