[2024-11-05T00:50:04.013-0300] {processor.py:186} INFO - Started process (PID=6044) to work on /home/lucaires/anaconda3/envs/venv_airflow/lib/python3.12/site-packages/airflow/example_dags/example_display_name.py
[2024-11-05T00:50:04.013-0300] {processor.py:914} INFO - Processing file /home/lucaires/anaconda3/envs/venv_airflow/lib/python3.12/site-packages/airflow/example_dags/example_display_name.py for tasks to queue
[2024-11-05T00:50:04.015-0300] {logging_mixin.py:190} INFO - [2024-11-05T00:50:04.015-0300] {dagbag.py:588} INFO - Filling up the DagBag from /home/lucaires/anaconda3/envs/venv_airflow/lib/python3.12/site-packages/airflow/example_dags/example_display_name.py
[2024-11-05T00:50:04.021-0300] {processor.py:925} INFO - DAG(s) 'example_display_name' retrieved from /home/lucaires/anaconda3/envs/venv_airflow/lib/python3.12/site-packages/airflow/example_dags/example_display_name.py
[2024-11-05T00:50:04.094-0300] {logging_mixin.py:190} INFO - [2024-11-05T00:50:04.093-0300] {override.py:1900} INFO - Created Permission View: can edit on DAG:example_display_name
[2024-11-05T00:50:04.102-0300] {logging_mixin.py:190} INFO - [2024-11-05T00:50:04.102-0300] {override.py:1900} INFO - Created Permission View: can read on DAG:example_display_name
[2024-11-05T00:50:04.108-0300] {logging_mixin.py:190} INFO - [2024-11-05T00:50:04.107-0300] {override.py:1900} INFO - Created Permission View: can delete on DAG:example_display_name
[2024-11-05T00:50:04.118-0300] {logging_mixin.py:190} INFO - [2024-11-05T00:50:04.118-0300] {override.py:1900} INFO - Created Permission View: can create on DAG Run:example_display_name
[2024-11-05T00:50:04.124-0300] {logging_mixin.py:190} INFO - [2024-11-05T00:50:04.124-0300] {override.py:1900} INFO - Created Permission View: menu access on DAG Run:example_display_name
[2024-11-05T00:50:04.130-0300] {logging_mixin.py:190} INFO - [2024-11-05T00:50:04.130-0300] {override.py:1900} INFO - Created Permission View: can read on DAG Run:example_display_name
[2024-11-05T00:50:04.136-0300] {logging_mixin.py:190} INFO - [2024-11-05T00:50:04.136-0300] {override.py:1900} INFO - Created Permission View: can delete on DAG Run:example_display_name
[2024-11-05T00:50:04.136-0300] {logging_mixin.py:190} INFO - [2024-11-05T00:50:04.136-0300] {dag.py:3239} INFO - Sync 1 DAGs
[2024-11-05T00:50:04.144-0300] {logging_mixin.py:190} INFO - [2024-11-05T00:50:04.143-0300] {dag.py:3262} INFO - Creating ORM DAG for example_display_name
[2024-11-05T00:50:04.144-0300] {logging_mixin.py:190} INFO - [2024-11-05T00:50:04.144-0300] {dag.py:4180} INFO - Setting next_dagrun for example_display_name to None, run_after=None
[2024-11-05T00:50:04.157-0300] {processor.py:208} INFO - Processing /home/lucaires/anaconda3/envs/venv_airflow/lib/python3.12/site-packages/airflow/example_dags/example_display_name.py took 0.148 seconds
[2024-11-05T00:51:02.014-0300] {processor.py:186} INFO - Started process (PID=6756) to work on /home/lucaires/anaconda3/envs/venv_airflow/lib/python3.12/site-packages/airflow/example_dags/example_display_name.py
[2024-11-05T00:51:02.018-0300] {processor.py:914} INFO - Processing file /home/lucaires/anaconda3/envs/venv_airflow/lib/python3.12/site-packages/airflow/example_dags/example_display_name.py for tasks to queue
[2024-11-05T00:51:02.020-0300] {logging_mixin.py:190} INFO - [2024-11-05T00:51:02.020-0300] {dagbag.py:588} INFO - Filling up the DagBag from /home/lucaires/anaconda3/envs/venv_airflow/lib/python3.12/site-packages/airflow/example_dags/example_display_name.py
[2024-11-05T00:51:02.028-0300] {processor.py:925} INFO - DAG(s) 'example_display_name' retrieved from /home/lucaires/anaconda3/envs/venv_airflow/lib/python3.12/site-packages/airflow/example_dags/example_display_name.py
[2024-11-05T00:51:02.045-0300] {logging_mixin.py:190} INFO - [2024-11-05T00:51:02.044-0300] {dag.py:3239} INFO - Sync 1 DAGs
[2024-11-05T00:51:02.055-0300] {logging_mixin.py:190} INFO - [2024-11-05T00:51:02.055-0300] {dag.py:4180} INFO - Setting next_dagrun for example_display_name to None, run_after=None
[2024-11-05T00:51:02.075-0300] {processor.py:208} INFO - Processing /home/lucaires/anaconda3/envs/venv_airflow/lib/python3.12/site-packages/airflow/example_dags/example_display_name.py took 0.066 seconds
