[2024-11-05T00:50:00.019-0300] {processor.py:186} INFO - Started process (PID=5981) to work on /home/lucaires/anaconda3/envs/venv_airflow/lib/python3.12/site-packages/airflow/example_dags/example_dag_decorator.py
[2024-11-05T00:50:00.020-0300] {processor.py:914} INFO - Processing file /home/lucaires/anaconda3/envs/venv_airflow/lib/python3.12/site-packages/airflow/example_dags/example_dag_decorator.py for tasks to queue
[2024-11-05T00:50:00.023-0300] {logging_mixin.py:190} INFO - [2024-11-05T00:50:00.023-0300] {dagbag.py:588} INFO - Filling up the DagBag from /home/lucaires/anaconda3/envs/venv_airflow/lib/python3.12/site-packages/airflow/example_dags/example_dag_decorator.py
[2024-11-05T00:50:00.038-0300] {processor.py:925} INFO - DAG(s) 'example_dag_decorator' retrieved from /home/lucaires/anaconda3/envs/venv_airflow/lib/python3.12/site-packages/airflow/example_dags/example_dag_decorator.py
[2024-11-05T00:50:00.136-0300] {logging_mixin.py:190} INFO - [2024-11-05T00:50:00.136-0300] {override.py:1900} INFO - Created Permission View: can edit on DAG:example_dag_decorator
[2024-11-05T00:50:00.148-0300] {logging_mixin.py:190} INFO - [2024-11-05T00:50:00.147-0300] {override.py:1900} INFO - Created Permission View: can read on DAG:example_dag_decorator
[2024-11-05T00:50:00.159-0300] {logging_mixin.py:190} INFO - [2024-11-05T00:50:00.159-0300] {override.py:1900} INFO - Created Permission View: can delete on DAG:example_dag_decorator
[2024-11-05T00:50:00.174-0300] {logging_mixin.py:190} INFO - [2024-11-05T00:50:00.174-0300] {override.py:1900} INFO - Created Permission View: can create on DAG Run:example_dag_decorator
[2024-11-05T00:50:00.183-0300] {logging_mixin.py:190} INFO - [2024-11-05T00:50:00.183-0300] {override.py:1900} INFO - Created Permission View: menu access on DAG Run:example_dag_decorator
[2024-11-05T00:50:00.191-0300] {logging_mixin.py:190} INFO - [2024-11-05T00:50:00.191-0300] {override.py:1900} INFO - Created Permission View: can read on DAG Run:example_dag_decorator
[2024-11-05T00:50:00.199-0300] {logging_mixin.py:190} INFO - [2024-11-05T00:50:00.199-0300] {override.py:1900} INFO - Created Permission View: can delete on DAG Run:example_dag_decorator
[2024-11-05T00:50:00.200-0300] {logging_mixin.py:190} INFO - [2024-11-05T00:50:00.199-0300] {dag.py:3239} INFO - Sync 1 DAGs
[2024-11-05T00:50:00.210-0300] {logging_mixin.py:190} INFO - [2024-11-05T00:50:00.209-0300] {dag.py:3262} INFO - Creating ORM DAG for example_dag_decorator
[2024-11-05T00:50:00.210-0300] {logging_mixin.py:190} INFO - [2024-11-05T00:50:00.210-0300] {dag.py:4180} INFO - Setting next_dagrun for example_dag_decorator to None, run_after=None
[2024-11-05T00:50:00.228-0300] {processor.py:208} INFO - Processing /home/lucaires/anaconda3/envs/venv_airflow/lib/python3.12/site-packages/airflow/example_dags/example_dag_decorator.py took 0.214 seconds
[2024-11-05T00:50:57.935-0300] {processor.py:186} INFO - Started process (PID=6729) to work on /home/lucaires/anaconda3/envs/venv_airflow/lib/python3.12/site-packages/airflow/example_dags/example_dag_decorator.py
[2024-11-05T00:50:57.936-0300] {processor.py:914} INFO - Processing file /home/lucaires/anaconda3/envs/venv_airflow/lib/python3.12/site-packages/airflow/example_dags/example_dag_decorator.py for tasks to queue
[2024-11-05T00:50:57.937-0300] {logging_mixin.py:190} INFO - [2024-11-05T00:50:57.937-0300] {dagbag.py:588} INFO - Filling up the DagBag from /home/lucaires/anaconda3/envs/venv_airflow/lib/python3.12/site-packages/airflow/example_dags/example_dag_decorator.py
[2024-11-05T00:50:57.946-0300] {processor.py:925} INFO - DAG(s) 'example_dag_decorator' retrieved from /home/lucaires/anaconda3/envs/venv_airflow/lib/python3.12/site-packages/airflow/example_dags/example_dag_decorator.py
[2024-11-05T00:50:58.017-0300] {logging_mixin.py:190} INFO - [2024-11-05T00:50:58.016-0300] {dag.py:3239} INFO - Sync 1 DAGs
[2024-11-05T00:50:58.024-0300] {logging_mixin.py:190} INFO - [2024-11-05T00:50:58.024-0300] {dag.py:4180} INFO - Setting next_dagrun for example_dag_decorator to None, run_after=None
[2024-11-05T00:50:58.041-0300] {processor.py:208} INFO - Processing /home/lucaires/anaconda3/envs/venv_airflow/lib/python3.12/site-packages/airflow/example_dags/example_dag_decorator.py took 0.110 seconds
