[2024-11-05T00:49:41.983-0300] {processor.py:186} INFO - Started process (PID=5760) to work on /home/lucaires/anaconda3/envs/venv_airflow/lib/python3.12/site-packages/airflow/example_dags/example_python_operator.py
[2024-11-05T00:49:41.984-0300] {processor.py:914} INFO - Processing file /home/lucaires/anaconda3/envs/venv_airflow/lib/python3.12/site-packages/airflow/example_dags/example_python_operator.py for tasks to queue
[2024-11-05T00:49:41.986-0300] {logging_mixin.py:190} INFO - [2024-11-05T00:49:41.986-0300] {dagbag.py:588} INFO - Filling up the DagBag from /home/lucaires/anaconda3/envs/venv_airflow/lib/python3.12/site-packages/airflow/example_dags/example_python_operator.py
[2024-11-05T00:49:41.993-0300] {logging_mixin.py:190} INFO - [2024-11-05T00:49:41.992-0300] {example_python_operator.py:93} WARNING - The virtalenv_python example task requires virtualenv, please install it.
[2024-11-05T00:49:41.995-0300] {processor.py:925} INFO - DAG(s) 'example_python_operator' retrieved from /home/lucaires/anaconda3/envs/venv_airflow/lib/python3.12/site-packages/airflow/example_dags/example_python_operator.py
[2024-11-05T00:49:42.078-0300] {logging_mixin.py:190} INFO - [2024-11-05T00:49:42.078-0300] {override.py:1900} INFO - Created Permission View: can edit on DAG:example_python_operator
[2024-11-05T00:49:42.087-0300] {logging_mixin.py:190} INFO - [2024-11-05T00:49:42.087-0300] {override.py:1900} INFO - Created Permission View: can read on DAG:example_python_operator
[2024-11-05T00:49:42.094-0300] {logging_mixin.py:190} INFO - [2024-11-05T00:49:42.093-0300] {override.py:1900} INFO - Created Permission View: can delete on DAG:example_python_operator
[2024-11-05T00:49:42.103-0300] {logging_mixin.py:190} INFO - [2024-11-05T00:49:42.103-0300] {override.py:1900} INFO - Created Permission View: can create on DAG Run:example_python_operator
[2024-11-05T00:49:42.110-0300] {logging_mixin.py:190} INFO - [2024-11-05T00:49:42.110-0300] {override.py:1900} INFO - Created Permission View: menu access on DAG Run:example_python_operator
[2024-11-05T00:49:42.116-0300] {logging_mixin.py:190} INFO - [2024-11-05T00:49:42.116-0300] {override.py:1900} INFO - Created Permission View: can read on DAG Run:example_python_operator
[2024-11-05T00:49:42.123-0300] {logging_mixin.py:190} INFO - [2024-11-05T00:49:42.123-0300] {override.py:1900} INFO - Created Permission View: can delete on DAG Run:example_python_operator
[2024-11-05T00:49:42.123-0300] {logging_mixin.py:190} INFO - [2024-11-05T00:49:42.123-0300] {dag.py:3239} INFO - Sync 1 DAGs
[2024-11-05T00:49:42.131-0300] {logging_mixin.py:190} INFO - [2024-11-05T00:49:42.131-0300] {dag.py:3262} INFO - Creating ORM DAG for example_python_operator
[2024-11-05T00:49:42.131-0300] {logging_mixin.py:190} INFO - [2024-11-05T00:49:42.131-0300] {dag.py:4180} INFO - Setting next_dagrun for example_python_operator to None, run_after=None
[2024-11-05T00:49:42.146-0300] {processor.py:208} INFO - Processing /home/lucaires/anaconda3/envs/venv_airflow/lib/python3.12/site-packages/airflow/example_dags/example_python_operator.py took 0.167 seconds
[2024-11-05T00:50:40.417-0300] {processor.py:186} INFO - Started process (PID=6584) to work on /home/lucaires/anaconda3/envs/venv_airflow/lib/python3.12/site-packages/airflow/example_dags/example_python_operator.py
[2024-11-05T00:50:40.420-0300] {processor.py:914} INFO - Processing file /home/lucaires/anaconda3/envs/venv_airflow/lib/python3.12/site-packages/airflow/example_dags/example_python_operator.py for tasks to queue
[2024-11-05T00:50:40.422-0300] {logging_mixin.py:190} INFO - [2024-11-05T00:50:40.422-0300] {dagbag.py:588} INFO - Filling up the DagBag from /home/lucaires/anaconda3/envs/venv_airflow/lib/python3.12/site-packages/airflow/example_dags/example_python_operator.py
[2024-11-05T00:50:40.427-0300] {logging_mixin.py:190} INFO - [2024-11-05T00:50:40.427-0300] {example_python_operator.py:93} WARNING - The virtalenv_python example task requires virtualenv, please install it.
[2024-11-05T00:50:40.429-0300] {processor.py:925} INFO - DAG(s) 'example_python_operator' retrieved from /home/lucaires/anaconda3/envs/venv_airflow/lib/python3.12/site-packages/airflow/example_dags/example_python_operator.py
[2024-11-05T00:50:40.441-0300] {logging_mixin.py:190} INFO - [2024-11-05T00:50:40.441-0300] {dag.py:3239} INFO - Sync 1 DAGs
[2024-11-05T00:50:40.450-0300] {logging_mixin.py:190} INFO - [2024-11-05T00:50:40.450-0300] {dag.py:4180} INFO - Setting next_dagrun for example_python_operator to None, run_after=None
[2024-11-05T00:50:40.466-0300] {processor.py:208} INFO - Processing /home/lucaires/anaconda3/envs/venv_airflow/lib/python3.12/site-packages/airflow/example_dags/example_python_operator.py took 0.053 seconds
