[2024-11-05T00:50:02.500-0300] {processor.py:186} INFO - Started process (PID=6039) to work on /home/lucaires/anaconda3/envs/venv_airflow/lib/python3.12/site-packages/airflow/example_dags/example_branch_python_dop_operator_3.py
[2024-11-05T00:50:02.501-0300] {processor.py:914} INFO - Processing file /home/lucaires/anaconda3/envs/venv_airflow/lib/python3.12/site-packages/airflow/example_dags/example_branch_python_dop_operator_3.py for tasks to queue
[2024-11-05T00:50:02.503-0300] {logging_mixin.py:190} INFO - [2024-11-05T00:50:02.502-0300] {dagbag.py:588} INFO - Filling up the DagBag from /home/lucaires/anaconda3/envs/venv_airflow/lib/python3.12/site-packages/airflow/example_dags/example_branch_python_dop_operator_3.py
[2024-11-05T00:50:02.515-0300] {processor.py:925} INFO - DAG(s) 'example_branch_dop_operator_v3' retrieved from /home/lucaires/anaconda3/envs/venv_airflow/lib/python3.12/site-packages/airflow/example_dags/example_branch_python_dop_operator_3.py
[2024-11-05T00:50:02.597-0300] {logging_mixin.py:190} INFO - [2024-11-05T00:50:02.596-0300] {override.py:1900} INFO - Created Permission View: can edit on DAG:example_branch_dop_operator_v3
[2024-11-05T00:50:02.607-0300] {logging_mixin.py:190} INFO - [2024-11-05T00:50:02.606-0300] {override.py:1900} INFO - Created Permission View: can read on DAG:example_branch_dop_operator_v3
[2024-11-05T00:50:02.614-0300] {logging_mixin.py:190} INFO - [2024-11-05T00:50:02.613-0300] {override.py:1900} INFO - Created Permission View: can delete on DAG:example_branch_dop_operator_v3
[2024-11-05T00:50:02.626-0300] {logging_mixin.py:190} INFO - [2024-11-05T00:50:02.625-0300] {override.py:1900} INFO - Created Permission View: can create on DAG Run:example_branch_dop_operator_v3
[2024-11-05T00:50:02.633-0300] {logging_mixin.py:190} INFO - [2024-11-05T00:50:02.633-0300] {override.py:1900} INFO - Created Permission View: menu access on DAG Run:example_branch_dop_operator_v3
[2024-11-05T00:50:02.640-0300] {logging_mixin.py:190} INFO - [2024-11-05T00:50:02.640-0300] {override.py:1900} INFO - Created Permission View: can read on DAG Run:example_branch_dop_operator_v3
[2024-11-05T00:50:02.647-0300] {logging_mixin.py:190} INFO - [2024-11-05T00:50:02.647-0300] {override.py:1900} INFO - Created Permission View: can delete on DAG Run:example_branch_dop_operator_v3
[2024-11-05T00:50:02.648-0300] {logging_mixin.py:190} INFO - [2024-11-05T00:50:02.648-0300] {dag.py:3239} INFO - Sync 1 DAGs
[2024-11-05T00:50:02.656-0300] {logging_mixin.py:190} INFO - [2024-11-05T00:50:02.656-0300] {dag.py:3262} INFO - Creating ORM DAG for example_branch_dop_operator_v3
[2024-11-05T00:50:02.665-0300] {logging_mixin.py:190} INFO - [2024-11-05T00:50:02.665-0300] {dag.py:4180} INFO - Setting next_dagrun for example_branch_dop_operator_v3 to 2024-11-05 03:49:00+00:00, run_after=2024-11-05 03:50:00+00:00
[2024-11-05T00:50:02.682-0300] {processor.py:208} INFO - Processing /home/lucaires/anaconda3/envs/venv_airflow/lib/python3.12/site-packages/airflow/example_dags/example_branch_python_dop_operator_3.py took 0.187 seconds
[2024-11-05T00:51:00.306-0300] {processor.py:186} INFO - Started process (PID=6742) to work on /home/lucaires/anaconda3/envs/venv_airflow/lib/python3.12/site-packages/airflow/example_dags/example_branch_python_dop_operator_3.py
[2024-11-05T00:51:00.309-0300] {processor.py:914} INFO - Processing file /home/lucaires/anaconda3/envs/venv_airflow/lib/python3.12/site-packages/airflow/example_dags/example_branch_python_dop_operator_3.py for tasks to queue
[2024-11-05T00:51:00.311-0300] {logging_mixin.py:190} INFO - [2024-11-05T00:51:00.311-0300] {dagbag.py:588} INFO - Filling up the DagBag from /home/lucaires/anaconda3/envs/venv_airflow/lib/python3.12/site-packages/airflow/example_dags/example_branch_python_dop_operator_3.py
[2024-11-05T00:51:00.320-0300] {processor.py:925} INFO - DAG(s) 'example_branch_dop_operator_v3' retrieved from /home/lucaires/anaconda3/envs/venv_airflow/lib/python3.12/site-packages/airflow/example_dags/example_branch_python_dop_operator_3.py
[2024-11-05T00:51:00.333-0300] {logging_mixin.py:190} INFO - [2024-11-05T00:51:00.333-0300] {dag.py:3239} INFO - Sync 1 DAGs
[2024-11-05T00:51:00.350-0300] {logging_mixin.py:190} INFO - [2024-11-05T00:51:00.350-0300] {dag.py:4180} INFO - Setting next_dagrun for example_branch_dop_operator_v3 to 2024-11-05 03:50:00+00:00, run_after=2024-11-05 03:51:00+00:00
[2024-11-05T00:51:00.368-0300] {processor.py:208} INFO - Processing /home/lucaires/anaconda3/envs/venv_airflow/lib/python3.12/site-packages/airflow/example_dags/example_branch_python_dop_operator_3.py took 0.066 seconds
