[2024-11-05T00:49:42.824-0300] {processor.py:186} INFO - Started process (PID=5762) to work on /home/lucaires/anaconda3/envs/venv_airflow/lib/python3.12/site-packages/airflow/example_dags/example_setup_teardown_taskflow.py
[2024-11-05T00:49:42.825-0300] {processor.py:914} INFO - Processing file /home/lucaires/anaconda3/envs/venv_airflow/lib/python3.12/site-packages/airflow/example_dags/example_setup_teardown_taskflow.py for tasks to queue
[2024-11-05T00:49:42.828-0300] {logging_mixin.py:190} INFO - [2024-11-05T00:49:42.827-0300] {dagbag.py:588} INFO - Filling up the DagBag from /home/lucaires/anaconda3/envs/venv_airflow/lib/python3.12/site-packages/airflow/example_dags/example_setup_teardown_taskflow.py
[2024-11-05T00:49:42.837-0300] {processor.py:925} INFO - DAG(s) 'example_setup_teardown_taskflow' retrieved from /home/lucaires/anaconda3/envs/venv_airflow/lib/python3.12/site-packages/airflow/example_dags/example_setup_teardown_taskflow.py
[2024-11-05T00:49:42.925-0300] {logging_mixin.py:190} INFO - [2024-11-05T00:49:42.924-0300] {override.py:1900} INFO - Created Permission View: can edit on DAG:example_setup_teardown_taskflow
[2024-11-05T00:49:42.935-0300] {logging_mixin.py:190} INFO - [2024-11-05T00:49:42.934-0300] {override.py:1900} INFO - Created Permission View: can read on DAG:example_setup_teardown_taskflow
[2024-11-05T00:49:42.941-0300] {logging_mixin.py:190} INFO - [2024-11-05T00:49:42.941-0300] {override.py:1900} INFO - Created Permission View: can delete on DAG:example_setup_teardown_taskflow
[2024-11-05T00:49:42.952-0300] {logging_mixin.py:190} INFO - [2024-11-05T00:49:42.952-0300] {override.py:1900} INFO - Created Permission View: can create on DAG Run:example_setup_teardown_taskflow
[2024-11-05T00:49:42.959-0300] {logging_mixin.py:190} INFO - [2024-11-05T00:49:42.958-0300] {override.py:1900} INFO - Created Permission View: menu access on DAG Run:example_setup_teardown_taskflow
[2024-11-05T00:49:42.966-0300] {logging_mixin.py:190} INFO - [2024-11-05T00:49:42.965-0300] {override.py:1900} INFO - Created Permission View: can read on DAG Run:example_setup_teardown_taskflow
[2024-11-05T00:49:42.973-0300] {logging_mixin.py:190} INFO - [2024-11-05T00:49:42.973-0300] {override.py:1900} INFO - Created Permission View: can delete on DAG Run:example_setup_teardown_taskflow
[2024-11-05T00:49:42.973-0300] {logging_mixin.py:190} INFO - [2024-11-05T00:49:42.973-0300] {dag.py:3239} INFO - Sync 1 DAGs
[2024-11-05T00:49:42.982-0300] {logging_mixin.py:190} INFO - [2024-11-05T00:49:42.981-0300] {dag.py:3262} INFO - Creating ORM DAG for example_setup_teardown_taskflow
[2024-11-05T00:49:42.982-0300] {logging_mixin.py:190} INFO - [2024-11-05T00:49:42.982-0300] {dag.py:4180} INFO - Setting next_dagrun for example_setup_teardown_taskflow to None, run_after=None
[2024-11-05T00:49:42.999-0300] {processor.py:208} INFO - Processing /home/lucaires/anaconda3/envs/venv_airflow/lib/python3.12/site-packages/airflow/example_dags/example_setup_teardown_taskflow.py took 0.180 seconds
[2024-11-05T00:50:43.171-0300] {processor.py:186} INFO - Started process (PID=6609) to work on /home/lucaires/anaconda3/envs/venv_airflow/lib/python3.12/site-packages/airflow/example_dags/example_setup_teardown_taskflow.py
[2024-11-05T00:50:43.174-0300] {processor.py:914} INFO - Processing file /home/lucaires/anaconda3/envs/venv_airflow/lib/python3.12/site-packages/airflow/example_dags/example_setup_teardown_taskflow.py for tasks to queue
[2024-11-05T00:50:43.176-0300] {logging_mixin.py:190} INFO - [2024-11-05T00:50:43.176-0300] {dagbag.py:588} INFO - Filling up the DagBag from /home/lucaires/anaconda3/envs/venv_airflow/lib/python3.12/site-packages/airflow/example_dags/example_setup_teardown_taskflow.py
[2024-11-05T00:50:43.184-0300] {processor.py:925} INFO - DAG(s) 'example_setup_teardown_taskflow' retrieved from /home/lucaires/anaconda3/envs/venv_airflow/lib/python3.12/site-packages/airflow/example_dags/example_setup_teardown_taskflow.py
[2024-11-05T00:50:43.197-0300] {logging_mixin.py:190} INFO - [2024-11-05T00:50:43.197-0300] {dag.py:3239} INFO - Sync 1 DAGs
[2024-11-05T00:50:43.206-0300] {logging_mixin.py:190} INFO - [2024-11-05T00:50:43.206-0300] {dag.py:4180} INFO - Setting next_dagrun for example_setup_teardown_taskflow to None, run_after=None
[2024-11-05T00:50:43.223-0300] {processor.py:208} INFO - Processing /home/lucaires/anaconda3/envs/venv_airflow/lib/python3.12/site-packages/airflow/example_dags/example_setup_teardown_taskflow.py took 0.057 seconds
