[2024-11-05T00:49:37.290-0300] {processor.py:186} INFO - Started process (PID=5594) to work on /home/lucaires/anaconda3/envs/venv_airflow/lib/python3.12/site-packages/airflow/example_dags/example_short_circuit_decorator.py
[2024-11-05T00:49:37.291-0300] {processor.py:914} INFO - Processing file /home/lucaires/anaconda3/envs/venv_airflow/lib/python3.12/site-packages/airflow/example_dags/example_short_circuit_decorator.py for tasks to queue
[2024-11-05T00:49:37.292-0300] {logging_mixin.py:190} INFO - [2024-11-05T00:49:37.292-0300] {dagbag.py:588} INFO - Filling up the DagBag from /home/lucaires/anaconda3/envs/venv_airflow/lib/python3.12/site-packages/airflow/example_dags/example_short_circuit_decorator.py
[2024-11-05T00:49:37.301-0300] {processor.py:925} INFO - DAG(s) 'example_short_circuit_decorator' retrieved from /home/lucaires/anaconda3/envs/venv_airflow/lib/python3.12/site-packages/airflow/example_dags/example_short_circuit_decorator.py
[2024-11-05T00:49:37.386-0300] {logging_mixin.py:190} INFO - [2024-11-05T00:49:37.385-0300] {override.py:1900} INFO - Created Permission View: can edit on DAG:example_short_circuit_decorator
[2024-11-05T00:49:37.396-0300] {logging_mixin.py:190} INFO - [2024-11-05T00:49:37.395-0300] {override.py:1900} INFO - Created Permission View: can read on DAG:example_short_circuit_decorator
[2024-11-05T00:49:37.403-0300] {logging_mixin.py:190} INFO - [2024-11-05T00:49:37.403-0300] {override.py:1900} INFO - Created Permission View: can delete on DAG:example_short_circuit_decorator
[2024-11-05T00:49:37.414-0300] {logging_mixin.py:190} INFO - [2024-11-05T00:49:37.414-0300] {override.py:1900} INFO - Created Permission View: can create on DAG Run:example_short_circuit_decorator
[2024-11-05T00:49:37.420-0300] {logging_mixin.py:190} INFO - [2024-11-05T00:49:37.420-0300] {override.py:1900} INFO - Created Permission View: menu access on DAG Run:example_short_circuit_decorator
[2024-11-05T00:49:37.427-0300] {logging_mixin.py:190} INFO - [2024-11-05T00:49:37.427-0300] {override.py:1900} INFO - Created Permission View: can read on DAG Run:example_short_circuit_decorator
[2024-11-05T00:49:37.433-0300] {logging_mixin.py:190} INFO - [2024-11-05T00:49:37.433-0300] {override.py:1900} INFO - Created Permission View: can delete on DAG Run:example_short_circuit_decorator
[2024-11-05T00:49:37.434-0300] {logging_mixin.py:190} INFO - [2024-11-05T00:49:37.433-0300] {dag.py:3239} INFO - Sync 1 DAGs
[2024-11-05T00:49:37.443-0300] {logging_mixin.py:190} INFO - [2024-11-05T00:49:37.443-0300] {dag.py:3262} INFO - Creating ORM DAG for example_short_circuit_decorator
[2024-11-05T00:49:37.443-0300] {logging_mixin.py:190} INFO - [2024-11-05T00:49:37.443-0300] {dag.py:4180} INFO - Setting next_dagrun for example_short_circuit_decorator to None, run_after=None
[2024-11-05T00:49:37.459-0300] {processor.py:208} INFO - Processing /home/lucaires/anaconda3/envs/venv_airflow/lib/python3.12/site-packages/airflow/example_dags/example_short_circuit_decorator.py took 0.174 seconds
[2024-11-05T00:50:35.275-0300] {processor.py:186} INFO - Started process (PID=6490) to work on /home/lucaires/anaconda3/envs/venv_airflow/lib/python3.12/site-packages/airflow/example_dags/example_short_circuit_decorator.py
[2024-11-05T00:50:35.279-0300] {processor.py:914} INFO - Processing file /home/lucaires/anaconda3/envs/venv_airflow/lib/python3.12/site-packages/airflow/example_dags/example_short_circuit_decorator.py for tasks to queue
[2024-11-05T00:50:35.281-0300] {logging_mixin.py:190} INFO - [2024-11-05T00:50:35.281-0300] {dagbag.py:588} INFO - Filling up the DagBag from /home/lucaires/anaconda3/envs/venv_airflow/lib/python3.12/site-packages/airflow/example_dags/example_short_circuit_decorator.py
[2024-11-05T00:50:35.289-0300] {processor.py:925} INFO - DAG(s) 'example_short_circuit_decorator' retrieved from /home/lucaires/anaconda3/envs/venv_airflow/lib/python3.12/site-packages/airflow/example_dags/example_short_circuit_decorator.py
[2024-11-05T00:50:35.305-0300] {logging_mixin.py:190} INFO - [2024-11-05T00:50:35.304-0300] {dag.py:3239} INFO - Sync 1 DAGs
[2024-11-05T00:50:35.314-0300] {logging_mixin.py:190} INFO - [2024-11-05T00:50:35.314-0300] {dag.py:4180} INFO - Setting next_dagrun for example_short_circuit_decorator to None, run_after=None
[2024-11-05T00:50:35.331-0300] {processor.py:208} INFO - Processing /home/lucaires/anaconda3/envs/venv_airflow/lib/python3.12/site-packages/airflow/example_dags/example_short_circuit_decorator.py took 0.060 seconds
