[2024-11-05T00:49:44.070-0300] {processor.py:186} INFO - Started process (PID=5774) to work on /home/lucaires/anaconda3/envs/venv_airflow/lib/python3.12/site-packages/airflow/example_dags/example_external_task_marker_dag.py
[2024-11-05T00:49:44.071-0300] {processor.py:914} INFO - Processing file /home/lucaires/anaconda3/envs/venv_airflow/lib/python3.12/site-packages/airflow/example_dags/example_external_task_marker_dag.py for tasks to queue
[2024-11-05T00:49:44.073-0300] {logging_mixin.py:190} INFO - [2024-11-05T00:49:44.073-0300] {dagbag.py:588} INFO - Filling up the DagBag from /home/lucaires/anaconda3/envs/venv_airflow/lib/python3.12/site-packages/airflow/example_dags/example_external_task_marker_dag.py
[2024-11-05T00:49:44.081-0300] {processor.py:925} INFO - DAG(s) 'example_external_task_marker_parent', 'example_external_task_marker_child' retrieved from /home/lucaires/anaconda3/envs/venv_airflow/lib/python3.12/site-packages/airflow/example_dags/example_external_task_marker_dag.py
[2024-11-05T00:49:44.171-0300] {logging_mixin.py:190} INFO - [2024-11-05T00:49:44.171-0300] {override.py:1900} INFO - Created Permission View: can edit on DAG:example_external_task_marker_parent
[2024-11-05T00:49:44.181-0300] {logging_mixin.py:190} INFO - [2024-11-05T00:49:44.181-0300] {override.py:1900} INFO - Created Permission View: can read on DAG:example_external_task_marker_parent
[2024-11-05T00:49:44.188-0300] {logging_mixin.py:190} INFO - [2024-11-05T00:49:44.188-0300] {override.py:1900} INFO - Created Permission View: can delete on DAG:example_external_task_marker_parent
[2024-11-05T00:49:44.200-0300] {logging_mixin.py:190} INFO - [2024-11-05T00:49:44.199-0300] {override.py:1900} INFO - Created Permission View: can create on DAG Run:example_external_task_marker_parent
[2024-11-05T00:49:44.208-0300] {logging_mixin.py:190} INFO - [2024-11-05T00:49:44.208-0300] {override.py:1900} INFO - Created Permission View: menu access on DAG Run:example_external_task_marker_parent
[2024-11-05T00:49:44.219-0300] {logging_mixin.py:190} INFO - [2024-11-05T00:49:44.219-0300] {override.py:1900} INFO - Created Permission View: can read on DAG Run:example_external_task_marker_parent
[2024-11-05T00:49:44.229-0300] {logging_mixin.py:190} INFO - [2024-11-05T00:49:44.228-0300] {override.py:1900} INFO - Created Permission View: can delete on DAG Run:example_external_task_marker_parent
[2024-11-05T00:49:44.245-0300] {logging_mixin.py:190} INFO - [2024-11-05T00:49:44.244-0300] {override.py:1900} INFO - Created Permission View: can edit on DAG:example_external_task_marker_child
[2024-11-05T00:49:44.251-0300] {logging_mixin.py:190} INFO - [2024-11-05T00:49:44.251-0300] {override.py:1900} INFO - Created Permission View: can read on DAG:example_external_task_marker_child
[2024-11-05T00:49:44.258-0300] {logging_mixin.py:190} INFO - [2024-11-05T00:49:44.258-0300] {override.py:1900} INFO - Created Permission View: can delete on DAG:example_external_task_marker_child
[2024-11-05T00:49:44.269-0300] {logging_mixin.py:190} INFO - [2024-11-05T00:49:44.268-0300] {override.py:1900} INFO - Created Permission View: can create on DAG Run:example_external_task_marker_child
[2024-11-05T00:49:44.275-0300] {logging_mixin.py:190} INFO - [2024-11-05T00:49:44.275-0300] {override.py:1900} INFO - Created Permission View: menu access on DAG Run:example_external_task_marker_child
[2024-11-05T00:49:44.284-0300] {logging_mixin.py:190} INFO - [2024-11-05T00:49:44.283-0300] {override.py:1900} INFO - Created Permission View: can read on DAG Run:example_external_task_marker_child
[2024-11-05T00:49:44.291-0300] {logging_mixin.py:190} INFO - [2024-11-05T00:49:44.291-0300] {override.py:1900} INFO - Created Permission View: can delete on DAG Run:example_external_task_marker_child
[2024-11-05T00:49:44.291-0300] {logging_mixin.py:190} INFO - [2024-11-05T00:49:44.291-0300] {dag.py:3239} INFO - Sync 2 DAGs
[2024-11-05T00:49:44.301-0300] {logging_mixin.py:190} INFO - [2024-11-05T00:49:44.301-0300] {dag.py:3262} INFO - Creating ORM DAG for example_external_task_marker_parent
[2024-11-05T00:49:44.302-0300] {logging_mixin.py:190} INFO - [2024-11-05T00:49:44.302-0300] {dag.py:3262} INFO - Creating ORM DAG for example_external_task_marker_child
[2024-11-05T00:49:44.302-0300] {logging_mixin.py:190} INFO - [2024-11-05T00:49:44.302-0300] {dag.py:4180} INFO - Setting next_dagrun for example_external_task_marker_child to None, run_after=None
[2024-11-05T00:49:44.303-0300] {logging_mixin.py:190} INFO - [2024-11-05T00:49:44.303-0300] {dag.py:4180} INFO - Setting next_dagrun for example_external_task_marker_parent to None, run_after=None
[2024-11-05T00:49:44.319-0300] {processor.py:208} INFO - Processing /home/lucaires/anaconda3/envs/venv_airflow/lib/python3.12/site-packages/airflow/example_dags/example_external_task_marker_dag.py took 0.253 seconds
[2024-11-05T00:50:44.310-0300] {processor.py:186} INFO - Started process (PID=6610) to work on /home/lucaires/anaconda3/envs/venv_airflow/lib/python3.12/site-packages/airflow/example_dags/example_external_task_marker_dag.py
[2024-11-05T00:50:44.311-0300] {processor.py:914} INFO - Processing file /home/lucaires/anaconda3/envs/venv_airflow/lib/python3.12/site-packages/airflow/example_dags/example_external_task_marker_dag.py for tasks to queue
[2024-11-05T00:50:44.313-0300] {logging_mixin.py:190} INFO - [2024-11-05T00:50:44.312-0300] {dagbag.py:588} INFO - Filling up the DagBag from /home/lucaires/anaconda3/envs/venv_airflow/lib/python3.12/site-packages/airflow/example_dags/example_external_task_marker_dag.py
[2024-11-05T00:50:44.320-0300] {processor.py:925} INFO - DAG(s) 'example_external_task_marker_child', 'example_external_task_marker_parent' retrieved from /home/lucaires/anaconda3/envs/venv_airflow/lib/python3.12/site-packages/airflow/example_dags/example_external_task_marker_dag.py
[2024-11-05T00:50:44.336-0300] {logging_mixin.py:190} INFO - [2024-11-05T00:50:44.336-0300] {dag.py:3239} INFO - Sync 2 DAGs
[2024-11-05T00:50:44.346-0300] {logging_mixin.py:190} INFO - [2024-11-05T00:50:44.346-0300] {dag.py:4180} INFO - Setting next_dagrun for example_external_task_marker_child to None, run_after=None
[2024-11-05T00:50:44.349-0300] {logging_mixin.py:190} INFO - [2024-11-05T00:50:44.349-0300] {dag.py:4180} INFO - Setting next_dagrun for example_external_task_marker_parent to None, run_after=None
[2024-11-05T00:50:44.366-0300] {processor.py:208} INFO - Processing /home/lucaires/anaconda3/envs/venv_airflow/lib/python3.12/site-packages/airflow/example_dags/example_external_task_marker_dag.py took 0.060 seconds
