[2024-11-05T00:49:31.988-0300] {processor.py:186} INFO - Started process (PID=5551) to work on /home/lucaires/anaconda3/envs/venv_airflow/lib/python3.12/site-packages/airflow/example_dags/example_xcom.py
[2024-11-05T00:49:31.989-0300] {processor.py:914} INFO - Processing file /home/lucaires/anaconda3/envs/venv_airflow/lib/python3.12/site-packages/airflow/example_dags/example_xcom.py for tasks to queue
[2024-11-05T00:49:31.991-0300] {logging_mixin.py:190} INFO - [2024-11-05T00:49:31.991-0300] {dagbag.py:588} INFO - Filling up the DagBag from /home/lucaires/anaconda3/envs/venv_airflow/lib/python3.12/site-packages/airflow/example_dags/example_xcom.py
[2024-11-05T00:49:31.998-0300] {processor.py:925} INFO - DAG(s) 'example_xcom' retrieved from /home/lucaires/anaconda3/envs/venv_airflow/lib/python3.12/site-packages/airflow/example_dags/example_xcom.py
[2024-11-05T00:49:32.077-0300] {logging_mixin.py:190} INFO - [2024-11-05T00:49:32.076-0300] {override.py:1900} INFO - Created Permission View: can edit on DAG:example_xcom
[2024-11-05T00:49:32.088-0300] {logging_mixin.py:190} INFO - [2024-11-05T00:49:32.087-0300] {override.py:1900} INFO - Created Permission View: can read on DAG:example_xcom
[2024-11-05T00:49:32.095-0300] {logging_mixin.py:190} INFO - [2024-11-05T00:49:32.094-0300] {override.py:1900} INFO - Created Permission View: can delete on DAG:example_xcom
[2024-11-05T00:49:32.105-0300] {logging_mixin.py:190} INFO - [2024-11-05T00:49:32.105-0300] {override.py:1900} INFO - Created Permission View: can create on DAG Run:example_xcom
[2024-11-05T00:49:32.111-0300] {logging_mixin.py:190} INFO - [2024-11-05T00:49:32.111-0300] {override.py:1900} INFO - Created Permission View: menu access on DAG Run:example_xcom
[2024-11-05T00:49:32.118-0300] {logging_mixin.py:190} INFO - [2024-11-05T00:49:32.117-0300] {override.py:1900} INFO - Created Permission View: can read on DAG Run:example_xcom
[2024-11-05T00:49:32.124-0300] {logging_mixin.py:190} INFO - [2024-11-05T00:49:32.123-0300] {override.py:1900} INFO - Created Permission View: can delete on DAG Run:example_xcom
[2024-11-05T00:49:32.124-0300] {logging_mixin.py:190} INFO - [2024-11-05T00:49:32.124-0300] {dag.py:3239} INFO - Sync 1 DAGs
[2024-11-05T00:49:32.133-0300] {logging_mixin.py:190} INFO - [2024-11-05T00:49:32.133-0300] {dag.py:3262} INFO - Creating ORM DAG for example_xcom
[2024-11-05T00:49:32.139-0300] {logging_mixin.py:190} INFO - [2024-11-05T00:49:32.139-0300] {dag.py:4180} INFO - Setting next_dagrun for example_xcom to 2021-01-01 00:00:00+00:00, run_after=2021-01-01 00:00:00+00:00
[2024-11-05T00:49:32.155-0300] {processor.py:208} INFO - Processing /home/lucaires/anaconda3/envs/venv_airflow/lib/python3.12/site-packages/airflow/example_dags/example_xcom.py took 0.171 seconds
[2024-11-05T00:50:30.134-0300] {processor.py:186} INFO - Started process (PID=6397) to work on /home/lucaires/anaconda3/envs/venv_airflow/lib/python3.12/site-packages/airflow/example_dags/example_xcom.py
[2024-11-05T00:50:30.137-0300] {processor.py:914} INFO - Processing file /home/lucaires/anaconda3/envs/venv_airflow/lib/python3.12/site-packages/airflow/example_dags/example_xcom.py for tasks to queue
[2024-11-05T00:50:30.139-0300] {logging_mixin.py:190} INFO - [2024-11-05T00:50:30.138-0300] {dagbag.py:588} INFO - Filling up the DagBag from /home/lucaires/anaconda3/envs/venv_airflow/lib/python3.12/site-packages/airflow/example_dags/example_xcom.py
[2024-11-05T00:50:30.146-0300] {processor.py:925} INFO - DAG(s) 'example_xcom' retrieved from /home/lucaires/anaconda3/envs/venv_airflow/lib/python3.12/site-packages/airflow/example_dags/example_xcom.py
[2024-11-05T00:50:30.160-0300] {logging_mixin.py:190} INFO - [2024-11-05T00:50:30.159-0300] {dag.py:3239} INFO - Sync 1 DAGs
[2024-11-05T00:50:30.176-0300] {logging_mixin.py:190} INFO - [2024-11-05T00:50:30.176-0300] {dag.py:4180} INFO - Setting next_dagrun for example_xcom to 2021-01-01 00:00:00+00:00, run_after=2021-01-01 00:00:00+00:00
[2024-11-05T00:50:30.194-0300] {processor.py:208} INFO - Processing /home/lucaires/anaconda3/envs/venv_airflow/lib/python3.12/site-packages/airflow/example_dags/example_xcom.py took 0.065 seconds
