[2024-11-05T00:49:58.464-0300] {processor.py:186} INFO - Started process (PID=5949) to work on /home/lucaires/anaconda3/envs/venv_airflow/lib/python3.12/site-packages/airflow/example_dags/example_dataset_alias.py
[2024-11-05T00:49:58.465-0300] {processor.py:914} INFO - Processing file /home/lucaires/anaconda3/envs/venv_airflow/lib/python3.12/site-packages/airflow/example_dags/example_dataset_alias.py for tasks to queue
[2024-11-05T00:49:58.466-0300] {logging_mixin.py:190} INFO - [2024-11-05T00:49:58.466-0300] {dagbag.py:588} INFO - Filling up the DagBag from /home/lucaires/anaconda3/envs/venv_airflow/lib/python3.12/site-packages/airflow/example_dags/example_dataset_alias.py
[2024-11-05T00:49:58.485-0300] {processor.py:925} INFO - DAG(s) 'dataset_s3_bucket_producer', 'dataset_alias_example_alias_consumer', 'dataset_alias_example_alias_producer', 'dataset_s3_bucket_consumer' retrieved from /home/lucaires/anaconda3/envs/venv_airflow/lib/python3.12/site-packages/airflow/example_dags/example_dataset_alias.py
[2024-11-05T00:49:58.564-0300] {logging_mixin.py:190} INFO - [2024-11-05T00:49:58.564-0300] {override.py:1900} INFO - Created Permission View: can edit on DAG:dataset_s3_bucket_producer
[2024-11-05T00:49:58.573-0300] {logging_mixin.py:190} INFO - [2024-11-05T00:49:58.573-0300] {override.py:1900} INFO - Created Permission View: can read on DAG:dataset_s3_bucket_producer
[2024-11-05T00:49:58.580-0300] {logging_mixin.py:190} INFO - [2024-11-05T00:49:58.580-0300] {override.py:1900} INFO - Created Permission View: can delete on DAG:dataset_s3_bucket_producer
[2024-11-05T00:49:58.592-0300] {logging_mixin.py:190} INFO - [2024-11-05T00:49:58.591-0300] {override.py:1900} INFO - Created Permission View: can create on DAG Run:dataset_s3_bucket_producer
[2024-11-05T00:49:58.600-0300] {logging_mixin.py:190} INFO - [2024-11-05T00:49:58.599-0300] {override.py:1900} INFO - Created Permission View: menu access on DAG Run:dataset_s3_bucket_producer
[2024-11-05T00:49:58.611-0300] {logging_mixin.py:190} INFO - [2024-11-05T00:49:58.611-0300] {override.py:1900} INFO - Created Permission View: can read on DAG Run:dataset_s3_bucket_producer
[2024-11-05T00:49:58.617-0300] {logging_mixin.py:190} INFO - [2024-11-05T00:49:58.617-0300] {override.py:1900} INFO - Created Permission View: can delete on DAG Run:dataset_s3_bucket_producer
[2024-11-05T00:49:58.643-0300] {logging_mixin.py:190} INFO - [2024-11-05T00:49:58.642-0300] {override.py:1900} INFO - Created Permission View: can edit on DAG:dataset_alias_example_alias_consumer
[2024-11-05T00:49:58.657-0300] {logging_mixin.py:190} INFO - [2024-11-05T00:49:58.656-0300] {override.py:1900} INFO - Created Permission View: can read on DAG:dataset_alias_example_alias_consumer
[2024-11-05T00:49:58.670-0300] {logging_mixin.py:190} INFO - [2024-11-05T00:49:58.669-0300] {override.py:1900} INFO - Created Permission View: can delete on DAG:dataset_alias_example_alias_consumer
[2024-11-05T00:49:58.684-0300] {logging_mixin.py:190} INFO - [2024-11-05T00:49:58.683-0300] {override.py:1900} INFO - Created Permission View: can create on DAG Run:dataset_alias_example_alias_consumer
[2024-11-05T00:49:58.691-0300] {logging_mixin.py:190} INFO - [2024-11-05T00:49:58.691-0300] {override.py:1900} INFO - Created Permission View: menu access on DAG Run:dataset_alias_example_alias_consumer
[2024-11-05T00:49:58.698-0300] {logging_mixin.py:190} INFO - [2024-11-05T00:49:58.697-0300] {override.py:1900} INFO - Created Permission View: can read on DAG Run:dataset_alias_example_alias_consumer
[2024-11-05T00:49:58.704-0300] {logging_mixin.py:190} INFO - [2024-11-05T00:49:58.704-0300] {override.py:1900} INFO - Created Permission View: can delete on DAG Run:dataset_alias_example_alias_consumer
[2024-11-05T00:49:58.722-0300] {logging_mixin.py:190} INFO - [2024-11-05T00:49:58.721-0300] {override.py:1900} INFO - Created Permission View: can edit on DAG:dataset_alias_example_alias_producer
[2024-11-05T00:49:58.729-0300] {logging_mixin.py:190} INFO - [2024-11-05T00:49:58.729-0300] {override.py:1900} INFO - Created Permission View: can read on DAG:dataset_alias_example_alias_producer
[2024-11-05T00:49:58.736-0300] {logging_mixin.py:190} INFO - [2024-11-05T00:49:58.735-0300] {override.py:1900} INFO - Created Permission View: can delete on DAG:dataset_alias_example_alias_producer
[2024-11-05T00:49:58.748-0300] {logging_mixin.py:190} INFO - [2024-11-05T00:49:58.747-0300] {override.py:1900} INFO - Created Permission View: can create on DAG Run:dataset_alias_example_alias_producer
[2024-11-05T00:49:58.756-0300] {logging_mixin.py:190} INFO - [2024-11-05T00:49:58.756-0300] {override.py:1900} INFO - Created Permission View: menu access on DAG Run:dataset_alias_example_alias_producer
[2024-11-05T00:49:58.762-0300] {logging_mixin.py:190} INFO - [2024-11-05T00:49:58.762-0300] {override.py:1900} INFO - Created Permission View: can read on DAG Run:dataset_alias_example_alias_producer
[2024-11-05T00:49:58.769-0300] {logging_mixin.py:190} INFO - [2024-11-05T00:49:58.768-0300] {override.py:1900} INFO - Created Permission View: can delete on DAG Run:dataset_alias_example_alias_producer
[2024-11-05T00:49:58.782-0300] {logging_mixin.py:190} INFO - [2024-11-05T00:49:58.782-0300] {override.py:1900} INFO - Created Permission View: can edit on DAG:dataset_s3_bucket_consumer
[2024-11-05T00:49:58.790-0300] {logging_mixin.py:190} INFO - [2024-11-05T00:49:58.790-0300] {override.py:1900} INFO - Created Permission View: can read on DAG:dataset_s3_bucket_consumer
[2024-11-05T00:49:58.797-0300] {logging_mixin.py:190} INFO - [2024-11-05T00:49:58.796-0300] {override.py:1900} INFO - Created Permission View: can delete on DAG:dataset_s3_bucket_consumer
[2024-11-05T00:49:58.808-0300] {logging_mixin.py:190} INFO - [2024-11-05T00:49:58.808-0300] {override.py:1900} INFO - Created Permission View: can create on DAG Run:dataset_s3_bucket_consumer
[2024-11-05T00:49:58.815-0300] {logging_mixin.py:190} INFO - [2024-11-05T00:49:58.814-0300] {override.py:1900} INFO - Created Permission View: menu access on DAG Run:dataset_s3_bucket_consumer
[2024-11-05T00:49:58.821-0300] {logging_mixin.py:190} INFO - [2024-11-05T00:49:58.821-0300] {override.py:1900} INFO - Created Permission View: can read on DAG Run:dataset_s3_bucket_consumer
[2024-11-05T00:49:58.830-0300] {logging_mixin.py:190} INFO - [2024-11-05T00:49:58.829-0300] {override.py:1900} INFO - Created Permission View: can delete on DAG Run:dataset_s3_bucket_consumer
[2024-11-05T00:49:58.831-0300] {logging_mixin.py:190} INFO - [2024-11-05T00:49:58.830-0300] {dag.py:3239} INFO - Sync 4 DAGs
[2024-11-05T00:49:58.843-0300] {logging_mixin.py:190} INFO - [2024-11-05T00:49:58.843-0300] {dag.py:3262} INFO - Creating ORM DAG for dataset_s3_bucket_producer
[2024-11-05T00:49:58.844-0300] {logging_mixin.py:190} INFO - [2024-11-05T00:49:58.843-0300] {dag.py:3262} INFO - Creating ORM DAG for dataset_alias_example_alias_producer
[2024-11-05T00:49:58.844-0300] {logging_mixin.py:190} INFO - [2024-11-05T00:49:58.844-0300] {dag.py:3262} INFO - Creating ORM DAG for dataset_s3_bucket_consumer
[2024-11-05T00:49:58.844-0300] {logging_mixin.py:190} INFO - [2024-11-05T00:49:58.844-0300] {dag.py:3262} INFO - Creating ORM DAG for dataset_alias_example_alias_consumer
[2024-11-05T00:49:58.854-0300] {logging_mixin.py:190} INFO - [2024-11-05T00:49:58.854-0300] {dag.py:4180} INFO - Setting next_dagrun for dataset_alias_example_alias_consumer to None, run_after=None
[2024-11-05T00:49:58.855-0300] {logging_mixin.py:190} INFO - [2024-11-05T00:49:58.855-0300] {dag.py:4180} INFO - Setting next_dagrun for dataset_alias_example_alias_producer to None, run_after=None
[2024-11-05T00:49:58.855-0300] {logging_mixin.py:190} INFO - [2024-11-05T00:49:58.855-0300] {dag.py:4180} INFO - Setting next_dagrun for dataset_s3_bucket_consumer to None, run_after=None
[2024-11-05T00:49:58.856-0300] {logging_mixin.py:190} INFO - [2024-11-05T00:49:58.856-0300] {dag.py:4180} INFO - Setting next_dagrun for dataset_s3_bucket_producer to None, run_after=None
[2024-11-05T00:49:58.887-0300] {processor.py:208} INFO - Processing /home/lucaires/anaconda3/envs/venv_airflow/lib/python3.12/site-packages/airflow/example_dags/example_dataset_alias.py took 0.427 seconds
[2024-11-05T00:50:56.871-0300] {processor.py:186} INFO - Started process (PID=6716) to work on /home/lucaires/anaconda3/envs/venv_airflow/lib/python3.12/site-packages/airflow/example_dags/example_dataset_alias.py
[2024-11-05T00:50:56.874-0300] {processor.py:914} INFO - Processing file /home/lucaires/anaconda3/envs/venv_airflow/lib/python3.12/site-packages/airflow/example_dags/example_dataset_alias.py for tasks to queue
[2024-11-05T00:50:56.877-0300] {logging_mixin.py:190} INFO - [2024-11-05T00:50:56.876-0300] {dagbag.py:588} INFO - Filling up the DagBag from /home/lucaires/anaconda3/envs/venv_airflow/lib/python3.12/site-packages/airflow/example_dags/example_dataset_alias.py
[2024-11-05T00:50:56.894-0300] {processor.py:925} INFO - DAG(s) 'dataset_alias_example_alias_producer', 'dataset_s3_bucket_producer', 'dataset_alias_example_alias_consumer', 'dataset_s3_bucket_consumer' retrieved from /home/lucaires/anaconda3/envs/venv_airflow/lib/python3.12/site-packages/airflow/example_dags/example_dataset_alias.py
[2024-11-05T00:50:56.909-0300] {logging_mixin.py:190} INFO - [2024-11-05T00:50:56.908-0300] {dag.py:3239} INFO - Sync 4 DAGs
[2024-11-05T00:50:56.922-0300] {logging_mixin.py:190} INFO - [2024-11-05T00:50:56.922-0300] {dag.py:4180} INFO - Setting next_dagrun for dataset_alias_example_alias_consumer to None, run_after=None
[2024-11-05T00:50:56.924-0300] {logging_mixin.py:190} INFO - [2024-11-05T00:50:56.924-0300] {dag.py:4180} INFO - Setting next_dagrun for dataset_alias_example_alias_producer to None, run_after=None
[2024-11-05T00:50:56.924-0300] {logging_mixin.py:190} INFO - [2024-11-05T00:50:56.924-0300] {dag.py:4180} INFO - Setting next_dagrun for dataset_s3_bucket_consumer to None, run_after=None
[2024-11-05T00:50:56.925-0300] {logging_mixin.py:190} INFO - [2024-11-05T00:50:56.925-0300] {dag.py:4180} INFO - Setting next_dagrun for dataset_s3_bucket_producer to None, run_after=None
[2024-11-05T00:50:56.943-0300] {processor.py:208} INFO - Processing /home/lucaires/anaconda3/envs/venv_airflow/lib/python3.12/site-packages/airflow/example_dags/example_dataset_alias.py took 0.076 seconds
