[2024-11-05T00:49:51.808-0300] {processor.py:186} INFO - Started process (PID=5844) to work on /home/lucaires/anaconda3/envs/venv_airflow/lib/python3.12/site-packages/airflow/example_dags/example_outlet_event_extra.py
[2024-11-05T00:49:51.809-0300] {processor.py:914} INFO - Processing file /home/lucaires/anaconda3/envs/venv_airflow/lib/python3.12/site-packages/airflow/example_dags/example_outlet_event_extra.py for tasks to queue
[2024-11-05T00:49:51.811-0300] {logging_mixin.py:190} INFO - [2024-11-05T00:49:51.810-0300] {dagbag.py:588} INFO - Filling up the DagBag from /home/lucaires/anaconda3/envs/venv_airflow/lib/python3.12/site-packages/airflow/example_dags/example_outlet_event_extra.py
[2024-11-05T00:49:51.822-0300] {processor.py:925} INFO - DAG(s) 'dataset_with_extra_by_context', 'dataset_with_extra_by_yield', 'dataset_with_extra_from_classic_operator' retrieved from /home/lucaires/anaconda3/envs/venv_airflow/lib/python3.12/site-packages/airflow/example_dags/example_outlet_event_extra.py
[2024-11-05T00:49:51.897-0300] {logging_mixin.py:190} INFO - [2024-11-05T00:49:51.897-0300] {override.py:1900} INFO - Created Permission View: can edit on DAG:dataset_with_extra_by_context
[2024-11-05T00:49:51.908-0300] {logging_mixin.py:190} INFO - [2024-11-05T00:49:51.907-0300] {override.py:1900} INFO - Created Permission View: can read on DAG:dataset_with_extra_by_context
[2024-11-05T00:49:51.914-0300] {logging_mixin.py:190} INFO - [2024-11-05T00:49:51.914-0300] {override.py:1900} INFO - Created Permission View: can delete on DAG:dataset_with_extra_by_context
[2024-11-05T00:49:51.925-0300] {logging_mixin.py:190} INFO - [2024-11-05T00:49:51.925-0300] {override.py:1900} INFO - Created Permission View: can create on DAG Run:dataset_with_extra_by_context
[2024-11-05T00:49:51.931-0300] {logging_mixin.py:190} INFO - [2024-11-05T00:49:51.931-0300] {override.py:1900} INFO - Created Permission View: menu access on DAG Run:dataset_with_extra_by_context
[2024-11-05T00:49:51.938-0300] {logging_mixin.py:190} INFO - [2024-11-05T00:49:51.937-0300] {override.py:1900} INFO - Created Permission View: can read on DAG Run:dataset_with_extra_by_context
[2024-11-05T00:49:51.943-0300] {logging_mixin.py:190} INFO - [2024-11-05T00:49:51.943-0300] {override.py:1900} INFO - Created Permission View: can delete on DAG Run:dataset_with_extra_by_context
[2024-11-05T00:49:51.957-0300] {logging_mixin.py:190} INFO - [2024-11-05T00:49:51.957-0300] {override.py:1900} INFO - Created Permission View: can edit on DAG:dataset_with_extra_by_yield
[2024-11-05T00:49:51.964-0300] {logging_mixin.py:190} INFO - [2024-11-05T00:49:51.964-0300] {override.py:1900} INFO - Created Permission View: can read on DAG:dataset_with_extra_by_yield
[2024-11-05T00:49:51.972-0300] {logging_mixin.py:190} INFO - [2024-11-05T00:49:51.971-0300] {override.py:1900} INFO - Created Permission View: can delete on DAG:dataset_with_extra_by_yield
[2024-11-05T00:49:51.981-0300] {logging_mixin.py:190} INFO - [2024-11-05T00:49:51.981-0300] {override.py:1900} INFO - Created Permission View: can create on DAG Run:dataset_with_extra_by_yield
[2024-11-05T00:49:51.987-0300] {logging_mixin.py:190} INFO - [2024-11-05T00:49:51.987-0300] {override.py:1900} INFO - Created Permission View: menu access on DAG Run:dataset_with_extra_by_yield
[2024-11-05T00:49:51.995-0300] {logging_mixin.py:190} INFO - [2024-11-05T00:49:51.994-0300] {override.py:1900} INFO - Created Permission View: can read on DAG Run:dataset_with_extra_by_yield
[2024-11-05T00:49:52.001-0300] {logging_mixin.py:190} INFO - [2024-11-05T00:49:52.001-0300] {override.py:1900} INFO - Created Permission View: can delete on DAG Run:dataset_with_extra_by_yield
[2024-11-05T00:49:52.016-0300] {logging_mixin.py:190} INFO - [2024-11-05T00:49:52.016-0300] {override.py:1900} INFO - Created Permission View: can edit on DAG:dataset_with_extra_from_classic_operator
[2024-11-05T00:49:52.022-0300] {logging_mixin.py:190} INFO - [2024-11-05T00:49:52.022-0300] {override.py:1900} INFO - Created Permission View: can read on DAG:dataset_with_extra_from_classic_operator
[2024-11-05T00:49:52.028-0300] {logging_mixin.py:190} INFO - [2024-11-05T00:49:52.028-0300] {override.py:1900} INFO - Created Permission View: can delete on DAG:dataset_with_extra_from_classic_operator
[2024-11-05T00:49:52.037-0300] {logging_mixin.py:190} INFO - [2024-11-05T00:49:52.037-0300] {override.py:1900} INFO - Created Permission View: can create on DAG Run:dataset_with_extra_from_classic_operator
[2024-11-05T00:49:52.043-0300] {logging_mixin.py:190} INFO - [2024-11-05T00:49:52.043-0300] {override.py:1900} INFO - Created Permission View: menu access on DAG Run:dataset_with_extra_from_classic_operator
[2024-11-05T00:49:52.049-0300] {logging_mixin.py:190} INFO - [2024-11-05T00:49:52.049-0300] {override.py:1900} INFO - Created Permission View: can read on DAG Run:dataset_with_extra_from_classic_operator
[2024-11-05T00:49:52.056-0300] {logging_mixin.py:190} INFO - [2024-11-05T00:49:52.056-0300] {override.py:1900} INFO - Created Permission View: can delete on DAG Run:dataset_with_extra_from_classic_operator
[2024-11-05T00:49:52.056-0300] {logging_mixin.py:190} INFO - [2024-11-05T00:49:52.056-0300] {dag.py:3239} INFO - Sync 3 DAGs
[2024-11-05T00:49:52.064-0300] {logging_mixin.py:190} INFO - [2024-11-05T00:49:52.064-0300] {dag.py:3262} INFO - Creating ORM DAG for dataset_with_extra_by_yield
[2024-11-05T00:49:52.064-0300] {logging_mixin.py:190} INFO - [2024-11-05T00:49:52.064-0300] {dag.py:3262} INFO - Creating ORM DAG for dataset_with_extra_from_classic_operator
[2024-11-05T00:49:52.065-0300] {logging_mixin.py:190} INFO - [2024-11-05T00:49:52.065-0300] {dag.py:3262} INFO - Creating ORM DAG for dataset_with_extra_by_context
[2024-11-05T00:49:52.071-0300] {logging_mixin.py:190} INFO - [2024-11-05T00:49:52.071-0300] {dag.py:4180} INFO - Setting next_dagrun for dataset_with_extra_by_context to 2024-11-04 00:00:00+00:00, run_after=2024-11-05 00:00:00+00:00
[2024-11-05T00:49:52.072-0300] {logging_mixin.py:190} INFO - [2024-11-05T00:49:52.072-0300] {dag.py:4180} INFO - Setting next_dagrun for dataset_with_extra_by_yield to 2024-11-04 00:00:00+00:00, run_after=2024-11-05 00:00:00+00:00
[2024-11-05T00:49:52.073-0300] {logging_mixin.py:190} INFO - [2024-11-05T00:49:52.073-0300] {dag.py:4180} INFO - Setting next_dagrun for dataset_with_extra_from_classic_operator to 2024-11-04 00:00:00+00:00, run_after=2024-11-05 00:00:00+00:00
[2024-11-05T00:49:52.093-0300] {processor.py:208} INFO - Processing /home/lucaires/anaconda3/envs/venv_airflow/lib/python3.12/site-packages/airflow/example_dags/example_outlet_event_extra.py took 0.289 seconds
[2024-11-05T00:50:51.727-0300] {processor.py:186} INFO - Started process (PID=6661) to work on /home/lucaires/anaconda3/envs/venv_airflow/lib/python3.12/site-packages/airflow/example_dags/example_outlet_event_extra.py
[2024-11-05T00:50:51.730-0300] {processor.py:914} INFO - Processing file /home/lucaires/anaconda3/envs/venv_airflow/lib/python3.12/site-packages/airflow/example_dags/example_outlet_event_extra.py for tasks to queue
[2024-11-05T00:50:51.733-0300] {logging_mixin.py:190} INFO - [2024-11-05T00:50:51.733-0300] {dagbag.py:588} INFO - Filling up the DagBag from /home/lucaires/anaconda3/envs/venv_airflow/lib/python3.12/site-packages/airflow/example_dags/example_outlet_event_extra.py
[2024-11-05T00:50:51.743-0300] {processor.py:925} INFO - DAG(s) 'dataset_with_extra_from_classic_operator', 'dataset_with_extra_by_yield', 'dataset_with_extra_by_context' retrieved from /home/lucaires/anaconda3/envs/venv_airflow/lib/python3.12/site-packages/airflow/example_dags/example_outlet_event_extra.py
[2024-11-05T00:50:51.761-0300] {logging_mixin.py:190} INFO - [2024-11-05T00:50:51.761-0300] {dag.py:3239} INFO - Sync 3 DAGs
[2024-11-05T00:50:51.776-0300] {logging_mixin.py:190} INFO - [2024-11-05T00:50:51.776-0300] {dag.py:4180} INFO - Setting next_dagrun for dataset_with_extra_by_context to 2024-11-04 00:00:00+00:00, run_after=2024-11-05 00:00:00+00:00
[2024-11-05T00:50:51.779-0300] {logging_mixin.py:190} INFO - [2024-11-05T00:50:51.779-0300] {dag.py:4180} INFO - Setting next_dagrun for dataset_with_extra_by_yield to 2024-11-04 00:00:00+00:00, run_after=2024-11-05 00:00:00+00:00
[2024-11-05T00:50:51.781-0300] {logging_mixin.py:190} INFO - [2024-11-05T00:50:51.781-0300] {dag.py:4180} INFO - Setting next_dagrun for dataset_with_extra_from_classic_operator to 2024-11-04 00:00:00+00:00, run_after=2024-11-05 00:00:00+00:00
[2024-11-05T00:50:51.798-0300] {processor.py:208} INFO - Processing /home/lucaires/anaconda3/envs/venv_airflow/lib/python3.12/site-packages/airflow/example_dags/example_outlet_event_extra.py took 0.075 seconds
