[2024-11-05T00:49:36.050-0300] {processor.py:186} INFO - Started process (PID=5582) to work on /home/lucaires/anaconda3/envs/venv_airflow/lib/python3.12/site-packages/airflow/example_dags/example_setup_teardown.py
[2024-11-05T00:49:36.050-0300] {processor.py:914} INFO - Processing file /home/lucaires/anaconda3/envs/venv_airflow/lib/python3.12/site-packages/airflow/example_dags/example_setup_teardown.py for tasks to queue
[2024-11-05T00:49:36.052-0300] {logging_mixin.py:190} INFO - [2024-11-05T00:49:36.052-0300] {dagbag.py:588} INFO - Filling up the DagBag from /home/lucaires/anaconda3/envs/venv_airflow/lib/python3.12/site-packages/airflow/example_dags/example_setup_teardown.py
[2024-11-05T00:49:36.059-0300] {processor.py:925} INFO - DAG(s) 'example_setup_teardown' retrieved from /home/lucaires/anaconda3/envs/venv_airflow/lib/python3.12/site-packages/airflow/example_dags/example_setup_teardown.py
[2024-11-05T00:49:36.147-0300] {logging_mixin.py:190} INFO - [2024-11-05T00:49:36.146-0300] {override.py:1900} INFO - Created Permission View: can edit on DAG:example_setup_teardown
[2024-11-05T00:49:36.155-0300] {logging_mixin.py:190} INFO - [2024-11-05T00:49:36.155-0300] {override.py:1900} INFO - Created Permission View: can read on DAG:example_setup_teardown
[2024-11-05T00:49:36.162-0300] {logging_mixin.py:190} INFO - [2024-11-05T00:49:36.161-0300] {override.py:1900} INFO - Created Permission View: can delete on DAG:example_setup_teardown
[2024-11-05T00:49:36.171-0300] {logging_mixin.py:190} INFO - [2024-11-05T00:49:36.171-0300] {override.py:1900} INFO - Created Permission View: can create on DAG Run:example_setup_teardown
[2024-11-05T00:49:36.177-0300] {logging_mixin.py:190} INFO - [2024-11-05T00:49:36.177-0300] {override.py:1900} INFO - Created Permission View: menu access on DAG Run:example_setup_teardown
[2024-11-05T00:49:36.183-0300] {logging_mixin.py:190} INFO - [2024-11-05T00:49:36.183-0300] {override.py:1900} INFO - Created Permission View: can read on DAG Run:example_setup_teardown
[2024-11-05T00:49:36.189-0300] {logging_mixin.py:190} INFO - [2024-11-05T00:49:36.189-0300] {override.py:1900} INFO - Created Permission View: can delete on DAG Run:example_setup_teardown
[2024-11-05T00:49:36.190-0300] {logging_mixin.py:190} INFO - [2024-11-05T00:49:36.190-0300] {dag.py:3239} INFO - Sync 1 DAGs
[2024-11-05T00:49:36.200-0300] {logging_mixin.py:190} INFO - [2024-11-05T00:49:36.199-0300] {dag.py:3262} INFO - Creating ORM DAG for example_setup_teardown
[2024-11-05T00:49:36.200-0300] {logging_mixin.py:190} INFO - [2024-11-05T00:49:36.200-0300] {dag.py:4180} INFO - Setting next_dagrun for example_setup_teardown to None, run_after=None
[2024-11-05T00:49:36.216-0300] {processor.py:208} INFO - Processing /home/lucaires/anaconda3/envs/venv_airflow/lib/python3.12/site-packages/airflow/example_dags/example_setup_teardown.py took 0.171 seconds
[2024-11-05T00:50:34.173-0300] {processor.py:186} INFO - Started process (PID=6478) to work on /home/lucaires/anaconda3/envs/venv_airflow/lib/python3.12/site-packages/airflow/example_dags/example_setup_teardown.py
[2024-11-05T00:50:34.174-0300] {processor.py:914} INFO - Processing file /home/lucaires/anaconda3/envs/venv_airflow/lib/python3.12/site-packages/airflow/example_dags/example_setup_teardown.py for tasks to queue
[2024-11-05T00:50:34.176-0300] {logging_mixin.py:190} INFO - [2024-11-05T00:50:34.176-0300] {dagbag.py:588} INFO - Filling up the DagBag from /home/lucaires/anaconda3/envs/venv_airflow/lib/python3.12/site-packages/airflow/example_dags/example_setup_teardown.py
[2024-11-05T00:50:34.184-0300] {processor.py:925} INFO - DAG(s) 'example_setup_teardown' retrieved from /home/lucaires/anaconda3/envs/venv_airflow/lib/python3.12/site-packages/airflow/example_dags/example_setup_teardown.py
[2024-11-05T00:50:34.200-0300] {logging_mixin.py:190} INFO - [2024-11-05T00:50:34.200-0300] {dag.py:3239} INFO - Sync 1 DAGs
[2024-11-05T00:50:34.210-0300] {logging_mixin.py:190} INFO - [2024-11-05T00:50:34.210-0300] {dag.py:4180} INFO - Setting next_dagrun for example_setup_teardown to None, run_after=None
[2024-11-05T00:50:34.229-0300] {processor.py:208} INFO - Processing /home/lucaires/anaconda3/envs/venv_airflow/lib/python3.12/site-packages/airflow/example_dags/example_setup_teardown.py took 0.061 seconds
