[2024-11-05T00:49:40.060-0300] {processor.py:186} INFO - Started process (PID=5704) to work on /home/lucaires/anaconda3/envs/venv_airflow/lib/python3.12/site-packages/airflow/example_dags/example_params_ui_tutorial.py
[2024-11-05T00:49:40.061-0300] {processor.py:914} INFO - Processing file /home/lucaires/anaconda3/envs/venv_airflow/lib/python3.12/site-packages/airflow/example_dags/example_params_ui_tutorial.py for tasks to queue
[2024-11-05T00:49:40.063-0300] {logging_mixin.py:190} INFO - [2024-11-05T00:49:40.062-0300] {dagbag.py:588} INFO - Filling up the DagBag from /home/lucaires/anaconda3/envs/venv_airflow/lib/python3.12/site-packages/airflow/example_dags/example_params_ui_tutorial.py
[2024-11-05T00:49:40.070-0300] {processor.py:925} INFO - DAG(s) 'example_params_ui_tutorial' retrieved from /home/lucaires/anaconda3/envs/venv_airflow/lib/python3.12/site-packages/airflow/example_dags/example_params_ui_tutorial.py
[2024-11-05T00:49:40.171-0300] {logging_mixin.py:190} INFO - [2024-11-05T00:49:40.170-0300] {override.py:1900} INFO - Created Permission View: can edit on DAG:example_params_ui_tutorial
[2024-11-05T00:49:40.184-0300] {logging_mixin.py:190} INFO - [2024-11-05T00:49:40.183-0300] {override.py:1900} INFO - Created Permission View: can read on DAG:example_params_ui_tutorial
[2024-11-05T00:49:40.190-0300] {logging_mixin.py:190} INFO - [2024-11-05T00:49:40.190-0300] {override.py:1900} INFO - Created Permission View: can delete on DAG:example_params_ui_tutorial
[2024-11-05T00:49:40.201-0300] {logging_mixin.py:190} INFO - [2024-11-05T00:49:40.201-0300] {override.py:1900} INFO - Created Permission View: can create on DAG Run:example_params_ui_tutorial
[2024-11-05T00:49:40.207-0300] {logging_mixin.py:190} INFO - [2024-11-05T00:49:40.207-0300] {override.py:1900} INFO - Created Permission View: menu access on DAG Run:example_params_ui_tutorial
[2024-11-05T00:49:40.215-0300] {logging_mixin.py:190} INFO - [2024-11-05T00:49:40.214-0300] {override.py:1900} INFO - Created Permission View: can read on DAG Run:example_params_ui_tutorial
[2024-11-05T00:49:40.222-0300] {logging_mixin.py:190} INFO - [2024-11-05T00:49:40.222-0300] {override.py:1900} INFO - Created Permission View: can delete on DAG Run:example_params_ui_tutorial
[2024-11-05T00:49:40.222-0300] {logging_mixin.py:190} INFO - [2024-11-05T00:49:40.222-0300] {dag.py:3239} INFO - Sync 1 DAGs
[2024-11-05T00:49:40.232-0300] {logging_mixin.py:190} INFO - [2024-11-05T00:49:40.231-0300] {dag.py:3262} INFO - Creating ORM DAG for example_params_ui_tutorial
[2024-11-05T00:49:40.232-0300] {logging_mixin.py:190} INFO - [2024-11-05T00:49:40.232-0300] {dag.py:4180} INFO - Setting next_dagrun for example_params_ui_tutorial to None, run_after=None
[2024-11-05T00:49:40.248-0300] {processor.py:208} INFO - Processing /home/lucaires/anaconda3/envs/venv_airflow/lib/python3.12/site-packages/airflow/example_dags/example_params_ui_tutorial.py took 0.192 seconds
[2024-11-05T00:50:38.688-0300] {processor.py:186} INFO - Started process (PID=6576) to work on /home/lucaires/anaconda3/envs/venv_airflow/lib/python3.12/site-packages/airflow/example_dags/example_params_ui_tutorial.py
[2024-11-05T00:50:38.691-0300] {processor.py:914} INFO - Processing file /home/lucaires/anaconda3/envs/venv_airflow/lib/python3.12/site-packages/airflow/example_dags/example_params_ui_tutorial.py for tasks to queue
[2024-11-05T00:50:38.694-0300] {logging_mixin.py:190} INFO - [2024-11-05T00:50:38.693-0300] {dagbag.py:588} INFO - Filling up the DagBag from /home/lucaires/anaconda3/envs/venv_airflow/lib/python3.12/site-packages/airflow/example_dags/example_params_ui_tutorial.py
[2024-11-05T00:50:38.700-0300] {processor.py:925} INFO - DAG(s) 'example_params_ui_tutorial' retrieved from /home/lucaires/anaconda3/envs/venv_airflow/lib/python3.12/site-packages/airflow/example_dags/example_params_ui_tutorial.py
[2024-11-05T00:50:38.727-0300] {logging_mixin.py:190} INFO - [2024-11-05T00:50:38.727-0300] {dag.py:3239} INFO - Sync 1 DAGs
[2024-11-05T00:50:38.736-0300] {logging_mixin.py:190} INFO - [2024-11-05T00:50:38.736-0300] {dag.py:4180} INFO - Setting next_dagrun for example_params_ui_tutorial to None, run_after=None
[2024-11-05T00:50:38.752-0300] {processor.py:208} INFO - Processing /home/lucaires/anaconda3/envs/venv_airflow/lib/python3.12/site-packages/airflow/example_dags/example_params_ui_tutorial.py took 0.068 seconds
