[2024-11-05T00:49:32.336-0300] {processor.py:186} INFO - Started process (PID=5552) to work on /home/lucaires/anaconda3/envs/venv_airflow/lib/python3.12/site-packages/airflow/example_dags/example_task_group.py
[2024-11-05T00:49:32.337-0300] {processor.py:914} INFO - Processing file /home/lucaires/anaconda3/envs/venv_airflow/lib/python3.12/site-packages/airflow/example_dags/example_task_group.py for tasks to queue
[2024-11-05T00:49:32.339-0300] {logging_mixin.py:190} INFO - [2024-11-05T00:49:32.338-0300] {dagbag.py:588} INFO - Filling up the DagBag from /home/lucaires/anaconda3/envs/venv_airflow/lib/python3.12/site-packages/airflow/example_dags/example_task_group.py
[2024-11-05T00:49:32.346-0300] {processor.py:925} INFO - DAG(s) 'example_task_group' retrieved from /home/lucaires/anaconda3/envs/venv_airflow/lib/python3.12/site-packages/airflow/example_dags/example_task_group.py
[2024-11-05T00:49:32.431-0300] {logging_mixin.py:190} INFO - [2024-11-05T00:49:32.430-0300] {override.py:1900} INFO - Created Permission View: can edit on DAG:example_task_group
[2024-11-05T00:49:32.440-0300] {logging_mixin.py:190} INFO - [2024-11-05T00:49:32.439-0300] {override.py:1900} INFO - Created Permission View: can read on DAG:example_task_group
[2024-11-05T00:49:32.446-0300] {logging_mixin.py:190} INFO - [2024-11-05T00:49:32.446-0300] {override.py:1900} INFO - Created Permission View: can delete on DAG:example_task_group
[2024-11-05T00:49:32.456-0300] {logging_mixin.py:190} INFO - [2024-11-05T00:49:32.456-0300] {override.py:1900} INFO - Created Permission View: can create on DAG Run:example_task_group
[2024-11-05T00:49:32.462-0300] {logging_mixin.py:190} INFO - [2024-11-05T00:49:32.462-0300] {override.py:1900} INFO - Created Permission View: menu access on DAG Run:example_task_group
[2024-11-05T00:49:32.468-0300] {logging_mixin.py:190} INFO - [2024-11-05T00:49:32.468-0300] {override.py:1900} INFO - Created Permission View: can read on DAG Run:example_task_group
[2024-11-05T00:49:32.474-0300] {logging_mixin.py:190} INFO - [2024-11-05T00:49:32.474-0300] {override.py:1900} INFO - Created Permission View: can delete on DAG Run:example_task_group
[2024-11-05T00:49:32.474-0300] {logging_mixin.py:190} INFO - [2024-11-05T00:49:32.474-0300] {dag.py:3239} INFO - Sync 1 DAGs
[2024-11-05T00:49:32.485-0300] {logging_mixin.py:190} INFO - [2024-11-05T00:49:32.485-0300] {dag.py:3262} INFO - Creating ORM DAG for example_task_group
[2024-11-05T00:49:32.486-0300] {logging_mixin.py:190} INFO - [2024-11-05T00:49:32.486-0300] {dag.py:4180} INFO - Setting next_dagrun for example_task_group to None, run_after=None
[2024-11-05T00:49:32.502-0300] {processor.py:208} INFO - Processing /home/lucaires/anaconda3/envs/venv_airflow/lib/python3.12/site-packages/airflow/example_dags/example_task_group.py took 0.170 seconds
[2024-11-05T00:50:31.282-0300] {processor.py:186} INFO - Started process (PID=6398) to work on /home/lucaires/anaconda3/envs/venv_airflow/lib/python3.12/site-packages/airflow/example_dags/example_task_group.py
[2024-11-05T00:50:31.285-0300] {processor.py:914} INFO - Processing file /home/lucaires/anaconda3/envs/venv_airflow/lib/python3.12/site-packages/airflow/example_dags/example_task_group.py for tasks to queue
[2024-11-05T00:50:31.287-0300] {logging_mixin.py:190} INFO - [2024-11-05T00:50:31.287-0300] {dagbag.py:588} INFO - Filling up the DagBag from /home/lucaires/anaconda3/envs/venv_airflow/lib/python3.12/site-packages/airflow/example_dags/example_task_group.py
[2024-11-05T00:50:31.294-0300] {processor.py:925} INFO - DAG(s) 'example_task_group' retrieved from /home/lucaires/anaconda3/envs/venv_airflow/lib/python3.12/site-packages/airflow/example_dags/example_task_group.py
[2024-11-05T00:50:31.309-0300] {logging_mixin.py:190} INFO - [2024-11-05T00:50:31.308-0300] {dag.py:3239} INFO - Sync 1 DAGs
[2024-11-05T00:50:31.318-0300] {logging_mixin.py:190} INFO - [2024-11-05T00:50:31.318-0300] {dag.py:4180} INFO - Setting next_dagrun for example_task_group to None, run_after=None
[2024-11-05T00:50:31.334-0300] {processor.py:208} INFO - Processing /home/lucaires/anaconda3/envs/venv_airflow/lib/python3.12/site-packages/airflow/example_dags/example_task_group.py took 0.058 seconds
