[2024-11-05T00:49:56.009-0300] {processor.py:186} INFO - Started process (PID=5937) to work on /home/lucaires/anaconda3/envs/venv_airflow/lib/python3.12/site-packages/airflow/example_dags/example_branch_datetime_operator.py
[2024-11-05T00:49:56.010-0300] {processor.py:914} INFO - Processing file /home/lucaires/anaconda3/envs/venv_airflow/lib/python3.12/site-packages/airflow/example_dags/example_branch_datetime_operator.py for tasks to queue
[2024-11-05T00:49:56.011-0300] {logging_mixin.py:190} INFO - [2024-11-05T00:49:56.011-0300] {dagbag.py:588} INFO - Filling up the DagBag from /home/lucaires/anaconda3/envs/venv_airflow/lib/python3.12/site-packages/airflow/example_dags/example_branch_datetime_operator.py
[2024-11-05T00:49:56.019-0300] {processor.py:925} INFO - DAG(s) 'example_branch_datetime_operator_2', 'example_branch_datetime_operator_3', 'example_branch_datetime_operator' retrieved from /home/lucaires/anaconda3/envs/venv_airflow/lib/python3.12/site-packages/airflow/example_dags/example_branch_datetime_operator.py
[2024-11-05T00:49:56.093-0300] {logging_mixin.py:190} INFO - [2024-11-05T00:49:56.092-0300] {override.py:1900} INFO - Created Permission View: can edit on DAG:example_branch_datetime_operator_2
[2024-11-05T00:49:56.101-0300] {logging_mixin.py:190} INFO - [2024-11-05T00:49:56.101-0300] {override.py:1900} INFO - Created Permission View: can read on DAG:example_branch_datetime_operator_2
[2024-11-05T00:49:56.108-0300] {logging_mixin.py:190} INFO - [2024-11-05T00:49:56.107-0300] {override.py:1900} INFO - Created Permission View: can delete on DAG:example_branch_datetime_operator_2
[2024-11-05T00:49:56.119-0300] {logging_mixin.py:190} INFO - [2024-11-05T00:49:56.119-0300] {override.py:1900} INFO - Created Permission View: can create on DAG Run:example_branch_datetime_operator_2
[2024-11-05T00:49:56.126-0300] {logging_mixin.py:190} INFO - [2024-11-05T00:49:56.126-0300] {override.py:1900} INFO - Created Permission View: menu access on DAG Run:example_branch_datetime_operator_2
[2024-11-05T00:49:56.133-0300] {logging_mixin.py:190} INFO - [2024-11-05T00:49:56.132-0300] {override.py:1900} INFO - Created Permission View: can read on DAG Run:example_branch_datetime_operator_2
[2024-11-05T00:49:56.139-0300] {logging_mixin.py:190} INFO - [2024-11-05T00:49:56.138-0300] {override.py:1900} INFO - Created Permission View: can delete on DAG Run:example_branch_datetime_operator_2
[2024-11-05T00:49:56.157-0300] {logging_mixin.py:190} INFO - [2024-11-05T00:49:56.156-0300] {override.py:1900} INFO - Created Permission View: can edit on DAG:example_branch_datetime_operator_3
[2024-11-05T00:49:56.163-0300] {logging_mixin.py:190} INFO - [2024-11-05T00:49:56.162-0300] {override.py:1900} INFO - Created Permission View: can read on DAG:example_branch_datetime_operator_3
[2024-11-05T00:49:56.170-0300] {logging_mixin.py:190} INFO - [2024-11-05T00:49:56.169-0300] {override.py:1900} INFO - Created Permission View: can delete on DAG:example_branch_datetime_operator_3
[2024-11-05T00:49:56.179-0300] {logging_mixin.py:190} INFO - [2024-11-05T00:49:56.179-0300] {override.py:1900} INFO - Created Permission View: can create on DAG Run:example_branch_datetime_operator_3
[2024-11-05T00:49:56.186-0300] {logging_mixin.py:190} INFO - [2024-11-05T00:49:56.185-0300] {override.py:1900} INFO - Created Permission View: menu access on DAG Run:example_branch_datetime_operator_3
[2024-11-05T00:49:56.192-0300] {logging_mixin.py:190} INFO - [2024-11-05T00:49:56.191-0300] {override.py:1900} INFO - Created Permission View: can read on DAG Run:example_branch_datetime_operator_3
[2024-11-05T00:49:56.198-0300] {logging_mixin.py:190} INFO - [2024-11-05T00:49:56.198-0300] {override.py:1900} INFO - Created Permission View: can delete on DAG Run:example_branch_datetime_operator_3
[2024-11-05T00:49:56.212-0300] {logging_mixin.py:190} INFO - [2024-11-05T00:49:56.211-0300] {override.py:1900} INFO - Created Permission View: can edit on DAG:example_branch_datetime_operator
[2024-11-05T00:49:56.218-0300] {logging_mixin.py:190} INFO - [2024-11-05T00:49:56.217-0300] {override.py:1900} INFO - Created Permission View: can read on DAG:example_branch_datetime_operator
[2024-11-05T00:49:56.224-0300] {logging_mixin.py:190} INFO - [2024-11-05T00:49:56.223-0300] {override.py:1900} INFO - Created Permission View: can delete on DAG:example_branch_datetime_operator
[2024-11-05T00:49:56.233-0300] {logging_mixin.py:190} INFO - [2024-11-05T00:49:56.233-0300] {override.py:1900} INFO - Created Permission View: can create on DAG Run:example_branch_datetime_operator
[2024-11-05T00:49:56.239-0300] {logging_mixin.py:190} INFO - [2024-11-05T00:49:56.239-0300] {override.py:1900} INFO - Created Permission View: menu access on DAG Run:example_branch_datetime_operator
[2024-11-05T00:49:56.245-0300] {logging_mixin.py:190} INFO - [2024-11-05T00:49:56.245-0300] {override.py:1900} INFO - Created Permission View: can read on DAG Run:example_branch_datetime_operator
[2024-11-05T00:49:56.252-0300] {logging_mixin.py:190} INFO - [2024-11-05T00:49:56.252-0300] {override.py:1900} INFO - Created Permission View: can delete on DAG Run:example_branch_datetime_operator
[2024-11-05T00:49:56.253-0300] {logging_mixin.py:190} INFO - [2024-11-05T00:49:56.252-0300] {dag.py:3239} INFO - Sync 3 DAGs
[2024-11-05T00:49:56.261-0300] {logging_mixin.py:190} INFO - [2024-11-05T00:49:56.260-0300] {dag.py:3262} INFO - Creating ORM DAG for example_branch_datetime_operator
[2024-11-05T00:49:56.261-0300] {logging_mixin.py:190} INFO - [2024-11-05T00:49:56.261-0300] {dag.py:3262} INFO - Creating ORM DAG for example_branch_datetime_operator_2
[2024-11-05T00:49:56.261-0300] {logging_mixin.py:190} INFO - [2024-11-05T00:49:56.261-0300] {dag.py:3262} INFO - Creating ORM DAG for example_branch_datetime_operator_3
[2024-11-05T00:49:56.267-0300] {logging_mixin.py:190} INFO - [2024-11-05T00:49:56.267-0300] {dag.py:4180} INFO - Setting next_dagrun for example_branch_datetime_operator to 2024-11-04 00:00:00+00:00, run_after=2024-11-05 00:00:00+00:00
[2024-11-05T00:49:56.268-0300] {logging_mixin.py:190} INFO - [2024-11-05T00:49:56.268-0300] {dag.py:4180} INFO - Setting next_dagrun for example_branch_datetime_operator_2 to 2024-11-04 00:00:00+00:00, run_after=2024-11-05 00:00:00+00:00
[2024-11-05T00:49:56.269-0300] {logging_mixin.py:190} INFO - [2024-11-05T00:49:56.269-0300] {dag.py:4180} INFO - Setting next_dagrun for example_branch_datetime_operator_3 to 2024-11-04 00:00:00+00:00, run_after=2024-11-05 00:00:00+00:00
[2024-11-05T00:49:56.284-0300] {processor.py:208} INFO - Processing /home/lucaires/anaconda3/envs/venv_airflow/lib/python3.12/site-packages/airflow/example_dags/example_branch_datetime_operator.py took 0.279 seconds
[2024-11-05T00:50:55.577-0300] {processor.py:186} INFO - Started process (PID=6714) to work on /home/lucaires/anaconda3/envs/venv_airflow/lib/python3.12/site-packages/airflow/example_dags/example_branch_datetime_operator.py
[2024-11-05T00:50:55.578-0300] {processor.py:914} INFO - Processing file /home/lucaires/anaconda3/envs/venv_airflow/lib/python3.12/site-packages/airflow/example_dags/example_branch_datetime_operator.py for tasks to queue
[2024-11-05T00:50:55.580-0300] {logging_mixin.py:190} INFO - [2024-11-05T00:50:55.580-0300] {dagbag.py:588} INFO - Filling up the DagBag from /home/lucaires/anaconda3/envs/venv_airflow/lib/python3.12/site-packages/airflow/example_dags/example_branch_datetime_operator.py
[2024-11-05T00:50:55.589-0300] {processor.py:925} INFO - DAG(s) 'example_branch_datetime_operator', 'example_branch_datetime_operator_2', 'example_branch_datetime_operator_3' retrieved from /home/lucaires/anaconda3/envs/venv_airflow/lib/python3.12/site-packages/airflow/example_dags/example_branch_datetime_operator.py
[2024-11-05T00:50:55.605-0300] {logging_mixin.py:190} INFO - [2024-11-05T00:50:55.605-0300] {dag.py:3239} INFO - Sync 3 DAGs
[2024-11-05T00:50:55.621-0300] {logging_mixin.py:190} INFO - [2024-11-05T00:50:55.620-0300] {dag.py:4180} INFO - Setting next_dagrun for example_branch_datetime_operator to 2024-11-04 00:00:00+00:00, run_after=2024-11-05 00:00:00+00:00
[2024-11-05T00:50:55.624-0300] {logging_mixin.py:190} INFO - [2024-11-05T00:50:55.623-0300] {dag.py:4180} INFO - Setting next_dagrun for example_branch_datetime_operator_2 to 2024-11-04 00:00:00+00:00, run_after=2024-11-05 00:00:00+00:00
[2024-11-05T00:50:55.625-0300] {logging_mixin.py:190} INFO - [2024-11-05T00:50:55.625-0300] {dag.py:4180} INFO - Setting next_dagrun for example_branch_datetime_operator_3 to 2024-11-04 00:00:00+00:00, run_after=2024-11-05 00:00:00+00:00
[2024-11-05T00:50:55.639-0300] {processor.py:208} INFO - Processing /home/lucaires/anaconda3/envs/venv_airflow/lib/python3.12/site-packages/airflow/example_dags/example_branch_datetime_operator.py took 0.066 seconds
