[2024-11-05T00:49:42.237-0300] {processor.py:186} INFO - Started process (PID=5761) to work on /home/lucaires/anaconda3/envs/venv_airflow/lib/python3.12/site-packages/airflow/example_dags/example_python_decorator.py
[2024-11-05T00:49:42.238-0300] {processor.py:914} INFO - Processing file /home/lucaires/anaconda3/envs/venv_airflow/lib/python3.12/site-packages/airflow/example_dags/example_python_decorator.py for tasks to queue
[2024-11-05T00:49:42.240-0300] {logging_mixin.py:190} INFO - [2024-11-05T00:49:42.240-0300] {dagbag.py:588} INFO - Filling up the DagBag from /home/lucaires/anaconda3/envs/venv_airflow/lib/python3.12/site-packages/airflow/example_dags/example_python_decorator.py
[2024-11-05T00:49:42.248-0300] {logging_mixin.py:190} INFO - [2024-11-05T00:49:42.247-0300] {example_python_decorator.py:80} WARNING - The virtalenv_python example task requires virtualenv, please install it.
[2024-11-05T00:49:42.249-0300] {processor.py:925} INFO - DAG(s) 'example_python_decorator' retrieved from /home/lucaires/anaconda3/envs/venv_airflow/lib/python3.12/site-packages/airflow/example_dags/example_python_decorator.py
[2024-11-05T00:49:42.339-0300] {logging_mixin.py:190} INFO - [2024-11-05T00:49:42.338-0300] {override.py:1900} INFO - Created Permission View: can edit on DAG:example_python_decorator
[2024-11-05T00:49:42.349-0300] {logging_mixin.py:190} INFO - [2024-11-05T00:49:42.348-0300] {override.py:1900} INFO - Created Permission View: can read on DAG:example_python_decorator
[2024-11-05T00:49:42.356-0300] {logging_mixin.py:190} INFO - [2024-11-05T00:49:42.356-0300] {override.py:1900} INFO - Created Permission View: can delete on DAG:example_python_decorator
[2024-11-05T00:49:42.368-0300] {logging_mixin.py:190} INFO - [2024-11-05T00:49:42.368-0300] {override.py:1900} INFO - Created Permission View: can create on DAG Run:example_python_decorator
[2024-11-05T00:49:42.376-0300] {logging_mixin.py:190} INFO - [2024-11-05T00:49:42.376-0300] {override.py:1900} INFO - Created Permission View: menu access on DAG Run:example_python_decorator
[2024-11-05T00:49:42.382-0300] {logging_mixin.py:190} INFO - [2024-11-05T00:49:42.382-0300] {override.py:1900} INFO - Created Permission View: can read on DAG Run:example_python_decorator
[2024-11-05T00:49:42.390-0300] {logging_mixin.py:190} INFO - [2024-11-05T00:49:42.389-0300] {override.py:1900} INFO - Created Permission View: can delete on DAG Run:example_python_decorator
[2024-11-05T00:49:42.390-0300] {logging_mixin.py:190} INFO - [2024-11-05T00:49:42.390-0300] {dag.py:3239} INFO - Sync 1 DAGs
[2024-11-05T00:49:42.399-0300] {logging_mixin.py:190} INFO - [2024-11-05T00:49:42.399-0300] {dag.py:3262} INFO - Creating ORM DAG for example_python_decorator
[2024-11-05T00:49:42.399-0300] {logging_mixin.py:190} INFO - [2024-11-05T00:49:42.399-0300] {dag.py:4180} INFO - Setting next_dagrun for example_python_decorator to None, run_after=None
[2024-11-05T00:49:42.417-0300] {processor.py:208} INFO - Processing /home/lucaires/anaconda3/envs/venv_airflow/lib/python3.12/site-packages/airflow/example_dags/example_python_decorator.py took 0.185 seconds
[2024-11-05T00:50:41.560-0300] {processor.py:186} INFO - Started process (PID=6597) to work on /home/lucaires/anaconda3/envs/venv_airflow/lib/python3.12/site-packages/airflow/example_dags/example_python_decorator.py
[2024-11-05T00:50:41.563-0300] {processor.py:914} INFO - Processing file /home/lucaires/anaconda3/envs/venv_airflow/lib/python3.12/site-packages/airflow/example_dags/example_python_decorator.py for tasks to queue
[2024-11-05T00:50:41.565-0300] {logging_mixin.py:190} INFO - [2024-11-05T00:50:41.565-0300] {dagbag.py:588} INFO - Filling up the DagBag from /home/lucaires/anaconda3/envs/venv_airflow/lib/python3.12/site-packages/airflow/example_dags/example_python_decorator.py
[2024-11-05T00:50:41.574-0300] {logging_mixin.py:190} INFO - [2024-11-05T00:50:41.574-0300] {example_python_decorator.py:80} WARNING - The virtalenv_python example task requires virtualenv, please install it.
[2024-11-05T00:50:41.575-0300] {processor.py:925} INFO - DAG(s) 'example_python_decorator' retrieved from /home/lucaires/anaconda3/envs/venv_airflow/lib/python3.12/site-packages/airflow/example_dags/example_python_decorator.py
[2024-11-05T00:50:41.589-0300] {logging_mixin.py:190} INFO - [2024-11-05T00:50:41.588-0300] {dag.py:3239} INFO - Sync 1 DAGs
[2024-11-05T00:50:41.598-0300] {logging_mixin.py:190} INFO - [2024-11-05T00:50:41.598-0300] {dag.py:4180} INFO - Setting next_dagrun for example_python_decorator to None, run_after=None
[2024-11-05T00:50:41.614-0300] {processor.py:208} INFO - Processing /home/lucaires/anaconda3/envs/venv_airflow/lib/python3.12/site-packages/airflow/example_dags/example_python_decorator.py took 0.059 seconds
