[2024-11-05T00:49:54.566-0300] {processor.py:186} INFO - Started process (PID=5890) to work on /home/lucaires/anaconda3/envs/venv_airflow/lib/python3.12/site-packages/airflow/example_dags/example_inlet_event_extra.py
[2024-11-05T00:49:54.567-0300] {processor.py:914} INFO - Processing file /home/lucaires/anaconda3/envs/venv_airflow/lib/python3.12/site-packages/airflow/example_dags/example_inlet_event_extra.py for tasks to queue
[2024-11-05T00:49:54.571-0300] {logging_mixin.py:190} INFO - [2024-11-05T00:49:54.571-0300] {dagbag.py:588} INFO - Filling up the DagBag from /home/lucaires/anaconda3/envs/venv_airflow/lib/python3.12/site-packages/airflow/example_dags/example_inlet_event_extra.py
[2024-11-05T00:49:54.582-0300] {processor.py:925} INFO - DAG(s) 'read_dataset_event_from_classic', 'read_dataset_event' retrieved from /home/lucaires/anaconda3/envs/venv_airflow/lib/python3.12/site-packages/airflow/example_dags/example_inlet_event_extra.py
[2024-11-05T00:49:54.697-0300] {logging_mixin.py:190} INFO - [2024-11-05T00:49:54.696-0300] {override.py:1900} INFO - Created Permission View: can edit on DAG:read_dataset_event_from_classic
[2024-11-05T00:49:54.720-0300] {logging_mixin.py:190} INFO - [2024-11-05T00:49:54.720-0300] {override.py:1900} INFO - Created Permission View: can read on DAG:read_dataset_event_from_classic
[2024-11-05T00:49:54.731-0300] {logging_mixin.py:190} INFO - [2024-11-05T00:49:54.730-0300] {override.py:1900} INFO - Created Permission View: can delete on DAG:read_dataset_event_from_classic
[2024-11-05T00:49:54.745-0300] {logging_mixin.py:190} INFO - [2024-11-05T00:49:54.745-0300] {override.py:1900} INFO - Created Permission View: can create on DAG Run:read_dataset_event_from_classic
[2024-11-05T00:49:54.754-0300] {logging_mixin.py:190} INFO - [2024-11-05T00:49:54.753-0300] {override.py:1900} INFO - Created Permission View: menu access on DAG Run:read_dataset_event_from_classic
[2024-11-05T00:49:54.760-0300] {logging_mixin.py:190} INFO - [2024-11-05T00:49:54.760-0300] {override.py:1900} INFO - Created Permission View: can read on DAG Run:read_dataset_event_from_classic
[2024-11-05T00:49:54.768-0300] {logging_mixin.py:190} INFO - [2024-11-05T00:49:54.768-0300] {override.py:1900} INFO - Created Permission View: can delete on DAG Run:read_dataset_event_from_classic
[2024-11-05T00:49:54.782-0300] {logging_mixin.py:190} INFO - [2024-11-05T00:49:54.782-0300] {override.py:1900} INFO - Created Permission View: can edit on DAG:read_dataset_event
[2024-11-05T00:49:54.791-0300] {logging_mixin.py:190} INFO - [2024-11-05T00:49:54.791-0300] {override.py:1900} INFO - Created Permission View: can read on DAG:read_dataset_event
[2024-11-05T00:49:54.798-0300] {logging_mixin.py:190} INFO - [2024-11-05T00:49:54.798-0300] {override.py:1900} INFO - Created Permission View: can delete on DAG:read_dataset_event
[2024-11-05T00:49:54.810-0300] {logging_mixin.py:190} INFO - [2024-11-05T00:49:54.809-0300] {override.py:1900} INFO - Created Permission View: can create on DAG Run:read_dataset_event
[2024-11-05T00:49:54.818-0300] {logging_mixin.py:190} INFO - [2024-11-05T00:49:54.817-0300] {override.py:1900} INFO - Created Permission View: menu access on DAG Run:read_dataset_event
[2024-11-05T00:49:54.824-0300] {logging_mixin.py:190} INFO - [2024-11-05T00:49:54.824-0300] {override.py:1900} INFO - Created Permission View: can read on DAG Run:read_dataset_event
[2024-11-05T00:49:54.831-0300] {logging_mixin.py:190} INFO - [2024-11-05T00:49:54.830-0300] {override.py:1900} INFO - Created Permission View: can delete on DAG Run:read_dataset_event
[2024-11-05T00:49:54.831-0300] {logging_mixin.py:190} INFO - [2024-11-05T00:49:54.831-0300] {dag.py:3239} INFO - Sync 2 DAGs
[2024-11-05T00:49:54.843-0300] {logging_mixin.py:190} INFO - [2024-11-05T00:49:54.843-0300] {dag.py:3262} INFO - Creating ORM DAG for read_dataset_event
[2024-11-05T00:49:54.844-0300] {logging_mixin.py:190} INFO - [2024-11-05T00:49:54.843-0300] {dag.py:3262} INFO - Creating ORM DAG for read_dataset_event_from_classic
[2024-11-05T00:49:54.855-0300] {logging_mixin.py:190} INFO - [2024-11-05T00:49:54.855-0300] {dag.py:4180} INFO - Setting next_dagrun for read_dataset_event to 2024-11-04 00:00:00+00:00, run_after=2024-11-05 00:00:00+00:00
[2024-11-05T00:49:54.857-0300] {logging_mixin.py:190} INFO - [2024-11-05T00:49:54.856-0300] {dag.py:4180} INFO - Setting next_dagrun for read_dataset_event_from_classic to 2024-11-04 00:00:00+00:00, run_after=2024-11-05 00:00:00+00:00
[2024-11-05T00:49:54.875-0300] {processor.py:208} INFO - Processing /home/lucaires/anaconda3/envs/venv_airflow/lib/python3.12/site-packages/airflow/example_dags/example_inlet_event_extra.py took 0.315 seconds
[2024-11-05T00:50:54.443-0300] {processor.py:186} INFO - Started process (PID=6693) to work on /home/lucaires/anaconda3/envs/venv_airflow/lib/python3.12/site-packages/airflow/example_dags/example_inlet_event_extra.py
[2024-11-05T00:50:54.446-0300] {processor.py:914} INFO - Processing file /home/lucaires/anaconda3/envs/venv_airflow/lib/python3.12/site-packages/airflow/example_dags/example_inlet_event_extra.py for tasks to queue
[2024-11-05T00:50:54.449-0300] {logging_mixin.py:190} INFO - [2024-11-05T00:50:54.448-0300] {dagbag.py:588} INFO - Filling up the DagBag from /home/lucaires/anaconda3/envs/venv_airflow/lib/python3.12/site-packages/airflow/example_dags/example_inlet_event_extra.py
[2024-11-05T00:50:54.458-0300] {processor.py:925} INFO - DAG(s) 'read_dataset_event', 'read_dataset_event_from_classic' retrieved from /home/lucaires/anaconda3/envs/venv_airflow/lib/python3.12/site-packages/airflow/example_dags/example_inlet_event_extra.py
[2024-11-05T00:50:54.472-0300] {logging_mixin.py:190} INFO - [2024-11-05T00:50:54.472-0300] {dag.py:3239} INFO - Sync 2 DAGs
[2024-11-05T00:50:54.489-0300] {logging_mixin.py:190} INFO - [2024-11-05T00:50:54.489-0300] {dag.py:4180} INFO - Setting next_dagrun for read_dataset_event to 2024-11-04 00:00:00+00:00, run_after=2024-11-05 00:00:00+00:00
[2024-11-05T00:50:54.492-0300] {logging_mixin.py:190} INFO - [2024-11-05T00:50:54.492-0300] {dag.py:4180} INFO - Setting next_dagrun for read_dataset_event_from_classic to 2024-11-04 00:00:00+00:00, run_after=2024-11-05 00:00:00+00:00
[2024-11-05T00:50:54.509-0300] {processor.py:208} INFO - Processing /home/lucaires/anaconda3/envs/venv_airflow/lib/python3.12/site-packages/airflow/example_dags/example_inlet_event_extra.py took 0.070 seconds
