[2024-11-05T00:49:50.558-0300] {processor.py:186} INFO - Started process (PID=5829) to work on /home/lucaires/anaconda3/envs/venv_airflow/lib/python3.12/site-packages/airflow/example_dags/example_nested_branch_dag.py
[2024-11-05T00:49:50.559-0300] {processor.py:914} INFO - Processing file /home/lucaires/anaconda3/envs/venv_airflow/lib/python3.12/site-packages/airflow/example_dags/example_nested_branch_dag.py for tasks to queue
[2024-11-05T00:49:50.561-0300] {logging_mixin.py:190} INFO - [2024-11-05T00:49:50.561-0300] {dagbag.py:588} INFO - Filling up the DagBag from /home/lucaires/anaconda3/envs/venv_airflow/lib/python3.12/site-packages/airflow/example_dags/example_nested_branch_dag.py
[2024-11-05T00:49:50.572-0300] {processor.py:925} INFO - DAG(s) 'example_nested_branch_dag' retrieved from /home/lucaires/anaconda3/envs/venv_airflow/lib/python3.12/site-packages/airflow/example_dags/example_nested_branch_dag.py
[2024-11-05T00:49:50.662-0300] {logging_mixin.py:190} INFO - [2024-11-05T00:49:50.662-0300] {override.py:1900} INFO - Created Permission View: can edit on DAG:example_nested_branch_dag
[2024-11-05T00:49:50.674-0300] {logging_mixin.py:190} INFO - [2024-11-05T00:49:50.673-0300] {override.py:1900} INFO - Created Permission View: can read on DAG:example_nested_branch_dag
[2024-11-05T00:49:50.680-0300] {logging_mixin.py:190} INFO - [2024-11-05T00:49:50.680-0300] {override.py:1900} INFO - Created Permission View: can delete on DAG:example_nested_branch_dag
[2024-11-05T00:49:50.692-0300] {logging_mixin.py:190} INFO - [2024-11-05T00:49:50.691-0300] {override.py:1900} INFO - Created Permission View: can create on DAG Run:example_nested_branch_dag
[2024-11-05T00:49:50.699-0300] {logging_mixin.py:190} INFO - [2024-11-05T00:49:50.698-0300] {override.py:1900} INFO - Created Permission View: menu access on DAG Run:example_nested_branch_dag
[2024-11-05T00:49:50.705-0300] {logging_mixin.py:190} INFO - [2024-11-05T00:49:50.705-0300] {override.py:1900} INFO - Created Permission View: can read on DAG Run:example_nested_branch_dag
[2024-11-05T00:49:50.711-0300] {logging_mixin.py:190} INFO - [2024-11-05T00:49:50.711-0300] {override.py:1900} INFO - Created Permission View: can delete on DAG Run:example_nested_branch_dag
[2024-11-05T00:49:50.712-0300] {logging_mixin.py:190} INFO - [2024-11-05T00:49:50.712-0300] {dag.py:3239} INFO - Sync 1 DAGs
[2024-11-05T00:49:50.721-0300] {logging_mixin.py:190} INFO - [2024-11-05T00:49:50.721-0300] {dag.py:3262} INFO - Creating ORM DAG for example_nested_branch_dag
[2024-11-05T00:49:50.728-0300] {logging_mixin.py:190} INFO - [2024-11-05T00:49:50.728-0300] {dag.py:4180} INFO - Setting next_dagrun for example_nested_branch_dag to 2024-11-04 00:00:00+00:00, run_after=2024-11-05 00:00:00+00:00
[2024-11-05T00:49:50.746-0300] {processor.py:208} INFO - Processing /home/lucaires/anaconda3/envs/venv_airflow/lib/python3.12/site-packages/airflow/example_dags/example_nested_branch_dag.py took 0.194 seconds
[2024-11-05T00:50:50.585-0300] {processor.py:186} INFO - Started process (PID=6649) to work on /home/lucaires/anaconda3/envs/venv_airflow/lib/python3.12/site-packages/airflow/example_dags/example_nested_branch_dag.py
[2024-11-05T00:50:50.586-0300] {processor.py:914} INFO - Processing file /home/lucaires/anaconda3/envs/venv_airflow/lib/python3.12/site-packages/airflow/example_dags/example_nested_branch_dag.py for tasks to queue
[2024-11-05T00:50:50.587-0300] {logging_mixin.py:190} INFO - [2024-11-05T00:50:50.587-0300] {dagbag.py:588} INFO - Filling up the DagBag from /home/lucaires/anaconda3/envs/venv_airflow/lib/python3.12/site-packages/airflow/example_dags/example_nested_branch_dag.py
[2024-11-05T00:50:50.597-0300] {processor.py:925} INFO - DAG(s) 'example_nested_branch_dag' retrieved from /home/lucaires/anaconda3/envs/venv_airflow/lib/python3.12/site-packages/airflow/example_dags/example_nested_branch_dag.py
[2024-11-05T00:50:50.609-0300] {logging_mixin.py:190} INFO - [2024-11-05T00:50:50.609-0300] {dag.py:3239} INFO - Sync 1 DAGs
[2024-11-05T00:50:50.623-0300] {logging_mixin.py:190} INFO - [2024-11-05T00:50:50.623-0300] {dag.py:4180} INFO - Setting next_dagrun for example_nested_branch_dag to 2024-11-04 00:00:00+00:00, run_after=2024-11-05 00:00:00+00:00
[2024-11-05T00:50:50.639-0300] {processor.py:208} INFO - Processing /home/lucaires/anaconda3/envs/venv_airflow/lib/python3.12/site-packages/airflow/example_dags/example_nested_branch_dag.py took 0.058 seconds
