[2024-11-05T00:49:48.069-0300] {processor.py:186} INFO - Started process (PID=5813) to work on /home/lucaires/anaconda3/envs/venv_airflow/lib/python3.12/site-packages/airflow/example_dags/example_dynamic_task_mapping_with_no_taskflow_operators.py
[2024-11-05T00:49:48.070-0300] {processor.py:914} INFO - Processing file /home/lucaires/anaconda3/envs/venv_airflow/lib/python3.12/site-packages/airflow/example_dags/example_dynamic_task_mapping_with_no_taskflow_operators.py for tasks to queue
[2024-11-05T00:49:48.071-0300] {logging_mixin.py:190} INFO - [2024-11-05T00:49:48.071-0300] {dagbag.py:588} INFO - Filling up the DagBag from /home/lucaires/anaconda3/envs/venv_airflow/lib/python3.12/site-packages/airflow/example_dags/example_dynamic_task_mapping_with_no_taskflow_operators.py
[2024-11-05T00:49:48.080-0300] {processor.py:925} INFO - DAG(s) 'example_dynamic_task_mapping_with_no_taskflow_operators' retrieved from /home/lucaires/anaconda3/envs/venv_airflow/lib/python3.12/site-packages/airflow/example_dags/example_dynamic_task_mapping_with_no_taskflow_operators.py
[2024-11-05T00:49:48.161-0300] {logging_mixin.py:190} INFO - [2024-11-05T00:49:48.161-0300] {override.py:1900} INFO - Created Permission View: can edit on DAG:example_dynamic_task_mapping_with_no_taskflow_operators
[2024-11-05T00:49:48.171-0300] {logging_mixin.py:190} INFO - [2024-11-05T00:49:48.171-0300] {override.py:1900} INFO - Created Permission View: can read on DAG:example_dynamic_task_mapping_with_no_taskflow_operators
[2024-11-05T00:49:48.178-0300] {logging_mixin.py:190} INFO - [2024-11-05T00:49:48.177-0300] {override.py:1900} INFO - Created Permission View: can delete on DAG:example_dynamic_task_mapping_with_no_taskflow_operators
[2024-11-05T00:49:48.188-0300] {logging_mixin.py:190} INFO - [2024-11-05T00:49:48.188-0300] {override.py:1900} INFO - Created Permission View: can create on DAG Run:example_dynamic_task_mapping_with_no_taskflow_operators
[2024-11-05T00:49:48.194-0300] {logging_mixin.py:190} INFO - [2024-11-05T00:49:48.194-0300] {override.py:1900} INFO - Created Permission View: menu access on DAG Run:example_dynamic_task_mapping_with_no_taskflow_operators
[2024-11-05T00:49:48.202-0300] {logging_mixin.py:190} INFO - [2024-11-05T00:49:48.202-0300] {override.py:1900} INFO - Created Permission View: can read on DAG Run:example_dynamic_task_mapping_with_no_taskflow_operators
[2024-11-05T00:49:48.208-0300] {logging_mixin.py:190} INFO - [2024-11-05T00:49:48.208-0300] {override.py:1900} INFO - Created Permission View: can delete on DAG Run:example_dynamic_task_mapping_with_no_taskflow_operators
[2024-11-05T00:49:48.208-0300] {logging_mixin.py:190} INFO - [2024-11-05T00:49:48.208-0300] {dag.py:3239} INFO - Sync 1 DAGs
[2024-11-05T00:49:48.217-0300] {logging_mixin.py:190} INFO - [2024-11-05T00:49:48.217-0300] {dag.py:3262} INFO - Creating ORM DAG for example_dynamic_task_mapping_with_no_taskflow_operators
[2024-11-05T00:49:48.218-0300] {logging_mixin.py:190} INFO - [2024-11-05T00:49:48.218-0300] {dag.py:4180} INFO - Setting next_dagrun for example_dynamic_task_mapping_with_no_taskflow_operators to None, run_after=None
[2024-11-05T00:49:48.231-0300] {processor.py:208} INFO - Processing /home/lucaires/anaconda3/envs/venv_airflow/lib/python3.12/site-packages/airflow/example_dags/example_dynamic_task_mapping_with_no_taskflow_operators.py took 0.167 seconds
[2024-11-05T00:50:48.855-0300] {processor.py:186} INFO - Started process (PID=6634) to work on /home/lucaires/anaconda3/envs/venv_airflow/lib/python3.12/site-packages/airflow/example_dags/example_dynamic_task_mapping_with_no_taskflow_operators.py
[2024-11-05T00:50:48.858-0300] {processor.py:914} INFO - Processing file /home/lucaires/anaconda3/envs/venv_airflow/lib/python3.12/site-packages/airflow/example_dags/example_dynamic_task_mapping_with_no_taskflow_operators.py for tasks to queue
[2024-11-05T00:50:48.861-0300] {logging_mixin.py:190} INFO - [2024-11-05T00:50:48.860-0300] {dagbag.py:588} INFO - Filling up the DagBag from /home/lucaires/anaconda3/envs/venv_airflow/lib/python3.12/site-packages/airflow/example_dags/example_dynamic_task_mapping_with_no_taskflow_operators.py
[2024-11-05T00:50:48.867-0300] {processor.py:925} INFO - DAG(s) 'example_dynamic_task_mapping_with_no_taskflow_operators' retrieved from /home/lucaires/anaconda3/envs/venv_airflow/lib/python3.12/site-packages/airflow/example_dags/example_dynamic_task_mapping_with_no_taskflow_operators.py
[2024-11-05T00:50:48.880-0300] {logging_mixin.py:190} INFO - [2024-11-05T00:50:48.880-0300] {dag.py:3239} INFO - Sync 1 DAGs
[2024-11-05T00:50:48.889-0300] {logging_mixin.py:190} INFO - [2024-11-05T00:50:48.889-0300] {dag.py:4180} INFO - Setting next_dagrun for example_dynamic_task_mapping_with_no_taskflow_operators to None, run_after=None
[2024-11-05T00:50:48.905-0300] {processor.py:208} INFO - Processing /home/lucaires/anaconda3/envs/venv_airflow/lib/python3.12/site-packages/airflow/example_dags/example_dynamic_task_mapping_with_no_taskflow_operators.py took 0.053 seconds
