[2024-11-05T00:49:26.991-0300] {processor.py:186} INFO - Started process (PID=5458) to work on /home/lucaires/anaconda3/envs/venv_airflow/lib/python3.12/site-packages/airflow/example_dags/example_workday_timetable.py
[2024-11-05T00:49:26.992-0300] {processor.py:914} INFO - Processing file /home/lucaires/anaconda3/envs/venv_airflow/lib/python3.12/site-packages/airflow/example_dags/example_workday_timetable.py for tasks to queue
[2024-11-05T00:49:26.994-0300] {logging_mixin.py:190} INFO - [2024-11-05T00:49:26.994-0300] {dagbag.py:588} INFO - Filling up the DagBag from /home/lucaires/anaconda3/envs/venv_airflow/lib/python3.12/site-packages/airflow/example_dags/example_workday_timetable.py
[2024-11-05T00:49:26.999-0300] {processor.py:925} INFO - DAG(s) 'example_workday_timetable' retrieved from /home/lucaires/anaconda3/envs/venv_airflow/lib/python3.12/site-packages/airflow/example_dags/example_workday_timetable.py
[2024-11-05T00:49:27.082-0300] {logging_mixin.py:190} INFO - [2024-11-05T00:49:27.082-0300] {override.py:1900} INFO - Created Permission View: can edit on DAG:example_workday_timetable
[2024-11-05T00:49:27.092-0300] {logging_mixin.py:190} INFO - [2024-11-05T00:49:27.092-0300] {override.py:1900} INFO - Created Permission View: can read on DAG:example_workday_timetable
[2024-11-05T00:49:27.101-0300] {logging_mixin.py:190} INFO - [2024-11-05T00:49:27.100-0300] {override.py:1900} INFO - Created Permission View: can delete on DAG:example_workday_timetable
[2024-11-05T00:49:27.113-0300] {logging_mixin.py:190} INFO - [2024-11-05T00:49:27.113-0300] {override.py:1900} INFO - Created Permission View: can create on DAG Run:example_workday_timetable
[2024-11-05T00:49:27.120-0300] {logging_mixin.py:190} INFO - [2024-11-05T00:49:27.120-0300] {override.py:1900} INFO - Created Permission View: menu access on DAG Run:example_workday_timetable
[2024-11-05T00:49:27.127-0300] {logging_mixin.py:190} INFO - [2024-11-05T00:49:27.127-0300] {override.py:1900} INFO - Created Permission View: can read on DAG Run:example_workday_timetable
[2024-11-05T00:49:27.134-0300] {logging_mixin.py:190} INFO - [2024-11-05T00:49:27.133-0300] {override.py:1900} INFO - Created Permission View: can delete on DAG Run:example_workday_timetable
[2024-11-05T00:49:27.134-0300] {logging_mixin.py:190} INFO - [2024-11-05T00:49:27.134-0300] {dag.py:3239} INFO - Sync 1 DAGs
[2024-11-05T00:49:27.144-0300] {logging_mixin.py:190} INFO - [2024-11-05T00:49:27.143-0300] {dag.py:3262} INFO - Creating ORM DAG for example_workday_timetable
[2024-11-05T00:49:27.183-0300] {logging_mixin.py:190} INFO - [2024-11-05T00:49:27.183-0300] {dag.py:4180} INFO - Setting next_dagrun for example_workday_timetable to 2021-01-04 00:00:00+00:00, run_after=2021-01-05 00:00:00+00:00
[2024-11-05T00:49:27.198-0300] {processor.py:208} INFO - Processing /home/lucaires/anaconda3/envs/venv_airflow/lib/python3.12/site-packages/airflow/example_dags/example_workday_timetable.py took 0.212 seconds
[2024-11-05T00:50:27.269-0300] {processor.py:186} INFO - Started process (PID=6337) to work on /home/lucaires/anaconda3/envs/venv_airflow/lib/python3.12/site-packages/airflow/example_dags/example_workday_timetable.py
[2024-11-05T00:50:27.273-0300] {processor.py:914} INFO - Processing file /home/lucaires/anaconda3/envs/venv_airflow/lib/python3.12/site-packages/airflow/example_dags/example_workday_timetable.py for tasks to queue
[2024-11-05T00:50:27.275-0300] {logging_mixin.py:190} INFO - [2024-11-05T00:50:27.275-0300] {dagbag.py:588} INFO - Filling up the DagBag from /home/lucaires/anaconda3/envs/venv_airflow/lib/python3.12/site-packages/airflow/example_dags/example_workday_timetable.py
[2024-11-05T00:50:27.279-0300] {processor.py:925} INFO - DAG(s) 'example_workday_timetable' retrieved from /home/lucaires/anaconda3/envs/venv_airflow/lib/python3.12/site-packages/airflow/example_dags/example_workday_timetable.py
[2024-11-05T00:50:27.291-0300] {logging_mixin.py:190} INFO - [2024-11-05T00:50:27.291-0300] {dag.py:3239} INFO - Sync 1 DAGs
[2024-11-05T00:50:27.329-0300] {logging_mixin.py:190} INFO - [2024-11-05T00:50:27.329-0300] {dag.py:4180} INFO - Setting next_dagrun for example_workday_timetable to 2021-01-04 00:00:00+00:00, run_after=2021-01-05 00:00:00+00:00
[2024-11-05T00:50:27.346-0300] {processor.py:208} INFO - Processing /home/lucaires/anaconda3/envs/venv_airflow/lib/python3.12/site-packages/airflow/example_dags/example_workday_timetable.py took 0.081 seconds
