[2024-11-05T00:49:49.318-0300] {processor.py:186} INFO - Started process (PID=5815) to work on /home/lucaires/anaconda3/envs/venv_airflow/lib/python3.12/site-packages/airflow/example_dags/example_latest_only.py
[2024-11-05T00:49:49.319-0300] {processor.py:914} INFO - Processing file /home/lucaires/anaconda3/envs/venv_airflow/lib/python3.12/site-packages/airflow/example_dags/example_latest_only.py for tasks to queue
[2024-11-05T00:49:49.320-0300] {logging_mixin.py:190} INFO - [2024-11-05T00:49:49.320-0300] {dagbag.py:588} INFO - Filling up the DagBag from /home/lucaires/anaconda3/envs/venv_airflow/lib/python3.12/site-packages/airflow/example_dags/example_latest_only.py
[2024-11-05T00:49:49.328-0300] {processor.py:925} INFO - DAG(s) 'latest_only' retrieved from /home/lucaires/anaconda3/envs/venv_airflow/lib/python3.12/site-packages/airflow/example_dags/example_latest_only.py
[2024-11-05T00:49:49.411-0300] {logging_mixin.py:190} INFO - [2024-11-05T00:49:49.410-0300] {override.py:1900} INFO - Created Permission View: can edit on DAG:latest_only
[2024-11-05T00:49:49.422-0300] {logging_mixin.py:190} INFO - [2024-11-05T00:49:49.421-0300] {override.py:1900} INFO - Created Permission View: can read on DAG:latest_only
[2024-11-05T00:49:49.429-0300] {logging_mixin.py:190} INFO - [2024-11-05T00:49:49.428-0300] {override.py:1900} INFO - Created Permission View: can delete on DAG:latest_only
[2024-11-05T00:49:49.440-0300] {logging_mixin.py:190} INFO - [2024-11-05T00:49:49.440-0300] {override.py:1900} INFO - Created Permission View: can create on DAG Run:latest_only
[2024-11-05T00:49:49.447-0300] {logging_mixin.py:190} INFO - [2024-11-05T00:49:49.447-0300] {override.py:1900} INFO - Created Permission View: menu access on DAG Run:latest_only
[2024-11-05T00:49:49.454-0300] {logging_mixin.py:190} INFO - [2024-11-05T00:49:49.453-0300] {override.py:1900} INFO - Created Permission View: can read on DAG Run:latest_only
[2024-11-05T00:49:49.460-0300] {logging_mixin.py:190} INFO - [2024-11-05T00:49:49.460-0300] {override.py:1900} INFO - Created Permission View: can delete on DAG Run:latest_only
[2024-11-05T00:49:49.460-0300] {logging_mixin.py:190} INFO - [2024-11-05T00:49:49.460-0300] {dag.py:3239} INFO - Sync 1 DAGs
[2024-11-05T00:49:49.470-0300] {logging_mixin.py:190} INFO - [2024-11-05T00:49:49.470-0300] {dag.py:3262} INFO - Creating ORM DAG for latest_only
[2024-11-05T00:49:49.476-0300] {logging_mixin.py:190} INFO - [2024-11-05T00:49:49.475-0300] {dag.py:4180} INFO - Setting next_dagrun for latest_only to 2024-11-04 20:00:00+00:00, run_after=2024-11-05 00:00:00+00:00
[2024-11-05T00:49:49.492-0300] {processor.py:208} INFO - Processing /home/lucaires/anaconda3/envs/venv_airflow/lib/python3.12/site-packages/airflow/example_dags/example_latest_only.py took 0.179 seconds
[2024-11-05T00:50:49.990-0300] {processor.py:186} INFO - Started process (PID=6645) to work on /home/lucaires/anaconda3/envs/venv_airflow/lib/python3.12/site-packages/airflow/example_dags/example_latest_only.py
[2024-11-05T00:50:49.994-0300] {processor.py:914} INFO - Processing file /home/lucaires/anaconda3/envs/venv_airflow/lib/python3.12/site-packages/airflow/example_dags/example_latest_only.py for tasks to queue
[2024-11-05T00:50:49.996-0300] {logging_mixin.py:190} INFO - [2024-11-05T00:50:49.996-0300] {dagbag.py:588} INFO - Filling up the DagBag from /home/lucaires/anaconda3/envs/venv_airflow/lib/python3.12/site-packages/airflow/example_dags/example_latest_only.py
[2024-11-05T00:50:50.002-0300] {processor.py:925} INFO - DAG(s) 'latest_only' retrieved from /home/lucaires/anaconda3/envs/venv_airflow/lib/python3.12/site-packages/airflow/example_dags/example_latest_only.py
[2024-11-05T00:50:50.015-0300] {logging_mixin.py:190} INFO - [2024-11-05T00:50:50.015-0300] {dag.py:3239} INFO - Sync 1 DAGs
[2024-11-05T00:50:50.030-0300] {logging_mixin.py:190} INFO - [2024-11-05T00:50:50.030-0300] {dag.py:4180} INFO - Setting next_dagrun for latest_only to 2024-11-04 20:00:00+00:00, run_after=2024-11-05 00:00:00+00:00
[2024-11-05T00:50:50.047-0300] {processor.py:208} INFO - Processing /home/lucaires/anaconda3/envs/venv_airflow/lib/python3.12/site-packages/airflow/example_dags/example_latest_only.py took 0.061 seconds
