[2024-11-05T00:49:53.316-0300] {processor.py:186} INFO - Started process (PID=5846) to work on /home/lucaires/anaconda3/envs/venv_airflow/lib/python3.12/site-packages/airflow/example_dags/example_latest_only_with_trigger.py
[2024-11-05T00:49:53.317-0300] {processor.py:914} INFO - Processing file /home/lucaires/anaconda3/envs/venv_airflow/lib/python3.12/site-packages/airflow/example_dags/example_latest_only_with_trigger.py for tasks to queue
[2024-11-05T00:49:53.321-0300] {logging_mixin.py:190} INFO - [2024-11-05T00:49:53.320-0300] {dagbag.py:588} INFO - Filling up the DagBag from /home/lucaires/anaconda3/envs/venv_airflow/lib/python3.12/site-packages/airflow/example_dags/example_latest_only_with_trigger.py
[2024-11-05T00:49:53.327-0300] {processor.py:925} INFO - DAG(s) 'latest_only_with_trigger' retrieved from /home/lucaires/anaconda3/envs/venv_airflow/lib/python3.12/site-packages/airflow/example_dags/example_latest_only_with_trigger.py
[2024-11-05T00:49:53.420-0300] {logging_mixin.py:190} INFO - [2024-11-05T00:49:53.419-0300] {override.py:1900} INFO - Created Permission View: can edit on DAG:latest_only_with_trigger
[2024-11-05T00:49:53.428-0300] {logging_mixin.py:190} INFO - [2024-11-05T00:49:53.428-0300] {override.py:1900} INFO - Created Permission View: can read on DAG:latest_only_with_trigger
[2024-11-05T00:49:53.435-0300] {logging_mixin.py:190} INFO - [2024-11-05T00:49:53.435-0300] {override.py:1900} INFO - Created Permission View: can delete on DAG:latest_only_with_trigger
[2024-11-05T00:49:53.445-0300] {logging_mixin.py:190} INFO - [2024-11-05T00:49:53.445-0300] {override.py:1900} INFO - Created Permission View: can create on DAG Run:latest_only_with_trigger
[2024-11-05T00:49:53.451-0300] {logging_mixin.py:190} INFO - [2024-11-05T00:49:53.451-0300] {override.py:1900} INFO - Created Permission View: menu access on DAG Run:latest_only_with_trigger
[2024-11-05T00:49:53.458-0300] {logging_mixin.py:190} INFO - [2024-11-05T00:49:53.457-0300] {override.py:1900} INFO - Created Permission View: can read on DAG Run:latest_only_with_trigger
[2024-11-05T00:49:53.464-0300] {logging_mixin.py:190} INFO - [2024-11-05T00:49:53.464-0300] {override.py:1900} INFO - Created Permission View: can delete on DAG Run:latest_only_with_trigger
[2024-11-05T00:49:53.465-0300] {logging_mixin.py:190} INFO - [2024-11-05T00:49:53.464-0300] {dag.py:3239} INFO - Sync 1 DAGs
[2024-11-05T00:49:53.474-0300] {logging_mixin.py:190} INFO - [2024-11-05T00:49:53.474-0300] {dag.py:3262} INFO - Creating ORM DAG for latest_only_with_trigger
[2024-11-05T00:49:53.481-0300] {logging_mixin.py:190} INFO - [2024-11-05T00:49:53.480-0300] {dag.py:4180} INFO - Setting next_dagrun for latest_only_with_trigger to 2024-11-04 20:00:00+00:00, run_after=2024-11-05 00:00:00+00:00
[2024-11-05T00:49:53.499-0300] {processor.py:208} INFO - Processing /home/lucaires/anaconda3/envs/venv_airflow/lib/python3.12/site-packages/airflow/example_dags/example_latest_only_with_trigger.py took 0.188 seconds
[2024-11-05T00:50:53.310-0300] {processor.py:186} INFO - Started process (PID=6676) to work on /home/lucaires/anaconda3/envs/venv_airflow/lib/python3.12/site-packages/airflow/example_dags/example_latest_only_with_trigger.py
[2024-11-05T00:50:53.311-0300] {processor.py:914} INFO - Processing file /home/lucaires/anaconda3/envs/venv_airflow/lib/python3.12/site-packages/airflow/example_dags/example_latest_only_with_trigger.py for tasks to queue
[2024-11-05T00:50:53.312-0300] {logging_mixin.py:190} INFO - [2024-11-05T00:50:53.312-0300] {dagbag.py:588} INFO - Filling up the DagBag from /home/lucaires/anaconda3/envs/venv_airflow/lib/python3.12/site-packages/airflow/example_dags/example_latest_only_with_trigger.py
[2024-11-05T00:50:53.319-0300] {processor.py:925} INFO - DAG(s) 'latest_only_with_trigger' retrieved from /home/lucaires/anaconda3/envs/venv_airflow/lib/python3.12/site-packages/airflow/example_dags/example_latest_only_with_trigger.py
[2024-11-05T00:50:53.332-0300] {logging_mixin.py:190} INFO - [2024-11-05T00:50:53.331-0300] {dag.py:3239} INFO - Sync 1 DAGs
[2024-11-05T00:50:53.345-0300] {logging_mixin.py:190} INFO - [2024-11-05T00:50:53.345-0300] {dag.py:4180} INFO - Setting next_dagrun for latest_only_with_trigger to 2024-11-04 20:00:00+00:00, run_after=2024-11-05 00:00:00+00:00
[2024-11-05T00:50:53.361-0300] {processor.py:208} INFO - Processing /home/lucaires/anaconda3/envs/venv_airflow/lib/python3.12/site-packages/airflow/example_dags/example_latest_only_with_trigger.py took 0.055 seconds
