[2024-11-05T00:49:22.997-0300] {processor.py:186} INFO - Started process (PID=5398) to work on /home/lucaires/anaconda3/envs/venv_airflow/lib/python3.12/site-packages/airflow/example_dags/example_sla_dag.py
[2024-11-05T00:49:22.997-0300] {processor.py:914} INFO - Processing file /home/lucaires/anaconda3/envs/venv_airflow/lib/python3.12/site-packages/airflow/example_dags/example_sla_dag.py for tasks to queue
[2024-11-05T00:49:22.999-0300] {logging_mixin.py:190} INFO - [2024-11-05T00:49:22.999-0300] {dagbag.py:588} INFO - Filling up the DagBag from /home/lucaires/anaconda3/envs/venv_airflow/lib/python3.12/site-packages/airflow/example_dags/example_sla_dag.py
[2024-11-05T00:49:23.011-0300] {processor.py:925} INFO - DAG(s) 'example_sla_dag' retrieved from /home/lucaires/anaconda3/envs/venv_airflow/lib/python3.12/site-packages/airflow/example_dags/example_sla_dag.py
[2024-11-05T00:49:23.094-0300] {logging_mixin.py:190} INFO - [2024-11-05T00:49:23.093-0300] {override.py:1900} INFO - Created Permission View: can edit on DAG:example_sla_dag
[2024-11-05T00:49:23.103-0300] {logging_mixin.py:190} INFO - [2024-11-05T00:49:23.103-0300] {override.py:1900} INFO - Created Permission View: can read on DAG:example_sla_dag
[2024-11-05T00:49:23.110-0300] {logging_mixin.py:190} INFO - [2024-11-05T00:49:23.110-0300] {override.py:1900} INFO - Created Permission View: can delete on DAG:example_sla_dag
[2024-11-05T00:49:23.121-0300] {logging_mixin.py:190} INFO - [2024-11-05T00:49:23.121-0300] {override.py:1900} INFO - Created Permission View: can create on DAG Run:example_sla_dag
[2024-11-05T00:49:23.127-0300] {logging_mixin.py:190} INFO - [2024-11-05T00:49:23.127-0300] {override.py:1900} INFO - Created Permission View: menu access on DAG Run:example_sla_dag
[2024-11-05T00:49:23.134-0300] {logging_mixin.py:190} INFO - [2024-11-05T00:49:23.133-0300] {override.py:1900} INFO - Created Permission View: can read on DAG Run:example_sla_dag
[2024-11-05T00:49:23.140-0300] {logging_mixin.py:190} INFO - [2024-11-05T00:49:23.140-0300] {override.py:1900} INFO - Created Permission View: can delete on DAG Run:example_sla_dag
[2024-11-05T00:49:23.140-0300] {logging_mixin.py:190} INFO - [2024-11-05T00:49:23.140-0300] {dag.py:3239} INFO - Sync 1 DAGs
[2024-11-05T00:49:23.149-0300] {logging_mixin.py:190} INFO - [2024-11-05T00:49:23.149-0300] {dag.py:3262} INFO - Creating ORM DAG for example_sla_dag
[2024-11-05T00:49:23.157-0300] {logging_mixin.py:190} INFO - [2024-11-05T00:49:23.157-0300] {dag.py:4180} INFO - Setting next_dagrun for example_sla_dag to 2024-11-05 03:46:00+00:00, run_after=2024-11-05 03:48:00+00:00
[2024-11-05T00:49:23.173-0300] {processor.py:208} INFO - Processing /home/lucaires/anaconda3/envs/venv_airflow/lib/python3.12/site-packages/airflow/example_dags/example_sla_dag.py took 0.181 seconds
[2024-11-05T00:50:22.885-0300] {processor.py:186} INFO - Started process (PID=6285) to work on /home/lucaires/anaconda3/envs/venv_airflow/lib/python3.12/site-packages/airflow/example_dags/example_sla_dag.py
[2024-11-05T00:50:22.886-0300] {processor.py:914} INFO - Processing file /home/lucaires/anaconda3/envs/venv_airflow/lib/python3.12/site-packages/airflow/example_dags/example_sla_dag.py for tasks to queue
[2024-11-05T00:50:22.888-0300] {logging_mixin.py:190} INFO - [2024-11-05T00:50:22.887-0300] {dagbag.py:588} INFO - Filling up the DagBag from /home/lucaires/anaconda3/envs/venv_airflow/lib/python3.12/site-packages/airflow/example_dags/example_sla_dag.py
[2024-11-05T00:50:22.899-0300] {processor.py:925} INFO - DAG(s) 'example_sla_dag' retrieved from /home/lucaires/anaconda3/envs/venv_airflow/lib/python3.12/site-packages/airflow/example_dags/example_sla_dag.py
[2024-11-05T00:50:22.912-0300] {logging_mixin.py:190} INFO - [2024-11-05T00:50:22.912-0300] {dag.py:3239} INFO - Sync 1 DAGs
[2024-11-05T00:50:22.930-0300] {logging_mixin.py:190} INFO - [2024-11-05T00:50:22.930-0300] {dag.py:4180} INFO - Setting next_dagrun for example_sla_dag to 2024-11-05 03:48:00+00:00, run_after=2024-11-05 03:50:00+00:00
[2024-11-05T00:50:22.949-0300] {processor.py:208} INFO - Processing /home/lucaires/anaconda3/envs/venv_airflow/lib/python3.12/site-packages/airflow/example_dags/example_sla_dag.py took 0.069 seconds
