[2024-11-05T00:49:34.817-0300] {processor.py:186} INFO - Started process (PID=5581) to work on /home/lucaires/anaconda3/envs/venv_airflow/lib/python3.12/site-packages/airflow/example_dags/example_skip_dag.py
[2024-11-05T00:49:34.817-0300] {processor.py:914} INFO - Processing file /home/lucaires/anaconda3/envs/venv_airflow/lib/python3.12/site-packages/airflow/example_dags/example_skip_dag.py for tasks to queue
[2024-11-05T00:49:34.819-0300] {logging_mixin.py:190} INFO - [2024-11-05T00:49:34.818-0300] {dagbag.py:588} INFO - Filling up the DagBag from /home/lucaires/anaconda3/envs/venv_airflow/lib/python3.12/site-packages/airflow/example_dags/example_skip_dag.py
[2024-11-05T00:49:34.825-0300] {processor.py:925} INFO - DAG(s) 'example_skip_dag' retrieved from /home/lucaires/anaconda3/envs/venv_airflow/lib/python3.12/site-packages/airflow/example_dags/example_skip_dag.py
[2024-11-05T00:49:34.900-0300] {logging_mixin.py:190} INFO - [2024-11-05T00:49:34.899-0300] {override.py:1900} INFO - Created Permission View: can edit on DAG:example_skip_dag
[2024-11-05T00:49:34.908-0300] {logging_mixin.py:190} INFO - [2024-11-05T00:49:34.908-0300] {override.py:1900} INFO - Created Permission View: can read on DAG:example_skip_dag
[2024-11-05T00:49:34.918-0300] {logging_mixin.py:190} INFO - [2024-11-05T00:49:34.918-0300] {override.py:1900} INFO - Created Permission View: can delete on DAG:example_skip_dag
[2024-11-05T00:49:34.928-0300] {logging_mixin.py:190} INFO - [2024-11-05T00:49:34.928-0300] {override.py:1900} INFO - Created Permission View: can create on DAG Run:example_skip_dag
[2024-11-05T00:49:34.934-0300] {logging_mixin.py:190} INFO - [2024-11-05T00:49:34.933-0300] {override.py:1900} INFO - Created Permission View: menu access on DAG Run:example_skip_dag
[2024-11-05T00:49:34.939-0300] {logging_mixin.py:190} INFO - [2024-11-05T00:49:34.939-0300] {override.py:1900} INFO - Created Permission View: can read on DAG Run:example_skip_dag
[2024-11-05T00:49:34.945-0300] {logging_mixin.py:190} INFO - [2024-11-05T00:49:34.945-0300] {override.py:1900} INFO - Created Permission View: can delete on DAG Run:example_skip_dag
[2024-11-05T00:49:34.945-0300] {logging_mixin.py:190} INFO - [2024-11-05T00:49:34.945-0300] {dag.py:3239} INFO - Sync 1 DAGs
[2024-11-05T00:49:34.954-0300] {logging_mixin.py:190} INFO - [2024-11-05T00:49:34.954-0300] {dag.py:3262} INFO - Creating ORM DAG for example_skip_dag
[2024-11-05T00:49:34.959-0300] {logging_mixin.py:190} INFO - [2024-11-05T00:49:34.959-0300] {dag.py:4180} INFO - Setting next_dagrun for example_skip_dag to 2024-11-04 00:00:00+00:00, run_after=2024-11-05 00:00:00+00:00
[2024-11-05T00:49:34.973-0300] {processor.py:208} INFO - Processing /home/lucaires/anaconda3/envs/venv_airflow/lib/python3.12/site-packages/airflow/example_dags/example_skip_dag.py took 0.161 seconds
[2024-11-05T00:50:33.028-0300] {processor.py:186} INFO - Started process (PID=6477) to work on /home/lucaires/anaconda3/envs/venv_airflow/lib/python3.12/site-packages/airflow/example_dags/example_skip_dag.py
[2024-11-05T00:50:33.032-0300] {processor.py:914} INFO - Processing file /home/lucaires/anaconda3/envs/venv_airflow/lib/python3.12/site-packages/airflow/example_dags/example_skip_dag.py for tasks to queue
[2024-11-05T00:50:33.034-0300] {logging_mixin.py:190} INFO - [2024-11-05T00:50:33.033-0300] {dagbag.py:588} INFO - Filling up the DagBag from /home/lucaires/anaconda3/envs/venv_airflow/lib/python3.12/site-packages/airflow/example_dags/example_skip_dag.py
[2024-11-05T00:50:33.040-0300] {processor.py:925} INFO - DAG(s) 'example_skip_dag' retrieved from /home/lucaires/anaconda3/envs/venv_airflow/lib/python3.12/site-packages/airflow/example_dags/example_skip_dag.py
[2024-11-05T00:50:33.054-0300] {logging_mixin.py:190} INFO - [2024-11-05T00:50:33.054-0300] {dag.py:3239} INFO - Sync 1 DAGs
[2024-11-05T00:50:33.070-0300] {logging_mixin.py:190} INFO - [2024-11-05T00:50:33.070-0300] {dag.py:4180} INFO - Setting next_dagrun for example_skip_dag to 2024-11-04 00:00:00+00:00, run_after=2024-11-05 00:00:00+00:00
[2024-11-05T00:50:33.088-0300] {processor.py:208} INFO - Processing /home/lucaires/anaconda3/envs/venv_airflow/lib/python3.12/site-packages/airflow/example_dags/example_skip_dag.py took 0.064 seconds
