[2024-11-05T00:50:11.741-0300] {processor.py:186} INFO - Started process (PID=6153) to work on /home/lucaires/anaconda3/envs/venv_airflow/lib/python3.12/site-packages/airflow/example_dags/example_bash_decorator.py
[2024-11-05T00:50:11.741-0300] {processor.py:914} INFO - Processing file /home/lucaires/anaconda3/envs/venv_airflow/lib/python3.12/site-packages/airflow/example_dags/example_bash_decorator.py for tasks to queue
[2024-11-05T00:50:11.743-0300] {logging_mixin.py:190} INFO - [2024-11-05T00:50:11.743-0300] {dagbag.py:588} INFO - Filling up the DagBag from /home/lucaires/anaconda3/envs/venv_airflow/lib/python3.12/site-packages/airflow/example_dags/example_bash_decorator.py
[2024-11-05T00:50:11.754-0300] {processor.py:925} INFO - DAG(s) 'example_bash_decorator' retrieved from /home/lucaires/anaconda3/envs/venv_airflow/lib/python3.12/site-packages/airflow/example_dags/example_bash_decorator.py
[2024-11-05T00:50:11.831-0300] {logging_mixin.py:190} INFO - [2024-11-05T00:50:11.830-0300] {override.py:1900} INFO - Created Permission View: can edit on DAG:example_bash_decorator
[2024-11-05T00:50:11.840-0300] {logging_mixin.py:190} INFO - [2024-11-05T00:50:11.839-0300] {override.py:1900} INFO - Created Permission View: can read on DAG:example_bash_decorator
[2024-11-05T00:50:11.846-0300] {logging_mixin.py:190} INFO - [2024-11-05T00:50:11.846-0300] {override.py:1900} INFO - Created Permission View: can delete on DAG:example_bash_decorator
[2024-11-05T00:50:11.856-0300] {logging_mixin.py:190} INFO - [2024-11-05T00:50:11.855-0300] {override.py:1900} INFO - Created Permission View: can create on DAG Run:example_bash_decorator
[2024-11-05T00:50:11.862-0300] {logging_mixin.py:190} INFO - [2024-11-05T00:50:11.862-0300] {override.py:1900} INFO - Created Permission View: menu access on DAG Run:example_bash_decorator
[2024-11-05T00:50:11.868-0300] {logging_mixin.py:190} INFO - [2024-11-05T00:50:11.868-0300] {override.py:1900} INFO - Created Permission View: can read on DAG Run:example_bash_decorator
[2024-11-05T00:50:11.875-0300] {logging_mixin.py:190} INFO - [2024-11-05T00:50:11.874-0300] {override.py:1900} INFO - Created Permission View: can delete on DAG Run:example_bash_decorator
[2024-11-05T00:50:11.875-0300] {logging_mixin.py:190} INFO - [2024-11-05T00:50:11.875-0300] {dag.py:3239} INFO - Sync 1 DAGs
[2024-11-05T00:50:11.883-0300] {logging_mixin.py:190} INFO - [2024-11-05T00:50:11.883-0300] {dag.py:3262} INFO - Creating ORM DAG for example_bash_decorator
[2024-11-05T00:50:11.884-0300] {logging_mixin.py:190} INFO - [2024-11-05T00:50:11.884-0300] {dag.py:4180} INFO - Setting next_dagrun for example_bash_decorator to None, run_after=None
[2024-11-05T00:50:11.898-0300] {processor.py:208} INFO - Processing /home/lucaires/anaconda3/envs/venv_airflow/lib/python3.12/site-packages/airflow/example_dags/example_bash_decorator.py took 0.161 seconds
[2024-11-05T00:51:07.163-0300] {processor.py:186} INFO - Started process (PID=6871) to work on /home/lucaires/anaconda3/envs/venv_airflow/lib/python3.12/site-packages/airflow/example_dags/example_bash_decorator.py
[2024-11-05T00:51:07.164-0300] {processor.py:914} INFO - Processing file /home/lucaires/anaconda3/envs/venv_airflow/lib/python3.12/site-packages/airflow/example_dags/example_bash_decorator.py for tasks to queue
[2024-11-05T00:51:07.167-0300] {logging_mixin.py:190} INFO - [2024-11-05T00:51:07.166-0300] {dagbag.py:588} INFO - Filling up the DagBag from /home/lucaires/anaconda3/envs/venv_airflow/lib/python3.12/site-packages/airflow/example_dags/example_bash_decorator.py
[2024-11-05T00:51:07.185-0300] {processor.py:925} INFO - DAG(s) 'example_bash_decorator' retrieved from /home/lucaires/anaconda3/envs/venv_airflow/lib/python3.12/site-packages/airflow/example_dags/example_bash_decorator.py
[2024-11-05T00:51:07.205-0300] {logging_mixin.py:190} INFO - [2024-11-05T00:51:07.205-0300] {dag.py:3239} INFO - Sync 1 DAGs
[2024-11-05T00:51:07.231-0300] {logging_mixin.py:190} INFO - [2024-11-05T00:51:07.230-0300] {dag.py:4180} INFO - Setting next_dagrun for example_bash_decorator to None, run_after=None
[2024-11-05T00:51:07.263-0300] {processor.py:208} INFO - Processing /home/lucaires/anaconda3/envs/venv_airflow/lib/python3.12/site-packages/airflow/example_dags/example_bash_decorator.py took 0.105 seconds
