[2024-11-05T00:50:09.254-0300] {processor.py:186} INFO - Started process (PID=6140) to work on /home/lucaires/anaconda3/envs/venv_airflow/lib/python3.12/site-packages/airflow/example_dags/example_dataset_alias_with_no_taskflow.py
[2024-11-05T00:50:09.254-0300] {processor.py:914} INFO - Processing file /home/lucaires/anaconda3/envs/venv_airflow/lib/python3.12/site-packages/airflow/example_dags/example_dataset_alias_with_no_taskflow.py for tasks to queue
[2024-11-05T00:50:09.256-0300] {logging_mixin.py:190} INFO - [2024-11-05T00:50:09.256-0300] {dagbag.py:588} INFO - Filling up the DagBag from /home/lucaires/anaconda3/envs/venv_airflow/lib/python3.12/site-packages/airflow/example_dags/example_dataset_alias_with_no_taskflow.py
[2024-11-05T00:50:09.270-0300] {processor.py:925} INFO - DAG(s) 'dataset_s3_bucket_producer_with_no_taskflow', 'dataset_alias_example_alias_consumer_with_no_taskflow', 'dataset_alias_example_alias_producer_with_no_taskflow', 'dataset_s3_bucket_consumer_with_no_taskflow' retrieved from /home/lucaires/anaconda3/envs/venv_airflow/lib/python3.12/site-packages/airflow/example_dags/example_dataset_alias_with_no_taskflow.py
[2024-11-05T00:50:09.342-0300] {logging_mixin.py:190} INFO - [2024-11-05T00:50:09.341-0300] {override.py:1900} INFO - Created Permission View: can edit on DAG:dataset_s3_bucket_producer_with_no_taskflow
[2024-11-05T00:50:09.350-0300] {logging_mixin.py:190} INFO - [2024-11-05T00:50:09.350-0300] {override.py:1900} INFO - Created Permission View: can read on DAG:dataset_s3_bucket_producer_with_no_taskflow
[2024-11-05T00:50:09.357-0300] {logging_mixin.py:190} INFO - [2024-11-05T00:50:09.356-0300] {override.py:1900} INFO - Created Permission View: can delete on DAG:dataset_s3_bucket_producer_with_no_taskflow
[2024-11-05T00:50:09.367-0300] {logging_mixin.py:190} INFO - [2024-11-05T00:50:09.367-0300] {override.py:1900} INFO - Created Permission View: can create on DAG Run:dataset_s3_bucket_producer_with_no_taskflow
[2024-11-05T00:50:09.374-0300] {logging_mixin.py:190} INFO - [2024-11-05T00:50:09.373-0300] {override.py:1900} INFO - Created Permission View: menu access on DAG Run:dataset_s3_bucket_producer_with_no_taskflow
[2024-11-05T00:50:09.380-0300] {logging_mixin.py:190} INFO - [2024-11-05T00:50:09.380-0300] {override.py:1900} INFO - Created Permission View: can read on DAG Run:dataset_s3_bucket_producer_with_no_taskflow
[2024-11-05T00:50:09.386-0300] {logging_mixin.py:190} INFO - [2024-11-05T00:50:09.386-0300] {override.py:1900} INFO - Created Permission View: can delete on DAG Run:dataset_s3_bucket_producer_with_no_taskflow
[2024-11-05T00:50:09.399-0300] {logging_mixin.py:190} INFO - [2024-11-05T00:50:09.399-0300] {override.py:1900} INFO - Created Permission View: can edit on DAG:dataset_alias_example_alias_consumer_with_no_taskflow
[2024-11-05T00:50:09.406-0300] {logging_mixin.py:190} INFO - [2024-11-05T00:50:09.405-0300] {override.py:1900} INFO - Created Permission View: can read on DAG:dataset_alias_example_alias_consumer_with_no_taskflow
[2024-11-05T00:50:09.412-0300] {logging_mixin.py:190} INFO - [2024-11-05T00:50:09.411-0300] {override.py:1900} INFO - Created Permission View: can delete on DAG:dataset_alias_example_alias_consumer_with_no_taskflow
[2024-11-05T00:50:09.421-0300] {logging_mixin.py:190} INFO - [2024-11-05T00:50:09.421-0300] {override.py:1900} INFO - Created Permission View: can create on DAG Run:dataset_alias_example_alias_consumer_with_no_taskflow
[2024-11-05T00:50:09.427-0300] {logging_mixin.py:190} INFO - [2024-11-05T00:50:09.427-0300] {override.py:1900} INFO - Created Permission View: menu access on DAG Run:dataset_alias_example_alias_consumer_with_no_taskflow
[2024-11-05T00:50:09.433-0300] {logging_mixin.py:190} INFO - [2024-11-05T00:50:09.433-0300] {override.py:1900} INFO - Created Permission View: can read on DAG Run:dataset_alias_example_alias_consumer_with_no_taskflow
[2024-11-05T00:50:09.440-0300] {logging_mixin.py:190} INFO - [2024-11-05T00:50:09.440-0300] {override.py:1900} INFO - Created Permission View: can delete on DAG Run:dataset_alias_example_alias_consumer_with_no_taskflow
[2024-11-05T00:50:09.454-0300] {logging_mixin.py:190} INFO - [2024-11-05T00:50:09.454-0300] {override.py:1900} INFO - Created Permission View: can edit on DAG:dataset_alias_example_alias_producer_with_no_taskflow
[2024-11-05T00:50:09.460-0300] {logging_mixin.py:190} INFO - [2024-11-05T00:50:09.460-0300] {override.py:1900} INFO - Created Permission View: can read on DAG:dataset_alias_example_alias_producer_with_no_taskflow
[2024-11-05T00:50:09.466-0300] {logging_mixin.py:190} INFO - [2024-11-05T00:50:09.466-0300] {override.py:1900} INFO - Created Permission View: can delete on DAG:dataset_alias_example_alias_producer_with_no_taskflow
[2024-11-05T00:50:09.476-0300] {logging_mixin.py:190} INFO - [2024-11-05T00:50:09.476-0300] {override.py:1900} INFO - Created Permission View: can create on DAG Run:dataset_alias_example_alias_producer_with_no_taskflow
[2024-11-05T00:50:09.482-0300] {logging_mixin.py:190} INFO - [2024-11-05T00:50:09.482-0300] {override.py:1900} INFO - Created Permission View: menu access on DAG Run:dataset_alias_example_alias_producer_with_no_taskflow
[2024-11-05T00:50:09.488-0300] {logging_mixin.py:190} INFO - [2024-11-05T00:50:09.488-0300] {override.py:1900} INFO - Created Permission View: can read on DAG Run:dataset_alias_example_alias_producer_with_no_taskflow
[2024-11-05T00:50:09.494-0300] {logging_mixin.py:190} INFO - [2024-11-05T00:50:09.494-0300] {override.py:1900} INFO - Created Permission View: can delete on DAG Run:dataset_alias_example_alias_producer_with_no_taskflow
[2024-11-05T00:50:09.507-0300] {logging_mixin.py:190} INFO - [2024-11-05T00:50:09.506-0300] {override.py:1900} INFO - Created Permission View: can edit on DAG:dataset_s3_bucket_consumer_with_no_taskflow
[2024-11-05T00:50:09.513-0300] {logging_mixin.py:190} INFO - [2024-11-05T00:50:09.513-0300] {override.py:1900} INFO - Created Permission View: can read on DAG:dataset_s3_bucket_consumer_with_no_taskflow
[2024-11-05T00:50:09.520-0300] {logging_mixin.py:190} INFO - [2024-11-05T00:50:09.520-0300] {override.py:1900} INFO - Created Permission View: can delete on DAG:dataset_s3_bucket_consumer_with_no_taskflow
[2024-11-05T00:50:09.530-0300] {logging_mixin.py:190} INFO - [2024-11-05T00:50:09.530-0300] {override.py:1900} INFO - Created Permission View: can create on DAG Run:dataset_s3_bucket_consumer_with_no_taskflow
[2024-11-05T00:50:09.538-0300] {logging_mixin.py:190} INFO - [2024-11-05T00:50:09.538-0300] {override.py:1900} INFO - Created Permission View: menu access on DAG Run:dataset_s3_bucket_consumer_with_no_taskflow
[2024-11-05T00:50:09.544-0300] {logging_mixin.py:190} INFO - [2024-11-05T00:50:09.544-0300] {override.py:1900} INFO - Created Permission View: can read on DAG Run:dataset_s3_bucket_consumer_with_no_taskflow
[2024-11-05T00:50:09.550-0300] {logging_mixin.py:190} INFO - [2024-11-05T00:50:09.550-0300] {override.py:1900} INFO - Created Permission View: can delete on DAG Run:dataset_s3_bucket_consumer_with_no_taskflow
[2024-11-05T00:50:09.550-0300] {logging_mixin.py:190} INFO - [2024-11-05T00:50:09.550-0300] {dag.py:3239} INFO - Sync 4 DAGs
[2024-11-05T00:50:09.559-0300] {logging_mixin.py:190} INFO - [2024-11-05T00:50:09.559-0300] {dag.py:3262} INFO - Creating ORM DAG for dataset_alias_example_alias_consumer_with_no_taskflow
[2024-11-05T00:50:09.560-0300] {logging_mixin.py:190} INFO - [2024-11-05T00:50:09.560-0300] {dag.py:3262} INFO - Creating ORM DAG for dataset_alias_example_alias_producer_with_no_taskflow
[2024-11-05T00:50:09.560-0300] {logging_mixin.py:190} INFO - [2024-11-05T00:50:09.560-0300] {dag.py:3262} INFO - Creating ORM DAG for dataset_s3_bucket_producer_with_no_taskflow
[2024-11-05T00:50:09.560-0300] {logging_mixin.py:190} INFO - [2024-11-05T00:50:09.560-0300] {dag.py:3262} INFO - Creating ORM DAG for dataset_s3_bucket_consumer_with_no_taskflow
[2024-11-05T00:50:09.566-0300] {logging_mixin.py:190} INFO - [2024-11-05T00:50:09.566-0300] {dag.py:4180} INFO - Setting next_dagrun for dataset_alias_example_alias_consumer_with_no_taskflow to None, run_after=None
[2024-11-05T00:50:09.566-0300] {logging_mixin.py:190} INFO - [2024-11-05T00:50:09.566-0300] {dag.py:4180} INFO - Setting next_dagrun for dataset_alias_example_alias_producer_with_no_taskflow to None, run_after=None
[2024-11-05T00:50:09.566-0300] {logging_mixin.py:190} INFO - [2024-11-05T00:50:09.566-0300] {dag.py:4180} INFO - Setting next_dagrun for dataset_s3_bucket_consumer_with_no_taskflow to None, run_after=None
[2024-11-05T00:50:09.567-0300] {logging_mixin.py:190} INFO - [2024-11-05T00:50:09.567-0300] {dag.py:4180} INFO - Setting next_dagrun for dataset_s3_bucket_producer_with_no_taskflow to None, run_after=None
[2024-11-05T00:50:09.587-0300] {processor.py:208} INFO - Processing /home/lucaires/anaconda3/envs/venv_airflow/lib/python3.12/site-packages/airflow/example_dags/example_dataset_alias_with_no_taskflow.py took 0.338 seconds
[2024-11-05T00:51:05.728-0300] {processor.py:186} INFO - Started process (PID=6801) to work on /home/lucaires/anaconda3/envs/venv_airflow/lib/python3.12/site-packages/airflow/example_dags/example_dataset_alias_with_no_taskflow.py
[2024-11-05T00:51:05.731-0300] {processor.py:914} INFO - Processing file /home/lucaires/anaconda3/envs/venv_airflow/lib/python3.12/site-packages/airflow/example_dags/example_dataset_alias_with_no_taskflow.py for tasks to queue
[2024-11-05T00:51:05.733-0300] {logging_mixin.py:190} INFO - [2024-11-05T00:51:05.733-0300] {dagbag.py:588} INFO - Filling up the DagBag from /home/lucaires/anaconda3/envs/venv_airflow/lib/python3.12/site-packages/airflow/example_dags/example_dataset_alias_with_no_taskflow.py
[2024-11-05T00:51:05.758-0300] {processor.py:925} INFO - DAG(s) 'dataset_alias_example_alias_consumer_with_no_taskflow', 'dataset_alias_example_alias_producer_with_no_taskflow', 'dataset_s3_bucket_producer_with_no_taskflow', 'dataset_s3_bucket_consumer_with_no_taskflow' retrieved from /home/lucaires/anaconda3/envs/venv_airflow/lib/python3.12/site-packages/airflow/example_dags/example_dataset_alias_with_no_taskflow.py
[2024-11-05T00:51:05.778-0300] {logging_mixin.py:190} INFO - [2024-11-05T00:51:05.778-0300] {dag.py:3239} INFO - Sync 4 DAGs
[2024-11-05T00:51:05.794-0300] {logging_mixin.py:190} INFO - [2024-11-05T00:51:05.794-0300] {dag.py:4180} INFO - Setting next_dagrun for dataset_alias_example_alias_consumer_with_no_taskflow to None, run_after=None
[2024-11-05T00:51:05.797-0300] {logging_mixin.py:190} INFO - [2024-11-05T00:51:05.796-0300] {dag.py:4180} INFO - Setting next_dagrun for dataset_alias_example_alias_producer_with_no_taskflow to None, run_after=None
[2024-11-05T00:51:05.798-0300] {logging_mixin.py:190} INFO - [2024-11-05T00:51:05.798-0300] {dag.py:4180} INFO - Setting next_dagrun for dataset_s3_bucket_consumer_with_no_taskflow to None, run_after=None
[2024-11-05T00:51:05.800-0300] {logging_mixin.py:190} INFO - [2024-11-05T00:51:05.799-0300] {dag.py:4180} INFO - Setting next_dagrun for dataset_s3_bucket_producer_with_no_taskflow to None, run_after=None
[2024-11-05T00:51:05.827-0300] {processor.py:208} INFO - Processing /home/lucaires/anaconda3/envs/venv_airflow/lib/python3.12/site-packages/airflow/example_dags/example_dataset_alias_with_no_taskflow.py took 0.106 seconds
