[2024-11-05T00:50:05.253-0300] {processor.py:186} INFO - Started process (PID=6114) to work on /home/lucaires/anaconda3/envs/venv_airflow/lib/python3.12/site-packages/airflow/example_dags/example_branch_day_of_week_operator.py
[2024-11-05T00:50:05.253-0300] {processor.py:914} INFO - Processing file /home/lucaires/anaconda3/envs/venv_airflow/lib/python3.12/site-packages/airflow/example_dags/example_branch_day_of_week_operator.py for tasks to queue
[2024-11-05T00:50:05.255-0300] {logging_mixin.py:190} INFO - [2024-11-05T00:50:05.254-0300] {dagbag.py:588} INFO - Filling up the DagBag from /home/lucaires/anaconda3/envs/venv_airflow/lib/python3.12/site-packages/airflow/example_dags/example_branch_day_of_week_operator.py
[2024-11-05T00:50:05.262-0300] {processor.py:925} INFO - DAG(s) 'example_weekday_branch_operator' retrieved from /home/lucaires/anaconda3/envs/venv_airflow/lib/python3.12/site-packages/airflow/example_dags/example_branch_day_of_week_operator.py
[2024-11-05T00:50:05.335-0300] {logging_mixin.py:190} INFO - [2024-11-05T00:50:05.335-0300] {override.py:1900} INFO - Created Permission View: can edit on DAG:example_weekday_branch_operator
[2024-11-05T00:50:05.344-0300] {logging_mixin.py:190} INFO - [2024-11-05T00:50:05.344-0300] {override.py:1900} INFO - Created Permission View: can read on DAG:example_weekday_branch_operator
[2024-11-05T00:50:05.351-0300] {logging_mixin.py:190} INFO - [2024-11-05T00:50:05.351-0300] {override.py:1900} INFO - Created Permission View: can delete on DAG:example_weekday_branch_operator
[2024-11-05T00:50:05.362-0300] {logging_mixin.py:190} INFO - [2024-11-05T00:50:05.361-0300] {override.py:1900} INFO - Created Permission View: can create on DAG Run:example_weekday_branch_operator
[2024-11-05T00:50:05.368-0300] {logging_mixin.py:190} INFO - [2024-11-05T00:50:05.368-0300] {override.py:1900} INFO - Created Permission View: menu access on DAG Run:example_weekday_branch_operator
[2024-11-05T00:50:05.375-0300] {logging_mixin.py:190} INFO - [2024-11-05T00:50:05.374-0300] {override.py:1900} INFO - Created Permission View: can read on DAG Run:example_weekday_branch_operator
[2024-11-05T00:50:05.381-0300] {logging_mixin.py:190} INFO - [2024-11-05T00:50:05.381-0300] {override.py:1900} INFO - Created Permission View: can delete on DAG Run:example_weekday_branch_operator
[2024-11-05T00:50:05.381-0300] {logging_mixin.py:190} INFO - [2024-11-05T00:50:05.381-0300] {dag.py:3239} INFO - Sync 1 DAGs
[2024-11-05T00:50:05.389-0300] {logging_mixin.py:190} INFO - [2024-11-05T00:50:05.389-0300] {dag.py:3262} INFO - Creating ORM DAG for example_weekday_branch_operator
[2024-11-05T00:50:05.395-0300] {logging_mixin.py:190} INFO - [2024-11-05T00:50:05.395-0300] {dag.py:4180} INFO - Setting next_dagrun for example_weekday_branch_operator to 2024-11-04 00:00:00+00:00, run_after=2024-11-05 00:00:00+00:00
[2024-11-05T00:50:05.409-0300] {processor.py:208} INFO - Processing /home/lucaires/anaconda3/envs/venv_airflow/lib/python3.12/site-packages/airflow/example_dags/example_branch_day_of_week_operator.py took 0.161 seconds
[2024-11-05T00:51:03.151-0300] {processor.py:186} INFO - Started process (PID=6757) to work on /home/lucaires/anaconda3/envs/venv_airflow/lib/python3.12/site-packages/airflow/example_dags/example_branch_day_of_week_operator.py
[2024-11-05T00:51:03.155-0300] {processor.py:914} INFO - Processing file /home/lucaires/anaconda3/envs/venv_airflow/lib/python3.12/site-packages/airflow/example_dags/example_branch_day_of_week_operator.py for tasks to queue
[2024-11-05T00:51:03.157-0300] {logging_mixin.py:190} INFO - [2024-11-05T00:51:03.156-0300] {dagbag.py:588} INFO - Filling up the DagBag from /home/lucaires/anaconda3/envs/venv_airflow/lib/python3.12/site-packages/airflow/example_dags/example_branch_day_of_week_operator.py
[2024-11-05T00:51:03.165-0300] {processor.py:925} INFO - DAG(s) 'example_weekday_branch_operator' retrieved from /home/lucaires/anaconda3/envs/venv_airflow/lib/python3.12/site-packages/airflow/example_dags/example_branch_day_of_week_operator.py
[2024-11-05T00:51:03.178-0300] {logging_mixin.py:190} INFO - [2024-11-05T00:51:03.177-0300] {dag.py:3239} INFO - Sync 1 DAGs
[2024-11-05T00:51:03.193-0300] {logging_mixin.py:190} INFO - [2024-11-05T00:51:03.193-0300] {dag.py:4180} INFO - Setting next_dagrun for example_weekday_branch_operator to 2024-11-04 00:00:00+00:00, run_after=2024-11-05 00:00:00+00:00
[2024-11-05T00:51:03.211-0300] {processor.py:208} INFO - Processing /home/lucaires/anaconda3/envs/venv_airflow/lib/python3.12/site-packages/airflow/example_dags/example_branch_day_of_week_operator.py took 0.064 seconds
