[2024-11-05T00:49:38.825-0300] {processor.py:186} INFO - Started process (PID=5657) to work on /home/lucaires/anaconda3/envs/venv_airflow/lib/python3.12/site-packages/airflow/example_dags/example_sensors.py
[2024-11-05T00:49:38.826-0300] {processor.py:914} INFO - Processing file /home/lucaires/anaconda3/envs/venv_airflow/lib/python3.12/site-packages/airflow/example_dags/example_sensors.py for tasks to queue
[2024-11-05T00:49:38.827-0300] {logging_mixin.py:190} INFO - [2024-11-05T00:49:38.827-0300] {dagbag.py:588} INFO - Filling up the DagBag from /home/lucaires/anaconda3/envs/venv_airflow/lib/python3.12/site-packages/airflow/example_dags/example_sensors.py
[2024-11-05T00:49:38.835-0300] {processor.py:925} INFO - DAG(s) 'example_sensors' retrieved from /home/lucaires/anaconda3/envs/venv_airflow/lib/python3.12/site-packages/airflow/example_dags/example_sensors.py
[2024-11-05T00:49:38.917-0300] {logging_mixin.py:190} INFO - [2024-11-05T00:49:38.916-0300] {override.py:1900} INFO - Created Permission View: can edit on DAG:example_sensors
[2024-11-05T00:49:38.925-0300] {logging_mixin.py:190} INFO - [2024-11-05T00:49:38.925-0300] {override.py:1900} INFO - Created Permission View: can read on DAG:example_sensors
[2024-11-05T00:49:38.931-0300] {logging_mixin.py:190} INFO - [2024-11-05T00:49:38.931-0300] {override.py:1900} INFO - Created Permission View: can delete on DAG:example_sensors
[2024-11-05T00:49:38.943-0300] {logging_mixin.py:190} INFO - [2024-11-05T00:49:38.943-0300] {override.py:1900} INFO - Created Permission View: can create on DAG Run:example_sensors
[2024-11-05T00:49:38.949-0300] {logging_mixin.py:190} INFO - [2024-11-05T00:49:38.949-0300] {override.py:1900} INFO - Created Permission View: menu access on DAG Run:example_sensors
[2024-11-05T00:49:38.956-0300] {logging_mixin.py:190} INFO - [2024-11-05T00:49:38.955-0300] {override.py:1900} INFO - Created Permission View: can read on DAG Run:example_sensors
[2024-11-05T00:49:38.962-0300] {logging_mixin.py:190} INFO - [2024-11-05T00:49:38.961-0300] {override.py:1900} INFO - Created Permission View: can delete on DAG Run:example_sensors
[2024-11-05T00:49:38.962-0300] {logging_mixin.py:190} INFO - [2024-11-05T00:49:38.962-0300] {dag.py:3239} INFO - Sync 1 DAGs
[2024-11-05T00:49:38.970-0300] {logging_mixin.py:190} INFO - [2024-11-05T00:49:38.970-0300] {dag.py:3262} INFO - Creating ORM DAG for example_sensors
[2024-11-05T00:49:38.970-0300] {logging_mixin.py:190} INFO - [2024-11-05T00:49:38.970-0300] {dag.py:4180} INFO - Setting next_dagrun for example_sensors to None, run_after=None
[2024-11-05T00:49:38.985-0300] {processor.py:208} INFO - Processing /home/lucaires/anaconda3/envs/venv_airflow/lib/python3.12/site-packages/airflow/example_dags/example_sensors.py took 0.164 seconds
[2024-11-05T00:50:37.554-0300] {processor.py:186} INFO - Started process (PID=6527) to work on /home/lucaires/anaconda3/envs/venv_airflow/lib/python3.12/site-packages/airflow/example_dags/example_sensors.py
[2024-11-05T00:50:37.557-0300] {processor.py:914} INFO - Processing file /home/lucaires/anaconda3/envs/venv_airflow/lib/python3.12/site-packages/airflow/example_dags/example_sensors.py for tasks to queue
[2024-11-05T00:50:37.559-0300] {logging_mixin.py:190} INFO - [2024-11-05T00:50:37.559-0300] {dagbag.py:588} INFO - Filling up the DagBag from /home/lucaires/anaconda3/envs/venv_airflow/lib/python3.12/site-packages/airflow/example_dags/example_sensors.py
[2024-11-05T00:50:37.567-0300] {processor.py:925} INFO - DAG(s) 'example_sensors' retrieved from /home/lucaires/anaconda3/envs/venv_airflow/lib/python3.12/site-packages/airflow/example_dags/example_sensors.py
[2024-11-05T00:50:37.583-0300] {logging_mixin.py:190} INFO - [2024-11-05T00:50:37.582-0300] {dag.py:3239} INFO - Sync 1 DAGs
[2024-11-05T00:50:37.591-0300] {logging_mixin.py:190} INFO - [2024-11-05T00:50:37.591-0300] {dag.py:4180} INFO - Setting next_dagrun for example_sensors to None, run_after=None
[2024-11-05T00:50:37.607-0300] {processor.py:208} INFO - Processing /home/lucaires/anaconda3/envs/venv_airflow/lib/python3.12/site-packages/airflow/example_dags/example_sensors.py took 0.058 seconds
