[2024-11-05T00:49:45.410-0300] {processor.py:186} INFO - Started process (PID=5797) to work on /home/lucaires/anaconda3/envs/venv_airflow/lib/python3.12/site-packages/airflow/example_dags/example_params_trigger_ui.py
[2024-11-05T00:49:45.411-0300] {processor.py:914} INFO - Processing file /home/lucaires/anaconda3/envs/venv_airflow/lib/python3.12/site-packages/airflow/example_dags/example_params_trigger_ui.py for tasks to queue
[2024-11-05T00:49:45.414-0300] {logging_mixin.py:190} INFO - [2024-11-05T00:49:45.413-0300] {dagbag.py:588} INFO - Filling up the DagBag from /home/lucaires/anaconda3/envs/venv_airflow/lib/python3.12/site-packages/airflow/example_dags/example_params_trigger_ui.py
[2024-11-05T00:49:45.427-0300] {processor.py:925} INFO - DAG(s) 'example_params_trigger_ui' retrieved from /home/lucaires/anaconda3/envs/venv_airflow/lib/python3.12/site-packages/airflow/example_dags/example_params_trigger_ui.py
[2024-11-05T00:49:45.549-0300] {logging_mixin.py:190} INFO - [2024-11-05T00:49:45.548-0300] {override.py:1900} INFO - Created Permission View: can edit on DAG:example_params_trigger_ui
[2024-11-05T00:49:45.562-0300] {logging_mixin.py:190} INFO - [2024-11-05T00:49:45.561-0300] {override.py:1900} INFO - Created Permission View: can read on DAG:example_params_trigger_ui
[2024-11-05T00:49:45.571-0300] {logging_mixin.py:190} INFO - [2024-11-05T00:49:45.570-0300] {override.py:1900} INFO - Created Permission View: can delete on DAG:example_params_trigger_ui
[2024-11-05T00:49:45.586-0300] {logging_mixin.py:190} INFO - [2024-11-05T00:49:45.586-0300] {override.py:1900} INFO - Created Permission View: can create on DAG Run:example_params_trigger_ui
[2024-11-05T00:49:45.594-0300] {logging_mixin.py:190} INFO - [2024-11-05T00:49:45.594-0300] {override.py:1900} INFO - Created Permission View: menu access on DAG Run:example_params_trigger_ui
[2024-11-05T00:49:45.600-0300] {logging_mixin.py:190} INFO - [2024-11-05T00:49:45.600-0300] {override.py:1900} INFO - Created Permission View: can read on DAG Run:example_params_trigger_ui
[2024-11-05T00:49:45.606-0300] {logging_mixin.py:190} INFO - [2024-11-05T00:49:45.606-0300] {override.py:1900} INFO - Created Permission View: can delete on DAG Run:example_params_trigger_ui
[2024-11-05T00:49:45.607-0300] {logging_mixin.py:190} INFO - [2024-11-05T00:49:45.607-0300] {dag.py:3239} INFO - Sync 1 DAGs
[2024-11-05T00:49:45.615-0300] {logging_mixin.py:190} INFO - [2024-11-05T00:49:45.615-0300] {dag.py:3262} INFO - Creating ORM DAG for example_params_trigger_ui
[2024-11-05T00:49:45.615-0300] {logging_mixin.py:190} INFO - [2024-11-05T00:49:45.615-0300] {dag.py:4180} INFO - Setting next_dagrun for example_params_trigger_ui to None, run_after=None
[2024-11-05T00:49:45.631-0300] {processor.py:208} INFO - Processing /home/lucaires/anaconda3/envs/venv_airflow/lib/python3.12/site-packages/airflow/example_dags/example_params_trigger_ui.py took 0.225 seconds
[2024-11-05T00:50:45.444-0300] {processor.py:186} INFO - Started process (PID=6621) to work on /home/lucaires/anaconda3/envs/venv_airflow/lib/python3.12/site-packages/airflow/example_dags/example_params_trigger_ui.py
[2024-11-05T00:50:45.448-0300] {processor.py:914} INFO - Processing file /home/lucaires/anaconda3/envs/venv_airflow/lib/python3.12/site-packages/airflow/example_dags/example_params_trigger_ui.py for tasks to queue
[2024-11-05T00:50:45.450-0300] {logging_mixin.py:190} INFO - [2024-11-05T00:50:45.449-0300] {dagbag.py:588} INFO - Filling up the DagBag from /home/lucaires/anaconda3/envs/venv_airflow/lib/python3.12/site-packages/airflow/example_dags/example_params_trigger_ui.py
[2024-11-05T00:50:45.458-0300] {processor.py:925} INFO - DAG(s) 'example_params_trigger_ui' retrieved from /home/lucaires/anaconda3/envs/venv_airflow/lib/python3.12/site-packages/airflow/example_dags/example_params_trigger_ui.py
[2024-11-05T00:50:45.484-0300] {logging_mixin.py:190} INFO - [2024-11-05T00:50:45.483-0300] {dag.py:3239} INFO - Sync 1 DAGs
[2024-11-05T00:50:45.492-0300] {logging_mixin.py:190} INFO - [2024-11-05T00:50:45.492-0300] {dag.py:4180} INFO - Setting next_dagrun for example_params_trigger_ui to None, run_after=None
[2024-11-05T00:50:45.508-0300] {processor.py:208} INFO - Processing /home/lucaires/anaconda3/envs/venv_airflow/lib/python3.12/site-packages/airflow/example_dags/example_params_trigger_ui.py took 0.068 seconds
