[2024-11-05T00:49:24.238-0300] {processor.py:186} INFO - Started process (PID=5445) to work on /home/lucaires/anaconda3/envs/venv_airflow/lib/python3.12/site-packages/airflow/example_dags/example_subdag_operator.py
[2024-11-05T00:49:24.239-0300] {processor.py:914} INFO - Processing file /home/lucaires/anaconda3/envs/venv_airflow/lib/python3.12/site-packages/airflow/example_dags/example_subdag_operator.py for tasks to queue
[2024-11-05T00:49:24.241-0300] {logging_mixin.py:190} INFO - [2024-11-05T00:49:24.241-0300] {dagbag.py:588} INFO - Filling up the DagBag from /home/lucaires/anaconda3/envs/venv_airflow/lib/python3.12/site-packages/airflow/example_dags/example_subdag_operator.py
[2024-11-05T00:49:24.262-0300] {processor.py:925} INFO - DAG(s) 'example_subdag_operator.section-1', 'example_subdag_operator.section-2', 'example_subdag_operator' retrieved from /home/lucaires/anaconda3/envs/venv_airflow/lib/python3.12/site-packages/airflow/example_dags/example_subdag_operator.py
[2024-11-05T00:49:24.345-0300] {logging_mixin.py:190} INFO - [2024-11-05T00:49:24.345-0300] {override.py:1900} INFO - Created Permission View: can edit on DAG:example_subdag_operator
[2024-11-05T00:49:24.355-0300] {logging_mixin.py:190} INFO - [2024-11-05T00:49:24.354-0300] {override.py:1900} INFO - Created Permission View: can read on DAG:example_subdag_operator
[2024-11-05T00:49:24.361-0300] {logging_mixin.py:190} INFO - [2024-11-05T00:49:24.361-0300] {override.py:1900} INFO - Created Permission View: can delete on DAG:example_subdag_operator
[2024-11-05T00:49:24.373-0300] {logging_mixin.py:190} INFO - [2024-11-05T00:49:24.373-0300] {override.py:1900} INFO - Created Permission View: can create on DAG Run:example_subdag_operator
[2024-11-05T00:49:24.381-0300] {logging_mixin.py:190} INFO - [2024-11-05T00:49:24.381-0300] {override.py:1900} INFO - Created Permission View: menu access on DAG Run:example_subdag_operator
[2024-11-05T00:49:24.390-0300] {logging_mixin.py:190} INFO - [2024-11-05T00:49:24.390-0300] {override.py:1900} INFO - Created Permission View: can read on DAG Run:example_subdag_operator
[2024-11-05T00:49:24.397-0300] {logging_mixin.py:190} INFO - [2024-11-05T00:49:24.397-0300] {override.py:1900} INFO - Created Permission View: can delete on DAG Run:example_subdag_operator
[2024-11-05T00:49:24.397-0300] {logging_mixin.py:190} INFO - [2024-11-05T00:49:24.397-0300] {dag.py:3239} INFO - Sync 3 DAGs
[2024-11-05T00:49:24.407-0300] {logging_mixin.py:190} INFO - [2024-11-05T00:49:24.407-0300] {dag.py:3262} INFO - Creating ORM DAG for example_subdag_operator
[2024-11-05T00:49:24.408-0300] {logging_mixin.py:190} INFO - [2024-11-05T00:49:24.407-0300] {dag.py:3262} INFO - Creating ORM DAG for example_subdag_operator.section-1
[2024-11-05T00:49:24.408-0300] {logging_mixin.py:190} INFO - [2024-11-05T00:49:24.408-0300] {dag.py:3262} INFO - Creating ORM DAG for example_subdag_operator.section-2
[2024-11-05T00:49:24.414-0300] {logging_mixin.py:190} INFO - [2024-11-05T00:49:24.414-0300] {dag.py:4180} INFO - Setting next_dagrun for example_subdag_operator to 2022-01-01 00:00:00+00:00, run_after=2022-01-01 00:00:00+00:00
[2024-11-05T00:49:24.415-0300] {logging_mixin.py:190} INFO - [2024-11-05T00:49:24.415-0300] {dag.py:4180} INFO - Setting next_dagrun for example_subdag_operator.section-1 to None, run_after=None
[2024-11-05T00:49:24.415-0300] {logging_mixin.py:190} INFO - [2024-11-05T00:49:24.415-0300] {dag.py:4180} INFO - Setting next_dagrun for example_subdag_operator.section-2 to None, run_after=None
[2024-11-05T00:49:24.419-0300] {logging_mixin.py:190} INFO - [2024-11-05T00:49:24.419-0300] {dag.py:3239} INFO - Sync 2 DAGs
[2024-11-05T00:49:24.422-0300] {logging_mixin.py:190} INFO - [2024-11-05T00:49:24.422-0300] {dag.py:4180} INFO - Setting next_dagrun for example_subdag_operator.section-1 to None, run_after=None
[2024-11-05T00:49:24.424-0300] {logging_mixin.py:190} INFO - [2024-11-05T00:49:24.424-0300] {dag.py:4180} INFO - Setting next_dagrun for example_subdag_operator.section-2 to None, run_after=None
[2024-11-05T00:49:24.437-0300] {processor.py:208} INFO - Processing /home/lucaires/anaconda3/envs/venv_airflow/lib/python3.12/site-packages/airflow/example_dags/example_subdag_operator.py took 0.204 seconds
[2024-11-05T00:50:24.026-0300] {processor.py:186} INFO - Started process (PID=6297) to work on /home/lucaires/anaconda3/envs/venv_airflow/lib/python3.12/site-packages/airflow/example_dags/example_subdag_operator.py
[2024-11-05T00:50:24.029-0300] {processor.py:914} INFO - Processing file /home/lucaires/anaconda3/envs/venv_airflow/lib/python3.12/site-packages/airflow/example_dags/example_subdag_operator.py for tasks to queue
[2024-11-05T00:50:24.031-0300] {logging_mixin.py:190} INFO - [2024-11-05T00:50:24.031-0300] {dagbag.py:588} INFO - Filling up the DagBag from /home/lucaires/anaconda3/envs/venv_airflow/lib/python3.12/site-packages/airflow/example_dags/example_subdag_operator.py
[2024-11-05T00:50:24.049-0300] {processor.py:925} INFO - DAG(s) 'example_subdag_operator.section-1', 'example_subdag_operator.section-2', 'example_subdag_operator' retrieved from /home/lucaires/anaconda3/envs/venv_airflow/lib/python3.12/site-packages/airflow/example_dags/example_subdag_operator.py
[2024-11-05T00:50:24.060-0300] {logging_mixin.py:190} INFO - [2024-11-05T00:50:24.060-0300] {dag.py:3239} INFO - Sync 3 DAGs
[2024-11-05T00:50:24.075-0300] {logging_mixin.py:190} INFO - [2024-11-05T00:50:24.075-0300] {dag.py:4180} INFO - Setting next_dagrun for example_subdag_operator to 2022-01-01 00:00:00+00:00, run_after=2022-01-01 00:00:00+00:00
[2024-11-05T00:50:24.078-0300] {logging_mixin.py:190} INFO - [2024-11-05T00:50:24.078-0300] {dag.py:4180} INFO - Setting next_dagrun for example_subdag_operator.section-1 to None, run_after=None
[2024-11-05T00:50:24.079-0300] {logging_mixin.py:190} INFO - [2024-11-05T00:50:24.078-0300] {dag.py:4180} INFO - Setting next_dagrun for example_subdag_operator.section-2 to None, run_after=None
[2024-11-05T00:50:24.083-0300] {logging_mixin.py:190} INFO - [2024-11-05T00:50:24.082-0300] {dag.py:3239} INFO - Sync 2 DAGs
[2024-11-05T00:50:24.085-0300] {logging_mixin.py:190} INFO - [2024-11-05T00:50:24.085-0300] {dag.py:4180} INFO - Setting next_dagrun for example_subdag_operator.section-1 to None, run_after=None
[2024-11-05T00:50:24.085-0300] {logging_mixin.py:190} INFO - [2024-11-05T00:50:24.085-0300] {dag.py:4180} INFO - Setting next_dagrun for example_subdag_operator.section-2 to None, run_after=None
[2024-11-05T00:50:24.101-0300] {processor.py:208} INFO - Processing /home/lucaires/anaconda3/envs/venv_airflow/lib/python3.12/site-packages/airflow/example_dags/example_subdag_operator.py took 0.079 seconds
