[2024-11-05T00:49:52.476-0300] {processor.py:186} INFO - Started process (PID=5845) to work on /home/lucaires/anaconda3/envs/venv_airflow/lib/python3.12/site-packages/airflow/example_dags/example_dynamic_task_mapping.py
[2024-11-05T00:49:52.477-0300] {processor.py:914} INFO - Processing file /home/lucaires/anaconda3/envs/venv_airflow/lib/python3.12/site-packages/airflow/example_dags/example_dynamic_task_mapping.py for tasks to queue
[2024-11-05T00:49:52.480-0300] {logging_mixin.py:190} INFO - [2024-11-05T00:49:52.480-0300] {dagbag.py:588} INFO - Filling up the DagBag from /home/lucaires/anaconda3/envs/venv_airflow/lib/python3.12/site-packages/airflow/example_dags/example_dynamic_task_mapping.py
[2024-11-05T00:49:52.486-0300] {processor.py:925} INFO - DAG(s) 'example_dynamic_task_mapping' retrieved from /home/lucaires/anaconda3/envs/venv_airflow/lib/python3.12/site-packages/airflow/example_dags/example_dynamic_task_mapping.py
[2024-11-05T00:49:52.559-0300] {logging_mixin.py:190} INFO - [2024-11-05T00:49:52.559-0300] {override.py:1900} INFO - Created Permission View: can edit on DAG:example_dynamic_task_mapping
[2024-11-05T00:49:52.568-0300] {logging_mixin.py:190} INFO - [2024-11-05T00:49:52.568-0300] {override.py:1900} INFO - Created Permission View: can read on DAG:example_dynamic_task_mapping
[2024-11-05T00:49:52.575-0300] {logging_mixin.py:190} INFO - [2024-11-05T00:49:52.574-0300] {override.py:1900} INFO - Created Permission View: can delete on DAG:example_dynamic_task_mapping
[2024-11-05T00:49:52.585-0300] {logging_mixin.py:190} INFO - [2024-11-05T00:49:52.585-0300] {override.py:1900} INFO - Created Permission View: can create on DAG Run:example_dynamic_task_mapping
[2024-11-05T00:49:52.593-0300] {logging_mixin.py:190} INFO - [2024-11-05T00:49:52.593-0300] {override.py:1900} INFO - Created Permission View: menu access on DAG Run:example_dynamic_task_mapping
[2024-11-05T00:49:52.599-0300] {logging_mixin.py:190} INFO - [2024-11-05T00:49:52.599-0300] {override.py:1900} INFO - Created Permission View: can read on DAG Run:example_dynamic_task_mapping
[2024-11-05T00:49:52.605-0300] {logging_mixin.py:190} INFO - [2024-11-05T00:49:52.605-0300] {override.py:1900} INFO - Created Permission View: can delete on DAG Run:example_dynamic_task_mapping
[2024-11-05T00:49:52.605-0300] {logging_mixin.py:190} INFO - [2024-11-05T00:49:52.605-0300] {dag.py:3239} INFO - Sync 1 DAGs
[2024-11-05T00:49:52.613-0300] {logging_mixin.py:190} INFO - [2024-11-05T00:49:52.613-0300] {dag.py:3262} INFO - Creating ORM DAG for example_dynamic_task_mapping
[2024-11-05T00:49:52.614-0300] {logging_mixin.py:190} INFO - [2024-11-05T00:49:52.613-0300] {dag.py:4180} INFO - Setting next_dagrun for example_dynamic_task_mapping to None, run_after=None
[2024-11-05T00:49:52.626-0300] {processor.py:208} INFO - Processing /home/lucaires/anaconda3/envs/venv_airflow/lib/python3.12/site-packages/airflow/example_dags/example_dynamic_task_mapping.py took 0.154 seconds
[2024-11-05T00:50:52.862-0300] {processor.py:186} INFO - Started process (PID=6672) to work on /home/lucaires/anaconda3/envs/venv_airflow/lib/python3.12/site-packages/airflow/example_dags/example_dynamic_task_mapping.py
[2024-11-05T00:50:52.866-0300] {processor.py:914} INFO - Processing file /home/lucaires/anaconda3/envs/venv_airflow/lib/python3.12/site-packages/airflow/example_dags/example_dynamic_task_mapping.py for tasks to queue
[2024-11-05T00:50:52.868-0300] {logging_mixin.py:190} INFO - [2024-11-05T00:50:52.868-0300] {dagbag.py:588} INFO - Filling up the DagBag from /home/lucaires/anaconda3/envs/venv_airflow/lib/python3.12/site-packages/airflow/example_dags/example_dynamic_task_mapping.py
[2024-11-05T00:50:52.876-0300] {processor.py:925} INFO - DAG(s) 'example_dynamic_task_mapping' retrieved from /home/lucaires/anaconda3/envs/venv_airflow/lib/python3.12/site-packages/airflow/example_dags/example_dynamic_task_mapping.py
[2024-11-05T00:50:52.888-0300] {logging_mixin.py:190} INFO - [2024-11-05T00:50:52.888-0300] {dag.py:3239} INFO - Sync 1 DAGs
[2024-11-05T00:50:52.897-0300] {logging_mixin.py:190} INFO - [2024-11-05T00:50:52.897-0300] {dag.py:4180} INFO - Setting next_dagrun for example_dynamic_task_mapping to None, run_after=None
[2024-11-05T00:50:52.912-0300] {processor.py:208} INFO - Processing /home/lucaires/anaconda3/envs/venv_airflow/lib/python3.12/site-packages/airflow/example_dags/example_dynamic_task_mapping.py took 0.055 seconds
