[2024-11-05T00:49:37.579-0300] {processor.py:186} INFO - Started process (PID=5595) to work on /home/lucaires/anaconda3/envs/venv_airflow/lib/python3.12/site-packages/airflow/example_dags/example_short_circuit_operator.py
[2024-11-05T00:49:37.580-0300] {processor.py:914} INFO - Processing file /home/lucaires/anaconda3/envs/venv_airflow/lib/python3.12/site-packages/airflow/example_dags/example_short_circuit_operator.py for tasks to queue
[2024-11-05T00:49:37.581-0300] {logging_mixin.py:190} INFO - [2024-11-05T00:49:37.581-0300] {dagbag.py:588} INFO - Filling up the DagBag from /home/lucaires/anaconda3/envs/venv_airflow/lib/python3.12/site-packages/airflow/example_dags/example_short_circuit_operator.py
[2024-11-05T00:49:37.588-0300] {processor.py:925} INFO - DAG(s) 'example_short_circuit_operator' retrieved from /home/lucaires/anaconda3/envs/venv_airflow/lib/python3.12/site-packages/airflow/example_dags/example_short_circuit_operator.py
[2024-11-05T00:49:37.670-0300] {logging_mixin.py:190} INFO - [2024-11-05T00:49:37.670-0300] {override.py:1900} INFO - Created Permission View: can edit on DAG:example_short_circuit_operator
[2024-11-05T00:49:37.679-0300] {logging_mixin.py:190} INFO - [2024-11-05T00:49:37.679-0300] {override.py:1900} INFO - Created Permission View: can read on DAG:example_short_circuit_operator
[2024-11-05T00:49:37.686-0300] {logging_mixin.py:190} INFO - [2024-11-05T00:49:37.686-0300] {override.py:1900} INFO - Created Permission View: can delete on DAG:example_short_circuit_operator
[2024-11-05T00:49:37.696-0300] {logging_mixin.py:190} INFO - [2024-11-05T00:49:37.696-0300] {override.py:1900} INFO - Created Permission View: can create on DAG Run:example_short_circuit_operator
[2024-11-05T00:49:37.703-0300] {logging_mixin.py:190} INFO - [2024-11-05T00:49:37.703-0300] {override.py:1900} INFO - Created Permission View: menu access on DAG Run:example_short_circuit_operator
[2024-11-05T00:49:37.710-0300] {logging_mixin.py:190} INFO - [2024-11-05T00:49:37.709-0300] {override.py:1900} INFO - Created Permission View: can read on DAG Run:example_short_circuit_operator
[2024-11-05T00:49:37.716-0300] {logging_mixin.py:190} INFO - [2024-11-05T00:49:37.716-0300] {override.py:1900} INFO - Created Permission View: can delete on DAG Run:example_short_circuit_operator
[2024-11-05T00:49:37.716-0300] {logging_mixin.py:190} INFO - [2024-11-05T00:49:37.716-0300] {dag.py:3239} INFO - Sync 1 DAGs
[2024-11-05T00:49:37.727-0300] {logging_mixin.py:190} INFO - [2024-11-05T00:49:37.726-0300] {dag.py:3262} INFO - Creating ORM DAG for example_short_circuit_operator
[2024-11-05T00:49:37.727-0300] {logging_mixin.py:190} INFO - [2024-11-05T00:49:37.727-0300] {dag.py:4180} INFO - Setting next_dagrun for example_short_circuit_operator to None, run_after=None
[2024-11-05T00:49:37.742-0300] {processor.py:208} INFO - Processing /home/lucaires/anaconda3/envs/venv_airflow/lib/python3.12/site-packages/airflow/example_dags/example_short_circuit_operator.py took 0.168 seconds
[2024-11-05T00:50:36.416-0300] {processor.py:186} INFO - Started process (PID=6501) to work on /home/lucaires/anaconda3/envs/venv_airflow/lib/python3.12/site-packages/airflow/example_dags/example_short_circuit_operator.py
[2024-11-05T00:50:36.420-0300] {processor.py:914} INFO - Processing file /home/lucaires/anaconda3/envs/venv_airflow/lib/python3.12/site-packages/airflow/example_dags/example_short_circuit_operator.py for tasks to queue
[2024-11-05T00:50:36.422-0300] {logging_mixin.py:190} INFO - [2024-11-05T00:50:36.422-0300] {dagbag.py:588} INFO - Filling up the DagBag from /home/lucaires/anaconda3/envs/venv_airflow/lib/python3.12/site-packages/airflow/example_dags/example_short_circuit_operator.py
[2024-11-05T00:50:36.429-0300] {processor.py:925} INFO - DAG(s) 'example_short_circuit_operator' retrieved from /home/lucaires/anaconda3/envs/venv_airflow/lib/python3.12/site-packages/airflow/example_dags/example_short_circuit_operator.py
[2024-11-05T00:50:36.445-0300] {logging_mixin.py:190} INFO - [2024-11-05T00:50:36.445-0300] {dag.py:3239} INFO - Sync 1 DAGs
[2024-11-05T00:50:36.455-0300] {logging_mixin.py:190} INFO - [2024-11-05T00:50:36.455-0300] {dag.py:4180} INFO - Setting next_dagrun for example_short_circuit_operator to None, run_after=None
[2024-11-05T00:50:36.473-0300] {processor.py:208} INFO - Processing /home/lucaires/anaconda3/envs/venv_airflow/lib/python3.12/site-packages/airflow/example_dags/example_short_circuit_operator.py took 0.061 seconds
