[2024-11-05T00:49:21.744-0300] {processor.py:186} INFO - Started process (PID=5352) to work on /home/lucaires/anaconda3/envs/venv_airflow/lib/python3.12/site-packages/airflow/example_dags/example_trigger_controller_dag.py
[2024-11-05T00:49:21.744-0300] {processor.py:914} INFO - Processing file /home/lucaires/anaconda3/envs/venv_airflow/lib/python3.12/site-packages/airflow/example_dags/example_trigger_controller_dag.py for tasks to queue
[2024-11-05T00:49:21.746-0300] {logging_mixin.py:190} INFO - [2024-11-05T00:49:21.746-0300] {dagbag.py:588} INFO - Filling up the DagBag from /home/lucaires/anaconda3/envs/venv_airflow/lib/python3.12/site-packages/airflow/example_dags/example_trigger_controller_dag.py
[2024-11-05T00:49:21.751-0300] {processor.py:925} INFO - DAG(s) 'example_trigger_controller_dag' retrieved from /home/lucaires/anaconda3/envs/venv_airflow/lib/python3.12/site-packages/airflow/example_dags/example_trigger_controller_dag.py
[2024-11-05T00:49:21.831-0300] {logging_mixin.py:190} INFO - [2024-11-05T00:49:21.830-0300] {override.py:1900} INFO - Created Permission View: can edit on DAG:example_trigger_controller_dag
[2024-11-05T00:49:21.839-0300] {logging_mixin.py:190} INFO - [2024-11-05T00:49:21.839-0300] {override.py:1900} INFO - Created Permission View: can read on DAG:example_trigger_controller_dag
[2024-11-05T00:49:21.845-0300] {logging_mixin.py:190} INFO - [2024-11-05T00:49:21.845-0300] {override.py:1900} INFO - Created Permission View: can delete on DAG:example_trigger_controller_dag
[2024-11-05T00:49:21.855-0300] {logging_mixin.py:190} INFO - [2024-11-05T00:49:21.855-0300] {override.py:1900} INFO - Created Permission View: can create on DAG Run:example_trigger_controller_dag
[2024-11-05T00:49:21.861-0300] {logging_mixin.py:190} INFO - [2024-11-05T00:49:21.861-0300] {override.py:1900} INFO - Created Permission View: menu access on DAG Run:example_trigger_controller_dag
[2024-11-05T00:49:21.867-0300] {logging_mixin.py:190} INFO - [2024-11-05T00:49:21.867-0300] {override.py:1900} INFO - Created Permission View: can read on DAG Run:example_trigger_controller_dag
[2024-11-05T00:49:21.874-0300] {logging_mixin.py:190} INFO - [2024-11-05T00:49:21.874-0300] {override.py:1900} INFO - Created Permission View: can delete on DAG Run:example_trigger_controller_dag
[2024-11-05T00:49:21.875-0300] {logging_mixin.py:190} INFO - [2024-11-05T00:49:21.875-0300] {dag.py:3239} INFO - Sync 1 DAGs
[2024-11-05T00:49:21.884-0300] {logging_mixin.py:190} INFO - [2024-11-05T00:49:21.884-0300] {dag.py:3262} INFO - Creating ORM DAG for example_trigger_controller_dag
[2024-11-05T00:49:21.890-0300] {logging_mixin.py:190} INFO - [2024-11-05T00:49:21.890-0300] {dag.py:4180} INFO - Setting next_dagrun for example_trigger_controller_dag to 2021-01-01 00:00:00+00:00, run_after=2021-01-01 00:00:00+00:00
[2024-11-05T00:49:21.905-0300] {processor.py:208} INFO - Processing /home/lucaires/anaconda3/envs/venv_airflow/lib/python3.12/site-packages/airflow/example_dags/example_trigger_controller_dag.py took 0.166 seconds
[2024-11-05T00:50:22.123-0300] {processor.py:186} INFO - Started process (PID=6284) to work on /home/lucaires/anaconda3/envs/venv_airflow/lib/python3.12/site-packages/airflow/example_dags/example_trigger_controller_dag.py
[2024-11-05T00:50:22.126-0300] {processor.py:914} INFO - Processing file /home/lucaires/anaconda3/envs/venv_airflow/lib/python3.12/site-packages/airflow/example_dags/example_trigger_controller_dag.py for tasks to queue
[2024-11-05T00:50:22.128-0300] {logging_mixin.py:190} INFO - [2024-11-05T00:50:22.128-0300] {dagbag.py:588} INFO - Filling up the DagBag from /home/lucaires/anaconda3/envs/venv_airflow/lib/python3.12/site-packages/airflow/example_dags/example_trigger_controller_dag.py
[2024-11-05T00:50:22.134-0300] {processor.py:925} INFO - DAG(s) 'example_trigger_controller_dag' retrieved from /home/lucaires/anaconda3/envs/venv_airflow/lib/python3.12/site-packages/airflow/example_dags/example_trigger_controller_dag.py
[2024-11-05T00:50:22.147-0300] {logging_mixin.py:190} INFO - [2024-11-05T00:50:22.147-0300] {dag.py:3239} INFO - Sync 1 DAGs
[2024-11-05T00:50:22.165-0300] {logging_mixin.py:190} INFO - [2024-11-05T00:50:22.165-0300] {dag.py:4180} INFO - Setting next_dagrun for example_trigger_controller_dag to 2021-01-01 00:00:00+00:00, run_after=2021-01-01 00:00:00+00:00
[2024-11-05T00:50:22.184-0300] {processor.py:208} INFO - Processing /home/lucaires/anaconda3/envs/venv_airflow/lib/python3.12/site-packages/airflow/example_dags/example_trigger_controller_dag.py took 0.066 seconds
