[2024-11-05T00:49:29.574-0300] {processor.py:186} INFO - Started process (PID=5538) to work on /home/lucaires/anaconda3/envs/venv_airflow/lib/python3.12/site-packages/airflow/example_dags/tutorial.py
[2024-11-05T00:49:29.574-0300] {processor.py:914} INFO - Processing file /home/lucaires/anaconda3/envs/venv_airflow/lib/python3.12/site-packages/airflow/example_dags/tutorial.py for tasks to queue
[2024-11-05T00:49:29.576-0300] {logging_mixin.py:190} INFO - [2024-11-05T00:49:29.576-0300] {dagbag.py:588} INFO - Filling up the DagBag from /home/lucaires/anaconda3/envs/venv_airflow/lib/python3.12/site-packages/airflow/example_dags/tutorial.py
[2024-11-05T00:49:29.582-0300] {processor.py:925} INFO - DAG(s) 'tutorial' retrieved from /home/lucaires/anaconda3/envs/venv_airflow/lib/python3.12/site-packages/airflow/example_dags/tutorial.py
[2024-11-05T00:49:29.659-0300] {logging_mixin.py:190} INFO - [2024-11-05T00:49:29.659-0300] {override.py:1900} INFO - Created Permission View: can edit on DAG:tutorial
[2024-11-05T00:49:29.668-0300] {logging_mixin.py:190} INFO - [2024-11-05T00:49:29.667-0300] {override.py:1900} INFO - Created Permission View: can read on DAG:tutorial
[2024-11-05T00:49:29.675-0300] {logging_mixin.py:190} INFO - [2024-11-05T00:49:29.675-0300] {override.py:1900} INFO - Created Permission View: can delete on DAG:tutorial
[2024-11-05T00:49:29.686-0300] {logging_mixin.py:190} INFO - [2024-11-05T00:49:29.686-0300] {override.py:1900} INFO - Created Permission View: can create on DAG Run:tutorial
[2024-11-05T00:49:29.693-0300] {logging_mixin.py:190} INFO - [2024-11-05T00:49:29.693-0300] {override.py:1900} INFO - Created Permission View: menu access on DAG Run:tutorial
[2024-11-05T00:49:29.700-0300] {logging_mixin.py:190} INFO - [2024-11-05T00:49:29.699-0300] {override.py:1900} INFO - Created Permission View: can read on DAG Run:tutorial
[2024-11-05T00:49:29.707-0300] {logging_mixin.py:190} INFO - [2024-11-05T00:49:29.707-0300] {override.py:1900} INFO - Created Permission View: can delete on DAG Run:tutorial
[2024-11-05T00:49:29.708-0300] {logging_mixin.py:190} INFO - [2024-11-05T00:49:29.708-0300] {dag.py:3239} INFO - Sync 1 DAGs
[2024-11-05T00:49:29.717-0300] {logging_mixin.py:190} INFO - [2024-11-05T00:49:29.716-0300] {dag.py:3262} INFO - Creating ORM DAG for tutorial
[2024-11-05T00:49:29.725-0300] {logging_mixin.py:190} INFO - [2024-11-05T00:49:29.725-0300] {dag.py:4180} INFO - Setting next_dagrun for tutorial to 2024-11-04 00:00:00+00:00, run_after=2024-11-05 00:00:00+00:00
[2024-11-05T00:49:29.741-0300] {processor.py:208} INFO - Processing /home/lucaires/anaconda3/envs/venv_airflow/lib/python3.12/site-packages/airflow/example_dags/tutorial.py took 0.173 seconds
[2024-11-05T00:50:28.847-0300] {processor.py:186} INFO - Started process (PID=6384) to work on /home/lucaires/anaconda3/envs/venv_airflow/lib/python3.12/site-packages/airflow/example_dags/tutorial.py
[2024-11-05T00:50:28.848-0300] {processor.py:914} INFO - Processing file /home/lucaires/anaconda3/envs/venv_airflow/lib/python3.12/site-packages/airflow/example_dags/tutorial.py for tasks to queue
[2024-11-05T00:50:28.850-0300] {logging_mixin.py:190} INFO - [2024-11-05T00:50:28.850-0300] {dagbag.py:588} INFO - Filling up the DagBag from /home/lucaires/anaconda3/envs/venv_airflow/lib/python3.12/site-packages/airflow/example_dags/tutorial.py
[2024-11-05T00:50:28.856-0300] {processor.py:925} INFO - DAG(s) 'tutorial' retrieved from /home/lucaires/anaconda3/envs/venv_airflow/lib/python3.12/site-packages/airflow/example_dags/tutorial.py
[2024-11-05T00:50:28.870-0300] {logging_mixin.py:190} INFO - [2024-11-05T00:50:28.869-0300] {dag.py:3239} INFO - Sync 1 DAGs
[2024-11-05T00:50:28.885-0300] {logging_mixin.py:190} INFO - [2024-11-05T00:50:28.885-0300] {dag.py:4180} INFO - Setting next_dagrun for tutorial to 2024-11-04 00:00:00+00:00, run_after=2024-11-05 00:00:00+00:00
[2024-11-05T00:50:28.902-0300] {processor.py:208} INFO - Processing /home/lucaires/anaconda3/envs/venv_airflow/lib/python3.12/site-packages/airflow/example_dags/tutorial.py took 0.059 seconds
