[2024-11-05T00:48:48.590-0300] {processor.py:186} INFO - Started process (PID=4681) to work on /home/lucaires/anaconda3/envs/venv_airflow/lib/python3.12/site-packages/airflow/example_dags/tutorial_taskflow_api.py
[2024-11-05T00:48:48.591-0300] {processor.py:914} INFO - Processing file /home/lucaires/anaconda3/envs/venv_airflow/lib/python3.12/site-packages/airflow/example_dags/tutorial_taskflow_api.py for tasks to queue
[2024-11-05T00:48:48.593-0300] {logging_mixin.py:190} INFO - [2024-11-05T00:48:48.593-0300] {dagbag.py:588} INFO - Filling up the DagBag from /home/lucaires/anaconda3/envs/venv_airflow/lib/python3.12/site-packages/airflow/example_dags/tutorial_taskflow_api.py
[2024-11-05T00:48:48.602-0300] {processor.py:925} INFO - DAG(s) 'tutorial_taskflow_api' retrieved from /home/lucaires/anaconda3/envs/venv_airflow/lib/python3.12/site-packages/airflow/example_dags/tutorial_taskflow_api.py
[2024-11-05T00:48:48.718-0300] {logging_mixin.py:190} INFO - [2024-11-05T00:48:48.717-0300] {override.py:1900} INFO - Created Permission View: can delete on DAG:tutorial_taskflow_api
[2024-11-05T00:48:48.727-0300] {logging_mixin.py:190} INFO - [2024-11-05T00:48:48.727-0300] {override.py:1900} INFO - Created Permission View: can read on DAG:tutorial_taskflow_api
[2024-11-05T00:48:48.734-0300] {logging_mixin.py:190} INFO - [2024-11-05T00:48:48.734-0300] {override.py:1900} INFO - Created Permission View: can edit on DAG:tutorial_taskflow_api
[2024-11-05T00:48:48.744-0300] {logging_mixin.py:190} INFO - [2024-11-05T00:48:48.744-0300] {override.py:1900} INFO - Created Permission View: can create on DAG Run:tutorial_taskflow_api
[2024-11-05T00:48:48.752-0300] {logging_mixin.py:190} INFO - [2024-11-05T00:48:48.751-0300] {override.py:1900} INFO - Created Permission View: menu access on DAG Run:tutorial_taskflow_api
[2024-11-05T00:48:48.758-0300] {logging_mixin.py:190} INFO - [2024-11-05T00:48:48.757-0300] {override.py:1900} INFO - Created Permission View: can read on DAG Run:tutorial_taskflow_api
[2024-11-05T00:48:48.764-0300] {logging_mixin.py:190} INFO - [2024-11-05T00:48:48.763-0300] {override.py:1900} INFO - Created Permission View: can delete on DAG Run:tutorial_taskflow_api
[2024-11-05T00:48:48.764-0300] {logging_mixin.py:190} INFO - [2024-11-05T00:48:48.764-0300] {dag.py:3239} INFO - Sync 1 DAGs
[2024-11-05T00:48:48.773-0300] {logging_mixin.py:190} INFO - [2024-11-05T00:48:48.773-0300] {dag.py:3262} INFO - Creating ORM DAG for tutorial_taskflow_api
[2024-11-05T00:48:48.773-0300] {logging_mixin.py:190} INFO - [2024-11-05T00:48:48.773-0300] {dag.py:4180} INFO - Setting next_dagrun for tutorial_taskflow_api to None, run_after=None
[2024-11-05T00:48:48.788-0300] {processor.py:208} INFO - Processing /home/lucaires/anaconda3/envs/venv_airflow/lib/python3.12/site-packages/airflow/example_dags/tutorial_taskflow_api.py took 0.203 seconds
[2024-11-05T00:49:14.190-0300] {processor.py:186} INFO - Started process (PID=5209) to work on /home/lucaires/anaconda3/envs/venv_airflow/lib/python3.12/site-packages/airflow/example_dags/tutorial_taskflow_api.py
[2024-11-05T00:49:14.191-0300] {processor.py:914} INFO - Processing file /home/lucaires/anaconda3/envs/venv_airflow/lib/python3.12/site-packages/airflow/example_dags/tutorial_taskflow_api.py for tasks to queue
[2024-11-05T00:49:14.193-0300] {logging_mixin.py:190} INFO - [2024-11-05T00:49:14.193-0300] {dagbag.py:588} INFO - Filling up the DagBag from /home/lucaires/anaconda3/envs/venv_airflow/lib/python3.12/site-packages/airflow/example_dags/tutorial_taskflow_api.py
[2024-11-05T00:49:14.199-0300] {processor.py:925} INFO - DAG(s) 'tutorial_taskflow_api' retrieved from /home/lucaires/anaconda3/envs/venv_airflow/lib/python3.12/site-packages/airflow/example_dags/tutorial_taskflow_api.py
[2024-11-05T00:49:14.205-0300] {logging_mixin.py:190} INFO - [2024-11-05T00:49:14.205-0300] {dag.py:3239} INFO - Sync 1 DAGs
[2024-11-05T00:49:14.215-0300] {logging_mixin.py:190} INFO - [2024-11-05T00:49:14.214-0300] {dag.py:4180} INFO - Setting next_dagrun for tutorial_taskflow_api to None, run_after=None
[2024-11-05T00:49:14.230-0300] {processor.py:208} INFO - Processing /home/lucaires/anaconda3/envs/venv_airflow/lib/python3.12/site-packages/airflow/example_dags/tutorial_taskflow_api.py took 0.044 seconds
[2024-11-05T00:50:13.880-0300] {processor.py:186} INFO - Started process (PID=6229) to work on /home/lucaires/anaconda3/envs/venv_airflow/lib/python3.12/site-packages/airflow/example_dags/tutorial_taskflow_api.py
[2024-11-05T00:50:13.883-0300] {processor.py:914} INFO - Processing file /home/lucaires/anaconda3/envs/venv_airflow/lib/python3.12/site-packages/airflow/example_dags/tutorial_taskflow_api.py for tasks to queue
[2024-11-05T00:50:13.886-0300] {logging_mixin.py:190} INFO - [2024-11-05T00:50:13.886-0300] {dagbag.py:588} INFO - Filling up the DagBag from /home/lucaires/anaconda3/envs/venv_airflow/lib/python3.12/site-packages/airflow/example_dags/tutorial_taskflow_api.py
[2024-11-05T00:50:13.893-0300] {processor.py:925} INFO - DAG(s) 'tutorial_taskflow_api' retrieved from /home/lucaires/anaconda3/envs/venv_airflow/lib/python3.12/site-packages/airflow/example_dags/tutorial_taskflow_api.py
[2024-11-05T00:50:13.905-0300] {logging_mixin.py:190} INFO - [2024-11-05T00:50:13.905-0300] {dag.py:3239} INFO - Sync 1 DAGs
[2024-11-05T00:50:13.915-0300] {logging_mixin.py:190} INFO - [2024-11-05T00:50:13.915-0300] {dag.py:4180} INFO - Setting next_dagrun for tutorial_taskflow_api to None, run_after=None
[2024-11-05T00:50:13.931-0300] {processor.py:208} INFO - Processing /home/lucaires/anaconda3/envs/venv_airflow/lib/python3.12/site-packages/airflow/example_dags/tutorial_taskflow_api.py took 0.057 seconds
