[2024-11-05T00:48:49.928-0300] {processor.py:186} INFO - Started process (PID=4704) to work on /home/lucaires/anaconda3/envs/venv_airflow/lib/python3.12/site-packages/airflow/example_dags/tutorial_dag.py
[2024-11-05T00:48:49.929-0300] {processor.py:914} INFO - Processing file /home/lucaires/anaconda3/envs/venv_airflow/lib/python3.12/site-packages/airflow/example_dags/tutorial_dag.py for tasks to queue
[2024-11-05T00:48:49.931-0300] {logging_mixin.py:190} INFO - [2024-11-05T00:48:49.931-0300] {dagbag.py:588} INFO - Filling up the DagBag from /home/lucaires/anaconda3/envs/venv_airflow/lib/python3.12/site-packages/airflow/example_dags/tutorial_dag.py
[2024-11-05T00:48:49.939-0300] {processor.py:925} INFO - DAG(s) 'tutorial_dag' retrieved from /home/lucaires/anaconda3/envs/venv_airflow/lib/python3.12/site-packages/airflow/example_dags/tutorial_dag.py
[2024-11-05T00:48:50.022-0300] {logging_mixin.py:190} INFO - [2024-11-05T00:48:50.021-0300] {override.py:1900} INFO - Created Permission View: can delete on DAG:tutorial_dag
[2024-11-05T00:48:50.030-0300] {logging_mixin.py:190} INFO - [2024-11-05T00:48:50.030-0300] {override.py:1900} INFO - Created Permission View: can read on DAG:tutorial_dag
[2024-11-05T00:48:50.037-0300] {logging_mixin.py:190} INFO - [2024-11-05T00:48:50.036-0300] {override.py:1900} INFO - Created Permission View: can edit on DAG:tutorial_dag
[2024-11-05T00:48:50.047-0300] {logging_mixin.py:190} INFO - [2024-11-05T00:48:50.046-0300] {override.py:1900} INFO - Created Permission View: can create on DAG Run:tutorial_dag
[2024-11-05T00:48:50.053-0300] {logging_mixin.py:190} INFO - [2024-11-05T00:48:50.053-0300] {override.py:1900} INFO - Created Permission View: menu access on DAG Run:tutorial_dag
[2024-11-05T00:48:50.059-0300] {logging_mixin.py:190} INFO - [2024-11-05T00:48:50.059-0300] {override.py:1900} INFO - Created Permission View: can read on DAG Run:tutorial_dag
[2024-11-05T00:48:50.065-0300] {logging_mixin.py:190} INFO - [2024-11-05T00:48:50.065-0300] {override.py:1900} INFO - Created Permission View: can delete on DAG Run:tutorial_dag
[2024-11-05T00:48:50.066-0300] {logging_mixin.py:190} INFO - [2024-11-05T00:48:50.066-0300] {dag.py:3239} INFO - Sync 1 DAGs
[2024-11-05T00:48:50.075-0300] {logging_mixin.py:190} INFO - [2024-11-05T00:48:50.074-0300] {dag.py:3262} INFO - Creating ORM DAG for tutorial_dag
[2024-11-05T00:48:50.075-0300] {logging_mixin.py:190} INFO - [2024-11-05T00:48:50.075-0300] {dag.py:4180} INFO - Setting next_dagrun for tutorial_dag to None, run_after=None
[2024-11-05T00:48:50.089-0300] {processor.py:208} INFO - Processing /home/lucaires/anaconda3/envs/venv_airflow/lib/python3.12/site-packages/airflow/example_dags/tutorial_dag.py took 0.166 seconds
[2024-11-05T00:49:15.325-0300] {processor.py:186} INFO - Started process (PID=5210) to work on /home/lucaires/anaconda3/envs/venv_airflow/lib/python3.12/site-packages/airflow/example_dags/tutorial_dag.py
[2024-11-05T00:49:15.329-0300] {processor.py:914} INFO - Processing file /home/lucaires/anaconda3/envs/venv_airflow/lib/python3.12/site-packages/airflow/example_dags/tutorial_dag.py for tasks to queue
[2024-11-05T00:49:15.332-0300] {logging_mixin.py:190} INFO - [2024-11-05T00:49:15.331-0300] {dagbag.py:588} INFO - Filling up the DagBag from /home/lucaires/anaconda3/envs/venv_airflow/lib/python3.12/site-packages/airflow/example_dags/tutorial_dag.py
[2024-11-05T00:49:15.338-0300] {processor.py:925} INFO - DAG(s) 'tutorial_dag' retrieved from /home/lucaires/anaconda3/envs/venv_airflow/lib/python3.12/site-packages/airflow/example_dags/tutorial_dag.py
[2024-11-05T00:49:15.345-0300] {logging_mixin.py:190} INFO - [2024-11-05T00:49:15.345-0300] {dag.py:3239} INFO - Sync 1 DAGs
[2024-11-05T00:49:15.354-0300] {logging_mixin.py:190} INFO - [2024-11-05T00:49:15.353-0300] {dag.py:4180} INFO - Setting next_dagrun for tutorial_dag to None, run_after=None
[2024-11-05T00:49:15.372-0300] {processor.py:208} INFO - Processing /home/lucaires/anaconda3/envs/venv_airflow/lib/python3.12/site-packages/airflow/example_dags/tutorial_dag.py took 0.052 seconds
[2024-11-05T00:50:14.698-0300] {processor.py:186} INFO - Started process (PID=6230) to work on /home/lucaires/anaconda3/envs/venv_airflow/lib/python3.12/site-packages/airflow/example_dags/tutorial_dag.py
[2024-11-05T00:50:14.702-0300] {processor.py:914} INFO - Processing file /home/lucaires/anaconda3/envs/venv_airflow/lib/python3.12/site-packages/airflow/example_dags/tutorial_dag.py for tasks to queue
[2024-11-05T00:50:14.704-0300] {logging_mixin.py:190} INFO - [2024-11-05T00:50:14.704-0300] {dagbag.py:588} INFO - Filling up the DagBag from /home/lucaires/anaconda3/envs/venv_airflow/lib/python3.12/site-packages/airflow/example_dags/tutorial_dag.py
[2024-11-05T00:50:14.710-0300] {processor.py:925} INFO - DAG(s) 'tutorial_dag' retrieved from /home/lucaires/anaconda3/envs/venv_airflow/lib/python3.12/site-packages/airflow/example_dags/tutorial_dag.py
[2024-11-05T00:50:14.724-0300] {logging_mixin.py:190} INFO - [2024-11-05T00:50:14.723-0300] {dag.py:3239} INFO - Sync 1 DAGs
[2024-11-05T00:50:14.734-0300] {logging_mixin.py:190} INFO - [2024-11-05T00:50:14.733-0300] {dag.py:4180} INFO - Setting next_dagrun for tutorial_dag to None, run_after=None
[2024-11-05T00:50:14.753-0300] {processor.py:208} INFO - Processing /home/lucaires/anaconda3/envs/venv_airflow/lib/python3.12/site-packages/airflow/example_dags/tutorial_dag.py took 0.060 seconds
