[2024-11-05T00:54:37.528-0300] {local_task_job_runner.py:123} INFO - ::group::Pre task execution logs
[2024-11-05T00:54:37.534-0300] {taskinstance.py:2612} INFO - Dependencies all met for dep_context=non-requeueable deps ti=<TaskInstance: get_stocks_dag.AAPL scheduled__2024-11-02T00:00:00+00:00 [queued]>
[2024-11-05T00:54:37.539-0300] {taskinstance.py:2612} INFO - Dependencies all met for dep_context=requeueable deps ti=<TaskInstance: get_stocks_dag.AAPL scheduled__2024-11-02T00:00:00+00:00 [queued]>
[2024-11-05T00:54:37.539-0300] {taskinstance.py:2865} INFO - Starting attempt 1 of 1
[2024-11-05T00:54:37.548-0300] {taskinstance.py:2888} INFO - Executing <Task(_PythonDecoratedOperator): AAPL> on 2024-11-02 00:00:00+00:00
[2024-11-05T00:54:37.554-0300] {standard_task_runner.py:72} INFO - Started process 11141 to run task
[2024-11-05T00:54:37.556-0300] {standard_task_runner.py:104} INFO - Running: ['airflow', 'tasks', 'run', 'get_stocks_dag', 'AAPL', 'scheduled__2024-11-02T00:00:00+00:00', '--job-id', '11', '--raw', '--subdir', 'DAGS_FOLDER/get_stocks.py', '--cfg-path', '/tmp/tmpq70ojxgr']
[2024-11-05T00:54:37.557-0300] {standard_task_runner.py:105} INFO - Job 11: Subtask AAPL
[2024-11-05T00:54:37.589-0300] {task_command.py:467} INFO - Running <TaskInstance: get_stocks_dag.AAPL scheduled__2024-11-02T00:00:00+00:00 [running]> on host lucaires-IdeaPad-3-15ALC6
[2024-11-05T00:54:37.767-0300] {taskinstance.py:3131} INFO - Exporting env vars: AIRFLOW_CTX_DAG_OWNER='airflow' AIRFLOW_CTX_DAG_ID='get_stocks_dag' AIRFLOW_CTX_TASK_ID='AAPL' AIRFLOW_CTX_EXECUTION_DATE='2024-11-02T00:00:00+00:00' AIRFLOW_CTX_TRY_NUMBER='1' AIRFLOW_CTX_DAG_RUN_ID='scheduled__2024-11-02T00:00:00+00:00'
[2024-11-05T00:54:37.767-0300] {taskinstance.py:731} INFO - ::endgroup::
[2024-11-05T00:54:42.836-0300] {python.py:240} INFO - Done. Returned value was: None
[2024-11-05T00:54:42.840-0300] {taskinstance.py:340} INFO - ::group::Post task execution logs
[2024-11-05T00:54:42.840-0300] {taskinstance.py:352} INFO - Marking task as SUCCESS. dag_id=get_stocks_dag, task_id=AAPL, run_id=scheduled__2024-11-02T00:00:00+00:00, execution_date=20241102T000000, start_date=20241105T035437, end_date=20241105T035442
[2024-11-05T00:54:42.893-0300] {local_task_job_runner.py:266} INFO - Task exited with return code 0
[2024-11-05T00:54:42.902-0300] {taskinstance.py:3900} INFO - 0 downstream tasks scheduled from follow-on schedule check
[2024-11-05T00:54:42.903-0300] {local_task_job_runner.py:245} INFO - ::endgroup::
[2024-11-05T01:14:46.536-0300] {local_task_job_runner.py:123} INFO - ::group::Pre task execution logs
[2024-11-05T01:14:46.573-0300] {taskinstance.py:2612} INFO - Dependencies all met for dep_context=non-requeueable deps ti=<TaskInstance: get_stocks_dag.AAPL scheduled__2024-11-02T00:00:00+00:00 [queued]>
[2024-11-05T01:14:46.590-0300] {taskinstance.py:2612} INFO - Dependencies all met for dep_context=requeueable deps ti=<TaskInstance: get_stocks_dag.AAPL scheduled__2024-11-02T00:00:00+00:00 [queued]>
[2024-11-05T01:14:46.591-0300] {taskinstance.py:2865} INFO - Starting attempt 1 of 1
[2024-11-05T01:14:46.607-0300] {taskinstance.py:2888} INFO - Executing <Task(_PythonDecoratedOperator): AAPL> on 2024-11-02 00:00:00+00:00
[2024-11-05T01:14:46.630-0300] {logging_mixin.py:190} WARNING - /home/lucaires/anaconda3/envs/venv_airflow/lib/python3.12/site-packages/airflow/task/task_runner/standard_task_runner.py:70 DeprecationWarning: This process (pid=26382) is multi-threaded, use of fork() may lead to deadlocks in the child.
[2024-11-05T01:14:46.627-0300] {standard_task_runner.py:104} INFO - Running: ['airflow', 'tasks', 'run', 'get_stocks_dag', 'AAPL', 'scheduled__2024-11-02T00:00:00+00:00', '--job-id', '5', '--raw', '--subdir', 'DAGS_FOLDER/get_stocks.py', '--cfg-path', '/tmp/tmp_l4oj4wb']
[2024-11-05T01:14:46.631-0300] {standard_task_runner.py:105} INFO - Job 5: Subtask AAPL
[2024-11-05T01:14:46.631-0300] {standard_task_runner.py:72} INFO - Started process 26589 to run task
[2024-11-05T01:14:46.751-0300] {task_command.py:467} INFO - Running <TaskInstance: get_stocks_dag.AAPL scheduled__2024-11-02T00:00:00+00:00 [running]> on host lucaires-IdeaPad-3-15ALC6
[2024-11-05T01:14:46.931-0300] {taskinstance.py:3131} INFO - Exporting env vars: AIRFLOW_CTX_DAG_OWNER='airflow' AIRFLOW_CTX_DAG_ID='get_stocks_dag' AIRFLOW_CTX_TASK_ID='AAPL' AIRFLOW_CTX_EXECUTION_DATE='2024-11-02T00:00:00+00:00' AIRFLOW_CTX_TRY_NUMBER='1' AIRFLOW_CTX_DAG_RUN_ID='scheduled__2024-11-02T00:00:00+00:00'
[2024-11-05T01:14:46.932-0300] {taskinstance.py:731} INFO - ::endgroup::
[2024-11-05T01:15:38.123-0300] {python.py:240} INFO - Done. Returned value was: None
[2024-11-05T01:15:38.136-0300] {taskinstance.py:340} INFO - ::group::Post task execution logs
[2024-11-05T01:15:38.136-0300] {taskinstance.py:352} INFO - Marking task as SUCCESS. dag_id=get_stocks_dag, task_id=AAPL, run_id=scheduled__2024-11-02T00:00:00+00:00, execution_date=20241102T000000, start_date=20241105T041446, end_date=20241105T041538
[2024-11-05T01:15:38.186-0300] {local_task_job_runner.py:266} INFO - Task exited with return code 0
[2024-11-05T01:15:38.202-0300] {taskinstance.py:3900} INFO - 0 downstream tasks scheduled from follow-on schedule check
[2024-11-05T01:15:38.203-0300] {local_task_job_runner.py:245} INFO - ::endgroup::
[2024-11-05T01:27:58.930-0300] {local_task_job_runner.py:123} INFO - ::group::Pre task execution logs
[2024-11-05T01:27:58.953-0300] {taskinstance.py:2612} INFO - Dependencies all met for dep_context=non-requeueable deps ti=<TaskInstance: get_stocks_dag.AAPL scheduled__2024-11-02T00:00:00+00:00 [queued]>
[2024-11-05T01:27:58.962-0300] {taskinstance.py:2612} INFO - Dependencies all met for dep_context=requeueable deps ti=<TaskInstance: get_stocks_dag.AAPL scheduled__2024-11-02T00:00:00+00:00 [queued]>
[2024-11-05T01:27:58.962-0300] {taskinstance.py:2865} INFO - Starting attempt 1 of 1
[2024-11-05T01:27:58.974-0300] {taskinstance.py:2888} INFO - Executing <Task(_PythonDecoratedOperator): AAPL> on 2024-11-02 00:00:00+00:00
[2024-11-05T01:27:58.988-0300] {standard_task_runner.py:104} INFO - Running: ['airflow', 'tasks', 'run', 'get_stocks_dag', 'AAPL', 'scheduled__2024-11-02T00:00:00+00:00', '--job-id', '17', '--raw', '--subdir', 'DAGS_FOLDER/get_stocks.py', '--cfg-path', '/tmp/tmpw5bfabxm']
[2024-11-05T01:27:58.991-0300] {standard_task_runner.py:105} INFO - Job 17: Subtask AAPL
[2024-11-05T01:27:58.991-0300] {logging_mixin.py:190} WARNING - /home/lucaires/anaconda3/envs/venv_airflow/lib/python3.12/site-packages/airflow/task/task_runner/standard_task_runner.py:70 DeprecationWarning: This process (pid=38308) is multi-threaded, use of fork() may lead to deadlocks in the child.
[2024-11-05T01:27:58.991-0300] {standard_task_runner.py:72} INFO - Started process 38414 to run task
[2024-11-05T01:27:59.050-0300] {task_command.py:467} INFO - Running <TaskInstance: get_stocks_dag.AAPL scheduled__2024-11-02T00:00:00+00:00 [running]> on host lucaires-IdeaPad-3-15ALC6
[2024-11-05T01:27:59.131-0300] {taskinstance.py:3131} INFO - Exporting env vars: AIRFLOW_CTX_DAG_OWNER='airflow' AIRFLOW_CTX_DAG_ID='get_stocks_dag' AIRFLOW_CTX_TASK_ID='AAPL' AIRFLOW_CTX_EXECUTION_DATE='2024-11-02T00:00:00+00:00' AIRFLOW_CTX_TRY_NUMBER='1' AIRFLOW_CTX_DAG_RUN_ID='scheduled__2024-11-02T00:00:00+00:00'
[2024-11-05T01:27:59.132-0300] {taskinstance.py:731} INFO - ::endgroup::
[2024-11-05T01:28:31.791-0300] {python.py:240} INFO - Done. Returned value was: None
[2024-11-05T01:28:31.806-0300] {taskinstance.py:340} INFO - ::group::Post task execution logs
[2024-11-05T01:28:31.806-0300] {taskinstance.py:352} INFO - Marking task as SUCCESS. dag_id=get_stocks_dag, task_id=AAPL, run_id=scheduled__2024-11-02T00:00:00+00:00, execution_date=20241102T000000, start_date=20241105T042758, end_date=20241105T042831
[2024-11-05T01:28:31.916-0300] {local_task_job_runner.py:266} INFO - Task exited with return code 0
[2024-11-05T01:28:31.935-0300] {taskinstance.py:3900} INFO - 0 downstream tasks scheduled from follow-on schedule check
[2024-11-05T01:28:31.936-0300] {local_task_job_runner.py:245} INFO - ::endgroup::
