[2024-11-05T00:48:47.455-0300] {processor.py:186} INFO - Started process (PID=4643) to work on /home/lucaires/anaconda3/envs/venv_airflow/lib/python3.12/site-packages/airflow/example_dags/subdags/subdag.py
[2024-11-05T00:48:47.456-0300] {processor.py:914} INFO - Processing file /home/lucaires/anaconda3/envs/venv_airflow/lib/python3.12/site-packages/airflow/example_dags/subdags/subdag.py for tasks to queue
[2024-11-05T00:48:47.458-0300] {logging_mixin.py:190} INFO - [2024-11-05T00:48:47.457-0300] {dagbag.py:588} INFO - Filling up the DagBag from /home/lucaires/anaconda3/envs/venv_airflow/lib/python3.12/site-packages/airflow/example_dags/subdags/subdag.py
[2024-11-05T00:48:47.459-0300] {processor.py:927} WARNING - No viable dags retrieved from /home/lucaires/anaconda3/envs/venv_airflow/lib/python3.12/site-packages/airflow/example_dags/subdags/subdag.py
[2024-11-05T00:48:47.468-0300] {processor.py:208} INFO - Processing /home/lucaires/anaconda3/envs/venv_airflow/lib/python3.12/site-packages/airflow/example_dags/subdags/subdag.py took 0.017 seconds
[2024-11-05T00:49:13.055-0300] {processor.py:186} INFO - Started process (PID=5170) to work on /home/lucaires/anaconda3/envs/venv_airflow/lib/python3.12/site-packages/airflow/example_dags/subdags/subdag.py
[2024-11-05T00:49:13.056-0300] {processor.py:914} INFO - Processing file /home/lucaires/anaconda3/envs/venv_airflow/lib/python3.12/site-packages/airflow/example_dags/subdags/subdag.py for tasks to queue
[2024-11-05T00:49:13.058-0300] {logging_mixin.py:190} INFO - [2024-11-05T00:49:13.058-0300] {dagbag.py:588} INFO - Filling up the DagBag from /home/lucaires/anaconda3/envs/venv_airflow/lib/python3.12/site-packages/airflow/example_dags/subdags/subdag.py
[2024-11-05T00:49:13.059-0300] {processor.py:927} WARNING - No viable dags retrieved from /home/lucaires/anaconda3/envs/venv_airflow/lib/python3.12/site-packages/airflow/example_dags/subdags/subdag.py
[2024-11-05T00:49:13.069-0300] {processor.py:208} INFO - Processing /home/lucaires/anaconda3/envs/venv_airflow/lib/python3.12/site-packages/airflow/example_dags/subdags/subdag.py took 0.017 seconds
[2024-11-05T00:50:12.740-0300] {processor.py:186} INFO - Started process (PID=6180) to work on /home/lucaires/anaconda3/envs/venv_airflow/lib/python3.12/site-packages/airflow/example_dags/subdags/subdag.py
[2024-11-05T00:50:12.744-0300] {processor.py:914} INFO - Processing file /home/lucaires/anaconda3/envs/venv_airflow/lib/python3.12/site-packages/airflow/example_dags/subdags/subdag.py for tasks to queue
[2024-11-05T00:50:12.746-0300] {logging_mixin.py:190} INFO - [2024-11-05T00:50:12.746-0300] {dagbag.py:588} INFO - Filling up the DagBag from /home/lucaires/anaconda3/envs/venv_airflow/lib/python3.12/site-packages/airflow/example_dags/subdags/subdag.py
[2024-11-05T00:50:12.748-0300] {processor.py:927} WARNING - No viable dags retrieved from /home/lucaires/anaconda3/envs/venv_airflow/lib/python3.12/site-packages/airflow/example_dags/subdags/subdag.py
[2024-11-05T00:50:12.757-0300] {processor.py:208} INFO - Processing /home/lucaires/anaconda3/envs/venv_airflow/lib/python3.12/site-packages/airflow/example_dags/subdags/subdag.py took 0.021 seconds
[2024-11-05T00:51:09.641-0300] {processor.py:186} INFO - Started process (PID=6884) to work on /home/lucaires/anaconda3/envs/venv_airflow/lib/python3.12/site-packages/airflow/example_dags/subdags/subdag.py
[2024-11-05T00:51:09.641-0300] {processor.py:914} INFO - Processing file /home/lucaires/anaconda3/envs/venv_airflow/lib/python3.12/site-packages/airflow/example_dags/subdags/subdag.py for tasks to queue
[2024-11-05T00:51:09.644-0300] {logging_mixin.py:190} INFO - [2024-11-05T00:51:09.643-0300] {dagbag.py:588} INFO - Filling up the DagBag from /home/lucaires/anaconda3/envs/venv_airflow/lib/python3.12/site-packages/airflow/example_dags/subdags/subdag.py
[2024-11-05T00:51:09.646-0300] {processor.py:927} WARNING - No viable dags retrieved from /home/lucaires/anaconda3/envs/venv_airflow/lib/python3.12/site-packages/airflow/example_dags/subdags/subdag.py
[2024-11-05T00:51:09.656-0300] {processor.py:208} INFO - Processing /home/lucaires/anaconda3/envs/venv_airflow/lib/python3.12/site-packages/airflow/example_dags/subdags/subdag.py took 0.021 seconds
