[2024-11-05T00:48:46.041-0300] {processor.py:186} INFO - Started process (PID=4610) to work on /home/lucaires/Documentos/airflow_financa/dags/get_stocks.py
[2024-11-05T00:48:46.041-0300] {processor.py:914} INFO - Processing file /home/lucaires/Documentos/airflow_financa/dags/get_stocks.py for tasks to queue
[2024-11-05T00:48:46.044-0300] {logging_mixin.py:190} INFO - [2024-11-05T00:48:46.044-0300] {dagbag.py:588} INFO - Filling up the DagBag from /home/lucaires/Documentos/airflow_financa/dags/get_stocks.py
[2024-11-05T00:48:46.231-0300] {processor.py:927} WARNING - No viable dags retrieved from /home/lucaires/Documentos/airflow_financa/dags/get_stocks.py
[2024-11-05T00:48:46.240-0300] {processor.py:208} INFO - Processing /home/lucaires/Documentos/airflow_financa/dags/get_stocks.py took 0.206 seconds
[2024-11-05T00:49:11.793-0300] {processor.py:186} INFO - Started process (PID=5128) to work on /home/lucaires/Documentos/airflow_financa/dags/get_stocks.py
[2024-11-05T00:49:11.794-0300] {processor.py:914} INFO - Processing file /home/lucaires/Documentos/airflow_financa/dags/get_stocks.py for tasks to queue
[2024-11-05T00:49:11.796-0300] {logging_mixin.py:190} INFO - [2024-11-05T00:49:11.796-0300] {dagbag.py:588} INFO - Filling up the DagBag from /home/lucaires/Documentos/airflow_financa/dags/get_stocks.py
[2024-11-05T00:49:11.878-0300] {processor.py:927} WARNING - No viable dags retrieved from /home/lucaires/Documentos/airflow_financa/dags/get_stocks.py
[2024-11-05T00:49:11.888-0300] {processor.py:208} INFO - Processing /home/lucaires/Documentos/airflow_financa/dags/get_stocks.py took 0.099 seconds
[2024-11-05T00:50:12.467-0300] {processor.py:186} INFO - Started process (PID=6179) to work on /home/lucaires/Documentos/airflow_financa/dags/get_stocks.py
[2024-11-05T00:50:12.470-0300] {processor.py:914} INFO - Processing file /home/lucaires/Documentos/airflow_financa/dags/get_stocks.py for tasks to queue
[2024-11-05T00:50:12.473-0300] {logging_mixin.py:190} INFO - [2024-11-05T00:50:12.472-0300] {dagbag.py:588} INFO - Filling up the DagBag from /home/lucaires/Documentos/airflow_financa/dags/get_stocks.py
[2024-11-05T00:50:12.585-0300] {processor.py:927} WARNING - No viable dags retrieved from /home/lucaires/Documentos/airflow_financa/dags/get_stocks.py
[2024-11-05T00:50:12.595-0300] {processor.py:208} INFO - Processing /home/lucaires/Documentos/airflow_financa/dags/get_stocks.py took 0.132 seconds
[2024-11-05T00:50:42.694-0300] {processor.py:186} INFO - Started process (PID=6598) to work on /home/lucaires/Documentos/airflow_financa/dags/get_stocks.py
[2024-11-05T00:50:42.695-0300] {processor.py:914} INFO - Processing file /home/lucaires/Documentos/airflow_financa/dags/get_stocks.py for tasks to queue
[2024-11-05T00:50:42.696-0300] {logging_mixin.py:190} INFO - [2024-11-05T00:50:42.696-0300] {dagbag.py:588} INFO - Filling up the DagBag from /home/lucaires/Documentos/airflow_financa/dags/get_stocks.py
[2024-11-05T00:50:42.780-0300] {processor.py:927} WARNING - No viable dags retrieved from /home/lucaires/Documentos/airflow_financa/dags/get_stocks.py
[2024-11-05T00:50:42.788-0300] {processor.py:208} INFO - Processing /home/lucaires/Documentos/airflow_financa/dags/get_stocks.py took 0.097 seconds
[2024-11-05T00:51:08.403-0300] {processor.py:186} INFO - Started process (PID=6883) to work on /home/lucaires/Documentos/airflow_financa/dags/get_stocks.py
[2024-11-05T00:51:08.406-0300] {processor.py:914} INFO - Processing file /home/lucaires/Documentos/airflow_financa/dags/get_stocks.py for tasks to queue
[2024-11-05T00:51:08.408-0300] {logging_mixin.py:190} INFO - [2024-11-05T00:51:08.408-0300] {dagbag.py:588} INFO - Filling up the DagBag from /home/lucaires/Documentos/airflow_financa/dags/get_stocks.py
[2024-11-05T00:51:08.494-0300] {processor.py:927} WARNING - No viable dags retrieved from /home/lucaires/Documentos/airflow_financa/dags/get_stocks.py
[2024-11-05T00:51:08.502-0300] {processor.py:208} INFO - Processing /home/lucaires/Documentos/airflow_financa/dags/get_stocks.py took 0.104 seconds
[2024-11-05T00:51:19.749-0300] {processor.py:186} INFO - Started process (PID=7013) to work on /home/lucaires/Documentos/airflow_financa/dags/get_stocks.py
[2024-11-05T00:51:19.750-0300] {processor.py:914} INFO - Processing file /home/lucaires/Documentos/airflow_financa/dags/get_stocks.py for tasks to queue
[2024-11-05T00:51:19.751-0300] {logging_mixin.py:190} INFO - [2024-11-05T00:51:19.751-0300] {dagbag.py:588} INFO - Filling up the DagBag from /home/lucaires/Documentos/airflow_financa/dags/get_stocks.py
[2024-11-05T00:51:20.250-0300] {processor.py:927} WARNING - No viable dags retrieved from /home/lucaires/Documentos/airflow_financa/dags/get_stocks.py
[2024-11-05T00:51:20.255-0300] {processor.py:208} INFO - Processing /home/lucaires/Documentos/airflow_financa/dags/get_stocks.py took 0.511 seconds
[2024-11-05T00:51:45.872-0300] {processor.py:186} INFO - Started process (PID=7364) to work on /home/lucaires/Documentos/airflow_financa/dags/get_stocks.py
[2024-11-05T00:51:45.875-0300] {processor.py:914} INFO - Processing file /home/lucaires/Documentos/airflow_financa/dags/get_stocks.py for tasks to queue
[2024-11-05T00:51:45.877-0300] {logging_mixin.py:190} INFO - [2024-11-05T00:51:45.877-0300] {dagbag.py:588} INFO - Filling up the DagBag from /home/lucaires/Documentos/airflow_financa/dags/get_stocks.py
[2024-11-05T00:51:46.331-0300] {processor.py:925} INFO - DAG(s) 'get_stocks_dag' retrieved from /home/lucaires/Documentos/airflow_financa/dags/get_stocks.py
[2024-11-05T00:51:46.400-0300] {logging_mixin.py:190} INFO - [2024-11-05T00:51:46.400-0300] {override.py:1900} INFO - Created Permission View: can edit on DAG:get_stocks_dag
[2024-11-05T00:51:46.408-0300] {logging_mixin.py:190} INFO - [2024-11-05T00:51:46.408-0300] {override.py:1900} INFO - Created Permission View: can read on DAG:get_stocks_dag
[2024-11-05T00:51:46.414-0300] {logging_mixin.py:190} INFO - [2024-11-05T00:51:46.414-0300] {override.py:1900} INFO - Created Permission View: can delete on DAG:get_stocks_dag
[2024-11-05T00:51:46.424-0300] {logging_mixin.py:190} INFO - [2024-11-05T00:51:46.423-0300] {override.py:1900} INFO - Created Permission View: menu access on DAG Run:get_stocks_dag
[2024-11-05T00:51:46.429-0300] {logging_mixin.py:190} INFO - [2024-11-05T00:51:46.429-0300] {override.py:1900} INFO - Created Permission View: can read on DAG Run:get_stocks_dag
[2024-11-05T00:51:46.435-0300] {logging_mixin.py:190} INFO - [2024-11-05T00:51:46.435-0300] {override.py:1900} INFO - Created Permission View: can create on DAG Run:get_stocks_dag
[2024-11-05T00:51:46.441-0300] {logging_mixin.py:190} INFO - [2024-11-05T00:51:46.441-0300] {override.py:1900} INFO - Created Permission View: can delete on DAG Run:get_stocks_dag
[2024-11-05T00:51:46.442-0300] {logging_mixin.py:190} INFO - [2024-11-05T00:51:46.441-0300] {dag.py:3239} INFO - Sync 1 DAGs
[2024-11-05T00:51:46.449-0300] {logging_mixin.py:190} INFO - [2024-11-05T00:51:46.448-0300] {dag.py:3262} INFO - Creating ORM DAG for get_stocks_dag
[2024-11-05T00:51:46.454-0300] {logging_mixin.py:190} INFO - [2024-11-05T00:51:46.454-0300] {dag.py:4180} INFO - Setting next_dagrun for get_stocks_dag to 2024-01-02 00:00:00+00:00, run_after=2024-01-03 00:00:00+00:00
[2024-11-05T00:51:46.467-0300] {processor.py:208} INFO - Processing /home/lucaires/Documentos/airflow_financa/dags/get_stocks.py took 0.600 seconds
[2024-11-05T00:52:23.683-0300] {processor.py:186} INFO - Started process (PID=8344) to work on /home/lucaires/Documentos/airflow_financa/dags/get_stocks.py
[2024-11-05T00:52:23.685-0300] {processor.py:914} INFO - Processing file /home/lucaires/Documentos/airflow_financa/dags/get_stocks.py for tasks to queue
[2024-11-05T00:52:23.688-0300] {logging_mixin.py:190} INFO - [2024-11-05T00:52:23.687-0300] {dagbag.py:588} INFO - Filling up the DagBag from /home/lucaires/Documentos/airflow_financa/dags/get_stocks.py
[2024-11-05T00:52:24.264-0300] {processor.py:925} INFO - DAG(s) 'get_stocks_dag' retrieved from /home/lucaires/Documentos/airflow_financa/dags/get_stocks.py
[2024-11-05T00:52:24.285-0300] {logging_mixin.py:190} INFO - [2024-11-05T00:52:24.284-0300] {dag.py:3239} INFO - Sync 1 DAGs
[2024-11-05T00:52:24.302-0300] {logging_mixin.py:190} INFO - [2024-11-05T00:52:24.302-0300] {dag.py:4180} INFO - Setting next_dagrun for get_stocks_dag to 2024-01-03 00:00:00+00:00, run_after=2024-01-04 00:00:00+00:00
[2024-11-05T00:52:24.328-0300] {processor.py:208} INFO - Processing /home/lucaires/Documentos/airflow_financa/dags/get_stocks.py took 0.651 seconds
[2024-11-05T00:52:56.319-0300] {processor.py:186} INFO - Started process (PID=9239) to work on /home/lucaires/Documentos/airflow_financa/dags/get_stocks.py
[2024-11-05T00:52:56.320-0300] {processor.py:914} INFO - Processing file /home/lucaires/Documentos/airflow_financa/dags/get_stocks.py for tasks to queue
[2024-11-05T00:52:56.323-0300] {logging_mixin.py:190} INFO - [2024-11-05T00:52:56.322-0300] {dagbag.py:588} INFO - Filling up the DagBag from /home/lucaires/Documentos/airflow_financa/dags/get_stocks.py
[2024-11-05T00:52:56.759-0300] {processor.py:925} INFO - DAG(s) 'get_stocks_dag' retrieved from /home/lucaires/Documentos/airflow_financa/dags/get_stocks.py
[2024-11-05T00:52:56.771-0300] {logging_mixin.py:190} INFO - [2024-11-05T00:52:56.771-0300] {dag.py:3239} INFO - Sync 1 DAGs
[2024-11-05T00:52:56.783-0300] {logging_mixin.py:190} INFO - [2024-11-05T00:52:56.783-0300] {dag.py:4180} INFO - Setting next_dagrun for get_stocks_dag to 2024-01-04 00:00:00+00:00, run_after=2024-01-05 00:00:00+00:00
[2024-11-05T00:52:56.798-0300] {processor.py:208} INFO - Processing /home/lucaires/Documentos/airflow_financa/dags/get_stocks.py took 0.484 seconds
[2024-11-05T00:53:04.400-0300] {processor.py:186} INFO - Started process (PID=9396) to work on /home/lucaires/Documentos/airflow_financa/dags/get_stocks.py
[2024-11-05T00:53:04.403-0300] {processor.py:914} INFO - Processing file /home/lucaires/Documentos/airflow_financa/dags/get_stocks.py for tasks to queue
[2024-11-05T00:53:04.406-0300] {logging_mixin.py:190} INFO - [2024-11-05T00:53:04.406-0300] {dagbag.py:588} INFO - Filling up the DagBag from /home/lucaires/Documentos/airflow_financa/dags/get_stocks.py
[2024-11-05T00:53:04.831-0300] {processor.py:925} INFO - DAG(s) 'get_stocks_dag' retrieved from /home/lucaires/Documentos/airflow_financa/dags/get_stocks.py
[2024-11-05T00:53:04.902-0300] {logging_mixin.py:190} INFO - [2024-11-05T00:53:04.901-0300] {dag.py:3239} INFO - Sync 1 DAGs
[2024-11-05T00:53:04.913-0300] {logging_mixin.py:190} INFO - [2024-11-05T00:53:04.913-0300] {dag.py:4180} INFO - Setting next_dagrun for get_stocks_dag to 2024-11-01 00:00:00+00:00, run_after=2024-11-02 00:00:00+00:00
[2024-11-05T00:53:04.930-0300] {processor.py:208} INFO - Processing /home/lucaires/Documentos/airflow_financa/dags/get_stocks.py took 0.534 seconds
[2024-11-05T00:53:35.603-0300] {processor.py:186} INFO - Started process (PID=9889) to work on /home/lucaires/Documentos/airflow_financa/dags/get_stocks.py
[2024-11-05T00:53:35.603-0300] {processor.py:914} INFO - Processing file /home/lucaires/Documentos/airflow_financa/dags/get_stocks.py for tasks to queue
[2024-11-05T00:53:35.605-0300] {logging_mixin.py:190} INFO - [2024-11-05T00:53:35.605-0300] {dagbag.py:588} INFO - Filling up the DagBag from /home/lucaires/Documentos/airflow_financa/dags/get_stocks.py
[2024-11-05T00:53:36.018-0300] {processor.py:925} INFO - DAG(s) 'get_stocks_dag' retrieved from /home/lucaires/Documentos/airflow_financa/dags/get_stocks.py
[2024-11-05T00:53:36.082-0300] {logging_mixin.py:190} INFO - [2024-11-05T00:53:36.081-0300] {dag.py:3239} INFO - Sync 1 DAGs
[2024-11-05T00:53:36.088-0300] {logging_mixin.py:190} INFO - [2024-11-05T00:53:36.088-0300] {dag.py:3262} INFO - Creating ORM DAG for get_stocks_dag
[2024-11-05T00:53:36.094-0300] {logging_mixin.py:190} INFO - [2024-11-05T00:53:36.094-0300] {dag.py:4180} INFO - Setting next_dagrun for get_stocks_dag to 2024-11-01 00:00:00+00:00, run_after=2024-11-02 00:00:00+00:00
[2024-11-05T00:53:36.109-0300] {processor.py:208} INFO - Processing /home/lucaires/Documentos/airflow_financa/dags/get_stocks.py took 0.511 seconds
[2024-11-05T00:54:35.303-0300] {processor.py:186} INFO - Started process (PID=11048) to work on /home/lucaires/Documentos/airflow_financa/dags/get_stocks.py
[2024-11-05T00:54:35.304-0300] {processor.py:914} INFO - Processing file /home/lucaires/Documentos/airflow_financa/dags/get_stocks.py for tasks to queue
[2024-11-05T00:54:35.305-0300] {logging_mixin.py:190} INFO - [2024-11-05T00:54:35.305-0300] {dagbag.py:588} INFO - Filling up the DagBag from /home/lucaires/Documentos/airflow_financa/dags/get_stocks.py
[2024-11-05T00:54:35.686-0300] {processor.py:925} INFO - DAG(s) 'get_stocks_dag' retrieved from /home/lucaires/Documentos/airflow_financa/dags/get_stocks.py
[2024-11-05T00:54:35.701-0300] {logging_mixin.py:190} INFO - [2024-11-05T00:54:35.701-0300] {dag.py:3239} INFO - Sync 1 DAGs
[2024-11-05T00:54:35.714-0300] {logging_mixin.py:190} INFO - [2024-11-05T00:54:35.714-0300] {dag.py:4180} INFO - Setting next_dagrun for get_stocks_dag to 2024-11-02 00:00:00+00:00, run_after=2024-11-05 00:00:00+00:00
[2024-11-05T00:54:35.733-0300] {processor.py:208} INFO - Processing /home/lucaires/Documentos/airflow_financa/dags/get_stocks.py took 0.436 seconds
[2024-11-05T00:55:08.270-0300] {processor.py:186} INFO - Started process (PID=11676) to work on /home/lucaires/Documentos/airflow_financa/dags/get_stocks.py
[2024-11-05T00:55:08.271-0300] {processor.py:914} INFO - Processing file /home/lucaires/Documentos/airflow_financa/dags/get_stocks.py for tasks to queue
[2024-11-05T00:55:08.272-0300] {logging_mixin.py:190} INFO - [2024-11-05T00:55:08.271-0300] {dagbag.py:588} INFO - Filling up the DagBag from /home/lucaires/Documentos/airflow_financa/dags/get_stocks.py
[2024-11-05T00:55:08.689-0300] {processor.py:925} INFO - DAG(s) 'get_stocks_dag' retrieved from /home/lucaires/Documentos/airflow_financa/dags/get_stocks.py
[2024-11-05T00:55:08.705-0300] {logging_mixin.py:190} INFO - [2024-11-05T00:55:08.704-0300] {dag.py:3239} INFO - Sync 1 DAGs
[2024-11-05T00:55:08.718-0300] {logging_mixin.py:190} INFO - [2024-11-05T00:55:08.717-0300] {dag.py:4180} INFO - Setting next_dagrun for get_stocks_dag to 2024-11-05 00:00:00+00:00, run_after=2024-11-06 00:00:00+00:00
[2024-11-05T00:55:08.736-0300] {processor.py:208} INFO - Processing /home/lucaires/Documentos/airflow_financa/dags/get_stocks.py took 0.471 seconds
[2024-11-05T00:55:39.492-0300] {processor.py:186} INFO - Started process (PID=12132) to work on /home/lucaires/Documentos/airflow_financa/dags/get_stocks.py
[2024-11-05T00:55:39.496-0300] {processor.py:914} INFO - Processing file /home/lucaires/Documentos/airflow_financa/dags/get_stocks.py for tasks to queue
[2024-11-05T00:55:39.497-0300] {logging_mixin.py:190} INFO - [2024-11-05T00:55:39.497-0300] {dagbag.py:588} INFO - Filling up the DagBag from /home/lucaires/Documentos/airflow_financa/dags/get_stocks.py
[2024-11-05T00:55:39.900-0300] {processor.py:925} INFO - DAG(s) 'get_stocks_dag' retrieved from /home/lucaires/Documentos/airflow_financa/dags/get_stocks.py
[2024-11-05T00:55:39.916-0300] {logging_mixin.py:190} INFO - [2024-11-05T00:55:39.916-0300] {dag.py:3239} INFO - Sync 1 DAGs
[2024-11-05T00:55:40.061-0300] {logging_mixin.py:190} INFO - [2024-11-05T00:55:40.061-0300] {dag.py:4180} INFO - Setting next_dagrun for get_stocks_dag to 2024-11-05 00:00:00+00:00, run_after=2024-11-06 00:00:00+00:00
[2024-11-05T00:55:40.078-0300] {processor.py:208} INFO - Processing /home/lucaires/Documentos/airflow_financa/dags/get_stocks.py took 0.592 seconds
[2024-11-05T01:14:17.186-0300] {processor.py:186} INFO - Started process (PID=25415) to work on /home/lucaires/Documentos/airflow_financa/dags/get_stocks.py
[2024-11-05T01:14:17.187-0300] {processor.py:914} INFO - Processing file /home/lucaires/Documentos/airflow_financa/dags/get_stocks.py for tasks to queue
[2024-11-05T01:14:17.189-0300] {logging_mixin.py:190} INFO - [2024-11-05T01:14:17.188-0300] {dagbag.py:588} INFO - Filling up the DagBag from /home/lucaires/Documentos/airflow_financa/dags/get_stocks.py
[2024-11-05T01:14:17.789-0300] {processor.py:925} INFO - DAG(s) 'get_stocks_dag' retrieved from /home/lucaires/Documentos/airflow_financa/dags/get_stocks.py
[2024-11-05T01:14:17.888-0300] {logging_mixin.py:190} INFO - [2024-11-05T01:14:17.887-0300] {override.py:1900} INFO - Created Permission View: can delete on DAG:get_stocks_dag
[2024-11-05T01:14:17.905-0300] {logging_mixin.py:190} INFO - [2024-11-05T01:14:17.904-0300] {override.py:1900} INFO - Created Permission View: can read on DAG:get_stocks_dag
[2024-11-05T01:14:17.913-0300] {logging_mixin.py:190} INFO - [2024-11-05T01:14:17.913-0300] {override.py:1900} INFO - Created Permission View: can edit on DAG:get_stocks_dag
[2024-11-05T01:14:17.919-0300] {logging_mixin.py:190} INFO - [2024-11-05T01:14:17.919-0300] {override.py:1900} INFO - Created Permission View: can delete on DAG Run:get_stocks_dag
[2024-11-05T01:14:17.926-0300] {logging_mixin.py:190} INFO - [2024-11-05T01:14:17.925-0300] {override.py:1900} INFO - Created Permission View: can read on DAG Run:get_stocks_dag
[2024-11-05T01:14:17.931-0300] {logging_mixin.py:190} INFO - [2024-11-05T01:14:17.931-0300] {override.py:1900} INFO - Created Permission View: can create on DAG Run:get_stocks_dag
[2024-11-05T01:14:17.937-0300] {logging_mixin.py:190} INFO - [2024-11-05T01:14:17.937-0300] {override.py:1900} INFO - Created Permission View: menu access on DAG Run:get_stocks_dag
[2024-11-05T01:14:17.937-0300] {logging_mixin.py:190} INFO - [2024-11-05T01:14:17.937-0300] {dag.py:3239} INFO - Sync 1 DAGs
[2024-11-05T01:14:17.947-0300] {logging_mixin.py:190} INFO - [2024-11-05T01:14:17.946-0300] {dag.py:3262} INFO - Creating ORM DAG for get_stocks_dag
[2024-11-05T01:14:17.956-0300] {logging_mixin.py:190} INFO - [2024-11-05T01:14:17.955-0300] {dag.py:4180} INFO - Setting next_dagrun for get_stocks_dag to 2024-11-01 00:00:00+00:00, run_after=2024-11-02 00:00:00+00:00
[2024-11-05T01:14:17.973-0300] {processor.py:208} INFO - Processing /home/lucaires/Documentos/airflow_financa/dags/get_stocks.py took 0.793 seconds
[2024-11-05T01:14:48.149-0300] {processor.py:186} INFO - Started process (PID=26657) to work on /home/lucaires/Documentos/airflow_financa/dags/get_stocks.py
[2024-11-05T01:14:48.150-0300] {processor.py:914} INFO - Processing file /home/lucaires/Documentos/airflow_financa/dags/get_stocks.py for tasks to queue
[2024-11-05T01:14:48.153-0300] {logging_mixin.py:190} INFO - [2024-11-05T01:14:48.152-0300] {dagbag.py:588} INFO - Filling up the DagBag from /home/lucaires/Documentos/airflow_financa/dags/get_stocks.py
[2024-11-05T01:14:48.743-0300] {processor.py:925} INFO - DAG(s) 'get_stocks_dag' retrieved from /home/lucaires/Documentos/airflow_financa/dags/get_stocks.py
[2024-11-05T01:14:48.772-0300] {logging_mixin.py:190} INFO - [2024-11-05T01:14:48.771-0300] {dag.py:3239} INFO - Sync 1 DAGs
[2024-11-05T01:14:48.789-0300] {logging_mixin.py:190} INFO - [2024-11-05T01:14:48.788-0300] {dag.py:4180} INFO - Setting next_dagrun for get_stocks_dag to 2024-11-05 00:00:00+00:00, run_after=2024-11-06 00:00:00+00:00
[2024-11-05T01:14:48.806-0300] {processor.py:208} INFO - Processing /home/lucaires/Documentos/airflow_financa/dags/get_stocks.py took 0.662 seconds
[2024-11-05T01:15:18.977-0300] {processor.py:186} INFO - Started process (PID=28214) to work on /home/lucaires/Documentos/airflow_financa/dags/get_stocks.py
[2024-11-05T01:15:18.979-0300] {processor.py:914} INFO - Processing file /home/lucaires/Documentos/airflow_financa/dags/get_stocks.py for tasks to queue
[2024-11-05T01:15:18.981-0300] {logging_mixin.py:190} INFO - [2024-11-05T01:15:18.980-0300] {dagbag.py:588} INFO - Filling up the DagBag from /home/lucaires/Documentos/airflow_financa/dags/get_stocks.py
[2024-11-05T01:15:19.422-0300] {processor.py:925} INFO - DAG(s) 'get_stocks_dag' retrieved from /home/lucaires/Documentos/airflow_financa/dags/get_stocks.py
[2024-11-05T01:15:19.447-0300] {logging_mixin.py:190} INFO - [2024-11-05T01:15:19.446-0300] {dag.py:3239} INFO - Sync 1 DAGs
[2024-11-05T01:15:19.465-0300] {logging_mixin.py:190} INFO - [2024-11-05T01:15:19.465-0300] {dag.py:4180} INFO - Setting next_dagrun for get_stocks_dag to 2024-11-05 00:00:00+00:00, run_after=2024-11-06 00:00:00+00:00
[2024-11-05T01:15:19.483-0300] {processor.py:208} INFO - Processing /home/lucaires/Documentos/airflow_financa/dags/get_stocks.py took 0.511 seconds
[2024-11-05T01:15:49.606-0300] {processor.py:186} INFO - Started process (PID=29606) to work on /home/lucaires/Documentos/airflow_financa/dags/get_stocks.py
[2024-11-05T01:15:49.610-0300] {processor.py:914} INFO - Processing file /home/lucaires/Documentos/airflow_financa/dags/get_stocks.py for tasks to queue
[2024-11-05T01:15:49.613-0300] {logging_mixin.py:190} INFO - [2024-11-05T01:15:49.612-0300] {dagbag.py:588} INFO - Filling up the DagBag from /home/lucaires/Documentos/airflow_financa/dags/get_stocks.py
[2024-11-05T01:15:50.118-0300] {processor.py:925} INFO - DAG(s) 'get_stocks_dag' retrieved from /home/lucaires/Documentos/airflow_financa/dags/get_stocks.py
[2024-11-05T01:15:50.144-0300] {logging_mixin.py:190} INFO - [2024-11-05T01:15:50.144-0300] {dag.py:3239} INFO - Sync 1 DAGs
[2024-11-05T01:15:50.165-0300] {logging_mixin.py:190} INFO - [2024-11-05T01:15:50.165-0300] {dag.py:4180} INFO - Setting next_dagrun for get_stocks_dag to 2024-11-05 00:00:00+00:00, run_after=2024-11-06 00:00:00+00:00
[2024-11-05T01:15:50.184-0300] {processor.py:208} INFO - Processing /home/lucaires/Documentos/airflow_financa/dags/get_stocks.py took 0.583 seconds
[2024-11-05T01:16:20.356-0300] {processor.py:186} INFO - Started process (PID=29949) to work on /home/lucaires/Documentos/airflow_financa/dags/get_stocks.py
[2024-11-05T01:16:20.359-0300] {processor.py:914} INFO - Processing file /home/lucaires/Documentos/airflow_financa/dags/get_stocks.py for tasks to queue
[2024-11-05T01:16:20.360-0300] {logging_mixin.py:190} INFO - [2024-11-05T01:16:20.360-0300] {dagbag.py:588} INFO - Filling up the DagBag from /home/lucaires/Documentos/airflow_financa/dags/get_stocks.py
[2024-11-05T01:16:20.875-0300] {processor.py:925} INFO - DAG(s) 'get_stocks_dag' retrieved from /home/lucaires/Documentos/airflow_financa/dags/get_stocks.py
[2024-11-05T01:16:20.901-0300] {logging_mixin.py:190} INFO - [2024-11-05T01:16:20.900-0300] {dag.py:3239} INFO - Sync 1 DAGs
[2024-11-05T01:16:20.919-0300] {logging_mixin.py:190} INFO - [2024-11-05T01:16:20.918-0300] {dag.py:4180} INFO - Setting next_dagrun for get_stocks_dag to 2024-11-05 00:00:00+00:00, run_after=2024-11-06 00:00:00+00:00
[2024-11-05T01:16:20.936-0300] {processor.py:208} INFO - Processing /home/lucaires/Documentos/airflow_financa/dags/get_stocks.py took 0.585 seconds
[2024-11-05T01:26:28.372-0300] {processor.py:186} INFO - Started process (PID=34196) to work on /home/lucaires/Documentos/airflow_financa/dags/get_stocks.py
[2024-11-05T01:26:28.373-0300] {processor.py:914} INFO - Processing file /home/lucaires/Documentos/airflow_financa/dags/get_stocks.py for tasks to queue
[2024-11-05T01:26:28.374-0300] {logging_mixin.py:190} INFO - [2024-11-05T01:26:28.374-0300] {dagbag.py:588} INFO - Filling up the DagBag from /home/lucaires/Documentos/airflow_financa/dags/get_stocks.py
[2024-11-05T01:26:28.832-0300] {processor.py:925} INFO - DAG(s) 'get_stocks_dag' retrieved from /home/lucaires/Documentos/airflow_financa/dags/get_stocks.py
[2024-11-05T01:26:28.854-0300] {logging_mixin.py:190} INFO - [2024-11-05T01:26:28.854-0300] {dag.py:3239} INFO - Sync 1 DAGs
[2024-11-05T01:26:28.872-0300] {logging_mixin.py:190} INFO - [2024-11-05T01:26:28.871-0300] {dag.py:4180} INFO - Setting next_dagrun for get_stocks_dag to 2024-11-05 00:00:00+00:00, run_after=2024-11-06 00:00:00+00:00
[2024-11-05T01:26:28.889-0300] {processor.py:208} INFO - Processing /home/lucaires/Documentos/airflow_financa/dags/get_stocks.py took 0.520 seconds
[2024-11-05T01:26:59.058-0300] {processor.py:186} INFO - Started process (PID=35979) to work on /home/lucaires/Documentos/airflow_financa/dags/get_stocks.py
[2024-11-05T01:26:59.059-0300] {processor.py:914} INFO - Processing file /home/lucaires/Documentos/airflow_financa/dags/get_stocks.py for tasks to queue
[2024-11-05T01:26:59.060-0300] {logging_mixin.py:190} INFO - [2024-11-05T01:26:59.060-0300] {dagbag.py:588} INFO - Filling up the DagBag from /home/lucaires/Documentos/airflow_financa/dags/get_stocks.py
[2024-11-05T01:26:59.699-0300] {processor.py:925} INFO - DAG(s) 'get_stocks_dag' retrieved from /home/lucaires/Documentos/airflow_financa/dags/get_stocks.py
[2024-11-05T01:26:59.799-0300] {logging_mixin.py:190} INFO - [2024-11-05T01:26:59.798-0300] {dag.py:3239} INFO - Sync 1 DAGs
[2024-11-05T01:26:59.808-0300] {logging_mixin.py:190} INFO - [2024-11-05T01:26:59.807-0300] {dag.py:3262} INFO - Creating ORM DAG for get_stocks_dag
[2024-11-05T01:26:59.816-0300] {logging_mixin.py:190} INFO - [2024-11-05T01:26:59.816-0300] {dag.py:4180} INFO - Setting next_dagrun for get_stocks_dag to 2024-11-01 00:00:00+00:00, run_after=2024-11-02 00:00:00+00:00
[2024-11-05T01:26:59.831-0300] {processor.py:208} INFO - Processing /home/lucaires/Documentos/airflow_financa/dags/get_stocks.py took 0.779 seconds
[2024-11-05T01:27:29.989-0300] {processor.py:186} INFO - Started process (PID=36566) to work on /home/lucaires/Documentos/airflow_financa/dags/get_stocks.py
[2024-11-05T01:27:29.993-0300] {processor.py:914} INFO - Processing file /home/lucaires/Documentos/airflow_financa/dags/get_stocks.py for tasks to queue
[2024-11-05T01:27:29.996-0300] {logging_mixin.py:190} INFO - [2024-11-05T01:27:29.995-0300] {dagbag.py:588} INFO - Filling up the DagBag from /home/lucaires/Documentos/airflow_financa/dags/get_stocks.py
[2024-11-05T01:27:30.560-0300] {processor.py:925} INFO - DAG(s) 'get_stocks_dag' retrieved from /home/lucaires/Documentos/airflow_financa/dags/get_stocks.py
[2024-11-05T01:27:30.583-0300] {logging_mixin.py:190} INFO - [2024-11-05T01:27:30.583-0300] {dag.py:3239} INFO - Sync 1 DAGs
[2024-11-05T01:27:30.601-0300] {logging_mixin.py:190} INFO - [2024-11-05T01:27:30.601-0300] {dag.py:4180} INFO - Setting next_dagrun for get_stocks_dag to 2024-11-01 00:00:00+00:00, run_after=2024-11-02 00:00:00+00:00
[2024-11-05T01:27:30.617-0300] {processor.py:208} INFO - Processing /home/lucaires/Documentos/airflow_financa/dags/get_stocks.py took 0.633 seconds
[2024-11-05T01:28:00.799-0300] {processor.py:186} INFO - Started process (PID=38618) to work on /home/lucaires/Documentos/airflow_financa/dags/get_stocks.py
[2024-11-05T01:28:00.801-0300] {processor.py:914} INFO - Processing file /home/lucaires/Documentos/airflow_financa/dags/get_stocks.py for tasks to queue
[2024-11-05T01:28:00.805-0300] {logging_mixin.py:190} INFO - [2024-11-05T01:28:00.804-0300] {dagbag.py:588} INFO - Filling up the DagBag from /home/lucaires/Documentos/airflow_financa/dags/get_stocks.py
[2024-11-05T01:28:01.355-0300] {processor.py:925} INFO - DAG(s) 'get_stocks_dag' retrieved from /home/lucaires/Documentos/airflow_financa/dags/get_stocks.py
[2024-11-05T01:28:01.380-0300] {logging_mixin.py:190} INFO - [2024-11-05T01:28:01.380-0300] {dag.py:3239} INFO - Sync 1 DAGs
[2024-11-05T01:28:01.401-0300] {logging_mixin.py:190} INFO - [2024-11-05T01:28:01.401-0300] {dag.py:4180} INFO - Setting next_dagrun for get_stocks_dag to 2024-11-05 00:00:00+00:00, run_after=2024-11-06 00:00:00+00:00
[2024-11-05T01:28:01.422-0300] {processor.py:208} INFO - Processing /home/lucaires/Documentos/airflow_financa/dags/get_stocks.py took 0.629 seconds
[2024-11-05T01:28:31.591-0300] {processor.py:186} INFO - Started process (PID=40686) to work on /home/lucaires/Documentos/airflow_financa/dags/get_stocks.py
[2024-11-05T01:28:31.594-0300] {processor.py:914} INFO - Processing file /home/lucaires/Documentos/airflow_financa/dags/get_stocks.py for tasks to queue
[2024-11-05T01:28:31.596-0300] {logging_mixin.py:190} INFO - [2024-11-05T01:28:31.596-0300] {dagbag.py:588} INFO - Filling up the DagBag from /home/lucaires/Documentos/airflow_financa/dags/get_stocks.py
[2024-11-05T01:28:32.088-0300] {processor.py:925} INFO - DAG(s) 'get_stocks_dag' retrieved from /home/lucaires/Documentos/airflow_financa/dags/get_stocks.py
[2024-11-05T01:28:32.114-0300] {logging_mixin.py:190} INFO - [2024-11-05T01:28:32.113-0300] {dag.py:3239} INFO - Sync 1 DAGs
[2024-11-05T01:28:32.132-0300] {logging_mixin.py:190} INFO - [2024-11-05T01:28:32.132-0300] {dag.py:4180} INFO - Setting next_dagrun for get_stocks_dag to 2024-11-05 00:00:00+00:00, run_after=2024-11-06 00:00:00+00:00
[2024-11-05T01:28:32.152-0300] {processor.py:208} INFO - Processing /home/lucaires/Documentos/airflow_financa/dags/get_stocks.py took 0.566 seconds
[2024-11-05T01:29:02.319-0300] {processor.py:186} INFO - Started process (PID=41495) to work on /home/lucaires/Documentos/airflow_financa/dags/get_stocks.py
[2024-11-05T01:29:02.322-0300] {processor.py:914} INFO - Processing file /home/lucaires/Documentos/airflow_financa/dags/get_stocks.py for tasks to queue
[2024-11-05T01:29:02.325-0300] {logging_mixin.py:190} INFO - [2024-11-05T01:29:02.324-0300] {dagbag.py:588} INFO - Filling up the DagBag from /home/lucaires/Documentos/airflow_financa/dags/get_stocks.py
[2024-11-05T01:29:02.791-0300] {processor.py:925} INFO - DAG(s) 'get_stocks_dag' retrieved from /home/lucaires/Documentos/airflow_financa/dags/get_stocks.py
[2024-11-05T01:29:02.814-0300] {logging_mixin.py:190} INFO - [2024-11-05T01:29:02.814-0300] {dag.py:3239} INFO - Sync 1 DAGs
[2024-11-05T01:29:02.833-0300] {logging_mixin.py:190} INFO - [2024-11-05T01:29:02.833-0300] {dag.py:4180} INFO - Setting next_dagrun for get_stocks_dag to 2024-11-05 00:00:00+00:00, run_after=2024-11-06 00:00:00+00:00
[2024-11-05T01:29:02.852-0300] {processor.py:208} INFO - Processing /home/lucaires/Documentos/airflow_financa/dags/get_stocks.py took 0.538 seconds
[2024-11-05T01:29:33.008-0300] {processor.py:186} INFO - Started process (PID=42052) to work on /home/lucaires/Documentos/airflow_financa/dags/get_stocks.py
[2024-11-05T01:29:33.009-0300] {processor.py:914} INFO - Processing file /home/lucaires/Documentos/airflow_financa/dags/get_stocks.py for tasks to queue
[2024-11-05T01:29:33.010-0300] {logging_mixin.py:190} INFO - [2024-11-05T01:29:33.010-0300] {dagbag.py:588} INFO - Filling up the DagBag from /home/lucaires/Documentos/airflow_financa/dags/get_stocks.py
[2024-11-05T01:29:33.429-0300] {processor.py:925} INFO - DAG(s) 'get_stocks_dag' retrieved from /home/lucaires/Documentos/airflow_financa/dags/get_stocks.py
[2024-11-05T01:29:33.452-0300] {logging_mixin.py:190} INFO - [2024-11-05T01:29:33.452-0300] {dag.py:3239} INFO - Sync 1 DAGs
[2024-11-05T01:29:33.469-0300] {logging_mixin.py:190} INFO - [2024-11-05T01:29:33.469-0300] {dag.py:4180} INFO - Setting next_dagrun for get_stocks_dag to 2024-11-05 00:00:00+00:00, run_after=2024-11-06 00:00:00+00:00
[2024-11-05T01:29:33.487-0300] {processor.py:208} INFO - Processing /home/lucaires/Documentos/airflow_financa/dags/get_stocks.py took 0.484 seconds
[2024-11-05T01:30:03.656-0300] {processor.py:186} INFO - Started process (PID=45728) to work on /home/lucaires/Documentos/airflow_financa/dags/get_stocks.py
[2024-11-05T01:30:03.659-0300] {processor.py:914} INFO - Processing file /home/lucaires/Documentos/airflow_financa/dags/get_stocks.py for tasks to queue
[2024-11-05T01:30:03.661-0300] {logging_mixin.py:190} INFO - [2024-11-05T01:30:03.661-0300] {dagbag.py:588} INFO - Filling up the DagBag from /home/lucaires/Documentos/airflow_financa/dags/get_stocks.py
[2024-11-05T01:30:04.206-0300] {processor.py:925} INFO - DAG(s) 'get_stocks_dag' retrieved from /home/lucaires/Documentos/airflow_financa/dags/get_stocks.py
[2024-11-05T01:30:04.235-0300] {logging_mixin.py:190} INFO - [2024-11-05T01:30:04.234-0300] {dag.py:3239} INFO - Sync 1 DAGs
[2024-11-05T01:30:04.252-0300] {logging_mixin.py:190} INFO - [2024-11-05T01:30:04.252-0300] {dag.py:4180} INFO - Setting next_dagrun for get_stocks_dag to 2024-11-05 00:00:00+00:00, run_after=2024-11-06 00:00:00+00:00
[2024-11-05T01:30:04.271-0300] {processor.py:208} INFO - Processing /home/lucaires/Documentos/airflow_financa/dags/get_stocks.py took 0.619 seconds
[2024-11-05T01:30:34.433-0300] {processor.py:186} INFO - Started process (PID=46568) to work on /home/lucaires/Documentos/airflow_financa/dags/get_stocks.py
[2024-11-05T01:30:34.434-0300] {processor.py:914} INFO - Processing file /home/lucaires/Documentos/airflow_financa/dags/get_stocks.py for tasks to queue
[2024-11-05T01:30:34.436-0300] {logging_mixin.py:190} INFO - [2024-11-05T01:30:34.435-0300] {dagbag.py:588} INFO - Filling up the DagBag from /home/lucaires/Documentos/airflow_financa/dags/get_stocks.py
[2024-11-05T01:30:34.966-0300] {processor.py:925} INFO - DAG(s) 'get_stocks_dag' retrieved from /home/lucaires/Documentos/airflow_financa/dags/get_stocks.py
[2024-11-05T01:30:34.992-0300] {logging_mixin.py:190} INFO - [2024-11-05T01:30:34.991-0300] {dag.py:3239} INFO - Sync 1 DAGs
[2024-11-05T01:30:35.011-0300] {logging_mixin.py:190} INFO - [2024-11-05T01:30:35.011-0300] {dag.py:4180} INFO - Setting next_dagrun for get_stocks_dag to 2024-11-05 00:00:00+00:00, run_after=2024-11-06 00:00:00+00:00
[2024-11-05T01:30:35.028-0300] {processor.py:208} INFO - Processing /home/lucaires/Documentos/airflow_financa/dags/get_stocks.py took 0.600 seconds
[2024-11-05T01:31:05.202-0300] {processor.py:186} INFO - Started process (PID=47019) to work on /home/lucaires/Documentos/airflow_financa/dags/get_stocks.py
[2024-11-05T01:31:05.205-0300] {processor.py:914} INFO - Processing file /home/lucaires/Documentos/airflow_financa/dags/get_stocks.py for tasks to queue
[2024-11-05T01:31:05.207-0300] {logging_mixin.py:190} INFO - [2024-11-05T01:31:05.207-0300] {dagbag.py:588} INFO - Filling up the DagBag from /home/lucaires/Documentos/airflow_financa/dags/get_stocks.py
[2024-11-05T01:31:05.708-0300] {processor.py:925} INFO - DAG(s) 'get_stocks_dag' retrieved from /home/lucaires/Documentos/airflow_financa/dags/get_stocks.py
[2024-11-05T01:31:05.734-0300] {logging_mixin.py:190} INFO - [2024-11-05T01:31:05.734-0300] {dag.py:3239} INFO - Sync 1 DAGs
[2024-11-05T01:31:05.752-0300] {logging_mixin.py:190} INFO - [2024-11-05T01:31:05.752-0300] {dag.py:4180} INFO - Setting next_dagrun for get_stocks_dag to 2024-11-05 00:00:00+00:00, run_after=2024-11-06 00:00:00+00:00
[2024-11-05T01:31:05.768-0300] {processor.py:208} INFO - Processing /home/lucaires/Documentos/airflow_financa/dags/get_stocks.py took 0.570 seconds
[2024-11-05T01:31:35.927-0300] {processor.py:186} INFO - Started process (PID=48033) to work on /home/lucaires/Documentos/airflow_financa/dags/get_stocks.py
[2024-11-05T01:31:35.930-0300] {processor.py:914} INFO - Processing file /home/lucaires/Documentos/airflow_financa/dags/get_stocks.py for tasks to queue
[2024-11-05T01:31:35.933-0300] {logging_mixin.py:190} INFO - [2024-11-05T01:31:35.932-0300] {dagbag.py:588} INFO - Filling up the DagBag from /home/lucaires/Documentos/airflow_financa/dags/get_stocks.py
[2024-11-05T01:31:36.423-0300] {processor.py:925} INFO - DAG(s) 'get_stocks_dag' retrieved from /home/lucaires/Documentos/airflow_financa/dags/get_stocks.py
[2024-11-05T01:31:36.446-0300] {logging_mixin.py:190} INFO - [2024-11-05T01:31:36.446-0300] {dag.py:3239} INFO - Sync 1 DAGs
[2024-11-05T01:31:36.463-0300] {logging_mixin.py:190} INFO - [2024-11-05T01:31:36.463-0300] {dag.py:4180} INFO - Setting next_dagrun for get_stocks_dag to 2024-11-05 00:00:00+00:00, run_after=2024-11-06 00:00:00+00:00
[2024-11-05T01:31:36.477-0300] {processor.py:208} INFO - Processing /home/lucaires/Documentos/airflow_financa/dags/get_stocks.py took 0.554 seconds
[2024-11-05T01:32:06.644-0300] {processor.py:186} INFO - Started process (PID=48558) to work on /home/lucaires/Documentos/airflow_financa/dags/get_stocks.py
[2024-11-05T01:32:06.647-0300] {processor.py:914} INFO - Processing file /home/lucaires/Documentos/airflow_financa/dags/get_stocks.py for tasks to queue
[2024-11-05T01:32:06.650-0300] {logging_mixin.py:190} INFO - [2024-11-05T01:32:06.650-0300] {dagbag.py:588} INFO - Filling up the DagBag from /home/lucaires/Documentos/airflow_financa/dags/get_stocks.py
[2024-11-05T01:32:07.173-0300] {processor.py:925} INFO - DAG(s) 'get_stocks_dag' retrieved from /home/lucaires/Documentos/airflow_financa/dags/get_stocks.py
[2024-11-05T01:32:07.197-0300] {logging_mixin.py:190} INFO - [2024-11-05T01:32:07.196-0300] {dag.py:3239} INFO - Sync 1 DAGs
[2024-11-05T01:32:07.217-0300] {logging_mixin.py:190} INFO - [2024-11-05T01:32:07.216-0300] {dag.py:4180} INFO - Setting next_dagrun for get_stocks_dag to 2024-11-05 00:00:00+00:00, run_after=2024-11-06 00:00:00+00:00
[2024-11-05T01:32:07.233-0300] {processor.py:208} INFO - Processing /home/lucaires/Documentos/airflow_financa/dags/get_stocks.py took 0.593 seconds
[2024-11-05T01:32:37.410-0300] {processor.py:186} INFO - Started process (PID=49088) to work on /home/lucaires/Documentos/airflow_financa/dags/get_stocks.py
[2024-11-05T01:32:37.414-0300] {processor.py:914} INFO - Processing file /home/lucaires/Documentos/airflow_financa/dags/get_stocks.py for tasks to queue
[2024-11-05T01:32:37.416-0300] {logging_mixin.py:190} INFO - [2024-11-05T01:32:37.415-0300] {dagbag.py:588} INFO - Filling up the DagBag from /home/lucaires/Documentos/airflow_financa/dags/get_stocks.py
[2024-11-05T01:32:37.999-0300] {processor.py:925} INFO - DAG(s) 'get_stocks_dag' retrieved from /home/lucaires/Documentos/airflow_financa/dags/get_stocks.py
[2024-11-05T01:32:38.022-0300] {logging_mixin.py:190} INFO - [2024-11-05T01:32:38.021-0300] {dag.py:3239} INFO - Sync 1 DAGs
[2024-11-05T01:32:38.043-0300] {logging_mixin.py:190} INFO - [2024-11-05T01:32:38.043-0300] {dag.py:4180} INFO - Setting next_dagrun for get_stocks_dag to 2024-11-05 00:00:00+00:00, run_after=2024-11-06 00:00:00+00:00
[2024-11-05T01:32:38.063-0300] {processor.py:208} INFO - Processing /home/lucaires/Documentos/airflow_financa/dags/get_stocks.py took 0.659 seconds
[2024-11-05T01:33:08.255-0300] {processor.py:186} INFO - Started process (PID=49424) to work on /home/lucaires/Documentos/airflow_financa/dags/get_stocks.py
[2024-11-05T01:33:08.258-0300] {processor.py:914} INFO - Processing file /home/lucaires/Documentos/airflow_financa/dags/get_stocks.py for tasks to queue
[2024-11-05T01:33:08.261-0300] {logging_mixin.py:190} INFO - [2024-11-05T01:33:08.260-0300] {dagbag.py:588} INFO - Filling up the DagBag from /home/lucaires/Documentos/airflow_financa/dags/get_stocks.py
[2024-11-05T01:33:08.812-0300] {processor.py:925} INFO - DAG(s) 'get_stocks_dag' retrieved from /home/lucaires/Documentos/airflow_financa/dags/get_stocks.py
[2024-11-05T01:33:08.840-0300] {logging_mixin.py:190} INFO - [2024-11-05T01:33:08.839-0300] {dag.py:3239} INFO - Sync 1 DAGs
[2024-11-05T01:33:08.859-0300] {logging_mixin.py:190} INFO - [2024-11-05T01:33:08.859-0300] {dag.py:4180} INFO - Setting next_dagrun for get_stocks_dag to 2024-11-05 00:00:00+00:00, run_after=2024-11-06 00:00:00+00:00
[2024-11-05T01:33:08.883-0300] {processor.py:208} INFO - Processing /home/lucaires/Documentos/airflow_financa/dags/get_stocks.py took 0.634 seconds
[2024-11-05T01:33:39.064-0300] {processor.py:186} INFO - Started process (PID=49947) to work on /home/lucaires/Documentos/airflow_financa/dags/get_stocks.py
[2024-11-05T01:33:39.065-0300] {processor.py:914} INFO - Processing file /home/lucaires/Documentos/airflow_financa/dags/get_stocks.py for tasks to queue
[2024-11-05T01:33:39.067-0300] {logging_mixin.py:190} INFO - [2024-11-05T01:33:39.066-0300] {dagbag.py:588} INFO - Filling up the DagBag from /home/lucaires/Documentos/airflow_financa/dags/get_stocks.py
[2024-11-05T01:33:39.627-0300] {processor.py:925} INFO - DAG(s) 'get_stocks_dag' retrieved from /home/lucaires/Documentos/airflow_financa/dags/get_stocks.py
[2024-11-05T01:33:39.656-0300] {logging_mixin.py:190} INFO - [2024-11-05T01:33:39.656-0300] {dag.py:3239} INFO - Sync 1 DAGs
[2024-11-05T01:33:39.680-0300] {logging_mixin.py:190} INFO - [2024-11-05T01:33:39.680-0300] {dag.py:4180} INFO - Setting next_dagrun for get_stocks_dag to 2024-11-05 00:00:00+00:00, run_after=2024-11-06 00:00:00+00:00
[2024-11-05T01:33:39.701-0300] {processor.py:208} INFO - Processing /home/lucaires/Documentos/airflow_financa/dags/get_stocks.py took 0.643 seconds
[2024-11-05T01:34:09.861-0300] {processor.py:186} INFO - Started process (PID=50181) to work on /home/lucaires/Documentos/airflow_financa/dags/get_stocks.py
[2024-11-05T01:34:09.864-0300] {processor.py:914} INFO - Processing file /home/lucaires/Documentos/airflow_financa/dags/get_stocks.py for tasks to queue
[2024-11-05T01:34:09.867-0300] {logging_mixin.py:190} INFO - [2024-11-05T01:34:09.866-0300] {dagbag.py:588} INFO - Filling up the DagBag from /home/lucaires/Documentos/airflow_financa/dags/get_stocks.py
[2024-11-05T01:34:10.486-0300] {processor.py:925} INFO - DAG(s) 'get_stocks_dag' retrieved from /home/lucaires/Documentos/airflow_financa/dags/get_stocks.py
[2024-11-05T01:34:10.516-0300] {logging_mixin.py:190} INFO - [2024-11-05T01:34:10.515-0300] {dag.py:3239} INFO - Sync 1 DAGs
[2024-11-05T01:34:10.537-0300] {logging_mixin.py:190} INFO - [2024-11-05T01:34:10.537-0300] {dag.py:4180} INFO - Setting next_dagrun for get_stocks_dag to 2024-11-05 00:00:00+00:00, run_after=2024-11-06 00:00:00+00:00
[2024-11-05T01:34:10.557-0300] {processor.py:208} INFO - Processing /home/lucaires/Documentos/airflow_financa/dags/get_stocks.py took 0.704 seconds
[2024-11-05T01:34:40.753-0300] {processor.py:186} INFO - Started process (PID=50691) to work on /home/lucaires/Documentos/airflow_financa/dags/get_stocks.py
[2024-11-05T01:34:40.757-0300] {processor.py:914} INFO - Processing file /home/lucaires/Documentos/airflow_financa/dags/get_stocks.py for tasks to queue
[2024-11-05T01:34:40.758-0300] {logging_mixin.py:190} INFO - [2024-11-05T01:34:40.758-0300] {dagbag.py:588} INFO - Filling up the DagBag from /home/lucaires/Documentos/airflow_financa/dags/get_stocks.py
[2024-11-05T01:34:41.287-0300] {processor.py:925} INFO - DAG(s) 'get_stocks_dag' retrieved from /home/lucaires/Documentos/airflow_financa/dags/get_stocks.py
[2024-11-05T01:34:41.322-0300] {logging_mixin.py:190} INFO - [2024-11-05T01:34:41.322-0300] {dag.py:3239} INFO - Sync 1 DAGs
[2024-11-05T01:34:41.342-0300] {logging_mixin.py:190} INFO - [2024-11-05T01:34:41.342-0300] {dag.py:4180} INFO - Setting next_dagrun for get_stocks_dag to 2024-11-05 00:00:00+00:00, run_after=2024-11-06 00:00:00+00:00
[2024-11-05T01:34:41.361-0300] {processor.py:208} INFO - Processing /home/lucaires/Documentos/airflow_financa/dags/get_stocks.py took 0.613 seconds
[2024-11-05T01:35:11.564-0300] {processor.py:186} INFO - Started process (PID=50974) to work on /home/lucaires/Documentos/airflow_financa/dags/get_stocks.py
[2024-11-05T01:35:11.568-0300] {processor.py:914} INFO - Processing file /home/lucaires/Documentos/airflow_financa/dags/get_stocks.py for tasks to queue
[2024-11-05T01:35:11.570-0300] {logging_mixin.py:190} INFO - [2024-11-05T01:35:11.570-0300] {dagbag.py:588} INFO - Filling up the DagBag from /home/lucaires/Documentos/airflow_financa/dags/get_stocks.py
[2024-11-05T01:35:12.104-0300] {processor.py:925} INFO - DAG(s) 'get_stocks_dag' retrieved from /home/lucaires/Documentos/airflow_financa/dags/get_stocks.py
[2024-11-05T01:35:12.132-0300] {logging_mixin.py:190} INFO - [2024-11-05T01:35:12.132-0300] {dag.py:3239} INFO - Sync 1 DAGs
[2024-11-05T01:35:12.154-0300] {logging_mixin.py:190} INFO - [2024-11-05T01:35:12.154-0300] {dag.py:4180} INFO - Setting next_dagrun for get_stocks_dag to 2024-11-05 00:00:00+00:00, run_after=2024-11-06 00:00:00+00:00
[2024-11-05T01:35:12.172-0300] {processor.py:208} INFO - Processing /home/lucaires/Documentos/airflow_financa/dags/get_stocks.py took 0.613 seconds
[2024-11-05T01:36:30.026-0300] {processor.py:186} INFO - Started process (PID=53111) to work on /home/lucaires/Documentos/airflow_financa/dags/get_stocks.py
[2024-11-05T01:36:30.027-0300] {processor.py:914} INFO - Processing file /home/lucaires/Documentos/airflow_financa/dags/get_stocks.py for tasks to queue
[2024-11-05T01:36:30.028-0300] {logging_mixin.py:190} INFO - [2024-11-05T01:36:30.028-0300] {dagbag.py:588} INFO - Filling up the DagBag from /home/lucaires/Documentos/airflow_financa/dags/get_stocks.py
[2024-11-05T01:36:30.513-0300] {processor.py:925} INFO - DAG(s) 'get_stocks_dag' retrieved from /home/lucaires/Documentos/airflow_financa/dags/get_stocks.py
[2024-11-05T01:36:30.540-0300] {logging_mixin.py:190} INFO - [2024-11-05T01:36:30.540-0300] {dag.py:3239} INFO - Sync 1 DAGs
[2024-11-05T01:36:30.559-0300] {logging_mixin.py:190} INFO - [2024-11-05T01:36:30.559-0300] {dag.py:4180} INFO - Setting next_dagrun for get_stocks_dag to 2024-11-05 00:00:00+00:00, run_after=2024-11-06 00:00:00+00:00
[2024-11-05T01:36:30.582-0300] {processor.py:208} INFO - Processing /home/lucaires/Documentos/airflow_financa/dags/get_stocks.py took 0.560 seconds
[2024-11-05T01:37:00.750-0300] {processor.py:186} INFO - Started process (PID=53884) to work on /home/lucaires/Documentos/airflow_financa/dags/get_stocks.py
[2024-11-05T01:37:00.754-0300] {processor.py:914} INFO - Processing file /home/lucaires/Documentos/airflow_financa/dags/get_stocks.py for tasks to queue
[2024-11-05T01:37:00.756-0300] {logging_mixin.py:190} INFO - [2024-11-05T01:37:00.756-0300] {dagbag.py:588} INFO - Filling up the DagBag from /home/lucaires/Documentos/airflow_financa/dags/get_stocks.py
[2024-11-05T01:37:01.274-0300] {processor.py:925} INFO - DAG(s) 'get_stocks_dag' retrieved from /home/lucaires/Documentos/airflow_financa/dags/get_stocks.py
[2024-11-05T01:37:01.300-0300] {logging_mixin.py:190} INFO - [2024-11-05T01:37:01.300-0300] {dag.py:3239} INFO - Sync 1 DAGs
[2024-11-05T01:37:01.322-0300] {logging_mixin.py:190} INFO - [2024-11-05T01:37:01.322-0300] {dag.py:4180} INFO - Setting next_dagrun for get_stocks_dag to 2024-11-05 00:00:00+00:00, run_after=2024-11-06 00:00:00+00:00
[2024-11-05T01:37:01.343-0300] {processor.py:208} INFO - Processing /home/lucaires/Documentos/airflow_financa/dags/get_stocks.py took 0.598 seconds
[2024-11-05T01:37:31.506-0300] {processor.py:186} INFO - Started process (PID=54226) to work on /home/lucaires/Documentos/airflow_financa/dags/get_stocks.py
[2024-11-05T01:37:31.507-0300] {processor.py:914} INFO - Processing file /home/lucaires/Documentos/airflow_financa/dags/get_stocks.py for tasks to queue
[2024-11-05T01:37:31.509-0300] {logging_mixin.py:190} INFO - [2024-11-05T01:37:31.509-0300] {dagbag.py:588} INFO - Filling up the DagBag from /home/lucaires/Documentos/airflow_financa/dags/get_stocks.py
[2024-11-05T01:37:31.930-0300] {processor.py:925} INFO - DAG(s) 'get_stocks_dag' retrieved from /home/lucaires/Documentos/airflow_financa/dags/get_stocks.py
[2024-11-05T01:37:32.018-0300] {logging_mixin.py:190} INFO - [2024-11-05T01:37:32.018-0300] {dag.py:3239} INFO - Sync 1 DAGs
[2024-11-05T01:37:32.027-0300] {logging_mixin.py:190} INFO - [2024-11-05T01:37:32.027-0300] {dag.py:3262} INFO - Creating ORM DAG for get_stocks_dag
[2024-11-05T01:37:32.036-0300] {logging_mixin.py:190} INFO - [2024-11-05T01:37:32.036-0300] {dag.py:4180} INFO - Setting next_dagrun for get_stocks_dag to 2024-11-01 00:00:00+00:00, run_after=2024-11-02 00:00:00+00:00
[2024-11-05T01:37:32.049-0300] {processor.py:208} INFO - Processing /home/lucaires/Documentos/airflow_financa/dags/get_stocks.py took 0.548 seconds
[2024-11-05T01:38:02.218-0300] {processor.py:186} INFO - Started process (PID=55586) to work on /home/lucaires/Documentos/airflow_financa/dags/get_stocks.py
[2024-11-05T01:38:02.219-0300] {processor.py:914} INFO - Processing file /home/lucaires/Documentos/airflow_financa/dags/get_stocks.py for tasks to queue
[2024-11-05T01:38:02.221-0300] {logging_mixin.py:190} INFO - [2024-11-05T01:38:02.221-0300] {dagbag.py:588} INFO - Filling up the DagBag from /home/lucaires/Documentos/airflow_financa/dags/get_stocks.py
[2024-11-05T01:38:02.740-0300] {processor.py:925} INFO - DAG(s) 'get_stocks_dag' retrieved from /home/lucaires/Documentos/airflow_financa/dags/get_stocks.py
[2024-11-05T01:38:02.764-0300] {logging_mixin.py:190} INFO - [2024-11-05T01:38:02.764-0300] {dag.py:3239} INFO - Sync 1 DAGs
[2024-11-05T01:38:02.783-0300] {logging_mixin.py:190} INFO - [2024-11-05T01:38:02.783-0300] {dag.py:4180} INFO - Setting next_dagrun for get_stocks_dag to 2024-11-05 00:00:00+00:00, run_after=2024-11-06 00:00:00+00:00
[2024-11-05T01:38:02.800-0300] {processor.py:208} INFO - Processing /home/lucaires/Documentos/airflow_financa/dags/get_stocks.py took 0.586 seconds
[2024-11-05T01:38:32.962-0300] {processor.py:186} INFO - Started process (PID=57373) to work on /home/lucaires/Documentos/airflow_financa/dags/get_stocks.py
[2024-11-05T01:38:32.965-0300] {processor.py:914} INFO - Processing file /home/lucaires/Documentos/airflow_financa/dags/get_stocks.py for tasks to queue
[2024-11-05T01:38:32.968-0300] {logging_mixin.py:190} INFO - [2024-11-05T01:38:32.967-0300] {dagbag.py:588} INFO - Filling up the DagBag from /home/lucaires/Documentos/airflow_financa/dags/get_stocks.py
[2024-11-05T01:38:33.458-0300] {processor.py:925} INFO - DAG(s) 'get_stocks_dag' retrieved from /home/lucaires/Documentos/airflow_financa/dags/get_stocks.py
[2024-11-05T01:38:33.481-0300] {logging_mixin.py:190} INFO - [2024-11-05T01:38:33.481-0300] {dag.py:3239} INFO - Sync 1 DAGs
[2024-11-05T01:38:33.497-0300] {logging_mixin.py:190} INFO - [2024-11-05T01:38:33.497-0300] {dag.py:4180} INFO - Setting next_dagrun for get_stocks_dag to 2024-11-05 00:00:00+00:00, run_after=2024-11-06 00:00:00+00:00
[2024-11-05T01:38:33.518-0300] {processor.py:208} INFO - Processing /home/lucaires/Documentos/airflow_financa/dags/get_stocks.py took 0.561 seconds
[2024-11-05T01:39:03.686-0300] {processor.py:186} INFO - Started process (PID=59224) to work on /home/lucaires/Documentos/airflow_financa/dags/get_stocks.py
[2024-11-05T01:39:03.687-0300] {processor.py:914} INFO - Processing file /home/lucaires/Documentos/airflow_financa/dags/get_stocks.py for tasks to queue
[2024-11-05T01:39:03.689-0300] {logging_mixin.py:190} INFO - [2024-11-05T01:39:03.689-0300] {dagbag.py:588} INFO - Filling up the DagBag from /home/lucaires/Documentos/airflow_financa/dags/get_stocks.py
[2024-11-05T01:39:04.165-0300] {processor.py:925} INFO - DAG(s) 'get_stocks_dag' retrieved from /home/lucaires/Documentos/airflow_financa/dags/get_stocks.py
[2024-11-05T01:39:04.191-0300] {logging_mixin.py:190} INFO - [2024-11-05T01:39:04.191-0300] {dag.py:3239} INFO - Sync 1 DAGs
[2024-11-05T01:39:04.211-0300] {logging_mixin.py:190} INFO - [2024-11-05T01:39:04.211-0300] {dag.py:4180} INFO - Setting next_dagrun for get_stocks_dag to 2024-11-05 00:00:00+00:00, run_after=2024-11-06 00:00:00+00:00
[2024-11-05T01:39:04.229-0300] {processor.py:208} INFO - Processing /home/lucaires/Documentos/airflow_financa/dags/get_stocks.py took 0.549 seconds
[2024-11-05T01:39:34.383-0300] {processor.py:186} INFO - Started process (PID=61000) to work on /home/lucaires/Documentos/airflow_financa/dags/get_stocks.py
[2024-11-05T01:39:34.386-0300] {processor.py:914} INFO - Processing file /home/lucaires/Documentos/airflow_financa/dags/get_stocks.py for tasks to queue
[2024-11-05T01:39:34.389-0300] {logging_mixin.py:190} INFO - [2024-11-05T01:39:34.388-0300] {dagbag.py:588} INFO - Filling up the DagBag from /home/lucaires/Documentos/airflow_financa/dags/get_stocks.py
[2024-11-05T01:39:34.888-0300] {processor.py:925} INFO - DAG(s) 'get_stocks_dag' retrieved from /home/lucaires/Documentos/airflow_financa/dags/get_stocks.py
[2024-11-05T01:39:34.912-0300] {logging_mixin.py:190} INFO - [2024-11-05T01:39:34.912-0300] {dag.py:3239} INFO - Sync 1 DAGs
[2024-11-05T01:39:34.930-0300] {logging_mixin.py:190} INFO - [2024-11-05T01:39:34.930-0300] {dag.py:4180} INFO - Setting next_dagrun for get_stocks_dag to 2024-11-05 00:00:00+00:00, run_after=2024-11-06 00:00:00+00:00
[2024-11-05T01:39:34.947-0300] {processor.py:208} INFO - Processing /home/lucaires/Documentos/airflow_financa/dags/get_stocks.py took 0.570 seconds
[2024-11-05T01:40:05.111-0300] {processor.py:186} INFO - Started process (PID=62981) to work on /home/lucaires/Documentos/airflow_financa/dags/get_stocks.py
[2024-11-05T01:40:05.115-0300] {processor.py:914} INFO - Processing file /home/lucaires/Documentos/airflow_financa/dags/get_stocks.py for tasks to queue
[2024-11-05T01:40:05.117-0300] {logging_mixin.py:190} INFO - [2024-11-05T01:40:05.117-0300] {dagbag.py:588} INFO - Filling up the DagBag from /home/lucaires/Documentos/airflow_financa/dags/get_stocks.py
[2024-11-05T01:40:05.560-0300] {processor.py:925} INFO - DAG(s) 'get_stocks_dag' retrieved from /home/lucaires/Documentos/airflow_financa/dags/get_stocks.py
[2024-11-05T01:40:05.584-0300] {logging_mixin.py:190} INFO - [2024-11-05T01:40:05.584-0300] {dag.py:3239} INFO - Sync 1 DAGs
[2024-11-05T01:40:05.601-0300] {logging_mixin.py:190} INFO - [2024-11-05T01:40:05.601-0300] {dag.py:4180} INFO - Setting next_dagrun for get_stocks_dag to 2024-11-05 00:00:00+00:00, run_after=2024-11-06 00:00:00+00:00
[2024-11-05T01:40:05.616-0300] {processor.py:208} INFO - Processing /home/lucaires/Documentos/airflow_financa/dags/get_stocks.py took 0.509 seconds
[2024-11-05T01:41:06.234-0300] {processor.py:186} INFO - Started process (PID=63427) to work on /home/lucaires/Documentos/airflow_financa/dags/get_stocks.py
[2024-11-05T01:41:08.740-0300] {processor.py:914} INFO - Processing file /home/lucaires/Documentos/airflow_financa/dags/get_stocks.py for tasks to queue
[2024-11-05T01:41:12.309-0300] {logging_mixin.py:190} INFO - [2024-11-05T01:41:11.147-0300] {dagbag.py:588} INFO - Filling up the DagBag from /home/lucaires/Documentos/airflow_financa/dags/get_stocks.py
[2024-11-05T01:41:45.312-0300] {logging_mixin.py:190} INFO - [2024-11-05T01:41:44.655-0300] {timeout.py:68} ERROR - Process timed out, PID: 63427
[2024-11-05T01:41:48.518-0300] {logging_mixin.py:190} INFO - [2024-11-05T01:41:45.620-0300] {dagbag.py:387} ERROR - Failed to import: /home/lucaires/Documentos/airflow_financa/dags/get_stocks.py
Traceback (most recent call last):
  File "/home/lucaires/anaconda3/envs/venv_airflow/lib/python3.12/site-packages/airflow/models/dagbag.py", line 383, in parse
    loader.exec_module(new_module)
  File "<frozen importlib._bootstrap_external>", line 995, in exec_module
  File "<frozen importlib._bootstrap>", line 488, in _call_with_frames_removed
  File "/home/lucaires/Documentos/airflow_financa/dags/get_stocks.py", line 1, in <module>
    import yfinance
  File "/home/lucaires/anaconda3/envs/venv_airflow/lib/python3.12/site-packages/yfinance/__init__.py", line 23, in <module>
    from .ticker import Ticker
  File "/home/lucaires/anaconda3/envs/venv_airflow/lib/python3.12/site-packages/yfinance/ticker.py", line 25, in <module>
    from .scrapers.funds import FundsData
  File "/home/lucaires/anaconda3/envs/venv_airflow/lib/python3.12/site-packages/yfinance/scrapers/funds.py", line 1, in <module>
    import pandas as pd
  File "/home/lucaires/anaconda3/envs/venv_airflow/lib/python3.12/site-packages/pandas/__init__.py", line 14, in <module>
    __import__(_dependency)
  File "/home/lucaires/anaconda3/envs/venv_airflow/lib/python3.12/site-packages/numpy/__init__.py", line 298, in <module>
    _core.getlimits._register_known_types()
  File "/home/lucaires/anaconda3/envs/venv_airflow/lib/python3.12/site-packages/numpy/_core/getlimits.py", line 170, in _register_known_types
    float16_ma = MachArLike(f16,
                 ^^^^^^^^^^^^^^^
  File "/home/lucaires/anaconda3/envs/venv_airflow/lib/python3.12/site-packages/numpy/_core/getlimits.py", line 47, in __init__
    self.xmax = self.huge = self._float_to_float(huge)
                            ^^^^^^^^^^^^^^^^^^^^^^^^^^
  File "/home/lucaires/anaconda3/envs/venv_airflow/lib/python3.12/site-packages/numpy/_core/getlimits.py", line 91, in _float_to_float
    def _float_to_float(self, value):
    
  File "/home/lucaires/anaconda3/envs/venv_airflow/lib/python3.12/site-packages/airflow/utils/timeout.py", line 69, in handle_timeout
    raise AirflowTaskTimeout(self.error_message)
airflow.exceptions.AirflowTaskTimeout: DagBag import timeout for /home/lucaires/Documentos/airflow_financa/dags/get_stocks.py after 30.0s.
Please take a look at these docs to improve your DAG import time:
* https://airflow.apache.org/docs/apache-airflow/2.10.2/best-practices.html#top-level-python-code
* https://airflow.apache.org/docs/apache-airflow/2.10.2/best-practices.html#reducing-dag-complexity, PID: 63427
[2024-11-05T01:41:49.889-0300] {processor.py:927} WARNING - No viable dags retrieved from /home/lucaires/Documentos/airflow_financa/dags/get_stocks.py
[2024-11-05T01:42:39.263-0300] {processor.py:186} INFO - Started process (PID=64509) to work on /home/lucaires/Documentos/airflow_financa/dags/get_stocks.py
[2024-11-05T01:42:39.968-0300] {processor.py:914} INFO - Processing file /home/lucaires/Documentos/airflow_financa/dags/get_stocks.py for tasks to queue
[2024-11-05T01:42:44.166-0300] {logging_mixin.py:190} INFO - [2024-11-05T01:42:43.082-0300] {dagbag.py:588} INFO - Filling up the DagBag from /home/lucaires/Documentos/airflow_financa/dags/get_stocks.py
[2024-11-05T01:43:21.641-0300] {logging_mixin.py:190} INFO - [2024-11-05T01:43:18.370-0300] {timeout.py:68} ERROR - Process timed out, PID: 64509
[2024-11-05T01:43:25.028-0300] {logging_mixin.py:190} WARNING - Exception ignored in: <function _collection_gced at 0x77be85c64a40>
