[2024-11-05T00:54:53.075-0300] {local_task_job_runner.py:123} INFO - ::group::Pre task execution logs
[2024-11-05T00:54:53.082-0300] {taskinstance.py:2612} INFO - Dependencies all met for dep_context=non-requeueable deps ti=<TaskInstance: get_stocks_dag.GOOG scheduled__2024-11-02T00:00:00+00:00 [queued]>
[2024-11-05T00:54:53.089-0300] {taskinstance.py:2612} INFO - Dependencies all met for dep_context=requeueable deps ti=<TaskInstance: get_stocks_dag.GOOG scheduled__2024-11-02T00:00:00+00:00 [queued]>
[2024-11-05T00:54:53.090-0300] {taskinstance.py:2865} INFO - Starting attempt 1 of 1
[2024-11-05T00:54:53.227-0300] {taskinstance.py:2888} INFO - Executing <Task(_PythonDecoratedOperator): GOOG> on 2024-11-02 00:00:00+00:00
[2024-11-05T00:54:53.233-0300] {standard_task_runner.py:72} INFO - Started process 11408 to run task
[2024-11-05T00:54:53.236-0300] {standard_task_runner.py:104} INFO - Running: ['airflow', 'tasks', 'run', 'get_stocks_dag', 'GOOG', 'scheduled__2024-11-02T00:00:00+00:00', '--job-id', '13', '--raw', '--subdir', 'DAGS_FOLDER/get_stocks.py', '--cfg-path', '/tmp/tmpgff02lc6']
[2024-11-05T00:54:53.238-0300] {standard_task_runner.py:105} INFO - Job 13: Subtask GOOG
[2024-11-05T00:54:53.266-0300] {task_command.py:467} INFO - Running <TaskInstance: get_stocks_dag.GOOG scheduled__2024-11-02T00:00:00+00:00 [running]> on host lucaires-IdeaPad-3-15ALC6
[2024-11-05T00:54:53.421-0300] {taskinstance.py:3131} INFO - Exporting env vars: AIRFLOW_CTX_DAG_OWNER='airflow' AIRFLOW_CTX_DAG_ID='get_stocks_dag' AIRFLOW_CTX_TASK_ID='GOOG' AIRFLOW_CTX_EXECUTION_DATE='2024-11-02T00:00:00+00:00' AIRFLOW_CTX_TRY_NUMBER='1' AIRFLOW_CTX_DAG_RUN_ID='scheduled__2024-11-02T00:00:00+00:00'
[2024-11-05T00:54:53.421-0300] {taskinstance.py:731} INFO - ::endgroup::
[2024-11-05T00:54:59.099-0300] {python.py:240} INFO - Done. Returned value was: None
[2024-11-05T00:54:59.103-0300] {taskinstance.py:340} INFO - ::group::Post task execution logs
[2024-11-05T00:54:59.103-0300] {taskinstance.py:352} INFO - Marking task as SUCCESS. dag_id=get_stocks_dag, task_id=GOOG, run_id=scheduled__2024-11-02T00:00:00+00:00, execution_date=20241102T000000, start_date=20241105T035453, end_date=20241105T035459
[2024-11-05T00:54:59.254-0300] {local_task_job_runner.py:266} INFO - Task exited with return code 0
[2024-11-05T00:54:59.352-0300] {taskinstance.py:3900} INFO - 0 downstream tasks scheduled from follow-on schedule check
[2024-11-05T00:54:59.352-0300] {local_task_job_runner.py:245} INFO - ::endgroup::
[2024-11-05T01:14:46.525-0300] {local_task_job_runner.py:123} INFO - ::group::Pre task execution logs
[2024-11-05T01:14:46.564-0300] {taskinstance.py:2612} INFO - Dependencies all met for dep_context=non-requeueable deps ti=<TaskInstance: get_stocks_dag.GOOG scheduled__2024-11-02T00:00:00+00:00 [queued]>
[2024-11-05T01:14:46.583-0300] {taskinstance.py:2612} INFO - Dependencies all met for dep_context=requeueable deps ti=<TaskInstance: get_stocks_dag.GOOG scheduled__2024-11-02T00:00:00+00:00 [queued]>
[2024-11-05T01:14:46.584-0300] {taskinstance.py:2865} INFO - Starting attempt 1 of 1
[2024-11-05T01:14:46.598-0300] {taskinstance.py:2888} INFO - Executing <Task(_PythonDecoratedOperator): GOOG> on 2024-11-02 00:00:00+00:00
[2024-11-05T01:14:46.614-0300] {standard_task_runner.py:104} INFO - Running: ['airflow', 'tasks', 'run', 'get_stocks_dag', 'GOOG', 'scheduled__2024-11-02T00:00:00+00:00', '--job-id', '4', '--raw', '--subdir', 'DAGS_FOLDER/get_stocks.py', '--cfg-path', '/tmp/tmpgph4qe0a']
[2024-11-05T01:14:46.618-0300] {standard_task_runner.py:105} INFO - Job 4: Subtask GOOG
[2024-11-05T01:14:46.618-0300] {logging_mixin.py:190} WARNING - /home/lucaires/anaconda3/envs/venv_airflow/lib/python3.12/site-packages/airflow/task/task_runner/standard_task_runner.py:70 DeprecationWarning: This process (pid=26385) is multi-threaded, use of fork() may lead to deadlocks in the child.
[2024-11-05T01:14:46.618-0300] {standard_task_runner.py:72} INFO - Started process 26583 to run task
[2024-11-05T01:14:46.735-0300] {task_command.py:467} INFO - Running <TaskInstance: get_stocks_dag.GOOG scheduled__2024-11-02T00:00:00+00:00 [running]> on host lucaires-IdeaPad-3-15ALC6
[2024-11-05T01:14:46.913-0300] {taskinstance.py:3131} INFO - Exporting env vars: AIRFLOW_CTX_DAG_OWNER='airflow' AIRFLOW_CTX_DAG_ID='get_stocks_dag' AIRFLOW_CTX_TASK_ID='GOOG' AIRFLOW_CTX_EXECUTION_DATE='2024-11-02T00:00:00+00:00' AIRFLOW_CTX_TRY_NUMBER='1' AIRFLOW_CTX_DAG_RUN_ID='scheduled__2024-11-02T00:00:00+00:00'
[2024-11-05T01:14:46.914-0300] {taskinstance.py:731} INFO - ::endgroup::
[2024-11-05T01:15:35.011-0300] {python.py:240} INFO - Done. Returned value was: None
[2024-11-05T01:15:35.024-0300] {taskinstance.py:340} INFO - ::group::Post task execution logs
[2024-11-05T01:15:35.025-0300] {taskinstance.py:352} INFO - Marking task as SUCCESS. dag_id=get_stocks_dag, task_id=GOOG, run_id=scheduled__2024-11-02T00:00:00+00:00, execution_date=20241102T000000, start_date=20241105T041446, end_date=20241105T041535
[2024-11-05T01:15:35.072-0300] {local_task_job_runner.py:266} INFO - Task exited with return code 0
[2024-11-05T01:15:35.096-0300] {taskinstance.py:3900} INFO - 0 downstream tasks scheduled from follow-on schedule check
[2024-11-05T01:15:35.098-0300] {local_task_job_runner.py:245} INFO - ::endgroup::
[2024-11-05T01:28:19.888-0300] {local_task_job_runner.py:123} INFO - ::group::Pre task execution logs
[2024-11-05T01:28:19.907-0300] {taskinstance.py:2612} INFO - Dependencies all met for dep_context=non-requeueable deps ti=<TaskInstance: get_stocks_dag.GOOG scheduled__2024-11-02T00:00:00+00:00 [queued]>
[2024-11-05T01:28:19.914-0300] {taskinstance.py:2612} INFO - Dependencies all met for dep_context=requeueable deps ti=<TaskInstance: get_stocks_dag.GOOG scheduled__2024-11-02T00:00:00+00:00 [queued]>
[2024-11-05T01:28:19.915-0300] {taskinstance.py:2865} INFO - Starting attempt 1 of 1
[2024-11-05T01:28:19.924-0300] {taskinstance.py:2888} INFO - Executing <Task(_PythonDecoratedOperator): GOOG> on 2024-11-02 00:00:00+00:00
[2024-11-05T01:28:19.936-0300] {logging_mixin.py:190} WARNING - /home/lucaires/anaconda3/envs/venv_airflow/lib/python3.12/site-packages/airflow/task/task_runner/standard_task_runner.py:70 DeprecationWarning: This process (pid=39813) is multi-threaded, use of fork() may lead to deadlocks in the child.
[2024-11-05T01:28:19.934-0300] {standard_task_runner.py:104} INFO - Running: ['airflow', 'tasks', 'run', 'get_stocks_dag', 'GOOG', 'scheduled__2024-11-02T00:00:00+00:00', '--job-id', '19', '--raw', '--subdir', 'DAGS_FOLDER/get_stocks.py', '--cfg-path', '/tmp/tmpznkp4ln2']
[2024-11-05T01:28:19.937-0300] {standard_task_runner.py:72} INFO - Started process 40014 to run task
[2024-11-05T01:28:19.937-0300] {standard_task_runner.py:105} INFO - Job 19: Subtask GOOG
[2024-11-05T01:28:19.990-0300] {task_command.py:467} INFO - Running <TaskInstance: get_stocks_dag.GOOG scheduled__2024-11-02T00:00:00+00:00 [running]> on host lucaires-IdeaPad-3-15ALC6
[2024-11-05T01:28:20.076-0300] {taskinstance.py:3131} INFO - Exporting env vars: AIRFLOW_CTX_DAG_OWNER='airflow' AIRFLOW_CTX_DAG_ID='get_stocks_dag' AIRFLOW_CTX_TASK_ID='GOOG' AIRFLOW_CTX_EXECUTION_DATE='2024-11-02T00:00:00+00:00' AIRFLOW_CTX_TRY_NUMBER='1' AIRFLOW_CTX_DAG_RUN_ID='scheduled__2024-11-02T00:00:00+00:00'
[2024-11-05T01:28:20.077-0300] {taskinstance.py:731} INFO - ::endgroup::
[2024-11-05T01:28:26.835-0300] {python.py:240} INFO - Done. Returned value was: None
[2024-11-05T01:28:26.850-0300] {taskinstance.py:340} INFO - ::group::Post task execution logs
[2024-11-05T01:28:26.850-0300] {taskinstance.py:352} INFO - Marking task as SUCCESS. dag_id=get_stocks_dag, task_id=GOOG, run_id=scheduled__2024-11-02T00:00:00+00:00, execution_date=20241102T000000, start_date=20241105T042819, end_date=20241105T042826
[2024-11-05T01:28:26.896-0300] {local_task_job_runner.py:266} INFO - Task exited with return code 0
[2024-11-05T01:28:26.917-0300] {taskinstance.py:3900} INFO - 0 downstream tasks scheduled from follow-on schedule check
[2024-11-05T01:28:26.919-0300] {local_task_job_runner.py:245} INFO - ::endgroup::
