[2024-11-05T00:54:09.045-0300] {local_task_job_runner.py:123} INFO - ::group::Pre task execution logs
[2024-11-05T00:54:09.052-0300] {taskinstance.py:2612} INFO - Dependencies all met for dep_context=non-requeueable deps ti=<TaskInstance: get_stocks_dag.GOOG scheduled__2024-11-01T00:00:00+00:00 [queued]>
[2024-11-05T00:54:09.056-0300] {taskinstance.py:2612} INFO - Dependencies all met for dep_context=requeueable deps ti=<TaskInstance: get_stocks_dag.GOOG scheduled__2024-11-01T00:00:00+00:00 [queued]>
[2024-11-05T00:54:09.056-0300] {taskinstance.py:2865} INFO - Starting attempt 1 of 1
[2024-11-05T00:54:09.065-0300] {taskinstance.py:2888} INFO - Executing <Task(_PythonDecoratedOperator): GOOG> on 2024-11-01 00:00:00+00:00
[2024-11-05T00:54:09.071-0300] {standard_task_runner.py:72} INFO - Started process 10482 to run task
[2024-11-05T00:54:09.073-0300] {standard_task_runner.py:104} INFO - Running: ['airflow', 'tasks', 'run', 'get_stocks_dag', 'GOOG', 'scheduled__2024-11-01T00:00:00+00:00', '--job-id', '9', '--raw', '--subdir', 'DAGS_FOLDER/get_stocks.py', '--cfg-path', '/tmp/tmpbszlw0n1']
[2024-11-05T00:54:09.075-0300] {standard_task_runner.py:105} INFO - Job 9: Subtask GOOG
[2024-11-05T00:54:09.102-0300] {task_command.py:467} INFO - Running <TaskInstance: get_stocks_dag.GOOG scheduled__2024-11-01T00:00:00+00:00 [running]> on host lucaires-IdeaPad-3-15ALC6
[2024-11-05T00:54:09.245-0300] {taskinstance.py:3131} INFO - Exporting env vars: AIRFLOW_CTX_DAG_OWNER='airflow' AIRFLOW_CTX_DAG_ID='get_stocks_dag' AIRFLOW_CTX_TASK_ID='GOOG' AIRFLOW_CTX_EXECUTION_DATE='2024-11-01T00:00:00+00:00' AIRFLOW_CTX_TRY_NUMBER='1' AIRFLOW_CTX_DAG_RUN_ID='scheduled__2024-11-01T00:00:00+00:00'
[2024-11-05T00:54:09.246-0300] {taskinstance.py:731} INFO - ::endgroup::
[2024-11-05T00:54:20.185-0300] {python.py:240} INFO - Done. Returned value was: None
[2024-11-05T00:54:20.189-0300] {taskinstance.py:340} INFO - ::group::Post task execution logs
[2024-11-05T00:54:20.189-0300] {taskinstance.py:352} INFO - Marking task as SUCCESS. dag_id=get_stocks_dag, task_id=GOOG, run_id=scheduled__2024-11-01T00:00:00+00:00, execution_date=20241101T000000, start_date=20241105T035409, end_date=20241105T035420
[2024-11-05T00:54:20.217-0300] {local_task_job_runner.py:266} INFO - Task exited with return code 0
[2024-11-05T00:54:20.225-0300] {taskinstance.py:3900} INFO - 0 downstream tasks scheduled from follow-on schedule check
[2024-11-05T00:54:20.225-0300] {local_task_job_runner.py:245} INFO - ::endgroup::
[2024-11-05T01:14:46.544-0300] {local_task_job_runner.py:123} INFO - ::group::Pre task execution logs
[2024-11-05T01:14:46.586-0300] {taskinstance.py:2612} INFO - Dependencies all met for dep_context=non-requeueable deps ti=<TaskInstance: get_stocks_dag.GOOG scheduled__2024-11-01T00:00:00+00:00 [queued]>
[2024-11-05T01:14:46.598-0300] {taskinstance.py:2612} INFO - Dependencies all met for dep_context=requeueable deps ti=<TaskInstance: get_stocks_dag.GOOG scheduled__2024-11-01T00:00:00+00:00 [queued]>
[2024-11-05T01:14:46.598-0300] {taskinstance.py:2865} INFO - Starting attempt 1 of 1
[2024-11-05T01:14:46.615-0300] {taskinstance.py:2888} INFO - Executing <Task(_PythonDecoratedOperator): GOOG> on 2024-11-01 00:00:00+00:00
[2024-11-05T01:14:46.645-0300] {standard_task_runner.py:104} INFO - Running: ['airflow', 'tasks', 'run', 'get_stocks_dag', 'GOOG', 'scheduled__2024-11-01T00:00:00+00:00', '--job-id', '3', '--raw', '--subdir', 'DAGS_FOLDER/get_stocks.py', '--cfg-path', '/tmp/tmpgx1i90sq']
[2024-11-05T01:14:46.650-0300] {standard_task_runner.py:105} INFO - Job 3: Subtask GOOG
[2024-11-05T01:14:46.653-0300] {logging_mixin.py:190} WARNING - /home/lucaires/anaconda3/envs/venv_airflow/lib/python3.12/site-packages/airflow/task/task_runner/standard_task_runner.py:70 DeprecationWarning: This process (pid=26297) is multi-threaded, use of fork() may lead to deadlocks in the child.
[2024-11-05T01:14:46.654-0300] {standard_task_runner.py:72} INFO - Started process 26595 to run task
[2024-11-05T01:14:46.766-0300] {task_command.py:467} INFO - Running <TaskInstance: get_stocks_dag.GOOG scheduled__2024-11-01T00:00:00+00:00 [running]> on host lucaires-IdeaPad-3-15ALC6
[2024-11-05T01:14:46.917-0300] {taskinstance.py:3131} INFO - Exporting env vars: AIRFLOW_CTX_DAG_OWNER='airflow' AIRFLOW_CTX_DAG_ID='get_stocks_dag' AIRFLOW_CTX_TASK_ID='GOOG' AIRFLOW_CTX_EXECUTION_DATE='2024-11-01T00:00:00+00:00' AIRFLOW_CTX_TRY_NUMBER='1' AIRFLOW_CTX_DAG_RUN_ID='scheduled__2024-11-01T00:00:00+00:00'
[2024-11-05T01:14:46.920-0300] {taskinstance.py:731} INFO - ::endgroup::
[2024-11-05T01:15:36.072-0300] {python.py:240} INFO - Done. Returned value was: None
[2024-11-05T01:15:36.085-0300] {taskinstance.py:340} INFO - ::group::Post task execution logs
[2024-11-05T01:15:36.085-0300] {taskinstance.py:352} INFO - Marking task as SUCCESS. dag_id=get_stocks_dag, task_id=GOOG, run_id=scheduled__2024-11-01T00:00:00+00:00, execution_date=20241101T000000, start_date=20241105T041446, end_date=20241105T041536
[2024-11-05T01:15:36.145-0300] {local_task_job_runner.py:266} INFO - Task exited with return code 0
[2024-11-05T01:15:36.162-0300] {taskinstance.py:3900} INFO - 0 downstream tasks scheduled from follow-on schedule check
[2024-11-05T01:15:36.165-0300] {local_task_job_runner.py:245} INFO - ::endgroup::
[2024-11-05T01:27:39.485-0300] {local_task_job_runner.py:123} INFO - ::group::Pre task execution logs
[2024-11-05T01:27:39.506-0300] {taskinstance.py:2612} INFO - Dependencies all met for dep_context=non-requeueable deps ti=<TaskInstance: get_stocks_dag.GOOG scheduled__2024-11-01T00:00:00+00:00 [queued]>
[2024-11-05T01:27:39.522-0300] {taskinstance.py:2612} INFO - Dependencies all met for dep_context=requeueable deps ti=<TaskInstance: get_stocks_dag.GOOG scheduled__2024-11-01T00:00:00+00:00 [queued]>
[2024-11-05T01:27:39.523-0300] {taskinstance.py:2865} INFO - Starting attempt 1 of 1
[2024-11-05T01:27:39.538-0300] {taskinstance.py:2888} INFO - Executing <Task(_PythonDecoratedOperator): GOOG> on 2024-11-01 00:00:00+00:00
[2024-11-05T01:27:39.550-0300] {standard_task_runner.py:104} INFO - Running: ['airflow', 'tasks', 'run', 'get_stocks_dag', 'GOOG', 'scheduled__2024-11-01T00:00:00+00:00', '--job-id', '15', '--raw', '--subdir', 'DAGS_FOLDER/get_stocks.py', '--cfg-path', '/tmp/tmpiavp1k6_']
[2024-11-05T01:27:39.553-0300] {logging_mixin.py:190} WARNING - /home/lucaires/anaconda3/envs/venv_airflow/lib/python3.12/site-packages/airflow/task/task_runner/standard_task_runner.py:70 DeprecationWarning: This process (pid=37074) is multi-threaded, use of fork() may lead to deadlocks in the child.
[2024-11-05T01:27:39.554-0300] {standard_task_runner.py:72} INFO - Started process 37244 to run task
[2024-11-05T01:27:39.554-0300] {standard_task_runner.py:105} INFO - Job 15: Subtask GOOG
[2024-11-05T01:27:39.612-0300] {task_command.py:467} INFO - Running <TaskInstance: get_stocks_dag.GOOG scheduled__2024-11-01T00:00:00+00:00 [running]> on host lucaires-IdeaPad-3-15ALC6
[2024-11-05T01:27:39.697-0300] {taskinstance.py:3131} INFO - Exporting env vars: AIRFLOW_CTX_DAG_OWNER='airflow' AIRFLOW_CTX_DAG_ID='get_stocks_dag' AIRFLOW_CTX_TASK_ID='GOOG' AIRFLOW_CTX_EXECUTION_DATE='2024-11-01T00:00:00+00:00' AIRFLOW_CTX_TRY_NUMBER='1' AIRFLOW_CTX_DAG_RUN_ID='scheduled__2024-11-01T00:00:00+00:00'
[2024-11-05T01:27:39.698-0300] {taskinstance.py:731} INFO - ::endgroup::
[2024-11-05T01:27:57.677-0300] {python.py:240} INFO - Done. Returned value was: None
[2024-11-05T01:27:57.689-0300] {taskinstance.py:340} INFO - ::group::Post task execution logs
[2024-11-05T01:27:57.690-0300] {taskinstance.py:352} INFO - Marking task as SUCCESS. dag_id=get_stocks_dag, task_id=GOOG, run_id=scheduled__2024-11-01T00:00:00+00:00, execution_date=20241101T000000, start_date=20241105T042739, end_date=20241105T042757
[2024-11-05T01:27:57.745-0300] {local_task_job_runner.py:266} INFO - Task exited with return code 0
[2024-11-05T01:27:57.765-0300] {taskinstance.py:3900} INFO - 0 downstream tasks scheduled from follow-on schedule check
[2024-11-05T01:27:57.767-0300] {local_task_job_runner.py:245} INFO - ::endgroup::
